nohup: 忽略输入
Epoch [1/30], Step [100/3735], Loss: 2.5147, Time:0.13156747817993164
Epoch [1/30], Step [200/3735], Loss: 2.7831, Time:0.09008526802062988
Epoch [1/30], Step [300/3735], Loss: 4.3056, Time:0.05883455276489258
Epoch [1/30], Step [400/3735], Loss: 2.2603, Time:0.09149503707885742
Epoch [1/30], Step [500/3735], Loss: 3.6492, Time:0.10109782218933105
Epoch [1/30], Step [600/3735], Loss: 1.5753, Time:0.1115427017211914
Epoch [1/30], Step [700/3735], Loss: 1.8985, Time:0.1124277114868164
Epoch [1/30], Step [800/3735], Loss: 1.2975, Time:0.09506416320800781
Epoch [1/30], Step [900/3735], Loss: 2.8482, Time:0.10752511024475098
Epoch [1/30], Step [1000/3735], Loss: 2.1373, Time:0.09313440322875977
Epoch [1/30], Step [1100/3735], Loss: 1.5969, Time:0.11223506927490234
Epoch [1/30], Step [1200/3735], Loss: 1.0164, Time:0.09289240837097168
Epoch [1/30], Step [1300/3735], Loss: 2.7054, Time:0.09171414375305176
Epoch [1/30], Step [1400/3735], Loss: 4.6360, Time:0.10299825668334961
Epoch [1/30], Step [1500/3735], Loss: 2.4455, Time:0.09062790870666504
Epoch [1/30], Step [1600/3735], Loss: 1.6371, Time:0.06743621826171875
Epoch [1/30], Step [1700/3735], Loss: 0.4186, Time:0.09958648681640625
Epoch [1/30], Step [1800/3735], Loss: 2.4851, Time:0.09606742858886719
Epoch [1/30], Step [1900/3735], Loss: 0.9166, Time:0.1334846019744873
Epoch [1/30], Step [2000/3735], Loss: 1.1533, Time:0.10989117622375488
Epoch [1/30], Step [2100/3735], Loss: 2.9734, Time:0.040639638900756836
Epoch [1/30], Step [2200/3735], Loss: 1.4899, Time:0.09731173515319824
Epoch [1/30], Step [2300/3735], Loss: 1.4393, Time:0.08658337593078613
Epoch [1/30], Step [2400/3735], Loss: 1.5288, Time:0.08280825614929199
Epoch [1/30], Step [2500/3735], Loss: 1.5199, Time:0.04775357246398926
Epoch [1/30], Step [2600/3735], Loss: 1.3259, Time:0.11270928382873535
Epoch [1/30], Step [2700/3735], Loss: 1.3435, Time:0.09203267097473145
Epoch [1/30], Step [2800/3735], Loss: 1.3044, Time:0.09240365028381348
Epoch [1/30], Step [2900/3735], Loss: 0.6933, Time:0.10059690475463867
Epoch [1/30], Step [3000/3735], Loss: 0.8127, Time:0.10767102241516113
Epoch [1/30], Step [3100/3735], Loss: 0.4648, Time:0.11524605751037598
Epoch [1/30], Step [3200/3735], Loss: 1.6014, Time:0.09211492538452148
Epoch [1/30], Step [3300/3735], Loss: 1.4401, Time:0.07834672927856445
Epoch [1/30], Step [3400/3735], Loss: 1.2395, Time:0.1112053394317627
Epoch [1/30], Step [3500/3735], Loss: 1.5584, Time:0.0826559066772461
Epoch [1/30], Step [3600/3735], Loss: 1.5157, Time:0.09245991706848145
Epoch [1/30], Step [3700/3735], Loss: 0.9362, Time:0.09196352958679199
learning rate 0.0010000 -> 0.0010000
End of epoch1,Use time:298.0020000934601,the accuracy is 0.5190907143622149
Saving the latest model....
验证集数据总量： 8039 预测正确的数量： 5227
当前模型在验证集上的准确率为： 0.6502052494091305
当前模型在验证集上的F1-score为: 0.04796962168693136
Epoch [2/30], Step [65/3735], Loss: 1.4330, Time:0.08493328094482422
Epoch [2/30], Step [165/3735], Loss: 1.4940, Time:0.1018369197845459
Epoch [2/30], Step [265/3735], Loss: 0.5302, Time:0.09543299674987793
Epoch [2/30], Step [365/3735], Loss: 2.1932, Time:0.10458970069885254
Epoch [2/30], Step [465/3735], Loss: 1.0114, Time:0.12020587921142578
Epoch [2/30], Step [565/3735], Loss: 0.9116, Time:0.10946321487426758
Epoch [2/30], Step [665/3735], Loss: 2.0947, Time:0.11771798133850098
Epoch [2/30], Step [765/3735], Loss: 0.6218, Time:0.13462567329406738
Epoch [2/30], Step [865/3735], Loss: 0.8706, Time:0.09627819061279297
Epoch [2/30], Step [965/3735], Loss: 0.5006, Time:0.10557699203491211
Epoch [2/30], Step [1065/3735], Loss: 1.3460, Time:0.10039138793945312
Epoch [2/30], Step [1165/3735], Loss: 0.8096, Time:0.1257007122039795
Epoch [2/30], Step [1265/3735], Loss: 0.5021, Time:0.09355735778808594
Epoch [2/30], Step [1365/3735], Loss: 1.3940, Time:0.0988762378692627
Epoch [2/30], Step [1465/3735], Loss: 0.9262, Time:0.1196286678314209
Epoch [2/30], Step [1565/3735], Loss: 1.7961, Time:0.11773490905761719
Epoch [2/30], Step [1665/3735], Loss: 1.4671, Time:0.10258746147155762
Epoch [2/30], Step [1765/3735], Loss: 1.4357, Time:0.06284761428833008
Epoch [2/30], Step [1865/3735], Loss: 0.8542, Time:0.09342312812805176
Epoch [2/30], Step [1965/3735], Loss: 0.2892, Time:0.0925588607788086
Epoch [2/30], Step [2065/3735], Loss: 0.8391, Time:0.11048507690429688
Epoch [2/30], Step [2165/3735], Loss: 0.5994, Time:0.11829948425292969
Epoch [2/30], Step [2265/3735], Loss: 0.6808, Time:0.08449578285217285
Epoch [2/30], Step [2365/3735], Loss: 2.2474, Time:0.11340856552124023
Epoch [2/30], Step [2465/3735], Loss: 0.7672, Time:0.12186551094055176
Epoch [2/30], Step [2565/3735], Loss: 1.1781, Time:0.0951542854309082
Epoch [2/30], Step [2665/3735], Loss: 0.7989, Time:0.08763694763183594
Epoch [2/30], Step [2765/3735], Loss: 1.6534, Time:0.08575797080993652
Epoch [2/30], Step [2865/3735], Loss: 0.9787, Time:0.09114646911621094
Epoch [2/30], Step [2965/3735], Loss: 1.9560, Time:0.09329080581665039
Epoch [2/30], Step [3065/3735], Loss: 0.7961, Time:0.10334014892578125
Epoch [2/30], Step [3165/3735], Loss: 1.2048, Time:0.1390683650970459
Epoch [2/30], Step [3265/3735], Loss: 0.2503, Time:0.10727858543395996
Epoch [2/30], Step [3365/3735], Loss: 0.8153, Time:0.09883904457092285
Epoch [2/30], Step [3465/3735], Loss: 2.3387, Time:0.096588134765625
Epoch [2/30], Step [3565/3735], Loss: 1.2208, Time:0.10622644424438477
Epoch [2/30], Step [3665/3735], Loss: 0.5304, Time:0.1004176139831543
learning rate 0.0010000 -> 0.0010000
End of epoch2,Use time:297.659170627594,the accuracy is 0.7040002142015637
Saving the latest model....
Epoch [3/30], Step [30/3735], Loss: 0.7258, Time:0.11379218101501465
Epoch [3/30], Step [130/3735], Loss: 0.5170, Time:0.09239935874938965
Epoch [3/30], Step [230/3735], Loss: 0.1979, Time:0.10384392738342285
Epoch [3/30], Step [330/3735], Loss: 1.4883, Time:0.1073446273803711
Epoch [3/30], Step [430/3735], Loss: 0.9433, Time:0.07555651664733887
Epoch [3/30], Step [530/3735], Loss: 1.6310, Time:0.11263465881347656
Epoch [3/30], Step [630/3735], Loss: 0.4791, Time:0.09404420852661133
Epoch [3/30], Step [730/3735], Loss: 0.5395, Time:0.12219119071960449
Epoch [3/30], Step [830/3735], Loss: 0.9067, Time:0.10908961296081543
Epoch [3/30], Step [930/3735], Loss: 0.1390, Time:0.07340860366821289
Epoch [3/30], Step [1030/3735], Loss: 0.5412, Time:0.10040807723999023
Epoch [3/30], Step [1130/3735], Loss: 0.5069, Time:0.12160730361938477
Epoch [3/30], Step [1230/3735], Loss: 1.1013, Time:0.09110689163208008
Epoch [3/30], Step [1330/3735], Loss: 1.5476, Time:0.08923816680908203
Epoch [3/30], Step [1430/3735], Loss: 0.6122, Time:0.0760650634765625
Epoch [3/30], Step [1530/3735], Loss: 0.1168, Time:0.08411240577697754
Epoch [3/30], Step [1630/3735], Loss: 0.4252, Time:0.08351707458496094
Epoch [3/30], Step [1730/3735], Loss: 0.8592, Time:0.0746469497680664
Epoch [3/30], Step [1830/3735], Loss: 1.1910, Time:0.0872812271118164
Epoch [3/30], Step [1930/3735], Loss: 1.1934, Time:0.102447509765625
Epoch [3/30], Step [2030/3735], Loss: 1.2946, Time:0.1016385555267334
Epoch [3/30], Step [2130/3735], Loss: 0.3952, Time:0.07000946998596191
Epoch [3/30], Step [2230/3735], Loss: 0.7317, Time:0.0890505313873291
Epoch [3/30], Step [2330/3735], Loss: 0.5773, Time:0.07343745231628418
Epoch [3/30], Step [2430/3735], Loss: 1.0684, Time:0.09969830513000488
Epoch [3/30], Step [2530/3735], Loss: 1.2154, Time:0.08180785179138184
Epoch [3/30], Step [2630/3735], Loss: 0.3454, Time:0.08420085906982422
Epoch [3/30], Step [2730/3735], Loss: 0.9313, Time:0.07766413688659668
Epoch [3/30], Step [2830/3735], Loss: 0.2300, Time:0.09464716911315918
Epoch [3/30], Step [2930/3735], Loss: 1.2057, Time:0.09972929954528809
Epoch [3/30], Step [3030/3735], Loss: 0.3817, Time:0.11564779281616211
Epoch [3/30], Step [3130/3735], Loss: 0.5422, Time:0.10689187049865723
Epoch [3/30], Step [3230/3735], Loss: 0.5493, Time:0.12333965301513672
Epoch [3/30], Step [3330/3735], Loss: 0.4848, Time:0.11148929595947266
Epoch [3/30], Step [3430/3735], Loss: 1.0007, Time:0.08791804313659668
Epoch [3/30], Step [3530/3735], Loss: 0.6454, Time:0.07280325889587402
Epoch [3/30], Step [3630/3735], Loss: 0.3901, Time:0.09787487983703613
Epoch [3/30], Step [3730/3735], Loss: 0.4159, Time:0.08366060256958008
learning rate 0.0010000 -> 0.0010000
End of epoch3,Use time:291.2594618797302,the accuracy is 0.7671093498982543
Saving the latest model....
验证集数据总量： 8039 预测正确的数量： 5957
当前模型在验证集上的准确率为： 0.7410125637517104
当前模型在验证集上的F1-score为: 0.05858842521014725
Epoch [4/30], Step [95/3735], Loss: 0.1150, Time:0.09713435173034668
Epoch [4/30], Step [195/3735], Loss: 1.1619, Time:0.10760831832885742
Epoch [4/30], Step [295/3735], Loss: 0.5038, Time:0.09131932258605957
Epoch [4/30], Step [395/3735], Loss: 0.8595, Time:0.09911966323852539
Epoch [4/30], Step [495/3735], Loss: 2.5993, Time:0.08763337135314941
Epoch [4/30], Step [595/3735], Loss: 1.5562, Time:0.09377026557922363
Epoch [4/30], Step [695/3735], Loss: 0.2057, Time:0.09516119956970215
Epoch [4/30], Step [795/3735], Loss: 1.0251, Time:0.054808616638183594
Epoch [4/30], Step [895/3735], Loss: 0.2886, Time:0.11583781242370605
Epoch [4/30], Step [995/3735], Loss: 0.7420, Time:0.11921858787536621
Epoch [4/30], Step [1095/3735], Loss: 0.6452, Time:0.10434579849243164
Epoch [4/30], Step [1195/3735], Loss: 0.6651, Time:0.08470845222473145
Epoch [4/30], Step [1295/3735], Loss: 0.5189, Time:0.10071802139282227
Epoch [4/30], Step [1395/3735], Loss: 0.5759, Time:0.10851287841796875
Epoch [4/30], Step [1495/3735], Loss: 0.6408, Time:0.07660913467407227
Epoch [4/30], Step [1595/3735], Loss: 0.1567, Time:0.08582806587219238
Epoch [4/30], Step [1695/3735], Loss: 1.3226, Time:0.09629130363464355
Epoch [4/30], Step [1795/3735], Loss: 1.2055, Time:0.1097722053527832
Epoch [4/30], Step [1895/3735], Loss: 0.1835, Time:0.1329646110534668
Epoch [4/30], Step [1995/3735], Loss: 0.4842, Time:0.08123612403869629
Epoch [4/30], Step [2095/3735], Loss: 0.8993, Time:0.10863423347473145
Epoch [4/30], Step [2195/3735], Loss: 0.5801, Time:0.12890315055847168
Epoch [4/30], Step [2295/3735], Loss: 0.2661, Time:0.12624621391296387
Epoch [4/30], Step [2395/3735], Loss: 0.5771, Time:0.05391263961791992
Epoch [4/30], Step [2495/3735], Loss: 0.2744, Time:0.09385418891906738
Epoch [4/30], Step [2595/3735], Loss: 1.0330, Time:0.12157797813415527
Epoch [4/30], Step [2695/3735], Loss: 1.2533, Time:0.10055780410766602
Epoch [4/30], Step [2795/3735], Loss: 0.8074, Time:0.10952472686767578
Epoch [4/30], Step [2895/3735], Loss: 0.6156, Time:0.09749364852905273
Epoch [4/30], Step [2995/3735], Loss: 0.2137, Time:0.06016135215759277
Epoch [4/30], Step [3095/3735], Loss: 0.5447, Time:0.10731983184814453
Epoch [4/30], Step [3195/3735], Loss: 0.3989, Time:0.10428786277770996
Epoch [4/30], Step [3295/3735], Loss: 0.4117, Time:0.10733866691589355
Epoch [4/30], Step [3395/3735], Loss: 0.2055, Time:0.08865571022033691
Epoch [4/30], Step [3495/3735], Loss: 0.0666, Time:0.09768033027648926
Epoch [4/30], Step [3595/3735], Loss: 0.4049, Time:0.10768651962280273
Epoch [4/30], Step [3695/3735], Loss: 1.3600, Time:0.10619950294494629
learning rate 0.0010000 -> 0.0010000
End of epoch4,Use time:297.02761244773865,the accuracy is 0.8109403448645175
Saving the latest model....
Epoch [5/30], Step [60/3735], Loss: 0.1785, Time:0.10489153861999512
Epoch [5/30], Step [160/3735], Loss: 0.1763, Time:0.1012110710144043
Epoch [5/30], Step [260/3735], Loss: 0.7406, Time:0.08805084228515625
Epoch [5/30], Step [360/3735], Loss: 0.0834, Time:0.10637807846069336
Epoch [5/30], Step [460/3735], Loss: 0.0625, Time:0.09524989128112793
Epoch [5/30], Step [560/3735], Loss: 0.5724, Time:0.07114791870117188
Epoch [5/30], Step [660/3735], Loss: 0.4759, Time:0.08090591430664062
Epoch [5/30], Step [760/3735], Loss: 0.7241, Time:0.11588835716247559
Epoch [5/30], Step [860/3735], Loss: 0.7633, Time:0.13597512245178223
Epoch [5/30], Step [960/3735], Loss: 0.5077, Time:0.11908578872680664
Epoch [5/30], Step [1060/3735], Loss: 0.5083, Time:0.09874081611633301
Epoch [5/30], Step [1160/3735], Loss: 1.7076, Time:0.09641242027282715
Epoch [5/30], Step [1260/3735], Loss: 0.8232, Time:0.10560941696166992
Epoch [5/30], Step [1360/3735], Loss: 0.1562, Time:0.10918188095092773
Epoch [5/30], Step [1460/3735], Loss: 0.4918, Time:0.10024857521057129
Epoch [5/30], Step [1560/3735], Loss: 1.6297, Time:0.10927271842956543
Epoch [5/30], Step [1660/3735], Loss: 0.3339, Time:0.10506033897399902
Epoch [5/30], Step [1760/3735], Loss: 0.6108, Time:0.09988594055175781
Epoch [5/30], Step [1860/3735], Loss: 0.1103, Time:0.11496853828430176
Epoch [5/30], Step [1960/3735], Loss: 0.1559, Time:0.06757569313049316
Epoch [5/30], Step [2060/3735], Loss: 0.1438, Time:0.09116053581237793
Epoch [5/30], Step [2160/3735], Loss: 0.3207, Time:0.10725164413452148
Epoch [5/30], Step [2260/3735], Loss: 0.2493, Time:0.10163378715515137
Epoch [5/30], Step [2360/3735], Loss: 0.1833, Time:0.07427382469177246
Epoch [5/30], Step [2460/3735], Loss: 0.5013, Time:0.07968473434448242
Epoch [5/30], Step [2560/3735], Loss: 0.6466, Time:0.07538366317749023
Epoch [5/30], Step [2660/3735], Loss: 0.4592, Time:0.08048200607299805
Epoch [5/30], Step [2760/3735], Loss: 0.5349, Time:0.0840921401977539
Epoch [5/30], Step [2860/3735], Loss: 0.4951, Time:0.11089253425598145
Epoch [5/30], Step [2960/3735], Loss: 0.6072, Time:0.09073948860168457
Epoch [5/30], Step [3060/3735], Loss: 0.8807, Time:0.10449767112731934
Epoch [5/30], Step [3160/3735], Loss: 0.5348, Time:0.09774446487426758
Epoch [5/30], Step [3260/3735], Loss: 0.1561, Time:0.11622023582458496
Epoch [5/30], Step [3360/3735], Loss: 0.3748, Time:0.09094953536987305
Epoch [5/30], Step [3460/3735], Loss: 0.2281, Time:0.0941770076751709
Epoch [5/30], Step [3560/3735], Loss: 0.5308, Time:0.09466767311096191
Epoch [5/30], Step [3660/3735], Loss: 0.3983, Time:0.11628603935241699
learning rate 0.0010000 -> 0.0010000
End of epoch5,Use time:291.4481449127197,the accuracy is 0.852843525757738
Saving the latest model....
验证集数据总量： 8039 预测正确的数量： 6149
当前模型在验证集上的准确率为： 0.7648961313596219
当前模型在验证集上的F1-score为: 0.06155018769594141
Epoch [6/30], Step [25/3735], Loss: 0.4946, Time:0.0954129695892334
Epoch [6/30], Step [125/3735], Loss: 0.5047, Time:0.09259796142578125
Epoch [6/30], Step [225/3735], Loss: 0.3914, Time:0.09215927124023438
Epoch [6/30], Step [325/3735], Loss: 1.8723, Time:0.10469222068786621
Epoch [6/30], Step [425/3735], Loss: 0.4878, Time:0.12166595458984375
Epoch [6/30], Step [525/3735], Loss: 0.2365, Time:0.10766220092773438
Epoch [6/30], Step [625/3735], Loss: 0.9671, Time:0.10144209861755371
Epoch [6/30], Step [725/3735], Loss: 0.1546, Time:0.10642004013061523
Epoch [6/30], Step [825/3735], Loss: 0.2390, Time:0.10669732093811035
Epoch [6/30], Step [925/3735], Loss: 0.3355, Time:0.09611940383911133
Epoch [6/30], Step [1025/3735], Loss: 0.1428, Time:0.0872809886932373
Epoch [6/30], Step [1125/3735], Loss: 0.6311, Time:0.09487605094909668
Epoch [6/30], Step [1225/3735], Loss: 0.1561, Time:0.09571051597595215
Epoch [6/30], Step [1325/3735], Loss: 0.4924, Time:0.09746766090393066
Epoch [6/30], Step [1425/3735], Loss: 0.5903, Time:0.07687759399414062
Epoch [6/30], Step [1525/3735], Loss: 0.2217, Time:0.10850930213928223
Epoch [6/30], Step [1625/3735], Loss: 0.1929, Time:0.09246206283569336
Epoch [6/30], Step [1725/3735], Loss: 0.3031, Time:0.08167839050292969
Epoch [6/30], Step [1825/3735], Loss: 1.2722, Time:0.09721803665161133
Epoch [6/30], Step [1925/3735], Loss: 0.0550, Time:0.10649967193603516
Epoch [6/30], Step [2025/3735], Loss: 0.7542, Time:0.08485555648803711
Epoch [6/30], Step [2125/3735], Loss: 0.5795, Time:0.07353448867797852
Epoch [6/30], Step [2225/3735], Loss: 0.7350, Time:0.10148763656616211
Epoch [6/30], Step [2325/3735], Loss: 0.0149, Time:0.10340142250061035
Epoch [6/30], Step [2425/3735], Loss: 0.3247, Time:0.13182520866394043
Epoch [6/30], Step [2525/3735], Loss: 0.2892, Time:0.08883929252624512
Epoch [6/30], Step [2625/3735], Loss: 0.0575, Time:0.11094141006469727
Epoch [6/30], Step [2725/3735], Loss: 0.9578, Time:0.09734511375427246
Epoch [6/30], Step [2825/3735], Loss: 0.2532, Time:0.12739849090576172
Epoch [6/30], Step [2925/3735], Loss: 0.3482, Time:0.09259486198425293
Epoch [6/30], Step [3025/3735], Loss: 0.8249, Time:0.08732414245605469
Epoch [6/30], Step [3125/3735], Loss: 0.2922, Time:0.08110904693603516
Epoch [6/30], Step [3225/3735], Loss: 0.3426, Time:0.0678718090057373
Epoch [6/30], Step [3325/3735], Loss: 0.0671, Time:0.07892298698425293
Epoch [6/30], Step [3425/3735], Loss: 0.1045, Time:0.10921478271484375
Epoch [6/30], Step [3525/3735], Loss: 0.1236, Time:0.10652637481689453
Epoch [6/30], Step [3625/3735], Loss: 0.1951, Time:0.09596371650695801
Epoch [6/30], Step [3725/3735], Loss: 0.1015, Time:0.1054694652557373
learning rate 0.0010000 -> 0.0010000
End of epoch6,Use time:298.49444460868835,the accuracy is 0.8742369069294206
Saving the latest model....
Epoch [7/30], Step [90/3735], Loss: 0.2106, Time:0.10576272010803223
Epoch [7/30], Step [190/3735], Loss: 0.2324, Time:0.06822848320007324
Epoch [7/30], Step [290/3735], Loss: 0.6111, Time:0.10785913467407227
Epoch [7/30], Step [390/3735], Loss: 1.0829, Time:0.10199880599975586
Epoch [7/30], Step [490/3735], Loss: 0.5421, Time:0.10833287239074707
Epoch [7/30], Step [590/3735], Loss: 0.7300, Time:0.1252753734588623
Epoch [7/30], Step [690/3735], Loss: 0.4166, Time:0.07651114463806152
Epoch [7/30], Step [790/3735], Loss: 0.4596, Time:0.09591197967529297
Epoch [7/30], Step [890/3735], Loss: 0.3571, Time:0.10553956031799316
Epoch [7/30], Step [990/3735], Loss: 0.7927, Time:0.10267758369445801
Epoch [7/30], Step [1090/3735], Loss: 0.0363, Time:0.10030436515808105
Epoch [7/30], Step [1190/3735], Loss: 0.6390, Time:0.11988353729248047
Epoch [7/30], Step [1290/3735], Loss: 0.6106, Time:0.12090325355529785
Epoch [7/30], Step [1390/3735], Loss: 0.4049, Time:0.10002303123474121
Epoch [7/30], Step [1490/3735], Loss: 0.0479, Time:0.09757733345031738
Epoch [7/30], Step [1590/3735], Loss: 0.3547, Time:0.061411142349243164
Epoch [7/30], Step [1690/3735], Loss: 1.3688, Time:0.10846376419067383
Epoch [7/30], Step [1790/3735], Loss: 1.1744, Time:0.10786104202270508
Epoch [7/30], Step [1890/3735], Loss: 0.9626, Time:0.11948323249816895
Epoch [7/30], Step [1990/3735], Loss: 0.3703, Time:0.11259198188781738
Epoch [7/30], Step [2090/3735], Loss: 0.0081, Time:0.09349513053894043
Epoch [7/30], Step [2190/3735], Loss: 0.6894, Time:0.10405302047729492
Epoch [7/30], Step [2290/3735], Loss: 0.4596, Time:0.12159276008605957
Epoch [7/30], Step [2390/3735], Loss: 0.4173, Time:0.08906054496765137
Epoch [7/30], Step [2490/3735], Loss: 0.0894, Time:0.07841181755065918
Epoch [7/30], Step [2590/3735], Loss: 0.1060, Time:0.09484410285949707
Epoch [7/30], Step [2690/3735], Loss: 0.0936, Time:0.09013223648071289
Epoch [7/30], Step [2790/3735], Loss: 0.3737, Time:0.08549284934997559
Epoch [7/30], Step [2890/3735], Loss: 0.4864, Time:0.08834528923034668
Epoch [7/30], Step [2990/3735], Loss: 0.8451, Time:0.09691405296325684
Epoch [7/30], Step [3090/3735], Loss: 0.3897, Time:0.12394833564758301
Epoch [7/30], Step [3190/3735], Loss: 0.1160, Time:0.10467028617858887
Epoch [7/30], Step [3290/3735], Loss: 0.0585, Time:0.11334109306335449
Epoch [7/30], Step [3390/3735], Loss: 0.2668, Time:0.11645054817199707
Epoch [7/30], Step [3490/3735], Loss: 0.1874, Time:0.10298895835876465
Epoch [7/30], Step [3590/3735], Loss: 0.0790, Time:0.10203433036804199
Epoch [7/30], Step [3690/3735], Loss: 0.0239, Time:0.09490513801574707
learning rate 0.0010000 -> 0.0010000
End of epoch7,Use time:292.22540521621704,the accuracy is 0.8903823497911535
Saving the latest model....
验证集数据总量： 8039 预测正确的数量： 6241
当前模型在验证集上的准确率为： 0.7763403408384127
当前模型在验证集上的F1-score为: 0.06289225819962138
Epoch [8/30], Step [55/3735], Loss: 0.0881, Time:0.10638880729675293
Epoch [8/30], Step [155/3735], Loss: 0.0026, Time:0.15337228775024414
Epoch [8/30], Step [255/3735], Loss: 0.1456, Time:0.07397246360778809
Epoch [8/30], Step [355/3735], Loss: 0.6931, Time:0.10085105895996094
Epoch [8/30], Step [455/3735], Loss: 0.0681, Time:0.11007118225097656
Epoch [8/30], Step [555/3735], Loss: 0.0120, Time:0.10043621063232422
Epoch [8/30], Step [655/3735], Loss: 0.4344, Time:0.08896327018737793
Epoch [8/30], Step [755/3735], Loss: 0.0580, Time:0.040963172912597656
Epoch [8/30], Step [855/3735], Loss: 0.0063, Time:0.11822986602783203
Epoch [8/30], Step [955/3735], Loss: 0.2078, Time:0.10808730125427246
Epoch [8/30], Step [1055/3735], Loss: 0.4715, Time:0.10134530067443848
Epoch [8/30], Step [1155/3735], Loss: 1.1534, Time:0.08110523223876953
Epoch [8/30], Step [1255/3735], Loss: 0.0606, Time:0.1134347915649414
Epoch [8/30], Step [1355/3735], Loss: 0.9679, Time:0.0954887866973877
Epoch [8/30], Step [1455/3735], Loss: 0.3512, Time:0.08752226829528809
Epoch [8/30], Step [1555/3735], Loss: 0.0973, Time:0.06812429428100586
Epoch [8/30], Step [1655/3735], Loss: 0.0434, Time:0.10759925842285156
Epoch [8/30], Step [1755/3735], Loss: 0.0417, Time:0.10303902626037598
Epoch [8/30], Step [1855/3735], Loss: 0.0406, Time:0.07180047035217285
Epoch [8/30], Step [1955/3735], Loss: 0.7565, Time:0.13053536415100098
Epoch [8/30], Step [2055/3735], Loss: 0.1878, Time:0.0919339656829834
Epoch [8/30], Step [2155/3735], Loss: 0.0513, Time:0.10173249244689941
Epoch [8/30], Step [2255/3735], Loss: 0.2748, Time:0.07531309127807617
Epoch [8/30], Step [2355/3735], Loss: 0.2907, Time:0.11742734909057617
Epoch [8/30], Step [2455/3735], Loss: 0.2381, Time:0.0956885814666748
Epoch [8/30], Step [2555/3735], Loss: 0.3326, Time:0.07604312896728516
Epoch [8/30], Step [2655/3735], Loss: 0.2223, Time:0.1101999282836914
Epoch [8/30], Step [2755/3735], Loss: 0.4163, Time:0.11472678184509277
Epoch [8/30], Step [2855/3735], Loss: 0.6847, Time:0.08642101287841797
Epoch [8/30], Step [2955/3735], Loss: 0.2243, Time:0.09343552589416504
Epoch [8/30], Step [3055/3735], Loss: 0.0449, Time:0.09607601165771484
Epoch [8/30], Step [3155/3735], Loss: 0.1247, Time:0.10076069831848145
Epoch [8/30], Step [3255/3735], Loss: 0.1984, Time:0.11704087257385254
Epoch [8/30], Step [3355/3735], Loss: 1.1687, Time:0.09407234191894531
Epoch [8/30], Step [3455/3735], Loss: 0.0186, Time:0.13190293312072754
Epoch [8/30], Step [3555/3735], Loss: 0.0688, Time:0.10870957374572754
Epoch [8/30], Step [3655/3735], Loss: 0.0391, Time:0.09819340705871582
learning rate 0.0010000 -> 0.0010000
End of epoch8,Use time:296.58748054504395,the accuracy is 0.9035021955660276
Saving the latest model....
Epoch [9/30], Step [20/3735], Loss: 0.3069, Time:0.10113215446472168
Epoch [9/30], Step [120/3735], Loss: 0.2889, Time:0.10655331611633301
Epoch [9/30], Step [220/3735], Loss: 0.0023, Time:0.09542417526245117
Epoch [9/30], Step [320/3735], Loss: 0.5850, Time:0.10176849365234375
Epoch [9/30], Step [420/3735], Loss: 0.2355, Time:0.08393454551696777
Epoch [9/30], Step [520/3735], Loss: 0.3023, Time:0.0939948558807373
Epoch [9/30], Step [620/3735], Loss: 0.2477, Time:0.1008141040802002
Epoch [9/30], Step [720/3735], Loss: 0.0191, Time:0.08812713623046875
Epoch [9/30], Step [820/3735], Loss: 0.1617, Time:0.05219292640686035
Epoch [9/30], Step [920/3735], Loss: 0.1374, Time:0.08890938758850098
Epoch [9/30], Step [1020/3735], Loss: 0.7023, Time:0.11040163040161133
Epoch [9/30], Step [1120/3735], Loss: 0.4875, Time:0.06250977516174316
Epoch [9/30], Step [1220/3735], Loss: 0.0431, Time:0.11737179756164551
Epoch [9/30], Step [1320/3735], Loss: 0.3987, Time:0.10927176475524902
Epoch [9/30], Step [1420/3735], Loss: 0.1596, Time:0.09504556655883789
Epoch [9/30], Step [1520/3735], Loss: 0.6860, Time:0.11317944526672363
Epoch [9/30], Step [1620/3735], Loss: 0.6974, Time:0.08406257629394531
Epoch [9/30], Step [1720/3735], Loss: 0.0846, Time:0.0935206413269043
Epoch [9/30], Step [1820/3735], Loss: 0.0736, Time:0.1353447437286377
Epoch [9/30], Step [1920/3735], Loss: 0.2846, Time:0.12072968482971191
Epoch [9/30], Step [2020/3735], Loss: 0.0343, Time:0.1051487922668457
Epoch [9/30], Step [2120/3735], Loss: 0.1408, Time:0.07875776290893555
Epoch [9/30], Step [2220/3735], Loss: 0.6523, Time:0.08882474899291992
Epoch [9/30], Step [2320/3735], Loss: 0.4615, Time:0.10258173942565918
Epoch [9/30], Step [2420/3735], Loss: 0.2656, Time:0.06815433502197266
Epoch [9/30], Step [2520/3735], Loss: 0.0414, Time:0.10287022590637207
Epoch [9/30], Step [2620/3735], Loss: 0.0322, Time:0.0821223258972168
Epoch [9/30], Step [2720/3735], Loss: 0.0149, Time:0.0814054012298584
Epoch [9/30], Step [2820/3735], Loss: 0.3398, Time:0.09230446815490723
Epoch [9/30], Step [2920/3735], Loss: 0.3881, Time:0.08761930465698242
Epoch [9/30], Step [3020/3735], Loss: 0.0074, Time:0.09004807472229004
Epoch [9/30], Step [3120/3735], Loss: 0.0531, Time:0.09100556373596191
Epoch [9/30], Step [3220/3735], Loss: 0.0985, Time:0.11665678024291992
Epoch [9/30], Step [3320/3735], Loss: 1.5373, Time:0.11036396026611328
Epoch [9/30], Step [3420/3735], Loss: 0.0934, Time:0.10491251945495605
Epoch [9/30], Step [3520/3735], Loss: 0.1474, Time:0.07221388816833496
Epoch [9/30], Step [3620/3735], Loss: 0.2628, Time:0.10567593574523926
Epoch [9/30], Step [3720/3735], Loss: 0.2386, Time:0.0956125259399414
learning rate 0.0010000 -> 0.0010000
End of epoch9,Use time:292.71838998794556,the accuracy is 0.9130609403448645
Saving the latest model....
验证集数据总量： 8039 预测正确的数量： 6394
当前模型在验证集上的准确率为： 0.7953725587759671
当前模型在验证集上的F1-score为: 0.06548345711242803
Epoch [10/30], Step [85/3735], Loss: 0.2423, Time:0.09373593330383301
Epoch [10/30], Step [185/3735], Loss: 0.4232, Time:0.12566089630126953
Epoch [10/30], Step [285/3735], Loss: 0.0236, Time:0.10189580917358398
Epoch [10/30], Step [385/3735], Loss: 0.2273, Time:0.0933377742767334
Epoch [10/30], Step [485/3735], Loss: 0.0814, Time:0.10828948020935059
Epoch [10/30], Step [585/3735], Loss: 0.8659, Time:0.10489106178283691
Epoch [10/30], Step [685/3735], Loss: 0.0320, Time:0.10519170761108398
Epoch [10/30], Step [785/3735], Loss: 0.1316, Time:0.10838580131530762
Epoch [10/30], Step [885/3735], Loss: 0.6203, Time:0.07235574722290039
Epoch [10/30], Step [985/3735], Loss: 0.0716, Time:0.11342167854309082
Epoch [10/30], Step [1085/3735], Loss: 0.0004, Time:0.11111831665039062
Epoch [10/30], Step [1185/3735], Loss: 0.5434, Time:0.09969806671142578
Epoch [10/30], Step [1285/3735], Loss: 0.2086, Time:0.08234405517578125
Epoch [10/30], Step [1385/3735], Loss: 0.0019, Time:0.11290383338928223
Epoch [10/30], Step [1485/3735], Loss: 0.1757, Time:0.10429954528808594
Epoch [10/30], Step [1585/3735], Loss: 0.5210, Time:0.12134051322937012
Epoch [10/30], Step [1685/3735], Loss: 0.2567, Time:0.09246087074279785
Epoch [10/30], Step [1785/3735], Loss: 0.0047, Time:0.09321069717407227
Epoch [10/30], Step [1885/3735], Loss: 0.0557, Time:0.11791300773620605
Epoch [10/30], Step [1985/3735], Loss: 0.6154, Time:0.11490321159362793
Epoch [10/30], Step [2085/3735], Loss: 0.3292, Time:0.08599996566772461
Epoch [10/30], Step [2185/3735], Loss: 0.0183, Time:0.08829116821289062
Epoch [10/30], Step [2285/3735], Loss: 0.8558, Time:0.07538461685180664
Epoch [10/30], Step [2385/3735], Loss: 0.2829, Time:0.07265067100524902
Epoch [10/30], Step [2485/3735], Loss: 0.0205, Time:0.10171723365783691
Epoch [10/30], Step [2585/3735], Loss: 0.2007, Time:0.09287333488464355
Epoch [10/30], Step [2685/3735], Loss: 0.8298, Time:0.10177874565124512
Epoch [10/30], Step [2785/3735], Loss: 0.0079, Time:0.09062910079956055
Epoch [10/30], Step [2885/3735], Loss: 0.1415, Time:0.09721851348876953
Epoch [10/30], Step [2985/3735], Loss: 0.0554, Time:0.08562493324279785
Epoch [10/30], Step [3085/3735], Loss: 0.4289, Time:0.09720802307128906
Epoch [10/30], Step [3185/3735], Loss: 0.0515, Time:0.12637972831726074
Epoch [10/30], Step [3285/3735], Loss: 0.0064, Time:0.11011552810668945
Epoch [10/30], Step [3385/3735], Loss: 0.0502, Time:0.08544063568115234
Epoch [10/30], Step [3485/3735], Loss: 0.1840, Time:0.08940339088439941
Epoch [10/30], Step [3585/3735], Loss: 0.5659, Time:0.10201025009155273
Epoch [10/30], Step [3685/3735], Loss: 0.1327, Time:0.09420585632324219
learning rate 0.0010000 -> 0.0010000
End of epoch10,Use time:297.83764600753784,the accuracy is 0.9198886151868909
Saving the latest model....
Epoch [11/30], Step [50/3735], Loss: 0.9326, Time:0.09533143043518066
Epoch [11/30], Step [150/3735], Loss: 0.2523, Time:0.08485627174377441
Epoch [11/30], Step [250/3735], Loss: 0.5022, Time:0.10806941986083984
Epoch [11/30], Step [350/3735], Loss: 0.1067, Time:0.11331725120544434
Epoch [11/30], Step [450/3735], Loss: 0.0103, Time:0.11354494094848633
Epoch [11/30], Step [550/3735], Loss: 0.0009, Time:0.08739972114562988
Epoch [11/30], Step [650/3735], Loss: 0.0436, Time:0.12250804901123047
Epoch [11/30], Step [750/3735], Loss: 0.0010, Time:0.08340740203857422
Epoch [11/30], Step [850/3735], Loss: 0.0709, Time:0.0835566520690918
Epoch [11/30], Step [950/3735], Loss: 0.1214, Time:0.09228801727294922
Epoch [11/30], Step [1050/3735], Loss: 0.0888, Time:0.11211442947387695
Epoch [11/30], Step [1150/3735], Loss: 0.0932, Time:0.12055039405822754
Epoch [11/30], Step [1250/3735], Loss: 0.0259, Time:0.08182573318481445
Epoch [11/30], Step [1350/3735], Loss: 0.0947, Time:0.11615562438964844
Epoch [11/30], Step [1450/3735], Loss: 0.6383, Time:0.09543657302856445
Epoch [11/30], Step [1550/3735], Loss: 0.1402, Time:0.11871147155761719
Epoch [11/30], Step [1650/3735], Loss: 0.0329, Time:0.1044456958770752
Epoch [11/30], Step [1750/3735], Loss: 0.1009, Time:0.1002957820892334
Epoch [11/30], Step [1850/3735], Loss: 0.0136, Time:0.12098336219787598
Epoch [11/30], Step [1950/3735], Loss: 0.0148, Time:0.1034083366394043
Epoch [11/30], Step [2050/3735], Loss: 0.2869, Time:0.1304616928100586
Epoch [11/30], Step [2150/3735], Loss: 0.0036, Time:0.10397148132324219
Epoch [11/30], Step [2250/3735], Loss: 0.1343, Time:0.09571337699890137
Epoch [11/30], Step [2350/3735], Loss: 0.2157, Time:0.11289453506469727
Epoch [11/30], Step [2450/3735], Loss: 0.2016, Time:0.10041117668151855
Epoch [11/30], Step [2550/3735], Loss: 1.0326, Time:0.08443093299865723
Epoch [11/30], Step [2650/3735], Loss: 0.3056, Time:0.10408473014831543
Epoch [11/30], Step [2750/3735], Loss: 0.3509, Time:0.06699705123901367
Epoch [11/30], Step [2850/3735], Loss: 0.1755, Time:0.08364725112915039
Epoch [11/30], Step [2950/3735], Loss: 0.1949, Time:0.04239368438720703
Epoch [11/30], Step [3050/3735], Loss: 0.2835, Time:0.08208155632019043
Epoch [11/30], Step [3150/3735], Loss: 0.3750, Time:0.055104970932006836
Epoch [11/30], Step [3250/3735], Loss: 0.0818, Time:0.1160745620727539
Epoch [11/30], Step [3350/3735], Loss: 0.0021, Time:0.12941241264343262
Epoch [11/30], Step [3450/3735], Loss: 0.1072, Time:0.10637211799621582
Epoch [11/30], Step [3550/3735], Loss: 0.1299, Time:0.09844756126403809
Epoch [11/30], Step [3650/3735], Loss: 0.1192, Time:0.1055452823638916
learning rate 0.0010000 -> 0.0009524
End of epoch11,Use time:290.9195737838745,the accuracy is 0.9290457320338439
Saving the latest model....
验证集数据总量： 8039 预测正确的数量： 6214
当前模型在验证集上的准确率为： 0.7729817141435502
当前模型在验证集上的F1-score为: 0.06298992418084454
Epoch [12/30], Step [15/3735], Loss: 0.1186, Time:0.10795283317565918
Epoch [12/30], Step [115/3735], Loss: 0.0256, Time:0.0762474536895752
Epoch [12/30], Step [215/3735], Loss: 0.0086, Time:0.09849858283996582
Epoch [12/30], Step [315/3735], Loss: 0.0771, Time:0.10805010795593262
Epoch [12/30], Step [415/3735], Loss: 0.3013, Time:0.10883712768554688
Epoch [12/30], Step [515/3735], Loss: 0.0784, Time:0.12369799613952637
Epoch [12/30], Step [615/3735], Loss: 0.0666, Time:0.09695148468017578
Epoch [12/30], Step [715/3735], Loss: 0.0198, Time:0.10329771041870117
Epoch [12/30], Step [815/3735], Loss: 0.4867, Time:0.10059523582458496
Epoch [12/30], Step [915/3735], Loss: 0.0044, Time:0.10225844383239746
Epoch [12/30], Step [1015/3735], Loss: 0.0051, Time:0.10062599182128906
Epoch [12/30], Step [1115/3735], Loss: 0.2800, Time:0.11438250541687012
Epoch [12/30], Step [1215/3735], Loss: 0.7800, Time:0.10831713676452637
Epoch [12/30], Step [1315/3735], Loss: 0.3768, Time:0.09848904609680176
Epoch [12/30], Step [1415/3735], Loss: 0.0388, Time:0.1304640769958496
Epoch [12/30], Step [1515/3735], Loss: 0.4577, Time:0.14654803276062012
Epoch [12/30], Step [1615/3735], Loss: 0.0155, Time:0.0850381851196289
Epoch [12/30], Step [1715/3735], Loss: 0.4942, Time:0.06502175331115723
Epoch [12/30], Step [1815/3735], Loss: 1.0934, Time:0.08675956726074219
Epoch [12/30], Step [1915/3735], Loss: 0.2565, Time:0.09372448921203613
Epoch [12/30], Step [2015/3735], Loss: 0.3188, Time:0.11398887634277344
Epoch [12/30], Step [2115/3735], Loss: 0.0004, Time:0.10344219207763672
Epoch [12/30], Step [2215/3735], Loss: 0.5078, Time:0.09795761108398438
Epoch [12/30], Step [2315/3735], Loss: 0.0860, Time:0.09237980842590332
Epoch [12/30], Step [2415/3735], Loss: 0.0021, Time:0.06525516510009766
Epoch [12/30], Step [2515/3735], Loss: 0.2847, Time:0.10878944396972656
Epoch [12/30], Step [2615/3735], Loss: 0.0827, Time:0.0958244800567627
Epoch [12/30], Step [2715/3735], Loss: 0.2142, Time:0.1057898998260498
Epoch [12/30], Step [2815/3735], Loss: 0.3537, Time:0.1150205135345459
Epoch [12/30], Step [2915/3735], Loss: 0.0745, Time:0.11301302909851074
Epoch [12/30], Step [3015/3735], Loss: 0.8443, Time:0.09376215934753418
Epoch [12/30], Step [3115/3735], Loss: 0.0055, Time:0.11712074279785156
Epoch [12/30], Step [3215/3735], Loss: 0.2337, Time:0.08375144004821777
Epoch [12/30], Step [3315/3735], Loss: 0.0136, Time:0.05949807167053223
Epoch [12/30], Step [3415/3735], Loss: 0.0179, Time:0.11186003684997559
Epoch [12/30], Step [3515/3735], Loss: 0.6972, Time:0.10252571105957031
Epoch [12/30], Step [3615/3735], Loss: 0.0595, Time:0.09833121299743652
Epoch [12/30], Step [3715/3735], Loss: 0.1329, Time:0.0756525993347168
learning rate 0.0009524 -> 0.0009048
End of epoch12,Use time:297.7740228176117,the accuracy is 0.9351237014030203
Saving the latest model....
Epoch [13/30], Step [80/3735], Loss: 0.3484, Time:0.06329154968261719
Epoch [13/30], Step [180/3735], Loss: 0.0045, Time:0.08850979804992676
Epoch [13/30], Step [280/3735], Loss: 0.2510, Time:0.08270859718322754
Epoch [13/30], Step [380/3735], Loss: 0.0559, Time:0.10075831413269043
Epoch [13/30], Step [480/3735], Loss: 0.2335, Time:0.08518052101135254
Epoch [13/30], Step [580/3735], Loss: 0.2141, Time:0.11550354957580566
Epoch [13/30], Step [680/3735], Loss: 0.1550, Time:0.09029412269592285
Epoch [13/30], Step [780/3735], Loss: 1.5110, Time:0.13148736953735352
Epoch [13/30], Step [880/3735], Loss: 0.3597, Time:0.12994694709777832
Epoch [13/30], Step [980/3735], Loss: 0.2962, Time:0.08921384811401367
Epoch [13/30], Step [1080/3735], Loss: 0.3033, Time:0.08100628852844238
Epoch [13/30], Step [1180/3735], Loss: 0.1696, Time:0.0864715576171875
Epoch [13/30], Step [1280/3735], Loss: 0.5073, Time:0.1031489372253418
Epoch [13/30], Step [1380/3735], Loss: 0.0093, Time:0.11060142517089844
Epoch [13/30], Step [1480/3735], Loss: 0.1021, Time:0.11124706268310547
Epoch [13/30], Step [1580/3735], Loss: 0.1588, Time:0.0871284008026123
Epoch [13/30], Step [1680/3735], Loss: 0.0008, Time:0.09498262405395508
Epoch [13/30], Step [1780/3735], Loss: 0.0020, Time:0.10231781005859375
Epoch [13/30], Step [1880/3735], Loss: 0.0566, Time:0.08331727981567383
Epoch [13/30], Step [1980/3735], Loss: 0.0689, Time:0.08707571029663086
Epoch [13/30], Step [2080/3735], Loss: 0.0666, Time:0.11461043357849121
Epoch [13/30], Step [2180/3735], Loss: 0.0050, Time:0.10052299499511719
Epoch [13/30], Step [2280/3735], Loss: 0.0694, Time:0.0910959243774414
Epoch [13/30], Step [2380/3735], Loss: 0.2982, Time:0.09642195701599121
Epoch [13/30], Step [2480/3735], Loss: 0.0312, Time:0.10918974876403809
Epoch [13/30], Step [2580/3735], Loss: 0.4891, Time:0.07758522033691406
Epoch [13/30], Step [2680/3735], Loss: 0.6955, Time:0.09648442268371582
Epoch [13/30], Step [2780/3735], Loss: 0.4100, Time:0.10281085968017578
Epoch [13/30], Step [2880/3735], Loss: 0.3403, Time:0.07119441032409668
Epoch [13/30], Step [2980/3735], Loss: 0.0534, Time:0.08907914161682129
Epoch [13/30], Step [3080/3735], Loss: 0.0045, Time:0.07830142974853516
Epoch [13/30], Step [3180/3735], Loss: 0.2408, Time:0.09600973129272461
Epoch [13/30], Step [3280/3735], Loss: 0.0016, Time:0.10743546485900879
Epoch [13/30], Step [3380/3735], Loss: 0.0792, Time:0.09679985046386719
Epoch [13/30], Step [3480/3735], Loss: 0.4409, Time:0.10914182662963867
Epoch [13/30], Step [3580/3735], Loss: 0.1064, Time:0.12315917015075684
Epoch [13/30], Step [3680/3735], Loss: 0.0163, Time:0.08842873573303223
learning rate 0.0009048 -> 0.0008571
End of epoch13,Use time:290.9070773124695,the accuracy is 0.9432365856270751
Saving the latest model....
验证集数据总量： 8039 预测正确的数量： 6398
当前模型在验证集上的准确率为： 0.795870133101132
当前模型在验证集上的F1-score为: 0.06529460703482873
Epoch [14/30], Step [45/3735], Loss: 0.0807, Time:0.10897946357727051
Epoch [14/30], Step [145/3735], Loss: 0.0256, Time:0.11048650741577148
Epoch [14/30], Step [245/3735], Loss: 0.0044, Time:0.10768437385559082
Epoch [14/30], Step [345/3735], Loss: 0.9243, Time:0.1128242015838623
Epoch [14/30], Step [445/3735], Loss: 0.1236, Time:0.10560894012451172
Epoch [14/30], Step [545/3735], Loss: 0.0258, Time:0.10596346855163574
Epoch [14/30], Step [645/3735], Loss: 0.0092, Time:0.11669254302978516
Epoch [14/30], Step [745/3735], Loss: 0.0047, Time:0.09785842895507812
Epoch [14/30], Step [845/3735], Loss: 0.0914, Time:0.08874177932739258
Epoch [14/30], Step [945/3735], Loss: 0.3245, Time:0.09861540794372559
Epoch [14/30], Step [1045/3735], Loss: 0.0074, Time:0.0950779914855957
Epoch [14/30], Step [1145/3735], Loss: 0.0141, Time:0.07509684562683105
Epoch [14/30], Step [1245/3735], Loss: 0.1103, Time:0.10695314407348633
Epoch [14/30], Step [1345/3735], Loss: 0.0011, Time:0.10256481170654297
Epoch [14/30], Step [1445/3735], Loss: 0.1280, Time:0.09493613243103027
saving the latest model (epoch 13, total_iters 500000)
Epoch [14/30], Step [1545/3735], Loss: 0.2624, Time:0.08960151672363281
Epoch [14/30], Step [1645/3735], Loss: 0.2297, Time:0.08990812301635742
Epoch [14/30], Step [1745/3735], Loss: 0.0802, Time:0.11707425117492676
Epoch [14/30], Step [1845/3735], Loss: 0.0796, Time:0.06532430648803711
Epoch [14/30], Step [1945/3735], Loss: 0.0119, Time:0.0958242416381836
Epoch [14/30], Step [2045/3735], Loss: 0.1173, Time:0.08206295967102051
Epoch [14/30], Step [2145/3735], Loss: 0.0051, Time:0.09201169013977051
Epoch [14/30], Step [2245/3735], Loss: 0.1185, Time:0.1036982536315918
Epoch [14/30], Step [2345/3735], Loss: 0.1924, Time:0.09647512435913086
Epoch [14/30], Step [2445/3735], Loss: 0.0277, Time:0.11091947555541992
Epoch [14/30], Step [2545/3735], Loss: 0.0584, Time:0.13313055038452148
Epoch [14/30], Step [2645/3735], Loss: 0.0014, Time:0.10850286483764648
Epoch [14/30], Step [2745/3735], Loss: 0.5245, Time:0.12397623062133789
Epoch [14/30], Step [2845/3735], Loss: 0.0029, Time:0.09810400009155273
Epoch [14/30], Step [2945/3735], Loss: 0.3941, Time:0.1252303123474121
Epoch [14/30], Step [3045/3735], Loss: 0.1394, Time:0.1064610481262207
Epoch [14/30], Step [3145/3735], Loss: 0.0000, Time:0.07441091537475586
Epoch [14/30], Step [3245/3735], Loss: 0.5224, Time:0.0996100902557373
Epoch [14/30], Step [3345/3735], Loss: 0.0875, Time:0.10523104667663574
Epoch [14/30], Step [3445/3735], Loss: 0.0057, Time:0.10625362396240234
Epoch [14/30], Step [3545/3735], Loss: 0.0621, Time:0.11590790748596191
Epoch [14/30], Step [3645/3735], Loss: 0.0225, Time:0.12590527534484863
learning rate 0.0008571 -> 0.0008095
End of epoch14,Use time:297.4936194419861,the accuracy is 0.9482970975688122
Saving the latest model....
Epoch [15/30], Step [10/3735], Loss: 0.0116, Time:0.09762835502624512
Epoch [15/30], Step [110/3735], Loss: 0.0002, Time:0.1099240779876709
Epoch [15/30], Step [210/3735], Loss: 0.0051, Time:0.10537171363830566
Epoch [15/30], Step [310/3735], Loss: 0.0075, Time:0.10771679878234863
Epoch [15/30], Step [410/3735], Loss: 0.0237, Time:0.12755274772644043
Epoch [15/30], Step [510/3735], Loss: 0.1995, Time:0.0861661434173584
Epoch [15/30], Step [610/3735], Loss: 0.0061, Time:0.07152247428894043
Epoch [15/30], Step [710/3735], Loss: 0.1057, Time:0.10148453712463379
Epoch [15/30], Step [810/3735], Loss: 0.0504, Time:0.05837535858154297
Epoch [15/30], Step [910/3735], Loss: 0.0448, Time:0.07811760902404785
Epoch [15/30], Step [1010/3735], Loss: 0.5101, Time:0.13888978958129883
Epoch [15/30], Step [1110/3735], Loss: 0.0027, Time:0.09554457664489746
Epoch [15/30], Step [1210/3735], Loss: 0.0023, Time:0.10972285270690918
Epoch [15/30], Step [1310/3735], Loss: 0.0947, Time:0.07048773765563965
Epoch [15/30], Step [1410/3735], Loss: 0.0120, Time:0.10926580429077148
Epoch [15/30], Step [1510/3735], Loss: 0.0104, Time:0.11587285995483398
Epoch [15/30], Step [1610/3735], Loss: 0.0774, Time:0.10878705978393555
Epoch [15/30], Step [1710/3735], Loss: 0.0468, Time:0.12364912033081055
Epoch [15/30], Step [1810/3735], Loss: 0.0029, Time:0.09906911849975586
Epoch [15/30], Step [1910/3735], Loss: 0.0584, Time:0.09839320182800293
Epoch [15/30], Step [2010/3735], Loss: 0.0714, Time:0.09608840942382812
Epoch [15/30], Step [2110/3735], Loss: 0.0003, Time:0.08749723434448242
Epoch [15/30], Step [2210/3735], Loss: 0.1133, Time:0.10497760772705078
Epoch [15/30], Step [2310/3735], Loss: 0.0476, Time:0.12672829627990723
Epoch [15/30], Step [2410/3735], Loss: 0.0006, Time:0.08501291275024414
Epoch [15/30], Step [2510/3735], Loss: 0.0051, Time:0.08967995643615723
Epoch [15/30], Step [2610/3735], Loss: 0.5723, Time:0.10057258605957031
Epoch [15/30], Step [2710/3735], Loss: 0.0388, Time:0.09932589530944824
Epoch [15/30], Step [2810/3735], Loss: 0.0248, Time:0.11814713478088379
Epoch [15/30], Step [2910/3735], Loss: 0.0112, Time:0.08711695671081543
Epoch [15/30], Step [3010/3735], Loss: 0.0940, Time:0.09259557723999023
Epoch [15/30], Step [3110/3735], Loss: 0.2844, Time:0.08191776275634766
Epoch [15/30], Step [3210/3735], Loss: 0.0815, Time:0.06345343589782715
Epoch [15/30], Step [3310/3735], Loss: 0.2108, Time:0.08776235580444336
Epoch [15/30], Step [3410/3735], Loss: 0.4818, Time:0.058443307876586914
Epoch [15/30], Step [3510/3735], Loss: 0.1493, Time:0.09765005111694336
Epoch [15/30], Step [3610/3735], Loss: 0.0019, Time:0.11643791198730469
Epoch [15/30], Step [3710/3735], Loss: 0.0092, Time:0.1159367561340332
learning rate 0.0008095 -> 0.0007619
End of epoch15,Use time:291.61360120773315,the accuracy is 0.9538127878333512
Saving the latest model....
验证集数据总量： 8039 预测正确的数量： 6552
当前模型在验证集上的准确率为： 0.8150267446199776
当前模型在验证集上的F1-score为: 0.06825538078017059
Epoch [16/30], Step [75/3735], Loss: 0.1465, Time:0.10204410552978516
Epoch [16/30], Step [175/3735], Loss: 0.0403, Time:0.11854910850524902
Epoch [16/30], Step [275/3735], Loss: 0.0653, Time:0.11368656158447266
Epoch [16/30], Step [375/3735], Loss: 0.0105, Time:0.10747909545898438
Epoch [16/30], Step [475/3735], Loss: 0.0210, Time:0.10881257057189941
Epoch [16/30], Step [575/3735], Loss: 0.0923, Time:0.07276439666748047
Epoch [16/30], Step [675/3735], Loss: 0.2443, Time:0.11252903938293457
Epoch [16/30], Step [775/3735], Loss: 0.0023, Time:0.11470699310302734
Epoch [16/30], Step [875/3735], Loss: 0.0009, Time:0.09933638572692871
Epoch [16/30], Step [975/3735], Loss: 0.1132, Time:0.10913658142089844
Epoch [16/30], Step [1075/3735], Loss: 0.0329, Time:0.1125020980834961
Epoch [16/30], Step [1175/3735], Loss: 0.2152, Time:0.10389280319213867
Epoch [16/30], Step [1275/3735], Loss: 0.0512, Time:0.11536335945129395
Epoch [16/30], Step [1375/3735], Loss: 0.0012, Time:0.09238147735595703
Epoch [16/30], Step [1475/3735], Loss: 0.2013, Time:0.07869386672973633
Epoch [16/30], Step [1575/3735], Loss: 0.0083, Time:0.10032796859741211
Epoch [16/30], Step [1675/3735], Loss: 0.0356, Time:0.10827755928039551
Epoch [16/30], Step [1775/3735], Loss: 0.0054, Time:0.11478590965270996
Epoch [16/30], Step [1875/3735], Loss: 0.2612, Time:0.10004496574401855
Epoch [16/30], Step [1975/3735], Loss: 0.1563, Time:0.10202431678771973
Epoch [16/30], Step [2075/3735], Loss: 0.0108, Time:0.1039731502532959
Epoch [16/30], Step [2175/3735], Loss: 0.0004, Time:0.1063995361328125
Epoch [16/30], Step [2275/3735], Loss: 0.0063, Time:0.06540989875793457
Epoch [16/30], Step [2375/3735], Loss: 0.2368, Time:0.10798048973083496
Epoch [16/30], Step [2475/3735], Loss: 0.0050, Time:0.14206504821777344
Epoch [16/30], Step [2575/3735], Loss: 0.0007, Time:0.09966135025024414
Epoch [16/30], Step [2675/3735], Loss: 0.0082, Time:0.10440850257873535
Epoch [16/30], Step [2775/3735], Loss: 0.2009, Time:0.09823846817016602
Epoch [16/30], Step [2875/3735], Loss: 0.1160, Time:0.11315083503723145
Epoch [16/30], Step [2975/3735], Loss: 0.0049, Time:0.0840609073638916
Epoch [16/30], Step [3075/3735], Loss: 0.0185, Time:0.09777569770812988
Epoch [16/30], Step [3175/3735], Loss: 0.0323, Time:0.06616520881652832
Epoch [16/30], Step [3275/3735], Loss: 0.0626, Time:0.0955817699432373
Epoch [16/30], Step [3375/3735], Loss: 0.1320, Time:0.09028196334838867
Epoch [16/30], Step [3475/3735], Loss: 0.0450, Time:0.08784747123718262
Epoch [16/30], Step [3575/3735], Loss: 0.7540, Time:0.07607316970825195
Epoch [16/30], Step [3675/3735], Loss: 0.0130, Time:0.1279771327972412
learning rate 0.0007619 -> 0.0007143
End of epoch16,Use time:297.53958463668823,the accuracy is 0.9572667880475527
Saving the latest model....
Epoch [17/30], Step [40/3735], Loss: 0.0218, Time:0.08818173408508301
Epoch [17/30], Step [140/3735], Loss: 0.2431, Time:0.10402464866638184
Epoch [17/30], Step [240/3735], Loss: 0.4412, Time:0.16148662567138672
Epoch [17/30], Step [340/3735], Loss: 0.0269, Time:0.0952615737915039
Epoch [17/30], Step [440/3735], Loss: 0.0036, Time:0.08143234252929688
Epoch [17/30], Step [540/3735], Loss: 0.0000, Time:0.10308980941772461
Epoch [17/30], Step [640/3735], Loss: 0.0126, Time:0.11347699165344238
Epoch [17/30], Step [740/3735], Loss: 0.2440, Time:0.09334516525268555
Epoch [17/30], Step [840/3735], Loss: 0.1246, Time:0.1150503158569336
Epoch [17/30], Step [940/3735], Loss: 0.0140, Time:0.10705232620239258
Epoch [17/30], Step [1040/3735], Loss: 0.2094, Time:0.12413477897644043
Epoch [17/30], Step [1140/3735], Loss: 0.0048, Time:0.09889507293701172
Epoch [17/30], Step [1240/3735], Loss: 0.0787, Time:0.11780738830566406
Epoch [17/30], Step [1340/3735], Loss: 0.0533, Time:0.11416912078857422
Epoch [17/30], Step [1440/3735], Loss: 0.2419, Time:0.10872602462768555
Epoch [17/30], Step [1540/3735], Loss: 0.2874, Time:0.1152961254119873
Epoch [17/30], Step [1640/3735], Loss: 0.0225, Time:0.09628534317016602
Epoch [17/30], Step [1740/3735], Loss: 0.3428, Time:0.11343598365783691
Epoch [17/30], Step [1840/3735], Loss: 0.1220, Time:0.09635353088378906
Epoch [17/30], Step [1940/3735], Loss: 0.0010, Time:0.08861756324768066
Epoch [17/30], Step [2040/3735], Loss: 0.2054, Time:0.09772133827209473
Epoch [17/30], Step [2140/3735], Loss: 0.5010, Time:0.10453534126281738
Epoch [17/30], Step [2240/3735], Loss: 0.4946, Time:0.12137579917907715
Epoch [17/30], Step [2340/3735], Loss: 0.1541, Time:0.10870194435119629
Epoch [17/30], Step [2440/3735], Loss: 0.0875, Time:0.12233090400695801
Epoch [17/30], Step [2540/3735], Loss: 0.0255, Time:0.1160886287689209
Epoch [17/30], Step [2640/3735], Loss: 0.1414, Time:0.07012271881103516
Epoch [17/30], Step [2740/3735], Loss: 0.0289, Time:0.1281418800354004
Epoch [17/30], Step [2840/3735], Loss: 0.1107, Time:0.11316347122192383
Epoch [17/30], Step [2940/3735], Loss: 0.3710, Time:0.09502387046813965
Epoch [17/30], Step [3040/3735], Loss: 0.5283, Time:0.08080220222473145
Epoch [17/30], Step [3140/3735], Loss: 0.0800, Time:0.08282971382141113
Epoch [17/30], Step [3240/3735], Loss: 0.4405, Time:0.04985499382019043
Epoch [17/30], Step [3340/3735], Loss: 0.6571, Time:0.09408688545227051
Epoch [17/30], Step [3440/3735], Loss: 0.0027, Time:0.09920454025268555
Epoch [17/30], Step [3540/3735], Loss: 0.0028, Time:0.09755420684814453
Epoch [17/30], Step [3640/3735], Loss: 0.0286, Time:0.08519721031188965
learning rate 0.0007143 -> 0.0006667
End of epoch17,Use time:291.6614637374878,the accuracy is 0.961952447252865
Saving the latest model....
验证集数据总量： 8039 预测正确的数量： 6550
当前模型在验证集上的准确率为： 0.8147779574573952
当前模型在验证集上的F1-score为: 0.0681006637933953
Epoch [18/30], Step [5/3735], Loss: 0.0040, Time:0.08480167388916016
Epoch [18/30], Step [105/3735], Loss: 0.0165, Time:0.09270906448364258
Epoch [18/30], Step [205/3735], Loss: 0.0007, Time:0.11261916160583496
Epoch [18/30], Step [305/3735], Loss: 0.0434, Time:0.09989714622497559
Epoch [18/30], Step [405/3735], Loss: 0.0084, Time:0.0654611587524414
Epoch [18/30], Step [505/3735], Loss: 0.0076, Time:0.06156468391418457
Epoch [18/30], Step [605/3735], Loss: 0.0055, Time:0.08352208137512207
Epoch [18/30], Step [705/3735], Loss: 0.1660, Time:0.09089183807373047
Epoch [18/30], Step [805/3735], Loss: 0.2529, Time:0.08996772766113281
Epoch [18/30], Step [905/3735], Loss: 0.0009, Time:0.11621379852294922
Epoch [18/30], Step [1005/3735], Loss: 0.2998, Time:0.08908677101135254
Epoch [18/30], Step [1105/3735], Loss: 0.1517, Time:0.0891885757446289
Epoch [18/30], Step [1205/3735], Loss: 0.2033, Time:0.09490847587585449
Epoch [18/30], Step [1305/3735], Loss: 0.2565, Time:0.09436345100402832
Epoch [18/30], Step [1405/3735], Loss: 0.0359, Time:0.08878493309020996
Epoch [18/30], Step [1505/3735], Loss: 0.3995, Time:0.10802340507507324
Epoch [18/30], Step [1605/3735], Loss: 0.0294, Time:0.11300468444824219
Epoch [18/30], Step [1705/3735], Loss: 0.4645, Time:0.08544254302978516
Epoch [18/30], Step [1805/3735], Loss: 0.0185, Time:0.09928393363952637
Epoch [18/30], Step [1905/3735], Loss: 0.0271, Time:0.13127756118774414
Epoch [18/30], Step [2005/3735], Loss: 0.0024, Time:0.09274435043334961
Epoch [18/30], Step [2105/3735], Loss: 0.7259, Time:0.09997367858886719
Epoch [18/30], Step [2205/3735], Loss: 0.0019, Time:0.09845972061157227
Epoch [18/30], Step [2305/3735], Loss: 0.5913, Time:0.09473395347595215
Epoch [18/30], Step [2405/3735], Loss: 0.0355, Time:0.09872293472290039
Epoch [18/30], Step [2505/3735], Loss: 0.0086, Time:0.09161949157714844
Epoch [18/30], Step [2605/3735], Loss: 0.0315, Time:0.11131405830383301
Epoch [18/30], Step [2705/3735], Loss: 0.5141, Time:0.0730752944946289
Epoch [18/30], Step [2805/3735], Loss: 0.0144, Time:0.09619760513305664
Epoch [18/30], Step [2905/3735], Loss: 0.0432, Time:0.10298418998718262
Epoch [18/30], Step [3005/3735], Loss: 0.0091, Time:0.08478665351867676
Epoch [18/30], Step [3105/3735], Loss: 0.7390, Time:0.10785126686096191
Epoch [18/30], Step [3205/3735], Loss: 0.0040, Time:0.11829376220703125
Epoch [18/30], Step [3305/3735], Loss: 0.1280, Time:0.11509871482849121
Epoch [18/30], Step [3405/3735], Loss: 0.3053, Time:0.07824826240539551
Epoch [18/30], Step [3505/3735], Loss: 0.1233, Time:0.09438157081604004
Epoch [18/30], Step [3605/3735], Loss: 0.0033, Time:0.0934445858001709
Epoch [18/30], Step [3705/3735], Loss: 0.2427, Time:0.10063815116882324
learning rate 0.0006667 -> 0.0006190
End of epoch18,Use time:297.49178528785706,the accuracy is 0.9663971296990468
Saving the latest model....
Epoch [19/30], Step [70/3735], Loss: 0.0100, Time:0.10322189331054688
Epoch [19/30], Step [170/3735], Loss: 0.0008, Time:0.1203007698059082
Epoch [19/30], Step [270/3735], Loss: 0.0144, Time:0.11287760734558105
Epoch [19/30], Step [370/3735], Loss: 0.4753, Time:0.1314396858215332
Epoch [19/30], Step [470/3735], Loss: 0.0241, Time:0.12536025047302246
Epoch [19/30], Step [570/3735], Loss: 0.3417, Time:0.06756734848022461
Epoch [19/30], Step [670/3735], Loss: 0.5901, Time:0.0937199592590332
Epoch [19/30], Step [770/3735], Loss: 0.0661, Time:0.1044759750366211
Epoch [19/30], Step [870/3735], Loss: 0.0353, Time:0.10911107063293457
Epoch [19/30], Step [970/3735], Loss: 0.0115, Time:0.08732199668884277
Epoch [19/30], Step [1070/3735], Loss: 0.0368, Time:0.07915306091308594
Epoch [19/30], Step [1170/3735], Loss: 0.1347, Time:0.11480259895324707
Epoch [19/30], Step [1270/3735], Loss: 0.0023, Time:0.09555363655090332
Epoch [19/30], Step [1370/3735], Loss: 0.0016, Time:0.1148064136505127
Epoch [19/30], Step [1470/3735], Loss: 0.1743, Time:0.06331443786621094
Epoch [19/30], Step [1570/3735], Loss: 0.0020, Time:0.11746430397033691
Epoch [19/30], Step [1670/3735], Loss: 0.0084, Time:0.09153294563293457
Epoch [19/30], Step [1770/3735], Loss: 0.0325, Time:0.08477187156677246
Epoch [19/30], Step [1870/3735], Loss: 0.1851, Time:0.0950934886932373
Epoch [19/30], Step [1970/3735], Loss: 0.2667, Time:0.12950491905212402
Epoch [19/30], Step [2070/3735], Loss: 0.0001, Time:0.13064074516296387
Epoch [19/30], Step [2170/3735], Loss: 0.5351, Time:0.1422114372253418
Epoch [19/30], Step [2270/3735], Loss: 0.1597, Time:0.1044166088104248
Epoch [19/30], Step [2370/3735], Loss: 0.0106, Time:0.09627819061279297
Epoch [19/30], Step [2470/3735], Loss: 0.1464, Time:0.10706973075866699
Epoch [19/30], Step [2570/3735], Loss: 0.0162, Time:0.09434938430786133
Epoch [19/30], Step [2670/3735], Loss: 0.0001, Time:0.1046299934387207
Epoch [19/30], Step [2770/3735], Loss: 0.0348, Time:0.1024937629699707
Epoch [19/30], Step [2870/3735], Loss: 0.0004, Time:0.08020877838134766
Epoch [19/30], Step [2970/3735], Loss: 0.0000, Time:0.09334969520568848
Epoch [19/30], Step [3070/3735], Loss: 0.0023, Time:0.11554932594299316
Epoch [19/30], Step [3170/3735], Loss: 0.0061, Time:0.08124589920043945
Epoch [19/30], Step [3270/3735], Loss: 0.0140, Time:0.05817747116088867
Epoch [19/30], Step [3370/3735], Loss: 0.1066, Time:0.07182168960571289
Epoch [19/30], Step [3470/3735], Loss: 0.0404, Time:0.09263992309570312
Epoch [19/30], Step [3570/3735], Loss: 0.0031, Time:0.0906827449798584
Epoch [19/30], Step [3670/3735], Loss: 0.0142, Time:0.12915873527526855
learning rate 0.0006190 -> 0.0005714
End of epoch19,Use time:290.54619097709656,the accuracy is 0.9692888508086109
Saving the latest model....
验证集数据总量： 8039 预测正确的数量： 6502
当前模型在验证集上的准确率为： 0.8088070655554174
当前模型在验证集上的F1-score为: 0.06781973912459813
Epoch [20/30], Step [35/3735], Loss: 0.0036, Time:0.07283520698547363
Epoch [20/30], Step [135/3735], Loss: 0.2000, Time:0.09527206420898438
Epoch [20/30], Step [235/3735], Loss: 0.0001, Time:0.1030728816986084
Epoch [20/30], Step [335/3735], Loss: 0.0680, Time:0.0971517562866211
Epoch [20/30], Step [435/3735], Loss: 0.0019, Time:0.11528205871582031
Epoch [20/30], Step [535/3735], Loss: 0.3459, Time:0.08413410186767578
Epoch [20/30], Step [635/3735], Loss: 0.0182, Time:0.1137382984161377
Epoch [20/30], Step [735/3735], Loss: 0.0668, Time:0.08048224449157715
Epoch [20/30], Step [835/3735], Loss: 0.0132, Time:0.09413290023803711
Epoch [20/30], Step [935/3735], Loss: 0.1132, Time:0.10176229476928711
Epoch [20/30], Step [1035/3735], Loss: 0.1685, Time:0.09584522247314453
Epoch [20/30], Step [1135/3735], Loss: 0.0869, Time:0.10222005844116211
Epoch [20/30], Step [1235/3735], Loss: 0.0061, Time:0.09752464294433594
Epoch [20/30], Step [1335/3735], Loss: 0.0359, Time:0.0944969654083252
Epoch [20/30], Step [1435/3735], Loss: 0.0264, Time:0.09679555892944336
Epoch [20/30], Step [1535/3735], Loss: 0.0132, Time:0.09825277328491211
Epoch [20/30], Step [1635/3735], Loss: 0.0403, Time:0.08705973625183105
Epoch [20/30], Step [1735/3735], Loss: 0.0029, Time:0.1131587028503418
Epoch [20/30], Step [1835/3735], Loss: 0.0012, Time:0.10938143730163574
Epoch [20/30], Step [1935/3735], Loss: 0.0324, Time:0.10544705390930176
Epoch [20/30], Step [2035/3735], Loss: 0.0067, Time:0.08709836006164551
Epoch [20/30], Step [2135/3735], Loss: 0.0004, Time:0.09459781646728516
Epoch [20/30], Step [2235/3735], Loss: 0.0078, Time:0.1150970458984375
Epoch [20/30], Step [2335/3735], Loss: 0.0001, Time:0.10506081581115723
Epoch [20/30], Step [2435/3735], Loss: 0.0009, Time:0.11426424980163574
Epoch [20/30], Step [2535/3735], Loss: 0.6016, Time:0.10229635238647461
Epoch [20/30], Step [2635/3735], Loss: 0.0009, Time:0.09768223762512207
Epoch [20/30], Step [2735/3735], Loss: 0.0004, Time:0.08700990676879883
Epoch [20/30], Step [2835/3735], Loss: 0.0028, Time:0.09024381637573242
Epoch [20/30], Step [2935/3735], Loss: 0.0429, Time:0.1030585765838623
Epoch [20/30], Step [3035/3735], Loss: 0.0003, Time:0.10873723030090332
Epoch [20/30], Step [3135/3735], Loss: 0.0063, Time:0.09809589385986328
Epoch [20/30], Step [3235/3735], Loss: 0.0370, Time:0.10131978988647461
Epoch [20/30], Step [3335/3735], Loss: 0.0993, Time:0.07464408874511719
Epoch [20/30], Step [3435/3735], Loss: 0.0316, Time:0.08535528182983398
Epoch [20/30], Step [3535/3735], Loss: 0.3680, Time:0.11835050582885742
Epoch [20/30], Step [3635/3735], Loss: 0.0065, Time:0.08813023567199707
Epoch [20/30], Step [3735/3735], Loss: 0.0258, Time:0.09411191940307617
learning rate 0.0005714 -> 0.0005238
End of epoch20,Use time:297.7785270214081,the accuracy is 0.9698511299132484
Saving the latest model....
Epoch [21/30], Step [100/3735], Loss: 0.0010, Time:0.12639904022216797
Epoch [21/30], Step [200/3735], Loss: 0.0011, Time:0.10924458503723145
Epoch [21/30], Step [300/3735], Loss: 0.0083, Time:0.09472441673278809
Epoch [21/30], Step [400/3735], Loss: 0.0795, Time:0.10380959510803223
Epoch [21/30], Step [500/3735], Loss: 0.0046, Time:0.09128284454345703
Epoch [21/30], Step [600/3735], Loss: 0.0000, Time:0.10803627967834473
Epoch [21/30], Step [700/3735], Loss: 0.0693, Time:0.08683562278747559
Epoch [21/30], Step [800/3735], Loss: 0.0079, Time:0.10094165802001953
Epoch [21/30], Step [900/3735], Loss: 0.0393, Time:0.11339926719665527
Epoch [21/30], Step [1000/3735], Loss: 0.0528, Time:0.09924197196960449
Epoch [21/30], Step [1100/3735], Loss: 0.0008, Time:0.10542941093444824
Epoch [21/30], Step [1200/3735], Loss: 0.0032, Time:0.10045480728149414
Epoch [21/30], Step [1300/3735], Loss: 0.0300, Time:0.09494638442993164
Epoch [21/30], Step [1400/3735], Loss: 0.0017, Time:0.11473870277404785
Epoch [21/30], Step [1500/3735], Loss: 0.0166, Time:0.09562420845031738
Epoch [21/30], Step [1600/3735], Loss: 0.0031, Time:0.07848095893859863
Epoch [21/30], Step [1700/3735], Loss: 0.0000, Time:0.09867978096008301
Epoch [21/30], Step [1800/3735], Loss: 0.0043, Time:0.11709165573120117
Epoch [21/30], Step [1900/3735], Loss: 0.0000, Time:0.0675513744354248
Epoch [21/30], Step [2000/3735], Loss: 0.2040, Time:0.09966516494750977
Epoch [21/30], Step [2100/3735], Loss: 0.1169, Time:0.10155582427978516
Epoch [21/30], Step [2200/3735], Loss: 0.0502, Time:0.11747860908508301
Epoch [21/30], Step [2300/3735], Loss: 0.0536, Time:0.11272692680358887
Epoch [21/30], Step [2400/3735], Loss: 0.0996, Time:0.06367206573486328
Epoch [21/30], Step [2500/3735], Loss: 0.0004, Time:0.08117437362670898
Epoch [21/30], Step [2600/3735], Loss: 0.1436, Time:0.08421850204467773
Epoch [21/30], Step [2700/3735], Loss: 0.0068, Time:0.05818796157836914
Epoch [21/30], Step [2800/3735], Loss: 0.0058, Time:0.07136845588684082
Epoch [21/30], Step [2900/3735], Loss: 0.0001, Time:0.07626986503601074
Epoch [21/30], Step [3000/3735], Loss: 0.0395, Time:0.0818033218383789
Epoch [21/30], Step [3100/3735], Loss: 0.0002, Time:0.06774234771728516
Epoch [21/30], Step [3200/3735], Loss: 0.0006, Time:0.051764726638793945
Epoch [21/30], Step [3300/3735], Loss: 0.0020, Time:0.04251575469970703
Epoch [21/30], Step [3400/3735], Loss: 0.0110, Time:0.06420278549194336
Epoch [21/30], Step [3500/3735], Loss: 0.0143, Time:0.04625129699707031
Epoch [21/30], Step [3600/3735], Loss: 0.0005, Time:0.04626798629760742
Epoch [21/30], Step [3700/3735], Loss: 0.0598, Time:0.04027438163757324
learning rate 0.0005238 -> 0.0004762
End of epoch21,Use time:258.69490337371826,the accuracy is 0.9731177037592375
Saving the latest model....
验证集数据总量： 8039 预测正确的数量： 6637
当前模型在验证集上的准确率为： 0.82560019902973
当前模型在验证集上的F1-score为: 0.07013729877455227
Epoch [22/30], Step [65/3735], Loss: 0.3064, Time:0.05731773376464844
Epoch [22/30], Step [165/3735], Loss: 0.0018, Time:0.06644630432128906
Epoch [22/30], Step [265/3735], Loss: 0.0009, Time:0.04737997055053711
Epoch [22/30], Step [365/3735], Loss: 0.1962, Time:0.0696101188659668
Epoch [22/30], Step [465/3735], Loss: 0.0000, Time:0.05803489685058594
Epoch [22/30], Step [565/3735], Loss: 0.0002, Time:0.05303549766540527
Epoch [22/30], Step [665/3735], Loss: 0.0194, Time:0.07522010803222656
Epoch [22/30], Step [765/3735], Loss: 0.0927, Time:0.08252763748168945
Epoch [22/30], Step [865/3735], Loss: 0.0532, Time:0.06414675712585449
Epoch [22/30], Step [965/3735], Loss: 0.0365, Time:0.07343769073486328
Epoch [22/30], Step [1065/3735], Loss: 0.0177, Time:0.06554007530212402
Epoch [22/30], Step [1165/3735], Loss: 0.0000, Time:0.06853413581848145
Epoch [22/30], Step [1265/3735], Loss: 0.0014, Time:0.07844352722167969
Epoch [22/30], Step [1365/3735], Loss: 0.0029, Time:0.048783302307128906
Epoch [22/30], Step [1465/3735], Loss: 0.0941, Time:0.08381152153015137
Epoch [22/30], Step [1565/3735], Loss: 0.0248, Time:0.0783071517944336
Epoch [22/30], Step [1665/3735], Loss: 0.0023, Time:0.05345940589904785
Epoch [22/30], Step [1765/3735], Loss: 0.0388, Time:0.04920554161071777
Epoch [22/30], Step [1865/3735], Loss: 0.0056, Time:0.0503692626953125
Epoch [22/30], Step [1965/3735], Loss: 0.0007, Time:0.08161115646362305
Epoch [22/30], Step [2065/3735], Loss: 0.0119, Time:0.10727119445800781
Epoch [22/30], Step [2165/3735], Loss: 0.0013, Time:0.09908461570739746
Epoch [22/30], Step [2265/3735], Loss: 0.0531, Time:0.07484793663024902
Epoch [22/30], Step [2365/3735], Loss: 0.0536, Time:0.10315847396850586
Epoch [22/30], Step [2465/3735], Loss: 1.6036, Time:0.11979389190673828
Epoch [22/30], Step [2565/3735], Loss: 0.0071, Time:0.10042929649353027
Epoch [22/30], Step [2665/3735], Loss: 0.0006, Time:0.07815790176391602
Epoch [22/30], Step [2765/3735], Loss: 0.0007, Time:0.10499382019042969
Epoch [22/30], Step [2865/3735], Loss: 0.0079, Time:0.08130908012390137
Epoch [22/30], Step [2965/3735], Loss: 0.1303, Time:0.09421515464782715
Epoch [22/30], Step [3065/3735], Loss: 0.0087, Time:0.1084756851196289
Epoch [22/30], Step [3165/3735], Loss: 0.0031, Time:0.10571789741516113
Epoch [22/30], Step [3265/3735], Loss: 0.0000, Time:0.12379145622253418
Epoch [22/30], Step [3365/3735], Loss: 0.0992, Time:0.1000661849975586
Epoch [22/30], Step [3465/3735], Loss: 0.0149, Time:0.12294936180114746
Epoch [22/30], Step [3565/3735], Loss: 0.0948, Time:0.0993504524230957
Epoch [22/30], Step [3665/3735], Loss: 0.0412, Time:0.0930182933807373
learning rate 0.0004762 -> 0.0004286
End of epoch22,Use time:245.96628952026367,the accuracy is 0.97654492877798
Saving the latest model....
Epoch [23/30], Step [30/3735], Loss: 0.0002, Time:0.1197206974029541
Epoch [23/30], Step [130/3735], Loss: 0.0001, Time:0.08853316307067871
Epoch [23/30], Step [230/3735], Loss: 0.0005, Time:0.1157221794128418
Epoch [23/30], Step [330/3735], Loss: 0.0028, Time:0.08077597618103027
Epoch [23/30], Step [430/3735], Loss: 0.0258, Time:0.07590055465698242
Epoch [23/30], Step [530/3735], Loss: 0.1202, Time:0.11192798614501953
Epoch [23/30], Step [630/3735], Loss: 0.0000, Time:0.09745240211486816
Epoch [23/30], Step [730/3735], Loss: 0.0068, Time:0.1179201602935791
Epoch [23/30], Step [830/3735], Loss: 0.0001, Time:0.09484148025512695
Epoch [23/30], Step [930/3735], Loss: 0.0002, Time:0.06732010841369629
Epoch [23/30], Step [1030/3735], Loss: 0.0072, Time:0.0940694808959961
Epoch [23/30], Step [1130/3735], Loss: 0.0368, Time:0.100677490234375
Epoch [23/30], Step [1230/3735], Loss: 0.1681, Time:0.09824538230895996
Epoch [23/30], Step [1330/3735], Loss: 0.0020, Time:0.0882425308227539
Epoch [23/30], Step [1430/3735], Loss: 0.3143, Time:0.08279538154602051
Epoch [23/30], Step [1530/3735], Loss: 0.0024, Time:0.0606234073638916
Epoch [23/30], Step [1630/3735], Loss: 0.0202, Time:0.1122283935546875
Epoch [23/30], Step [1730/3735], Loss: 0.0042, Time:0.0771627426147461
Epoch [23/30], Step [1830/3735], Loss: 0.0008, Time:0.09028959274291992
Epoch [23/30], Step [1930/3735], Loss: 0.0028, Time:0.08722281455993652
Epoch [23/30], Step [2030/3735], Loss: 0.0147, Time:0.09550023078918457
Epoch [23/30], Step [2130/3735], Loss: 0.0007, Time:0.08180737495422363
Epoch [23/30], Step [2230/3735], Loss: 0.0005, Time:0.11039972305297852
Epoch [23/30], Step [2330/3735], Loss: 0.0008, Time:0.08127069473266602
Epoch [23/30], Step [2430/3735], Loss: 0.4116, Time:0.09440231323242188
Epoch [23/30], Step [2530/3735], Loss: 0.0394, Time:0.07781505584716797
Epoch [23/30], Step [2630/3735], Loss: 0.2689, Time:0.10007572174072266
Epoch [23/30], Step [2730/3735], Loss: 0.0014, Time:0.09830737113952637
Epoch [23/30], Step [2830/3735], Loss: 0.0026, Time:0.10411787033081055
Epoch [23/30], Step [2930/3735], Loss: 0.0000, Time:0.10079002380371094
Epoch [23/30], Step [3030/3735], Loss: 0.0177, Time:0.1135098934173584
Epoch [23/30], Step [3130/3735], Loss: 0.0056, Time:0.13121747970581055
Epoch [23/30], Step [3230/3735], Loss: 0.2169, Time:0.10561275482177734
Epoch [23/30], Step [3330/3735], Loss: 0.0158, Time:0.07373690605163574
Epoch [23/30], Step [3430/3735], Loss: 0.0009, Time:0.08414149284362793
Epoch [23/30], Step [3530/3735], Loss: 0.0068, Time:0.05582070350646973
Epoch [23/30], Step [3630/3735], Loss: 0.7923, Time:0.08365011215209961
Epoch [23/30], Step [3730/3735], Loss: 0.0096, Time:0.07682251930236816
learning rate 0.0004286 -> 0.0003810
End of epoch23,Use time:294.0398180484772,the accuracy is 0.9766788047552747
Saving the latest model....
验证集数据总量： 8039 预测正确的数量： 6601
当前模型在验证集上的准确率为： 0.8211220301032467
当前模型在验证集上的F1-score为: 0.06899202076758355
Epoch [24/30], Step [95/3735], Loss: 0.0037, Time:0.12613272666931152
Epoch [24/30], Step [195/3735], Loss: 0.0031, Time:0.10091996192932129
Epoch [24/30], Step [295/3735], Loss: 0.0017, Time:0.09995746612548828
Epoch [24/30], Step [395/3735], Loss: 0.1476, Time:0.07570290565490723
Epoch [24/30], Step [495/3735], Loss: 0.0914, Time:0.07117390632629395
Epoch [24/30], Step [595/3735], Loss: 0.0126, Time:0.07082724571228027
Epoch [24/30], Step [695/3735], Loss: 0.0004, Time:0.1107630729675293
Epoch [24/30], Step [795/3735], Loss: 0.0001, Time:0.08523344993591309
Epoch [24/30], Step [895/3735], Loss: 0.0103, Time:0.11290812492370605
Epoch [24/30], Step [995/3735], Loss: 0.6416, Time:0.12161612510681152
Epoch [24/30], Step [1095/3735], Loss: 0.2170, Time:0.10215425491333008
Epoch [24/30], Step [1195/3735], Loss: 0.0006, Time:0.10663294792175293
Epoch [24/30], Step [1295/3735], Loss: 0.0401, Time:0.11063170433044434
Epoch [24/30], Step [1395/3735], Loss: 0.0095, Time:0.08997201919555664
Epoch [24/30], Step [1495/3735], Loss: 0.1602, Time:0.06964516639709473
Epoch [24/30], Step [1595/3735], Loss: 0.0031, Time:0.08318567276000977
Epoch [24/30], Step [1695/3735], Loss: 0.1838, Time:0.10143542289733887
Epoch [24/30], Step [1795/3735], Loss: 0.0180, Time:0.08475184440612793
Epoch [24/30], Step [1895/3735], Loss: 0.0005, Time:0.12266182899475098
Epoch [24/30], Step [1995/3735], Loss: 0.0053, Time:0.10206890106201172
Epoch [24/30], Step [2095/3735], Loss: 0.0198, Time:0.10120511054992676
Epoch [24/30], Step [2195/3735], Loss: 0.0546, Time:0.09543681144714355
Epoch [24/30], Step [2295/3735], Loss: 0.0001, Time:0.12183666229248047
Epoch [24/30], Step [2395/3735], Loss: 0.0324, Time:0.09879350662231445
Epoch [24/30], Step [2495/3735], Loss: 0.0016, Time:0.10303020477294922
Epoch [24/30], Step [2595/3735], Loss: 0.0129, Time:0.11800789833068848
Epoch [24/30], Step [2695/3735], Loss: 0.0018, Time:0.13637733459472656
Epoch [24/30], Step [2795/3735], Loss: 0.0112, Time:0.10655570030212402
Epoch [24/30], Step [2895/3735], Loss: 0.0013, Time:0.12250733375549316
Epoch [24/30], Step [2995/3735], Loss: 0.0212, Time:0.10189032554626465
Epoch [24/30], Step [3095/3735], Loss: 0.0099, Time:0.09893226623535156
Epoch [24/30], Step [3195/3735], Loss: 0.0026, Time:0.10194826126098633
Epoch [24/30], Step [3295/3735], Loss: 0.0001, Time:0.1000368595123291
Epoch [24/30], Step [3395/3735], Loss: 0.1057, Time:0.1010582447052002
Epoch [24/30], Step [3495/3735], Loss: 0.0010, Time:0.08745884895324707
Epoch [24/30], Step [3595/3735], Loss: 0.0010, Time:0.09866499900817871
Epoch [24/30], Step [3695/3735], Loss: 0.0071, Time:0.08899235725402832
learning rate 0.0003810 -> 0.0003333
End of epoch24,Use time:297.6184170246124,the accuracy is 0.9798918282103459
Saving the latest model....
Epoch [25/30], Step [60/3735], Loss: 0.0125, Time:0.08841800689697266
Epoch [25/30], Step [160/3735], Loss: 0.0768, Time:0.10598301887512207
Epoch [25/30], Step [260/3735], Loss: 0.0000, Time:0.0981760025024414
Epoch [25/30], Step [360/3735], Loss: 0.0004, Time:0.09911465644836426
Epoch [25/30], Step [460/3735], Loss: 0.0751, Time:0.08728480339050293
Epoch [25/30], Step [560/3735], Loss: 0.0267, Time:0.08276796340942383
Epoch [25/30], Step [660/3735], Loss: 0.0025, Time:0.10107159614562988
Epoch [25/30], Step [760/3735], Loss: 0.0034, Time:0.11763191223144531
Epoch [25/30], Step [860/3735], Loss: 0.0408, Time:0.07539772987365723
Epoch [25/30], Step [960/3735], Loss: 0.0375, Time:0.12349867820739746
Epoch [25/30], Step [1060/3735], Loss: 0.0062, Time:0.09691143035888672
Epoch [25/30], Step [1160/3735], Loss: 0.0038, Time:0.08963370323181152
Epoch [25/30], Step [1260/3735], Loss: 0.1211, Time:0.10649299621582031
Epoch [25/30], Step [1360/3735], Loss: 0.0001, Time:0.09031224250793457
Epoch [25/30], Step [1460/3735], Loss: 0.0246, Time:0.09726095199584961
Epoch [25/30], Step [1560/3735], Loss: 0.0040, Time:0.09783339500427246
Epoch [25/30], Step [1660/3735], Loss: 0.0022, Time:0.10364890098571777
Epoch [25/30], Step [1760/3735], Loss: 0.0857, Time:0.11163878440856934
Epoch [25/30], Step [1860/3735], Loss: 0.0000, Time:0.07718873023986816
Epoch [25/30], Step [1960/3735], Loss: 0.0000, Time:0.12987041473388672
Epoch [25/30], Step [2060/3735], Loss: 0.0065, Time:0.09650850296020508
Epoch [25/30], Step [2160/3735], Loss: 0.3500, Time:0.1027994155883789
Epoch [25/30], Step [2260/3735], Loss: 0.0037, Time:0.10399484634399414
Epoch [25/30], Step [2360/3735], Loss: 0.0777, Time:0.10693812370300293
Epoch [25/30], Step [2460/3735], Loss: 0.0963, Time:0.10093879699707031
Epoch [25/30], Step [2560/3735], Loss: 0.0005, Time:0.1295478343963623
Epoch [25/30], Step [2660/3735], Loss: 0.0005, Time:0.10062146186828613
Epoch [25/30], Step [2760/3735], Loss: 0.0262, Time:0.09552168846130371
Epoch [25/30], Step [2860/3735], Loss: 0.0001, Time:0.10611391067504883
Epoch [25/30], Step [2960/3735], Loss: 0.0091, Time:0.08516192436218262
Epoch [25/30], Step [3060/3735], Loss: 0.0375, Time:0.11215734481811523
Epoch [25/30], Step [3160/3735], Loss: 0.1679, Time:0.09626078605651855
Epoch [25/30], Step [3260/3735], Loss: 0.0008, Time:0.08058500289916992
Epoch [25/30], Step [3360/3735], Loss: 0.0008, Time:0.10686278343200684
Epoch [25/30], Step [3460/3735], Loss: 0.0018, Time:0.12819552421569824
Epoch [25/30], Step [3560/3735], Loss: 0.0273, Time:0.09754109382629395
Epoch [25/30], Step [3660/3735], Loss: 0.0000, Time:0.0935666561126709
learning rate 0.0003333 -> 0.0002857
End of epoch25,Use time:295.3076150417328,the accuracy is 0.9827567741244511
Saving the latest model....
验证集数据总量： 8039 预测正确的数量： 6713
当前模型在验证集上的准确率为： 0.8350541112078617
当前模型在验证集上的F1-score为: 0.07132924182946693
Epoch [26/30], Step [25/3735], Loss: 0.0091, Time:0.10619664192199707
Epoch [26/30], Step [125/3735], Loss: 0.0017, Time:0.09752702713012695
Epoch [26/30], Step [225/3735], Loss: 0.0021, Time:0.13361907005310059
Epoch [26/30], Step [325/3735], Loss: 0.0075, Time:0.10884523391723633
Epoch [26/30], Step [425/3735], Loss: 0.0006, Time:0.10703635215759277
Epoch [26/30], Step [525/3735], Loss: 0.0001, Time:0.08890604972839355
Epoch [26/30], Step [625/3735], Loss: 0.0069, Time:0.09172964096069336
Epoch [26/30], Step [725/3735], Loss: 0.0020, Time:0.1061708927154541
Epoch [26/30], Step [825/3735], Loss: 0.0001, Time:0.052500247955322266
Epoch [26/30], Step [925/3735], Loss: 0.0019, Time:0.09093832969665527
Epoch [26/30], Step [1025/3735], Loss: 0.0050, Time:0.08269453048706055
Epoch [26/30], Step [1125/3735], Loss: 0.0067, Time:0.0973508358001709
Epoch [26/30], Step [1225/3735], Loss: 0.0002, Time:0.09710931777954102
Epoch [26/30], Step [1325/3735], Loss: 0.0009, Time:0.06819462776184082
Epoch [26/30], Step [1425/3735], Loss: 0.0002, Time:0.08047008514404297
Epoch [26/30], Step [1525/3735], Loss: 0.0002, Time:0.10734033584594727
Epoch [26/30], Step [1625/3735], Loss: 0.0000, Time:0.09432458877563477
Epoch [26/30], Step [1725/3735], Loss: 0.0052, Time:0.07015776634216309
Epoch [26/30], Step [1825/3735], Loss: 0.0215, Time:0.10121774673461914
Epoch [26/30], Step [1925/3735], Loss: 0.0041, Time:0.11033916473388672
Epoch [26/30], Step [2025/3735], Loss: 0.2499, Time:0.09100508689880371
Epoch [26/30], Step [2125/3735], Loss: 0.0426, Time:0.1041874885559082
Epoch [26/30], Step [2225/3735], Loss: 0.0081, Time:0.09311246871948242
Epoch [26/30], Step [2325/3735], Loss: 0.0000, Time:0.11289668083190918
Epoch [26/30], Step [2425/3735], Loss: 0.0156, Time:0.10100650787353516
Epoch [26/30], Step [2525/3735], Loss: 0.0063, Time:0.09787178039550781
Epoch [26/30], Step [2625/3735], Loss: 0.0325, Time:0.10147500038146973
Epoch [26/30], Step [2725/3735], Loss: 0.0142, Time:0.09992051124572754
Epoch [26/30], Step [2825/3735], Loss: 0.0000, Time:0.12101364135742188
Epoch [26/30], Step [2925/3735], Loss: 0.0007, Time:0.08939075469970703
Epoch [26/30], Step [3025/3735], Loss: 0.0011, Time:0.1013941764831543
Epoch [26/30], Step [3125/3735], Loss: 0.0001, Time:0.12090468406677246
Epoch [26/30], Step [3225/3735], Loss: 0.0004, Time:0.0996253490447998
Epoch [26/30], Step [3325/3735], Loss: 0.4286, Time:0.10167264938354492
Epoch [26/30], Step [3425/3735], Loss: 0.0186, Time:0.11853504180908203
Epoch [26/30], Step [3525/3735], Loss: 0.0007, Time:0.12020397186279297
Epoch [26/30], Step [3625/3735], Loss: 0.0659, Time:0.10280561447143555
Epoch [26/30], Step [3725/3735], Loss: 0.0000, Time:0.10545682907104492
learning rate 0.0002857 -> 0.0002381
End of epoch26,Use time:297.04131054878235,the accuracy is 0.9833190532290885
Saving the latest model....
Epoch [27/30], Step [90/3735], Loss: 0.0095, Time:0.08404922485351562
Epoch [27/30], Step [190/3735], Loss: 0.0713, Time:0.07196974754333496
Epoch [27/30], Step [290/3735], Loss: 0.0097, Time:0.11282134056091309
Epoch [27/30], Step [390/3735], Loss: 0.0480, Time:0.08540034294128418
Epoch [27/30], Step [490/3735], Loss: 0.0905, Time:0.0698397159576416
Epoch [27/30], Step [590/3735], Loss: 0.0002, Time:0.12542223930358887
Epoch [27/30], Step [690/3735], Loss: 0.0060, Time:0.07538986206054688
Epoch [27/30], Step [790/3735], Loss: 0.0018, Time:0.10810637474060059
Epoch [27/30], Step [890/3735], Loss: 0.2890, Time:0.09186172485351562
Epoch [27/30], Step [990/3735], Loss: 0.2142, Time:0.10016965866088867
Epoch [27/30], Step [1090/3735], Loss: 0.2887, Time:0.11298942565917969
Epoch [27/30], Step [1190/3735], Loss: 0.0031, Time:0.10166215896606445
Epoch [27/30], Step [1290/3735], Loss: 0.0000, Time:0.12357163429260254
Epoch [27/30], Step [1390/3735], Loss: 0.0018, Time:0.07921981811523438
Epoch [27/30], Step [1490/3735], Loss: 0.0013, Time:0.10829353332519531
Epoch [27/30], Step [1590/3735], Loss: 0.0008, Time:0.07435011863708496
Epoch [27/30], Step [1690/3735], Loss: 0.1151, Time:0.10123872756958008
Epoch [27/30], Step [1790/3735], Loss: 0.4008, Time:0.09462928771972656
Epoch [27/30], Step [1890/3735], Loss: 0.1040, Time:0.1089015007019043
Epoch [27/30], Step [1990/3735], Loss: 0.0035, Time:0.10477185249328613
Epoch [27/30], Step [2090/3735], Loss: 0.0010, Time:0.11207008361816406
Epoch [27/30], Step [2190/3735], Loss: 0.0001, Time:0.09858345985412598
Epoch [27/30], Step [2290/3735], Loss: 0.0000, Time:0.11640572547912598
Epoch [27/30], Step [2390/3735], Loss: 0.0032, Time:0.08936333656311035
Epoch [27/30], Step [2490/3735], Loss: 0.0039, Time:0.07513189315795898
Epoch [27/30], Step [2590/3735], Loss: 0.0000, Time:0.07891392707824707
Epoch [27/30], Step [2690/3735], Loss: 0.0002, Time:0.10763740539550781
Epoch [27/30], Step [2790/3735], Loss: 0.0147, Time:0.10907173156738281
Epoch [27/30], Step [2890/3735], Loss: 0.0018, Time:0.09278512001037598
saving the latest model (epoch 26, total_iters 1000000)
Epoch [27/30], Step [2990/3735], Loss: 0.0056, Time:0.09177780151367188
Epoch [27/30], Step [3090/3735], Loss: 0.0001, Time:0.09768199920654297
Epoch [27/30], Step [3190/3735], Loss: 0.0004, Time:0.10027909278869629
Epoch [27/30], Step [3290/3735], Loss: 0.0008, Time:0.09075617790222168
Epoch [27/30], Step [3390/3735], Loss: 0.0005, Time:0.1289081573486328
Epoch [27/30], Step [3490/3735], Loss: 0.0781, Time:0.11049246788024902
Epoch [27/30], Step [3590/3735], Loss: 0.0078, Time:0.09955668449401855
Epoch [27/30], Step [3690/3735], Loss: 0.0000, Time:0.09574580192565918
learning rate 0.0002381 -> 0.0001905
End of epoch27,Use time:296.8037977218628,the accuracy is 0.9844168362429045
Saving the latest model....
验证集数据总量： 8039 预测正确的数量： 6817
当前模型在验证集上的准确率为： 0.8479910436621471
当前模型在验证集上的F1-score为: 0.07332520526282779
Epoch [28/30], Step [55/3735], Loss: 0.0000, Time:0.10175108909606934
Epoch [28/30], Step [155/3735], Loss: 0.0004, Time:0.11264538764953613
Epoch [28/30], Step [255/3735], Loss: 0.0000, Time:0.10264468193054199
Epoch [28/30], Step [355/3735], Loss: 0.0648, Time:0.11533379554748535
Epoch [28/30], Step [455/3735], Loss: 0.0000, Time:0.12027788162231445
Epoch [28/30], Step [555/3735], Loss: 0.0000, Time:0.0978860855102539
Epoch [28/30], Step [655/3735], Loss: 0.0012, Time:0.08251667022705078
Epoch [28/30], Step [755/3735], Loss: 0.0000, Time:0.08975529670715332
Epoch [28/30], Step [855/3735], Loss: 0.0001, Time:0.12177872657775879
Epoch [28/30], Step [955/3735], Loss: 0.0055, Time:0.10466980934143066
Epoch [28/30], Step [1055/3735], Loss: 0.0002, Time:0.09132266044616699
Epoch [28/30], Step [1155/3735], Loss: 0.0320, Time:0.08196640014648438
Epoch [28/30], Step [1255/3735], Loss: 0.0004, Time:0.12394356727600098
Epoch [28/30], Step [1355/3735], Loss: 0.0004, Time:0.0779881477355957
Epoch [28/30], Step [1455/3735], Loss: 0.0029, Time:0.12062311172485352
Epoch [28/30], Step [1555/3735], Loss: 0.0138, Time:0.10731744766235352
Epoch [28/30], Step [1655/3735], Loss: 0.0013, Time:0.11261725425720215
Epoch [28/30], Step [1755/3735], Loss: 0.0025, Time:0.09722590446472168
Epoch [28/30], Step [1855/3735], Loss: 0.1981, Time:0.10357832908630371
Epoch [28/30], Step [1955/3735], Loss: 0.0007, Time:0.11519479751586914
Epoch [28/30], Step [2055/3735], Loss: 0.0092, Time:0.05763578414916992
Epoch [28/30], Step [2155/3735], Loss: 0.0161, Time:0.10033607482910156
Epoch [28/30], Step [2255/3735], Loss: 0.0526, Time:0.0946507453918457
Epoch [28/30], Step [2355/3735], Loss: 0.0099, Time:0.11097860336303711
Epoch [28/30], Step [2455/3735], Loss: 0.0009, Time:0.0971226692199707
Epoch [28/30], Step [2555/3735], Loss: 0.0901, Time:0.09585261344909668
Epoch [28/30], Step [2655/3735], Loss: 0.0041, Time:0.1038510799407959
Epoch [28/30], Step [2755/3735], Loss: 0.0283, Time:0.11877059936523438
Epoch [28/30], Step [2855/3735], Loss: 0.0310, Time:0.09589266777038574
Epoch [28/30], Step [2955/3735], Loss: 0.2855, Time:0.09569907188415527
Epoch [28/30], Step [3055/3735], Loss: 0.0140, Time:0.08893060684204102
Epoch [28/30], Step [3155/3735], Loss: 0.0157, Time:0.10837984085083008
Epoch [28/30], Step [3255/3735], Loss: 0.0354, Time:0.11900997161865234
Epoch [28/30], Step [3355/3735], Loss: 0.0019, Time:0.1033482551574707
Epoch [28/30], Step [3455/3735], Loss: 0.0011, Time:0.1172022819519043
Epoch [28/30], Step [3555/3735], Loss: 0.0085, Time:0.12722420692443848
Epoch [28/30], Step [3655/3735], Loss: 0.0128, Time:0.10066890716552734
learning rate 0.0001905 -> 0.0001429
End of epoch28,Use time:298.4644203186035,the accuracy is 0.9859697975795223
Saving the latest model....
Epoch [29/30], Step [20/3735], Loss: 0.0426, Time:0.09787273406982422
Epoch [29/30], Step [120/3735], Loss: 0.0009, Time:0.12106156349182129
Epoch [29/30], Step [220/3735], Loss: 0.0066, Time:0.09644365310668945
Epoch [29/30], Step [320/3735], Loss: 0.0938, Time:0.09752774238586426
Epoch [29/30], Step [420/3735], Loss: 0.1381, Time:0.06603789329528809
Epoch [29/30], Step [520/3735], Loss: 0.0003, Time:0.09071803092956543
Epoch [29/30], Step [620/3735], Loss: 0.0264, Time:0.10260701179504395
Epoch [29/30], Step [720/3735], Loss: 0.0088, Time:0.09456801414489746
Epoch [29/30], Step [820/3735], Loss: 0.0001, Time:0.0828542709350586
Epoch [29/30], Step [920/3735], Loss: 0.0001, Time:0.1073312759399414
Epoch [29/30], Step [1020/3735], Loss: 0.0023, Time:0.07549881935119629
Epoch [29/30], Step [1120/3735], Loss: 0.0773, Time:0.1022646427154541
Epoch [29/30], Step [1220/3735], Loss: 0.4837, Time:0.11952424049377441
Epoch [29/30], Step [1320/3735], Loss: 0.0081, Time:0.10175895690917969
Epoch [29/30], Step [1420/3735], Loss: 0.0002, Time:0.10052347183227539
Epoch [29/30], Step [1520/3735], Loss: 0.0042, Time:0.1148843765258789
Epoch [29/30], Step [1620/3735], Loss: 0.0940, Time:0.09321784973144531
Epoch [29/30], Step [1720/3735], Loss: 0.0003, Time:0.08640551567077637
Epoch [29/30], Step [1820/3735], Loss: 0.0777, Time:0.12575411796569824
Epoch [29/30], Step [1920/3735], Loss: 0.0003, Time:0.07549285888671875
Epoch [29/30], Step [2020/3735], Loss: 0.0019, Time:0.06571674346923828
Epoch [29/30], Step [2120/3735], Loss: 0.2936, Time:0.10064315795898438
Epoch [29/30], Step [2220/3735], Loss: 0.0154, Time:0.10287737846374512
Epoch [29/30], Step [2320/3735], Loss: 0.0007, Time:0.10875725746154785
Epoch [29/30], Step [2420/3735], Loss: 0.0002, Time:0.09187746047973633
Epoch [29/30], Step [2520/3735], Loss: 0.3875, Time:0.08061075210571289
Epoch [29/30], Step [2620/3735], Loss: 0.0000, Time:0.08625674247741699
Epoch [29/30], Step [2720/3735], Loss: 0.0001, Time:0.10019111633300781
Epoch [29/30], Step [2820/3735], Loss: 0.0006, Time:0.10266709327697754
Epoch [29/30], Step [2920/3735], Loss: 0.0007, Time:0.14534449577331543
Epoch [29/30], Step [3020/3735], Loss: 0.0000, Time:0.10191535949707031
Epoch [29/30], Step [3120/3735], Loss: 0.0081, Time:0.10656476020812988
Epoch [29/30], Step [3220/3735], Loss: 0.0001, Time:0.11522650718688965
Epoch [29/30], Step [3320/3735], Loss: 0.0035, Time:0.10898113250732422
Epoch [29/30], Step [3420/3735], Loss: 0.0390, Time:0.11700606346130371
Epoch [29/30], Step [3520/3735], Loss: 0.0120, Time:0.07969236373901367
Epoch [29/30], Step [3620/3735], Loss: 0.0018, Time:0.10864448547363281
Epoch [29/30], Step [3720/3735], Loss: 0.0152, Time:0.08762001991271973
learning rate 0.0001429 -> 0.0000952
End of epoch29,Use time:297.75209522247314,the accuracy is 0.9861304487522758
Saving the latest model....
验证集数据总量： 8039 预测正确的数量： 6841
当前模型在验证集上的准确率为： 0.850976489613136
当前模型在验证集上的F1-score为: 0.07398621588474324
Epoch [30/30], Step [85/3735], Loss: 0.0031, Time:0.09615278244018555
Epoch [30/30], Step [185/3735], Loss: 0.0017, Time:0.08864450454711914
Epoch [30/30], Step [285/3735], Loss: 0.0001, Time:0.10205411911010742
Epoch [30/30], Step [385/3735], Loss: 0.0260, Time:0.09605169296264648
Epoch [30/30], Step [485/3735], Loss: 0.0005, Time:0.06856179237365723
Epoch [30/30], Step [585/3735], Loss: 0.0017, Time:0.10118675231933594
Epoch [30/30], Step [685/3735], Loss: 0.0022, Time:0.09802103042602539
Epoch [30/30], Step [785/3735], Loss: 0.0042, Time:0.1116480827331543
Epoch [30/30], Step [885/3735], Loss: 0.0015, Time:0.0920722484588623
Epoch [30/30], Step [985/3735], Loss: 0.0709, Time:0.11168503761291504
Epoch [30/30], Step [1085/3735], Loss: 0.0000, Time:0.08439922332763672
Epoch [30/30], Step [1185/3735], Loss: 0.0001, Time:0.091033935546875
Epoch [30/30], Step [1285/3735], Loss: 0.0505, Time:0.0962059497833252
Epoch [30/30], Step [1385/3735], Loss: 0.0000, Time:0.12436985969543457
Epoch [30/30], Step [1485/3735], Loss: 0.0063, Time:0.10342764854431152
Epoch [30/30], Step [1585/3735], Loss: 0.2416, Time:0.10709929466247559
Epoch [30/30], Step [1685/3735], Loss: 0.0007, Time:0.1132044792175293
Epoch [30/30], Step [1785/3735], Loss: 0.0346, Time:0.09461283683776855
Epoch [30/30], Step [1885/3735], Loss: 0.0000, Time:0.08642101287841797
Epoch [30/30], Step [1985/3735], Loss: 0.0064, Time:0.07810735702514648
Epoch [30/30], Step [2085/3735], Loss: 0.0167, Time:0.1109771728515625
Epoch [30/30], Step [2185/3735], Loss: 0.0000, Time:0.12210750579833984
Epoch [30/30], Step [2285/3735], Loss: 0.0337, Time:0.09820032119750977
Epoch [30/30], Step [2385/3735], Loss: 0.0016, Time:0.1053016185760498
Epoch [30/30], Step [2485/3735], Loss: 0.0000, Time:0.09991645812988281
Epoch [30/30], Step [2585/3735], Loss: 0.0000, Time:0.10139226913452148
Epoch [30/30], Step [2685/3735], Loss: 0.0313, Time:0.09311866760253906
Epoch [30/30], Step [2785/3735], Loss: 0.0000, Time:0.08560752868652344
Epoch [30/30], Step [2885/3735], Loss: 0.0267, Time:0.10122418403625488
Epoch [30/30], Step [2985/3735], Loss: 0.0686, Time:0.08518171310424805
Epoch [30/30], Step [3085/3735], Loss: 0.0006, Time:0.09172320365905762
Epoch [30/30], Step [3185/3735], Loss: 0.0099, Time:0.10458731651306152
Epoch [30/30], Step [3285/3735], Loss: 0.0005, Time:0.05948901176452637
Epoch [30/30], Step [3385/3735], Loss: 0.0014, Time:0.09989023208618164
Epoch [30/30], Step [3485/3735], Loss: 0.0074, Time:0.0885152816772461
Epoch [30/30], Step [3585/3735], Loss: 0.0174, Time:0.1035001277923584
Epoch [30/30], Step [3685/3735], Loss: 0.0027, Time:0.09574246406555176
learning rate 0.0000952 -> 0.0000476
End of epoch30,Use time:296.91847372055054,the accuracy is 0.9861572239477349
Saving the latest model....
/home/pjian/pyd/DL/DL-hw3/Exp3_utils.py:99: UserWarning: Legend does not support [<matplotlib.lines.Line2D object at 0x7fe3572f0dc0>] instances.
A proxy artist may be used instead.
See: https://matplotlib.org/users/legend_guide.html#creating-artists-specifically-for-adding-to-the-legend-aka-proxy-artists
  plt.legend(lines,names,loc = 'lower right',fontsize = 10)
/home/pjian/pyd/DL/DL-hw3/Exp3_utils.py:99: UserWarning: Legend does not support [<matplotlib.lines.Line2D object at 0x7fe35730a100>] instances.
A proxy artist may be used instead.
See: https://matplotlib.org/users/legend_guide.html#creating-artists-specifically-for-adding-to-the-legend-aka-proxy-artists
  plt.legend(lines,names,loc = 'lower right',fontsize = 10)
Output finished
Output finished
Output finished
Output finished
训练完成！
Traceback (most recent call last):
  File "/home/pjian/pyd/DL/DL-hw3/Exp3_Main.py", line 168, in <module>
    predict(Text_Model, test_loader)
  File "/home/pjian/pyd/DL/DL-hw3/Exp3_Main.py", line 96, in predict
    for index, data in enumerate(loader):
  File "/home/pjian/anaconda3/envs/dl/lib/python3.9/site-packages/torch/utils/data/dataloader.py", line 521, in __next__
    data = self._next_data()
  File "/home/pjian/anaconda3/envs/dl/lib/python3.9/site-packages/torch/utils/data/dataloader.py", line 561, in _next_data
    data = self._dataset_fetcher.fetch(index)  # may raise StopIteration
  File "/home/pjian/anaconda3/envs/dl/lib/python3.9/site-packages/torch/utils/data/_utils/fetch.py", line 49, in fetch
    data = [self.dataset[idx] for idx in possibly_batched_index]
  File "/home/pjian/anaconda3/envs/dl/lib/python3.9/site-packages/torch/utils/data/_utils/fetch.py", line 49, in <listcomp>
    data = [self.dataset[idx] for idx in possibly_batched_index]
  File "/home/pjian/anaconda3/envs/dl/lib/python3.9/site-packages/torch/utils/data/dataset.py", line 69, in __getitem__
    raise NotImplementedError
NotImplementedError
