nohup: 忽略输入
Epoch [1/30], Step [100/3735], Loss: 2.0971, Time:0.13514423370361328
Epoch [1/30], Step [200/3735], Loss: 2.0420, Time:0.12102127075195312
Epoch [1/30], Step [300/3735], Loss: 4.2889, Time:0.06218457221984863
Epoch [1/30], Step [400/3735], Loss: 2.7662, Time:0.09006547927856445
Epoch [1/30], Step [500/3735], Loss: 3.7259, Time:0.0918121337890625
Epoch [1/30], Step [600/3735], Loss: 1.8148, Time:0.11816191673278809
Epoch [1/30], Step [700/3735], Loss: 4.5015, Time:0.11989378929138184
Epoch [1/30], Step [800/3735], Loss: 1.4097, Time:0.1689300537109375
Epoch [1/30], Step [900/3735], Loss: 2.6353, Time:0.15521240234375
Epoch [1/30], Step [1000/3735], Loss: 1.9871, Time:0.11179471015930176
Epoch [1/30], Step [1100/3735], Loss: 1.9526, Time:0.13270258903503418
Epoch [1/30], Step [1200/3735], Loss: 2.0526, Time:0.12173843383789062
Epoch [1/30], Step [1300/3735], Loss: 2.3977, Time:0.15367841720581055
Epoch [1/30], Step [1400/3735], Loss: 4.7288, Time:0.18990683555603027
Epoch [1/30], Step [1500/3735], Loss: 2.6738, Time:0.13200902938842773
Epoch [1/30], Step [1600/3735], Loss: 1.8416, Time:0.14151763916015625
Epoch [1/30], Step [1700/3735], Loss: 0.2981, Time:0.14995646476745605
Epoch [1/30], Step [1800/3735], Loss: 2.5753, Time:0.14784622192382812
Epoch [1/30], Step [1900/3735], Loss: 0.8655, Time:0.15839195251464844
Epoch [1/30], Step [2000/3735], Loss: 1.0835, Time:0.12957382202148438
Epoch [1/30], Step [2100/3735], Loss: 3.3647, Time:0.13092732429504395
Epoch [1/30], Step [2200/3735], Loss: 2.5426, Time:0.18117904663085938
Epoch [1/30], Step [2300/3735], Loss: 1.7264, Time:0.2005620002746582
Epoch [1/30], Step [2400/3735], Loss: 1.2387, Time:0.18885564804077148
Epoch [1/30], Step [2500/3735], Loss: 1.7854, Time:0.18769431114196777
Epoch [1/30], Step [2600/3735], Loss: 0.9435, Time:0.2409975528717041
Epoch [1/30], Step [2700/3735], Loss: 1.7092, Time:0.1832106113433838
Epoch [1/30], Step [2800/3735], Loss: 1.1745, Time:0.19919204711914062
Epoch [1/30], Step [2900/3735], Loss: 0.8545, Time:0.18925070762634277
Epoch [1/30], Step [3000/3735], Loss: 0.5190, Time:0.21337270736694336
Epoch [1/30], Step [3100/3735], Loss: 0.5067, Time:0.21164989471435547
Epoch [1/30], Step [3200/3735], Loss: 0.9551, Time:0.17714571952819824
Epoch [1/30], Step [3300/3735], Loss: 1.4250, Time:0.1682145595550537
Epoch [1/30], Step [3400/3735], Loss: 1.7095, Time:0.2146918773651123
Epoch [1/30], Step [3500/3735], Loss: 1.5169, Time:0.15297150611877441
Epoch [1/30], Step [3600/3735], Loss: 1.7177, Time:0.191087007522583
Epoch [1/30], Step [3700/3735], Loss: 1.5137, Time:0.16563057899475098
learning rate 0.0010000 -> 0.0010000
End of epoch1,Use time:437.78105878829956,the accuracy is 0.5059440933918817
Saving the latest model....
验证集数据总量： 8039 预测正确的数量： 5106
当前模型在验证集上的准确率为： 0.6351536260728946
当前模型在验证集上的F1-score为: 0.044704549809395824
Epoch [2/30], Step [65/3735], Loss: 1.4988, Time:0.18472027778625488
Epoch [2/30], Step [165/3735], Loss: 1.6027, Time:0.1868445873260498
Epoch [2/30], Step [265/3735], Loss: 0.5213, Time:0.18918108940124512
Epoch [2/30], Step [365/3735], Loss: 2.3972, Time:0.18395137786865234
Epoch [2/30], Step [465/3735], Loss: 1.1737, Time:0.21168208122253418
Epoch [2/30], Step [565/3735], Loss: 0.6252, Time:0.2117021083831787
Epoch [2/30], Step [665/3735], Loss: 2.3325, Time:0.21338534355163574
Epoch [2/30], Step [765/3735], Loss: 0.8727, Time:0.23201489448547363
Epoch [2/30], Step [865/3735], Loss: 1.0000, Time:0.1683669090270996
Epoch [2/30], Step [965/3735], Loss: 0.5776, Time:0.21447062492370605
Epoch [2/30], Step [1065/3735], Loss: 1.5435, Time:0.16289448738098145
Epoch [2/30], Step [1165/3735], Loss: 0.9867, Time:0.20908212661743164
Epoch [2/30], Step [1265/3735], Loss: 0.9075, Time:0.13827729225158691
Epoch [2/30], Step [1365/3735], Loss: 1.3587, Time:0.1581740379333496
Epoch [2/30], Step [1465/3735], Loss: 0.8573, Time:0.26059603691101074
Epoch [2/30], Step [1565/3735], Loss: 2.0163, Time:0.23389387130737305
Epoch [2/30], Step [1665/3735], Loss: 1.2553, Time:0.2088477611541748
Epoch [2/30], Step [1765/3735], Loss: 1.6156, Time:0.2072451114654541
Epoch [2/30], Step [1865/3735], Loss: 0.4911, Time:0.17509722709655762
Epoch [2/30], Step [1965/3735], Loss: 0.2573, Time:0.17345142364501953
Epoch [2/30], Step [2065/3735], Loss: 0.8200, Time:0.18946051597595215
Epoch [2/30], Step [2165/3735], Loss: 0.2308, Time:0.21827435493469238
Epoch [2/30], Step [2265/3735], Loss: 0.7076, Time:0.16305279731750488
Epoch [2/30], Step [2365/3735], Loss: 1.5517, Time:0.20063328742980957
Epoch [2/30], Step [2465/3735], Loss: 0.7999, Time:0.2386915683746338
Epoch [2/30], Step [2565/3735], Loss: 1.2949, Time:0.19339513778686523
Epoch [2/30], Step [2665/3735], Loss: 1.1791, Time:0.1725468635559082
Epoch [2/30], Step [2765/3735], Loss: 1.8889, Time:0.2227022647857666
Epoch [2/30], Step [2865/3735], Loss: 1.3963, Time:0.23072385787963867
Epoch [2/30], Step [2965/3735], Loss: 1.8294, Time:0.20685219764709473
Epoch [2/30], Step [3065/3735], Loss: 1.2692, Time:0.24165606498718262
Epoch [2/30], Step [3165/3735], Loss: 1.0075, Time:0.21988582611083984
Epoch [2/30], Step [3265/3735], Loss: 0.7136, Time:0.22673535346984863
Epoch [2/30], Step [3365/3735], Loss: 0.5156, Time:0.1951911449432373
Epoch [2/30], Step [3465/3735], Loss: 1.3374, Time:0.19997715950012207
Epoch [2/30], Step [3565/3735], Loss: 1.0885, Time:0.21242237091064453
Epoch [2/30], Step [3665/3735], Loss: 0.5861, Time:0.19314360618591309
learning rate 0.0010000 -> 0.0010000
End of epoch2,Use time:527.9444844722748,the accuracy is 0.7012155938738353
Saving the latest model....
Epoch [3/30], Step [30/3735], Loss: 0.5601, Time:0.23609709739685059
Epoch [3/30], Step [130/3735], Loss: 0.2424, Time:0.17190337181091309
Epoch [3/30], Step [230/3735], Loss: 0.2882, Time:0.2011725902557373
Epoch [3/30], Step [330/3735], Loss: 2.7272, Time:0.17035579681396484
Epoch [3/30], Step [430/3735], Loss: 0.2958, Time:0.17847323417663574
Epoch [3/30], Step [530/3735], Loss: 2.4412, Time:0.21481084823608398
Epoch [3/30], Step [630/3735], Loss: 0.4139, Time:0.18715119361877441
Epoch [3/30], Step [730/3735], Loss: 0.5510, Time:0.21553754806518555
Epoch [3/30], Step [830/3735], Loss: 0.4441, Time:0.19046568870544434
Epoch [3/30], Step [930/3735], Loss: 0.1538, Time:0.1570744514465332
Epoch [3/30], Step [1030/3735], Loss: 0.4295, Time:0.21958613395690918
Epoch [3/30], Step [1130/3735], Loss: 0.7404, Time:0.19709539413452148
Epoch [3/30], Step [1230/3735], Loss: 2.1101, Time:0.18455910682678223
Epoch [3/30], Step [1330/3735], Loss: 1.3429, Time:0.1807539463043213
Epoch [3/30], Step [1430/3735], Loss: 1.2173, Time:0.17044568061828613
Epoch [3/30], Step [1530/3735], Loss: 0.1665, Time:0.19167280197143555
Epoch [3/30], Step [1630/3735], Loss: 0.3909, Time:0.20583367347717285
Epoch [3/30], Step [1730/3735], Loss: 0.6372, Time:0.14189362525939941
Epoch [3/30], Step [1830/3735], Loss: 1.1450, Time:0.17908716201782227
Epoch [3/30], Step [1930/3735], Loss: 0.7430, Time:0.20202922821044922
Epoch [3/30], Step [2030/3735], Loss: 1.3610, Time:0.21542000770568848
Epoch [3/30], Step [2130/3735], Loss: 0.7076, Time:0.16664409637451172
Epoch [3/30], Step [2230/3735], Loss: 0.5682, Time:0.19770383834838867
Epoch [3/30], Step [2330/3735], Loss: 0.3864, Time:0.14626288414001465
Epoch [3/30], Step [2430/3735], Loss: 1.1758, Time:0.1769556999206543
Epoch [3/30], Step [2530/3735], Loss: 0.9563, Time:0.1642296314239502
Epoch [3/30], Step [2630/3735], Loss: 0.1909, Time:0.18682479858398438
Epoch [3/30], Step [2730/3735], Loss: 0.5513, Time:0.19910264015197754
Epoch [3/30], Step [2830/3735], Loss: 0.0584, Time:0.20989227294921875
Epoch [3/30], Step [2930/3735], Loss: 1.4451, Time:0.1944124698638916
Epoch [3/30], Step [3030/3735], Loss: 0.3603, Time:0.2112894058227539
Epoch [3/30], Step [3130/3735], Loss: 0.6993, Time:0.2048320770263672
Epoch [3/30], Step [3230/3735], Loss: 1.0857, Time:0.24692416191101074
Epoch [3/30], Step [3330/3735], Loss: 0.2026, Time:0.2076406478881836
Epoch [3/30], Step [3430/3735], Loss: 0.7116, Time:0.14427900314331055
Epoch [3/30], Step [3530/3735], Loss: 1.0683, Time:0.13663530349731445
Epoch [3/30], Step [3630/3735], Loss: 0.5492, Time:0.16783976554870605
Epoch [3/30], Step [3730/3735], Loss: 0.3161, Time:0.15391755104064941
learning rate 0.0010000 -> 0.0010000
End of epoch3,Use time:521.9209377765656,the accuracy is 0.7741512263039521
Saving the latest model....
验证集数据总量： 8039 预测正确的数量： 5472
当前模型在验证集上的准确率为： 0.6806816768254758
当前模型在验证集上的F1-score为: 0.05280761072494372
Epoch [4/30], Step [95/3735], Loss: 0.4882, Time:0.24069976806640625
Epoch [4/30], Step [195/3735], Loss: 0.5513, Time:0.18548250198364258
Epoch [4/30], Step [295/3735], Loss: 0.4366, Time:0.14649510383605957
Epoch [4/30], Step [395/3735], Loss: 0.8766, Time:0.18508362770080566
Epoch [4/30], Step [495/3735], Loss: 1.1627, Time:0.20156049728393555
Epoch [4/30], Step [595/3735], Loss: 1.2699, Time:0.20237493515014648
Epoch [4/30], Step [695/3735], Loss: 0.0948, Time:0.23132109642028809
Epoch [4/30], Step [795/3735], Loss: 1.2000, Time:0.1682727336883545
Epoch [4/30], Step [895/3735], Loss: 0.7100, Time:0.2150588035583496
Epoch [4/30], Step [995/3735], Loss: 0.3248, Time:0.23495078086853027
Epoch [4/30], Step [1095/3735], Loss: 0.4741, Time:0.20920467376708984
Epoch [4/30], Step [1195/3735], Loss: 0.4348, Time:0.1872856616973877
Epoch [4/30], Step [1295/3735], Loss: 0.4183, Time:0.19810795783996582
Epoch [4/30], Step [1395/3735], Loss: 0.4508, Time:0.20330190658569336
Epoch [4/30], Step [1495/3735], Loss: 0.6641, Time:0.1625535488128662
Epoch [4/30], Step [1595/3735], Loss: 0.5485, Time:0.1706230640411377
Epoch [4/30], Step [1695/3735], Loss: 0.9548, Time:0.18820476531982422
Epoch [4/30], Step [1795/3735], Loss: 1.3025, Time:0.21133637428283691
Epoch [4/30], Step [1895/3735], Loss: 0.4608, Time:0.2496657371520996
Epoch [4/30], Step [1995/3735], Loss: 0.4851, Time:0.198866605758667
Epoch [4/30], Step [2095/3735], Loss: 1.5621, Time:0.19417905807495117
Epoch [4/30], Step [2195/3735], Loss: 1.1510, Time:0.2339615821838379
Epoch [4/30], Step [2295/3735], Loss: 0.0913, Time:0.2285006046295166
Epoch [4/30], Step [2395/3735], Loss: 0.5578, Time:0.17538118362426758
Epoch [4/30], Step [2495/3735], Loss: 0.7868, Time:0.2348346710205078
Epoch [4/30], Step [2595/3735], Loss: 0.0437, Time:0.22622370719909668
Epoch [4/30], Step [2695/3735], Loss: 1.0004, Time:0.2227003574371338
Epoch [4/30], Step [2795/3735], Loss: 0.8323, Time:0.2153339385986328
Epoch [4/30], Step [2895/3735], Loss: 0.2558, Time:0.18426108360290527
Epoch [4/30], Step [2995/3735], Loss: 0.0896, Time:0.18365693092346191
Epoch [4/30], Step [3095/3735], Loss: 0.5979, Time:0.22158265113830566
Epoch [4/30], Step [3195/3735], Loss: 0.3149, Time:0.2156543731689453
Epoch [4/30], Step [3295/3735], Loss: 0.3168, Time:0.21482515335083008
Epoch [4/30], Step [3395/3735], Loss: 0.0269, Time:0.1723802089691162
Epoch [4/30], Step [3495/3735], Loss: 0.0233, Time:0.19920778274536133
Epoch [4/30], Step [3595/3735], Loss: 0.6011, Time:0.18132948875427246
Epoch [4/30], Step [3695/3735], Loss: 1.4708, Time:0.17441582679748535
learning rate 0.0010000 -> 0.0010000
End of epoch4,Use time:535.464367389679,the accuracy is 0.8211952447252865
Saving the latest model....
Epoch [5/30], Step [60/3735], Loss: 0.5616, Time:0.19484949111938477
Epoch [5/30], Step [160/3735], Loss: 0.5413, Time:0.19226670265197754
Epoch [5/30], Step [260/3735], Loss: 0.4797, Time:0.20540165901184082
Epoch [5/30], Step [360/3735], Loss: 0.1347, Time:0.19126510620117188
Epoch [5/30], Step [460/3735], Loss: 0.0061, Time:0.1489546298980713
Epoch [5/30], Step [560/3735], Loss: 0.1476, Time:0.19011902809143066
Epoch [5/30], Step [660/3735], Loss: 0.2968, Time:0.1613762378692627
Epoch [5/30], Step [760/3735], Loss: 0.3249, Time:0.21252012252807617
Epoch [5/30], Step [860/3735], Loss: 0.7550, Time:0.2040414810180664
Epoch [5/30], Step [960/3735], Loss: 0.6632, Time:0.19672608375549316
Epoch [5/30], Step [1060/3735], Loss: 1.2676, Time:0.2138044834136963
Epoch [5/30], Step [1160/3735], Loss: 0.8324, Time:0.1514453887939453
Epoch [5/30], Step [1260/3735], Loss: 0.6689, Time:0.18932890892028809
Epoch [5/30], Step [1360/3735], Loss: 0.1821, Time:0.19047904014587402
Epoch [5/30], Step [1460/3735], Loss: 0.2262, Time:0.19194340705871582
Epoch [5/30], Step [1560/3735], Loss: 1.3046, Time:0.1999366283416748
Epoch [5/30], Step [1660/3735], Loss: 0.4554, Time:0.18658447265625
Epoch [5/30], Step [1760/3735], Loss: 0.6109, Time:0.1680126190185547
Epoch [5/30], Step [1860/3735], Loss: 0.0275, Time:0.18487834930419922
Epoch [5/30], Step [1960/3735], Loss: 0.7544, Time:0.18514037132263184
Epoch [5/30], Step [2060/3735], Loss: 0.1955, Time:0.1609809398651123
Epoch [5/30], Step [2160/3735], Loss: 0.3878, Time:0.18212151527404785
Epoch [5/30], Step [2260/3735], Loss: 0.3820, Time:0.20169663429260254
Epoch [5/30], Step [2360/3735], Loss: 0.4624, Time:0.19443869590759277
Epoch [5/30], Step [2460/3735], Loss: 0.7645, Time:0.16761112213134766
Epoch [5/30], Step [2560/3735], Loss: 0.4321, Time:0.23392629623413086
Epoch [5/30], Step [2660/3735], Loss: 0.2979, Time:0.18132805824279785
Epoch [5/30], Step [2760/3735], Loss: 0.8088, Time:0.1522841453552246
Epoch [5/30], Step [2860/3735], Loss: 0.4781, Time:0.2116260528564453
Epoch [5/30], Step [2960/3735], Loss: 0.4938, Time:0.17569947242736816
Epoch [5/30], Step [3060/3735], Loss: 0.9578, Time:0.22127270698547363
Epoch [5/30], Step [3160/3735], Loss: 0.2004, Time:0.18438386917114258
Epoch [5/30], Step [3260/3735], Loss: 0.1471, Time:0.21048331260681152
Epoch [5/30], Step [3360/3735], Loss: 0.4741, Time:0.19854331016540527
Epoch [5/30], Step [3460/3735], Loss: 0.3448, Time:0.22769594192504883
Epoch [5/30], Step [3560/3735], Loss: 0.3691, Time:0.2152104377746582
Epoch [5/30], Step [3660/3735], Loss: 0.7793, Time:0.22020959854125977
learning rate 0.0010000 -> 0.0010000
End of epoch5,Use time:520.7240726947784,the accuracy is 0.8526025489986077
Saving the latest model....
验证集数据总量： 8039 预测正确的数量： 6018
当前模型在验证集上的准确率为： 0.7486005722104739
当前模型在验证集上的F1-score为: 0.058850385210199495
Epoch [6/30], Step [25/3735], Loss: 0.3637, Time:0.20986008644104004
Epoch [6/30], Step [125/3735], Loss: 0.4879, Time:0.17749810218811035
Epoch [6/30], Step [225/3735], Loss: 0.6645, Time:0.2243969440460205
Epoch [6/30], Step [325/3735], Loss: 0.7379, Time:0.22734951972961426
Epoch [6/30], Step [425/3735], Loss: 0.2454, Time:0.2592029571533203
Epoch [6/30], Step [525/3735], Loss: 0.0089, Time:0.1785566806793213
Epoch [6/30], Step [625/3735], Loss: 0.3036, Time:0.19042253494262695
Epoch [6/30], Step [725/3735], Loss: 0.3016, Time:0.20669293403625488
Epoch [6/30], Step [825/3735], Loss: 0.0511, Time:0.14929795265197754
Epoch [6/30], Step [925/3735], Loss: 0.1980, Time:0.1966092586517334
Epoch [6/30], Step [1025/3735], Loss: 0.7736, Time:0.19398808479309082
Epoch [6/30], Step [1125/3735], Loss: 0.8682, Time:0.1826016902923584
Epoch [6/30], Step [1225/3735], Loss: 0.2549, Time:0.1952061653137207
Epoch [6/30], Step [1325/3735], Loss: 0.2876, Time:0.16056561470031738
Epoch [6/30], Step [1425/3735], Loss: 0.0507, Time:0.15671324729919434
Epoch [6/30], Step [1525/3735], Loss: 0.2735, Time:0.22557902336120605
Epoch [6/30], Step [1625/3735], Loss: 0.0835, Time:0.1835010051727295
Epoch [6/30], Step [1725/3735], Loss: 0.3100, Time:0.1649010181427002
Epoch [6/30], Step [1825/3735], Loss: 0.7552, Time:0.18879985809326172
Epoch [6/30], Step [1925/3735], Loss: 0.3506, Time:0.19992375373840332
Epoch [6/30], Step [2025/3735], Loss: 0.4273, Time:0.16962456703186035
Epoch [6/30], Step [2125/3735], Loss: 1.4219, Time:0.1965780258178711
Epoch [6/30], Step [2225/3735], Loss: 0.4236, Time:0.17299652099609375
Epoch [6/30], Step [2325/3735], Loss: 0.0056, Time:0.20702314376831055
Epoch [6/30], Step [2425/3735], Loss: 0.3372, Time:0.1926560401916504
Epoch [6/30], Step [2525/3735], Loss: 0.1184, Time:0.16820931434631348
Epoch [6/30], Step [2625/3735], Loss: 0.1230, Time:0.2168257236480713
Epoch [6/30], Step [2725/3735], Loss: 0.9671, Time:0.19132161140441895
Epoch [6/30], Step [2825/3735], Loss: 0.0503, Time:0.22435975074768066
Epoch [6/30], Step [2925/3735], Loss: 0.2819, Time:0.15635967254638672
Epoch [6/30], Step [3025/3735], Loss: 0.5264, Time:0.15680885314941406
Epoch [6/30], Step [3125/3735], Loss: 0.1062, Time:0.1997547149658203
Epoch [6/30], Step [3225/3735], Loss: 0.0133, Time:0.18407011032104492
Epoch [6/30], Step [3325/3735], Loss: 0.0337, Time:0.16267895698547363
Epoch [6/30], Step [3425/3735], Loss: 0.0423, Time:0.22084951400756836
Epoch [6/30], Step [3525/3735], Loss: 0.5782, Time:0.22873377799987793
Epoch [6/30], Step [3625/3735], Loss: 0.2423, Time:0.1723027229309082
Epoch [6/30], Step [3725/3735], Loss: 0.1793, Time:0.19809842109680176
learning rate 0.0010000 -> 0.0010000
End of epoch6,Use time:526.9358639717102,the accuracy is 0.877396379993574
Saving the latest model....
Epoch [7/30], Step [90/3735], Loss: 0.5722, Time:0.1925358772277832
Epoch [7/30], Step [190/3735], Loss: 0.3664, Time:0.14759349822998047
Epoch [7/30], Step [290/3735], Loss: 0.2071, Time:0.1797037124633789
Epoch [7/30], Step [390/3735], Loss: 0.4862, Time:0.14647698402404785
Epoch [7/30], Step [490/3735], Loss: 0.0629, Time:0.19139671325683594
Epoch [7/30], Step [590/3735], Loss: 0.6787, Time:0.2325913906097412
Epoch [7/30], Step [690/3735], Loss: 0.2277, Time:0.16211366653442383
Epoch [7/30], Step [790/3735], Loss: 0.1548, Time:0.21349167823791504
Epoch [7/30], Step [890/3735], Loss: 0.1960, Time:0.20940041542053223
Epoch [7/30], Step [990/3735], Loss: 0.3595, Time:0.2080535888671875
Epoch [7/30], Step [1090/3735], Loss: 0.1175, Time:0.197920560836792
Epoch [7/30], Step [1190/3735], Loss: 0.3718, Time:0.23041844367980957
Epoch [7/30], Step [1290/3735], Loss: 0.4858, Time:0.23592686653137207
Epoch [7/30], Step [1390/3735], Loss: 0.0955, Time:0.1801307201385498
Epoch [7/30], Step [1490/3735], Loss: 0.2413, Time:0.23472809791564941
Epoch [7/30], Step [1590/3735], Loss: 0.7223, Time:0.161179780960083
Epoch [7/30], Step [1690/3735], Loss: 0.4938, Time:0.23284530639648438
Epoch [7/30], Step [1790/3735], Loss: 0.6686, Time:0.15793585777282715
Epoch [7/30], Step [1890/3735], Loss: 0.2943, Time:0.22995519638061523
Epoch [7/30], Step [1990/3735], Loss: 0.3044, Time:0.2129521369934082
Epoch [7/30], Step [2090/3735], Loss: 0.3612, Time:0.22032380104064941
Epoch [7/30], Step [2190/3735], Loss: 0.3521, Time:0.18406295776367188
Epoch [7/30], Step [2290/3735], Loss: 0.0294, Time:0.22777152061462402
Epoch [7/30], Step [2390/3735], Loss: 0.4985, Time:0.19276785850524902
Epoch [7/30], Step [2490/3735], Loss: 0.2623, Time:0.18163681030273438
Epoch [7/30], Step [2590/3735], Loss: 0.2345, Time:0.20490121841430664
Epoch [7/30], Step [2690/3735], Loss: 0.0945, Time:0.21406936645507812
Epoch [7/30], Step [2790/3735], Loss: 0.3031, Time:0.22472238540649414
Epoch [7/30], Step [2890/3735], Loss: 0.3616, Time:0.1769084930419922
Epoch [7/30], Step [2990/3735], Loss: 0.2388, Time:0.15308403968811035
Epoch [7/30], Step [3090/3735], Loss: 0.2451, Time:0.2268214225769043
Epoch [7/30], Step [3190/3735], Loss: 1.3064, Time:0.19652867317199707
Epoch [7/30], Step [3290/3735], Loss: 0.1669, Time:0.20642709732055664
Epoch [7/30], Step [3390/3735], Loss: 0.0528, Time:0.21953272819519043
Epoch [7/30], Step [3490/3735], Loss: 0.2923, Time:0.22326064109802246
Epoch [7/30], Step [3590/3735], Loss: 0.0061, Time:0.20457029342651367
Epoch [7/30], Step [3690/3735], Loss: 0.0176, Time:0.2124319076538086
learning rate 0.0010000 -> 0.0010000
End of epoch7,Use time:526.9456956386566,the accuracy is 0.8933811716825533
Saving the latest model....
验证集数据总量： 8039 预测正确的数量： 6094
当前模型在验证集上的准确率为： 0.7580544843886056
当前模型在验证集上的F1-score为: 0.060542920495450986
Epoch [8/30], Step [55/3735], Loss: 0.3989, Time:0.21595525741577148
Epoch [8/30], Step [155/3735], Loss: 0.0720, Time:0.22767972946166992
Epoch [8/30], Step [255/3735], Loss: 0.1773, Time:0.17000699043273926
Epoch [8/30], Step [355/3735], Loss: 0.6914, Time:0.22821402549743652
Epoch [8/30], Step [455/3735], Loss: 0.0708, Time:0.26800036430358887
Epoch [8/30], Step [555/3735], Loss: 0.0048, Time:0.213409423828125
Epoch [8/30], Step [655/3735], Loss: 0.2208, Time:0.16893529891967773
Epoch [8/30], Step [755/3735], Loss: 0.1003, Time:0.23168492317199707
Epoch [8/30], Step [855/3735], Loss: 0.2965, Time:0.20089983940124512
Epoch [8/30], Step [955/3735], Loss: 0.3703, Time:0.20604419708251953
Epoch [8/30], Step [1055/3735], Loss: 0.3360, Time:0.18716859817504883
Epoch [8/30], Step [1155/3735], Loss: 0.8788, Time:0.16525864601135254
Epoch [8/30], Step [1255/3735], Loss: 0.2025, Time:0.19066262245178223
Epoch [8/30], Step [1355/3735], Loss: 0.6071, Time:0.14870023727416992
Epoch [8/30], Step [1455/3735], Loss: 0.0766, Time:0.22043132781982422
Epoch [8/30], Step [1555/3735], Loss: 0.5164, Time:0.1800849437713623
Epoch [8/30], Step [1655/3735], Loss: 0.4192, Time:0.21409106254577637
Epoch [8/30], Step [1755/3735], Loss: 0.0999, Time:0.20388269424438477
Epoch [8/30], Step [1855/3735], Loss: 0.0189, Time:0.2065446376800537
Epoch [8/30], Step [1955/3735], Loss: 0.3164, Time:0.23946046829223633
Epoch [8/30], Step [2055/3735], Loss: 0.1947, Time:0.17797636985778809
Epoch [8/30], Step [2155/3735], Loss: 0.1162, Time:0.17174649238586426
Epoch [8/30], Step [2255/3735], Loss: 0.7591, Time:0.15586590766906738
Epoch [8/30], Step [2355/3735], Loss: 0.5717, Time:0.17133116722106934
Epoch [8/30], Step [2455/3735], Loss: 0.0100, Time:0.16380715370178223
Epoch [8/30], Step [2555/3735], Loss: 0.1425, Time:0.19791913032531738
Epoch [8/30], Step [2655/3735], Loss: 0.3184, Time:0.20646142959594727
Epoch [8/30], Step [2755/3735], Loss: 0.1233, Time:0.19655799865722656
Epoch [8/30], Step [2855/3735], Loss: 0.1628, Time:0.2164475917816162
Epoch [8/30], Step [2955/3735], Loss: 0.2656, Time:0.18551874160766602
Epoch [8/30], Step [3055/3735], Loss: 0.6478, Time:0.19509625434875488
Epoch [8/30], Step [3155/3735], Loss: 0.1524, Time:0.20168757438659668
Epoch [8/30], Step [3255/3735], Loss: 0.0435, Time:0.23002314567565918
Epoch [8/30], Step [3355/3735], Loss: 0.5384, Time:0.22226405143737793
Epoch [8/30], Step [3455/3735], Loss: 0.4030, Time:0.2809906005859375
Epoch [8/30], Step [3555/3735], Loss: 0.0236, Time:0.21983742713928223
Epoch [8/30], Step [3655/3735], Loss: 0.5682, Time:0.20815348625183105
learning rate 0.0010000 -> 0.0010000
End of epoch8,Use time:528.1247520446777,the accuracy is 0.9045196529934668
Saving the latest model....
Epoch [9/30], Step [20/3735], Loss: 0.1865, Time:0.1795501708984375
Epoch [9/30], Step [120/3735], Loss: 0.1311, Time:0.21586203575134277
Epoch [9/30], Step [220/3735], Loss: 0.0794, Time:0.17799615859985352
Epoch [9/30], Step [320/3735], Loss: 0.0424, Time:0.21483755111694336
Epoch [9/30], Step [420/3735], Loss: 0.0375, Time:0.19350361824035645
Epoch [9/30], Step [520/3735], Loss: 0.2396, Time:0.17910981178283691
Epoch [9/30], Step [620/3735], Loss: 0.4684, Time:0.2120656967163086
Epoch [9/30], Step [720/3735], Loss: 0.2871, Time:0.18686819076538086
Epoch [9/30], Step [820/3735], Loss: 0.0394, Time:0.16843938827514648
Epoch [9/30], Step [920/3735], Loss: 0.2126, Time:0.1785433292388916
Epoch [9/30], Step [1020/3735], Loss: 0.4616, Time:0.2152879238128662
Epoch [9/30], Step [1120/3735], Loss: 0.0330, Time:0.19977140426635742
Epoch [9/30], Step [1220/3735], Loss: 0.1364, Time:0.243910551071167
Epoch [9/30], Step [1320/3735], Loss: 1.3824, Time:0.18984293937683105
Epoch [9/30], Step [1420/3735], Loss: 0.6391, Time:0.20862555503845215
Epoch [9/30], Step [1520/3735], Loss: 0.1115, Time:0.22832655906677246
Epoch [9/30], Step [1620/3735], Loss: 0.2753, Time:0.18104052543640137
Epoch [9/30], Step [1720/3735], Loss: 0.0541, Time:0.18814539909362793
Epoch [9/30], Step [1820/3735], Loss: 0.1977, Time:0.24042296409606934
Epoch [9/30], Step [1920/3735], Loss: 0.8009, Time:0.17627191543579102
Epoch [9/30], Step [2020/3735], Loss: 0.1850, Time:0.20227980613708496
Epoch [9/30], Step [2120/3735], Loss: 0.1873, Time:0.21997904777526855
Epoch [9/30], Step [2220/3735], Loss: 0.0830, Time:0.2217731475830078
Epoch [9/30], Step [2320/3735], Loss: 0.2839, Time:0.20789194107055664
Epoch [9/30], Step [2420/3735], Loss: 0.0341, Time:0.15274667739868164
Epoch [9/30], Step [2520/3735], Loss: 0.2364, Time:0.17416000366210938
Epoch [9/30], Step [2620/3735], Loss: 0.0530, Time:0.18387126922607422
Epoch [9/30], Step [2720/3735], Loss: 0.0193, Time:0.17564630508422852
Epoch [9/30], Step [2820/3735], Loss: 0.3491, Time:0.18656587600708008
Epoch [9/30], Step [2920/3735], Loss: 0.1669, Time:0.22436881065368652
Epoch [9/30], Step [3020/3735], Loss: 0.2644, Time:0.21963143348693848
Epoch [9/30], Step [3120/3735], Loss: 0.0319, Time:0.199676513671875
Epoch [9/30], Step [3220/3735], Loss: 0.2068, Time:0.23148727416992188
Epoch [9/30], Step [3320/3735], Loss: 0.0109, Time:0.22484517097473145
Epoch [9/30], Step [3420/3735], Loss: 0.1884, Time:0.21477818489074707
Epoch [9/30], Step [3520/3735], Loss: 0.1285, Time:0.1821291446685791
Epoch [9/30], Step [3620/3735], Loss: 0.0234, Time:0.19283580780029297
Epoch [9/30], Step [3720/3735], Loss: 0.5379, Time:0.1677398681640625
learning rate 0.0010000 -> 0.0010000
End of epoch9,Use time:533.46635389328,the accuracy is 0.9152029559815786
Saving the latest model....
验证集数据总量： 8039 预测正确的数量： 6167
当前模型在验证集上的准确率为： 0.7671352158228636
当前模型在验证集上的F1-score为: 0.06232680381586158
Epoch [10/30], Step [85/3735], Loss: 0.4811, Time:0.19729328155517578
Epoch [10/30], Step [185/3735], Loss: 0.5161, Time:0.25838708877563477
Epoch [10/30], Step [285/3735], Loss: 0.0084, Time:0.2183823585510254
Epoch [10/30], Step [385/3735], Loss: 0.2307, Time:0.16900086402893066
Epoch [10/30], Step [485/3735], Loss: 0.2324, Time:0.18443894386291504
Epoch [10/30], Step [585/3735], Loss: 0.3896, Time:0.13744378089904785
Epoch [10/30], Step [685/3735], Loss: 0.0361, Time:0.17674684524536133
Epoch [10/30], Step [785/3735], Loss: 0.4373, Time:0.21548938751220703
Epoch [10/30], Step [885/3735], Loss: 0.4369, Time:0.20086455345153809
Epoch [10/30], Step [985/3735], Loss: 0.0324, Time:0.22101545333862305
Epoch [10/30], Step [1085/3735], Loss: 0.1345, Time:0.1987152099609375
Epoch [10/30], Step [1185/3735], Loss: 0.1167, Time:0.1904773712158203
Epoch [10/30], Step [1285/3735], Loss: 0.9229, Time:0.21358895301818848
Epoch [10/30], Step [1385/3735], Loss: 0.0844, Time:0.2414393424987793
Epoch [10/30], Step [1485/3735], Loss: 0.0187, Time:0.20746469497680664
Epoch [10/30], Step [1585/3735], Loss: 0.0384, Time:0.24171090126037598
Epoch [10/30], Step [1685/3735], Loss: 0.0381, Time:0.2252974510192871
Epoch [10/30], Step [1785/3735], Loss: 0.4760, Time:0.17815732955932617
Epoch [10/30], Step [1885/3735], Loss: 0.0075, Time:0.21818947792053223
Epoch [10/30], Step [1985/3735], Loss: 0.0221, Time:0.2587089538574219
Epoch [10/30], Step [2085/3735], Loss: 0.7267, Time:0.23000788688659668
Epoch [10/30], Step [2185/3735], Loss: 0.4360, Time:0.22269701957702637
Epoch [10/30], Step [2285/3735], Loss: 0.3420, Time:0.20244312286376953
Epoch [10/30], Step [2385/3735], Loss: 0.0228, Time:0.22790193557739258
Epoch [10/30], Step [2485/3735], Loss: 0.1278, Time:0.19898176193237305
Epoch [10/30], Step [2585/3735], Loss: 0.1616, Time:0.18495607376098633
Epoch [10/30], Step [2685/3735], Loss: 0.8747, Time:0.2001328468322754
Epoch [10/30], Step [2785/3735], Loss: 0.1876, Time:0.17575454711914062
Epoch [10/30], Step [2885/3735], Loss: 0.0352, Time:0.18893027305603027
Epoch [10/30], Step [2985/3735], Loss: 0.2024, Time:0.19177818298339844
Epoch [10/30], Step [3085/3735], Loss: 0.0395, Time:0.17002248764038086
Epoch [10/30], Step [3185/3735], Loss: 0.1038, Time:0.23621630668640137
Epoch [10/30], Step [3285/3735], Loss: 0.1212, Time:0.22426676750183105
Epoch [10/30], Step [3385/3735], Loss: 0.0523, Time:0.14846396446228027
Epoch [10/30], Step [3485/3735], Loss: 0.0342, Time:0.17804312705993652
Epoch [10/30], Step [3585/3735], Loss: 0.2389, Time:0.20012211799621582
Epoch [10/30], Step [3685/3735], Loss: 0.0360, Time:0.1939835548400879
learning rate 0.0010000 -> 0.0010000
End of epoch10,Use time:538.4686019420624,the accuracy is 0.9232087394237978
Saving the latest model....
Epoch [11/30], Step [50/3735], Loss: 0.0234, Time:0.19334745407104492
Epoch [11/30], Step [150/3735], Loss: 0.0453, Time:0.17815732955932617
Epoch [11/30], Step [250/3735], Loss: 0.0163, Time:0.22474217414855957
Epoch [11/30], Step [350/3735], Loss: 0.1391, Time:0.23397612571716309
Epoch [11/30], Step [450/3735], Loss: 0.0022, Time:0.22106432914733887
Epoch [11/30], Step [550/3735], Loss: 0.0385, Time:0.19690918922424316
Epoch [11/30], Step [650/3735], Loss: 0.3878, Time:0.22946572303771973
Epoch [11/30], Step [750/3735], Loss: 0.0003, Time:0.16853570938110352
Epoch [11/30], Step [850/3735], Loss: 0.0101, Time:0.18451237678527832
Epoch [11/30], Step [950/3735], Loss: 0.1995, Time:0.1779646873474121
Epoch [11/30], Step [1050/3735], Loss: 0.0712, Time:0.20559215545654297
Epoch [11/30], Step [1150/3735], Loss: 0.0215, Time:0.18129491806030273
Epoch [11/30], Step [1250/3735], Loss: 0.6283, Time:0.18215012550354004
Epoch [11/30], Step [1350/3735], Loss: 0.2015, Time:0.2433300018310547
Epoch [11/30], Step [1450/3735], Loss: 0.9686, Time:0.21375513076782227
Epoch [11/30], Step [1550/3735], Loss: 0.0715, Time:0.23408198356628418
Epoch [11/30], Step [1650/3735], Loss: 0.3883, Time:0.18974566459655762
Epoch [11/30], Step [1750/3735], Loss: 0.0176, Time:0.2070627212524414
Epoch [11/30], Step [1850/3735], Loss: 0.0083, Time:0.23460841178894043
Epoch [11/30], Step [1950/3735], Loss: 0.0157, Time:0.15685677528381348
Epoch [11/30], Step [2050/3735], Loss: 0.3531, Time:0.23457765579223633
Epoch [11/30], Step [2150/3735], Loss: 0.6064, Time:0.21306204795837402
Epoch [11/30], Step [2250/3735], Loss: 0.5883, Time:0.15555596351623535
Epoch [11/30], Step [2350/3735], Loss: 0.2607, Time:0.1863706111907959
Epoch [11/30], Step [2450/3735], Loss: 0.0080, Time:0.16140127182006836
Epoch [11/30], Step [2550/3735], Loss: 0.1212, Time:0.1913614273071289
Epoch [11/30], Step [2650/3735], Loss: 0.1017, Time:0.2078542709350586
Epoch [11/30], Step [2750/3735], Loss: 0.2804, Time:0.14598965644836426
Epoch [11/30], Step [2850/3735], Loss: 0.4915, Time:0.17743706703186035
Epoch [11/30], Step [2950/3735], Loss: 0.0211, Time:0.1773533821105957
Epoch [11/30], Step [3050/3735], Loss: 0.2610, Time:0.1577303409576416
Epoch [11/30], Step [3150/3735], Loss: 0.1121, Time:0.18056106567382812
Epoch [11/30], Step [3250/3735], Loss: 0.4120, Time:0.21588730812072754
Epoch [11/30], Step [3350/3735], Loss: 0.0114, Time:0.2340538501739502
Epoch [11/30], Step [3450/3735], Loss: 0.0067, Time:0.18293142318725586
Epoch [11/30], Step [3550/3735], Loss: 0.2057, Time:0.18863892555236816
Epoch [11/30], Step [3650/3735], Loss: 0.0206, Time:0.16891717910766602
learning rate 0.0010000 -> 0.0009524
End of epoch11,Use time:520.8297839164734,the accuracy is 0.9283495769519118
Saving the latest model....
验证集数据总量： 8039 预测正确的数量： 6229
当前模型在验证集上的准确率为： 0.7748476178629182
当前模型在验证集上的F1-score为: 0.06275680838010902
Epoch [12/30], Step [15/3735], Loss: 0.0583, Time:0.19838786125183105
Epoch [12/30], Step [115/3735], Loss: 0.0037, Time:0.17377305030822754
Epoch [12/30], Step [215/3735], Loss: 0.0549, Time:0.17096376419067383
Epoch [12/30], Step [315/3735], Loss: 0.0401, Time:0.21167445182800293
Epoch [12/30], Step [415/3735], Loss: 0.0194, Time:0.2175889015197754
Epoch [12/30], Step [515/3735], Loss: 0.0089, Time:0.2245032787322998
Epoch [12/30], Step [615/3735], Loss: 0.0001, Time:0.206526517868042
Epoch [12/30], Step [715/3735], Loss: 0.2878, Time:0.2183833122253418
Epoch [12/30], Step [815/3735], Loss: 0.0426, Time:0.23038029670715332
Epoch [12/30], Step [915/3735], Loss: 2.1946, Time:0.21868181228637695
Epoch [12/30], Step [1015/3735], Loss: 0.0884, Time:0.23383021354675293
Epoch [12/30], Step [1115/3735], Loss: 0.4218, Time:0.23118305206298828
Epoch [12/30], Step [1215/3735], Loss: 0.0374, Time:0.1897115707397461
Epoch [12/30], Step [1315/3735], Loss: 2.2109, Time:0.17342448234558105
Epoch [12/30], Step [1415/3735], Loss: 0.0112, Time:0.1748061180114746
Epoch [12/30], Step [1515/3735], Loss: 0.2432, Time:0.2334442138671875
Epoch [12/30], Step [1615/3735], Loss: 0.0206, Time:0.1688823699951172
Epoch [12/30], Step [1715/3735], Loss: 0.0874, Time:0.1636521816253662
Epoch [12/30], Step [1815/3735], Loss: 0.1232, Time:0.18198728561401367
Epoch [12/30], Step [1915/3735], Loss: 0.1651, Time:0.17095422744750977
Epoch [12/30], Step [2015/3735], Loss: 0.4600, Time:0.23157978057861328
Epoch [12/30], Step [2115/3735], Loss: 0.0761, Time:0.17657995223999023
Epoch [12/30], Step [2215/3735], Loss: 0.4488, Time:0.2310314178466797
Epoch [12/30], Step [2315/3735], Loss: 0.4376, Time:0.19072270393371582
Epoch [12/30], Step [2415/3735], Loss: 0.0406, Time:0.20551729202270508
Epoch [12/30], Step [2515/3735], Loss: 0.1397, Time:0.20181965827941895
Epoch [12/30], Step [2615/3735], Loss: 0.1574, Time:0.1774892807006836
Epoch [12/30], Step [2715/3735], Loss: 0.2141, Time:0.20881867408752441
Epoch [12/30], Step [2815/3735], Loss: 0.0440, Time:0.1884150505065918
Epoch [12/30], Step [2915/3735], Loss: 0.0162, Time:0.22779417037963867
Epoch [12/30], Step [3015/3735], Loss: 0.3215, Time:0.17436933517456055
Epoch [12/30], Step [3115/3735], Loss: 0.0153, Time:0.16716766357421875
Epoch [12/30], Step [3215/3735], Loss: 0.6110, Time:0.24999332427978516
Epoch [12/30], Step [3315/3735], Loss: 0.3831, Time:0.1625514030456543
Epoch [12/30], Step [3415/3735], Loss: 0.0057, Time:0.2036752700805664
Epoch [12/30], Step [3515/3735], Loss: 1.0637, Time:0.20308780670166016
Epoch [12/30], Step [3615/3735], Loss: 0.0606, Time:0.19272851943969727
Epoch [12/30], Step [3715/3735], Loss: 0.4576, Time:0.23767876625061035
learning rate 0.0009524 -> 0.0009048
End of epoch12,Use time:537.5282185077667,the accuracy is 0.9350166006211845
Saving the latest model....
Epoch [13/30], Step [80/3735], Loss: 0.0408, Time:0.15506935119628906
Epoch [13/30], Step [180/3735], Loss: 0.2536, Time:0.2150895595550537
Epoch [13/30], Step [280/3735], Loss: 0.0001, Time:0.1560220718383789
Epoch [13/30], Step [380/3735], Loss: 0.0198, Time:0.18264341354370117
Epoch [13/30], Step [480/3735], Loss: 0.6100, Time:0.19013333320617676
Epoch [13/30], Step [580/3735], Loss: 0.0636, Time:0.20656800270080566
Epoch [13/30], Step [680/3735], Loss: 0.0042, Time:0.17413806915283203
Epoch [13/30], Step [780/3735], Loss: 0.6919, Time:0.21751093864440918
Epoch [13/30], Step [880/3735], Loss: 0.0402, Time:0.17421221733093262
Epoch [13/30], Step [980/3735], Loss: 0.0377, Time:0.1570589542388916
Epoch [13/30], Step [1080/3735], Loss: 0.0073, Time:0.17367863655090332
Epoch [13/30], Step [1180/3735], Loss: 0.0020, Time:0.18729686737060547
Epoch [13/30], Step [1280/3735], Loss: 0.0620, Time:0.18245601654052734
Epoch [13/30], Step [1380/3735], Loss: 0.0508, Time:0.17052865028381348
Epoch [13/30], Step [1480/3735], Loss: 0.3242, Time:0.21564698219299316
Epoch [13/30], Step [1580/3735], Loss: 0.0369, Time:0.20720434188842773
Epoch [13/30], Step [1680/3735], Loss: 0.0000, Time:0.21582794189453125
Epoch [13/30], Step [1780/3735], Loss: 0.0795, Time:0.20673394203186035
Epoch [13/30], Step [1880/3735], Loss: 0.0201, Time:0.17340469360351562
Epoch [13/30], Step [1980/3735], Loss: 0.0888, Time:0.1654343605041504
Epoch [13/30], Step [2080/3735], Loss: 2.1913, Time:0.23225808143615723
Epoch [13/30], Step [2180/3735], Loss: 0.4205, Time:0.17122149467468262
Epoch [13/30], Step [2280/3735], Loss: 0.0015, Time:0.15553903579711914
Epoch [13/30], Step [2380/3735], Loss: 0.0153, Time:0.17868900299072266
Epoch [13/30], Step [2480/3735], Loss: 0.0139, Time:0.21866798400878906
Epoch [13/30], Step [2580/3735], Loss: 0.1207, Time:0.18007349967956543
Epoch [13/30], Step [2680/3735], Loss: 0.4020, Time:0.18010973930358887
Epoch [13/30], Step [2780/3735], Loss: 0.5901, Time:0.20683526992797852
Epoch [13/30], Step [2880/3735], Loss: 0.0134, Time:0.18319249153137207
Epoch [13/30], Step [2980/3735], Loss: 0.6175, Time:0.20294666290283203
Epoch [13/30], Step [3080/3735], Loss: 0.2576, Time:0.2076711654663086
Epoch [13/30], Step [3180/3735], Loss: 0.0939, Time:0.20365381240844727
Epoch [13/30], Step [3280/3735], Loss: 0.0657, Time:0.22620582580566406
Epoch [13/30], Step [3380/3735], Loss: 0.0028, Time:0.1978437900543213
Epoch [13/30], Step [3480/3735], Loss: 0.3136, Time:0.1853351593017578
Epoch [13/30], Step [3580/3735], Loss: 0.1281, Time:0.1840803623199463
Epoch [13/30], Step [3680/3735], Loss: 0.2799, Time:0.1911454200744629
learning rate 0.0009048 -> 0.0008571
End of epoch13,Use time:523.1304218769073,the accuracy is 0.9443075934454321
Saving the latest model....
验证集数据总量： 8039 预测正确的数量： 6414
当前模型在验证集上的准确率为： 0.7978604304017912
当前模型在验证集上的F1-score为: 0.06558846114693648
Epoch [14/30], Step [45/3735], Loss: 0.0658, Time:0.21057438850402832
Epoch [14/30], Step [145/3735], Loss: 0.6339, Time:0.2279350757598877
Epoch [14/30], Step [245/3735], Loss: 0.0020, Time:0.2132115364074707
Epoch [14/30], Step [345/3735], Loss: 0.3195, Time:0.19584059715270996
Epoch [14/30], Step [445/3735], Loss: 0.0142, Time:0.1992654800415039
Epoch [14/30], Step [545/3735], Loss: 0.0031, Time:0.19368863105773926
Epoch [14/30], Step [645/3735], Loss: 0.0003, Time:0.21254539489746094
Epoch [14/30], Step [745/3735], Loss: 0.0122, Time:0.21007680892944336
Epoch [14/30], Step [845/3735], Loss: 0.0043, Time:0.19832873344421387
Epoch [14/30], Step [945/3735], Loss: 0.9059, Time:0.19745302200317383
Epoch [14/30], Step [1045/3735], Loss: 0.3177, Time:0.19057178497314453
Epoch [14/30], Step [1145/3735], Loss: 0.0093, Time:0.16246247291564941
Epoch [14/30], Step [1245/3735], Loss: 0.3441, Time:0.2080371379852295
Epoch [14/30], Step [1345/3735], Loss: 0.4629, Time:0.2077174186706543
Epoch [14/30], Step [1445/3735], Loss: 0.1499, Time:0.1944279670715332
saving the latest model (epoch 13, total_iters 500000)
Epoch [14/30], Step [1545/3735], Loss: 0.9778, Time:0.17445731163024902
Epoch [14/30], Step [1645/3735], Loss: 0.1884, Time:0.20959234237670898
Epoch [14/30], Step [1745/3735], Loss: 0.2977, Time:0.2034907341003418
Epoch [14/30], Step [1845/3735], Loss: 0.1021, Time:0.1848912239074707
Epoch [14/30], Step [1945/3735], Loss: 0.1394, Time:0.24381422996520996
Epoch [14/30], Step [2045/3735], Loss: 0.0064, Time:0.19173359870910645
Epoch [14/30], Step [2145/3735], Loss: 0.0850, Time:0.21830010414123535
Epoch [14/30], Step [2245/3735], Loss: 0.0602, Time:0.18202781677246094
Epoch [14/30], Step [2345/3735], Loss: 0.6589, Time:0.19444584846496582
Epoch [14/30], Step [2445/3735], Loss: 0.0268, Time:0.2516310214996338
Epoch [14/30], Step [2545/3735], Loss: 0.0368, Time:0.2536640167236328
Epoch [14/30], Step [2645/3735], Loss: 0.0057, Time:0.20096993446350098
Epoch [14/30], Step [2745/3735], Loss: 0.3602, Time:0.23227524757385254
Epoch [14/30], Step [2845/3735], Loss: 0.1008, Time:0.18287301063537598
Epoch [14/30], Step [2945/3735], Loss: 0.6540, Time:0.20183730125427246
Epoch [14/30], Step [3045/3735], Loss: 0.0985, Time:0.15824556350708008
Epoch [14/30], Step [3145/3735], Loss: 0.0013, Time:0.15801763534545898
Epoch [14/30], Step [3245/3735], Loss: 0.0193, Time:0.17235040664672852
Epoch [14/30], Step [3345/3735], Loss: 0.9645, Time:0.17459487915039062
Epoch [14/30], Step [3445/3735], Loss: 0.0684, Time:0.18616414070129395
Epoch [14/30], Step [3545/3735], Loss: 0.0111, Time:0.22360730171203613
Epoch [14/30], Step [3645/3735], Loss: 0.0295, Time:0.21394610404968262
learning rate 0.0008571 -> 0.0008095
End of epoch14,Use time:523.9344718456268,the accuracy is 0.9476812680732569
Saving the latest model....
Epoch [15/30], Step [10/3735], Loss: 0.3514, Time:0.1722118854522705
Epoch [15/30], Step [110/3735], Loss: 0.0044, Time:0.24112629890441895
Epoch [15/30], Step [210/3735], Loss: 0.3690, Time:0.22214579582214355
Epoch [15/30], Step [310/3735], Loss: 0.0528, Time:0.18511271476745605
Epoch [15/30], Step [410/3735], Loss: 0.0146, Time:0.2479398250579834
Epoch [15/30], Step [510/3735], Loss: 0.1592, Time:0.1798708438873291
Epoch [15/30], Step [610/3735], Loss: 0.5353, Time:0.13708066940307617
Epoch [15/30], Step [710/3735], Loss: 0.0484, Time:0.2031111717224121
Epoch [15/30], Step [810/3735], Loss: 0.0300, Time:0.17879462242126465
Epoch [15/30], Step [910/3735], Loss: 0.0173, Time:0.18560361862182617
Epoch [15/30], Step [1010/3735], Loss: 0.1023, Time:0.24626851081848145
Epoch [15/30], Step [1110/3735], Loss: 0.0165, Time:0.2184133529663086
Epoch [15/30], Step [1210/3735], Loss: 0.0314, Time:0.1888411045074463
Epoch [15/30], Step [1310/3735], Loss: 0.3595, Time:0.17950224876403809
Epoch [15/30], Step [1410/3735], Loss: 0.4223, Time:0.22432708740234375
Epoch [15/30], Step [1510/3735], Loss: 0.0009, Time:0.2178797721862793
Epoch [15/30], Step [1610/3735], Loss: 0.1796, Time:0.2099628448486328
Epoch [15/30], Step [1710/3735], Loss: 0.0212, Time:0.23676419258117676
Epoch [15/30], Step [1810/3735], Loss: 0.1291, Time:0.21781682968139648
Epoch [15/30], Step [1910/3735], Loss: 0.1225, Time:0.21943211555480957
Epoch [15/30], Step [2010/3735], Loss: 0.1081, Time:0.18099355697631836
Epoch [15/30], Step [2110/3735], Loss: 0.0004, Time:0.20198440551757812
Epoch [15/30], Step [2210/3735], Loss: 0.0182, Time:0.19251203536987305
Epoch [15/30], Step [2310/3735], Loss: 0.0023, Time:0.2413792610168457
Epoch [15/30], Step [2410/3735], Loss: 0.0167, Time:0.2064971923828125
Epoch [15/30], Step [2510/3735], Loss: 0.0847, Time:0.19690346717834473
Epoch [15/30], Step [2610/3735], Loss: 0.0367, Time:0.1960735321044922
Epoch [15/30], Step [2710/3735], Loss: 0.0269, Time:0.18258285522460938
Epoch [15/30], Step [2810/3735], Loss: 0.1943, Time:0.23705530166625977
Epoch [15/30], Step [2910/3735], Loss: 0.1448, Time:0.20327448844909668
Epoch [15/30], Step [3010/3735], Loss: 0.0232, Time:0.21740007400512695
Epoch [15/30], Step [3110/3735], Loss: 0.0147, Time:0.19996905326843262
Epoch [15/30], Step [3210/3735], Loss: 0.0001, Time:0.17147183418273926
Epoch [15/30], Step [3310/3735], Loss: 0.0601, Time:0.19406700134277344
Epoch [15/30], Step [3410/3735], Loss: 0.0272, Time:0.16515350341796875
Epoch [15/30], Step [3510/3735], Loss: 0.0101, Time:0.19934701919555664
Epoch [15/30], Step [3610/3735], Loss: 0.2537, Time:0.22328591346740723
Epoch [15/30], Step [3710/3735], Loss: 0.1417, Time:0.22598624229431152
learning rate 0.0008095 -> 0.0007619
End of epoch15,Use time:536.1199901103973,the accuracy is 0.9518314233693906
Saving the latest model....
验证集数据总量： 8039 预测正确的数量： 6442
当前模型在验证集上的准确率为： 0.801343450677945
当前模型在验证集上的F1-score为: 0.06659075092752574
Epoch [16/30], Step [75/3735], Loss: 0.5511, Time:0.20297503471374512
Epoch [16/30], Step [175/3735], Loss: 0.0518, Time:0.2404944896697998
Epoch [16/30], Step [275/3735], Loss: 0.0001, Time:0.22273492813110352
Epoch [16/30], Step [375/3735], Loss: 0.1699, Time:0.18067097663879395
Epoch [16/30], Step [475/3735], Loss: 0.0360, Time:0.19712185859680176
Epoch [16/30], Step [575/3735], Loss: 0.0940, Time:0.1880335807800293
Epoch [16/30], Step [675/3735], Loss: 1.1680, Time:0.22773337364196777
Epoch [16/30], Step [775/3735], Loss: 0.0001, Time:0.21328234672546387
Epoch [16/30], Step [875/3735], Loss: 0.0026, Time:0.20724916458129883
Epoch [16/30], Step [975/3735], Loss: 0.1911, Time:0.16272878646850586
Epoch [16/30], Step [1075/3735], Loss: 0.0738, Time:0.2245337963104248
Epoch [16/30], Step [1175/3735], Loss: 0.2896, Time:0.23808574676513672
Epoch [16/30], Step [1275/3735], Loss: 0.4119, Time:0.20579028129577637
Epoch [16/30], Step [1375/3735], Loss: 0.1250, Time:0.12941408157348633
Epoch [16/30], Step [1475/3735], Loss: 0.0015, Time:0.14608502388000488
Epoch [16/30], Step [1575/3735], Loss: 0.4605, Time:0.1598372459411621
Epoch [16/30], Step [1675/3735], Loss: 0.0347, Time:0.1838090419769287
Epoch [16/30], Step [1775/3735], Loss: 0.0173, Time:0.2223501205444336
Epoch [16/30], Step [1875/3735], Loss: 0.0020, Time:0.21462297439575195
Epoch [16/30], Step [1975/3735], Loss: 0.0296, Time:0.19464659690856934
Epoch [16/30], Step [2075/3735], Loss: 0.0978, Time:0.2200932502746582
Epoch [16/30], Step [2175/3735], Loss: 0.0001, Time:0.22333145141601562
Epoch [16/30], Step [2275/3735], Loss: 0.0135, Time:0.18125534057617188
Epoch [16/30], Step [2375/3735], Loss: 0.6628, Time:0.18739056587219238
Epoch [16/30], Step [2475/3735], Loss: 0.0311, Time:0.20783591270446777
Epoch [16/30], Step [2575/3735], Loss: 0.0051, Time:0.19190001487731934
Epoch [16/30], Step [2675/3735], Loss: 0.4956, Time:0.2273697853088379
Epoch [16/30], Step [2775/3735], Loss: 0.1842, Time:0.20077872276306152
Epoch [16/30], Step [2875/3735], Loss: 0.0000, Time:0.2364792823791504
Epoch [16/30], Step [2975/3735], Loss: 0.1590, Time:0.2211616039276123
Epoch [16/30], Step [3075/3735], Loss: 0.0969, Time:0.21953034400939941
Epoch [16/30], Step [3175/3735], Loss: 0.0064, Time:0.20038509368896484
Epoch [16/30], Step [3275/3735], Loss: 0.0490, Time:0.1412038803100586
Epoch [16/30], Step [3375/3735], Loss: 0.1247, Time:0.12878036499023438
Epoch [16/30], Step [3475/3735], Loss: 0.0211, Time:0.12547516822814941
Epoch [16/30], Step [3575/3735], Loss: 0.0014, Time:0.1184842586517334
Epoch [16/30], Step [3675/3735], Loss: 0.0938, Time:0.1551196575164795
learning rate 0.0007619 -> 0.0007143
End of epoch16,Use time:501.6607048511505,the accuracy is 0.956436756988326
Saving the latest model....
Epoch [17/30], Step [40/3735], Loss: 0.0001, Time:0.14024043083190918
Epoch [17/30], Step [140/3735], Loss: 0.0231, Time:0.14077496528625488
Epoch [17/30], Step [240/3735], Loss: 0.5028, Time:0.15579557418823242
Epoch [17/30], Step [340/3735], Loss: 0.2098, Time:0.1544334888458252
Epoch [17/30], Step [440/3735], Loss: 0.0000, Time:0.12822318077087402
Epoch [17/30], Step [540/3735], Loss: 0.0000, Time:0.13569951057434082
Epoch [17/30], Step [640/3735], Loss: 0.0899, Time:0.13987994194030762
Epoch [17/30], Step [740/3735], Loss: 0.2663, Time:0.1359720230102539
Epoch [17/30], Step [840/3735], Loss: 0.1577, Time:0.18235158920288086
Epoch [17/30], Step [940/3735], Loss: 0.6103, Time:0.15301799774169922
Epoch [17/30], Step [1040/3735], Loss: 0.1069, Time:0.13599491119384766
Epoch [17/30], Step [1140/3735], Loss: 0.0041, Time:0.13571500778198242
Epoch [17/30], Step [1240/3735], Loss: 0.0041, Time:0.1646571159362793
Epoch [17/30], Step [1340/3735], Loss: 0.0884, Time:0.1540813446044922
Epoch [17/30], Step [1440/3735], Loss: 0.0012, Time:0.1349470615386963
Epoch [17/30], Step [1540/3735], Loss: 0.6206, Time:0.13876795768737793
Epoch [17/30], Step [1640/3735], Loss: 0.0157, Time:0.14542531967163086
Epoch [17/30], Step [1740/3735], Loss: 0.0534, Time:0.14523005485534668
Epoch [17/30], Step [1840/3735], Loss: 0.0028, Time:0.14392566680908203
Epoch [17/30], Step [1940/3735], Loss: 0.0079, Time:0.13322877883911133
Epoch [17/30], Step [2040/3735], Loss: 0.0000, Time:0.15383648872375488
Epoch [17/30], Step [2140/3735], Loss: 0.2692, Time:0.13781952857971191
Epoch [17/30], Step [2240/3735], Loss: 0.0044, Time:0.16060543060302734
Epoch [17/30], Step [2340/3735], Loss: 0.0120, Time:0.16599249839782715
Epoch [17/30], Step [2440/3735], Loss: 0.0036, Time:0.1517162322998047
Epoch [17/30], Step [2540/3735], Loss: 0.6143, Time:0.21611738204956055
Epoch [17/30], Step [2640/3735], Loss: 0.2198, Time:0.18058204650878906
Epoch [17/30], Step [2740/3735], Loss: 0.1751, Time:0.25483036041259766
Epoch [17/30], Step [2840/3735], Loss: 0.1368, Time:0.23729777336120605
Epoch [17/30], Step [2940/3735], Loss: 0.5424, Time:0.2248520851135254
Epoch [17/30], Step [3040/3735], Loss: 0.5575, Time:0.1671745777130127
Epoch [17/30], Step [3140/3735], Loss: 0.0024, Time:0.20825767517089844
Epoch [17/30], Step [3240/3735], Loss: 0.0477, Time:0.17897391319274902
Epoch [17/30], Step [3340/3735], Loss: 0.0357, Time:0.21677231788635254
Epoch [17/30], Step [3440/3735], Loss: 0.3083, Time:0.2501709461212158
Epoch [17/30], Step [3540/3735], Loss: 0.0041, Time:0.2530977725982666
Epoch [17/30], Step [3640/3735], Loss: 0.0081, Time:0.15280365943908691
learning rate 0.0007143 -> 0.0006667
End of epoch17,Use time:445.06015515327454,the accuracy is 0.9583645710613687
Saving the latest model....
验证集数据总量： 8039 预测正确的数量： 6422
当前模型在验证集上的准确率为： 0.7988555790521209
当前模型在验证集上的F1-score为: 0.06610836009894314
Epoch [18/30], Step [5/3735], Loss: 0.2538, Time:0.1469576358795166
Epoch [18/30], Step [105/3735], Loss: 0.0296, Time:0.18541693687438965
Epoch [18/30], Step [205/3735], Loss: 0.0227, Time:0.18830585479736328
Epoch [18/30], Step [305/3735], Loss: 0.0012, Time:0.21559429168701172
Epoch [18/30], Step [405/3735], Loss: 0.0695, Time:0.20492315292358398
Epoch [18/30], Step [505/3735], Loss: 0.0783, Time:0.20235753059387207
Epoch [18/30], Step [605/3735], Loss: 1.0083, Time:0.15274429321289062
Epoch [18/30], Step [705/3735], Loss: 0.0319, Time:0.17847990989685059
Epoch [18/30], Step [805/3735], Loss: 0.7433, Time:0.19295334815979004
Epoch [18/30], Step [905/3735], Loss: 0.0008, Time:0.22217106819152832
Epoch [18/30], Step [1005/3735], Loss: 0.0077, Time:0.1864786148071289
Epoch [18/30], Step [1105/3735], Loss: 0.4556, Time:0.17501282691955566
Epoch [18/30], Step [1205/3735], Loss: 0.0016, Time:0.19708800315856934
Epoch [18/30], Step [1305/3735], Loss: 0.0891, Time:0.21247529983520508
Epoch [18/30], Step [1405/3735], Loss: 0.1457, Time:0.20538949966430664
Epoch [18/30], Step [1505/3735], Loss: 0.6539, Time:0.18720221519470215
Epoch [18/30], Step [1605/3735], Loss: 0.0048, Time:0.25050926208496094
Epoch [18/30], Step [1705/3735], Loss: 0.3192, Time:0.19719219207763672
Epoch [18/30], Step [1805/3735], Loss: 0.0061, Time:0.21537423133850098
Epoch [18/30], Step [1905/3735], Loss: 0.0026, Time:0.23673772811889648
Epoch [18/30], Step [2005/3735], Loss: 0.0071, Time:0.17883086204528809
Epoch [18/30], Step [2105/3735], Loss: 0.2489, Time:0.2014172077178955
Epoch [18/30], Step [2205/3735], Loss: 0.1119, Time:0.19760918617248535
Epoch [18/30], Step [2305/3735], Loss: 0.0687, Time:0.17798304557800293
Epoch [18/30], Step [2405/3735], Loss: 0.0036, Time:0.20142221450805664
Epoch [18/30], Step [2505/3735], Loss: 0.0235, Time:0.19376826286315918
Epoch [18/30], Step [2605/3735], Loss: 0.0134, Time:0.20705485343933105
Epoch [18/30], Step [2705/3735], Loss: 0.0109, Time:0.20269179344177246
Epoch [18/30], Step [2805/3735], Loss: 0.0824, Time:0.21233606338500977
Epoch [18/30], Step [2905/3735], Loss: 0.0723, Time:0.21047234535217285
Epoch [18/30], Step [3005/3735], Loss: 0.0032, Time:0.17428088188171387
Epoch [18/30], Step [3105/3735], Loss: 0.0003, Time:0.2080841064453125
Epoch [18/30], Step [3205/3735], Loss: 0.0006, Time:0.18076205253601074
Epoch [18/30], Step [3305/3735], Loss: 0.2082, Time:0.2109525203704834
Epoch [18/30], Step [3405/3735], Loss: 0.0520, Time:0.17912721633911133
Epoch [18/30], Step [3505/3735], Loss: 1.1607, Time:0.18018889427185059
Epoch [18/30], Step [3605/3735], Loss: 0.1074, Time:0.19807910919189453
Epoch [18/30], Step [3705/3735], Loss: 0.0416, Time:0.21316218376159668
learning rate 0.0006667 -> 0.0006190
End of epoch18,Use time:535.8807051181793,the accuracy is 0.9646567419942166
Saving the latest model....
Epoch [19/30], Step [70/3735], Loss: 2.4253, Time:0.18596196174621582
Epoch [19/30], Step [170/3735], Loss: 0.0167, Time:0.24791955947875977
Epoch [19/30], Step [270/3735], Loss: 0.0153, Time:0.2180781364440918
Epoch [19/30], Step [370/3735], Loss: 0.4092, Time:0.2498927116394043
Epoch [19/30], Step [470/3735], Loss: 0.0104, Time:0.24800515174865723
Epoch [19/30], Step [570/3735], Loss: 0.0093, Time:0.2013230323791504
Epoch [19/30], Step [670/3735], Loss: 0.0223, Time:0.19725561141967773
Epoch [19/30], Step [770/3735], Loss: 0.0827, Time:0.2097153663635254
Epoch [19/30], Step [870/3735], Loss: 0.0327, Time:0.16930079460144043
Epoch [19/30], Step [970/3735], Loss: 0.0253, Time:0.19882535934448242
Epoch [19/30], Step [1070/3735], Loss: 0.1034, Time:0.194960355758667
Epoch [19/30], Step [1170/3735], Loss: 0.0373, Time:0.22903180122375488
Epoch [19/30], Step [1270/3735], Loss: 0.0165, Time:0.20053434371948242
Epoch [19/30], Step [1370/3735], Loss: 0.0092, Time:0.19918417930603027
Epoch [19/30], Step [1470/3735], Loss: 0.0277, Time:0.14566683769226074
Epoch [19/30], Step [1570/3735], Loss: 0.0000, Time:0.22600030899047852
Epoch [19/30], Step [1670/3735], Loss: 0.0029, Time:0.18876266479492188
Epoch [19/30], Step [1770/3735], Loss: 0.0721, Time:0.18610501289367676
Epoch [19/30], Step [1870/3735], Loss: 0.0157, Time:0.1648092269897461
Epoch [19/30], Step [1970/3735], Loss: 0.0609, Time:0.23046469688415527
Epoch [19/30], Step [2070/3735], Loss: 0.0758, Time:0.25017809867858887
Epoch [19/30], Step [2170/3735], Loss: 0.0014, Time:0.22232270240783691
Epoch [19/30], Step [2270/3735], Loss: 0.8444, Time:0.18927550315856934
Epoch [19/30], Step [2370/3735], Loss: 0.0005, Time:0.10543274879455566
Epoch [19/30], Step [2470/3735], Loss: 0.0332, Time:0.15678906440734863
Epoch [19/30], Step [2570/3735], Loss: 0.1078, Time:0.1286764144897461
Epoch [19/30], Step [2670/3735], Loss: 0.0145, Time:0.15374207496643066
Epoch [19/30], Step [2770/3735], Loss: 0.0826, Time:0.2044825553894043
Epoch [19/30], Step [2870/3735], Loss: 0.3130, Time:0.22281837463378906
Epoch [19/30], Step [2970/3735], Loss: 0.0003, Time:0.2374427318572998
Epoch [19/30], Step [3070/3735], Loss: 0.0001, Time:0.2373511791229248
Epoch [19/30], Step [3170/3735], Loss: 0.0043, Time:0.1975710391998291
Epoch [19/30], Step [3270/3735], Loss: 0.5686, Time:0.24067258834838867
Epoch [19/30], Step [3370/3735], Loss: 0.0048, Time:0.1950676441192627
Epoch [19/30], Step [3470/3735], Loss: 0.0019, Time:0.23761868476867676
Epoch [19/30], Step [3570/3735], Loss: 0.0005, Time:0.23000407218933105
Epoch [19/30], Step [3670/3735], Loss: 0.0119, Time:0.22549152374267578
learning rate 0.0006190 -> 0.0005714
End of epoch19,Use time:525.638959646225,the accuracy is 0.9677626646674521
Saving the latest model....
验证集数据总量： 8039 预测正确的数量： 6536
当前模型在验证集上的准确率为： 0.8130364473193183
当前模型在验证集上的F1-score为: 0.06800391346687222
Epoch [20/30], Step [35/3735], Loss: 0.0658, Time:0.2017676830291748
Epoch [20/30], Step [135/3735], Loss: 0.5218, Time:0.18894624710083008
Epoch [20/30], Step [235/3735], Loss: 0.1418, Time:0.20256686210632324
Epoch [20/30], Step [335/3735], Loss: 0.0328, Time:0.21585917472839355
Epoch [20/30], Step [435/3735], Loss: 0.0151, Time:0.21945786476135254
Epoch [20/30], Step [535/3735], Loss: 0.0074, Time:0.15117502212524414
Epoch [20/30], Step [635/3735], Loss: 0.0047, Time:0.18387389183044434
Epoch [20/30], Step [735/3735], Loss: 0.0765, Time:0.22114872932434082
Epoch [20/30], Step [835/3735], Loss: 0.0688, Time:0.1924755573272705
Epoch [20/30], Step [935/3735], Loss: 0.0894, Time:0.20447134971618652
Epoch [20/30], Step [1035/3735], Loss: 0.0062, Time:0.19431400299072266
Epoch [20/30], Step [1135/3735], Loss: 0.1923, Time:0.23480725288391113
Epoch [20/30], Step [1235/3735], Loss: 0.2211, Time:0.17314767837524414
Epoch [20/30], Step [1335/3735], Loss: 0.0685, Time:0.176285982131958
Epoch [20/30], Step [1435/3735], Loss: 0.0014, Time:0.20623111724853516
Epoch [20/30], Step [1535/3735], Loss: 1.2194, Time:0.1763453483581543
Epoch [20/30], Step [1635/3735], Loss: 0.0309, Time:0.16674375534057617
Epoch [20/30], Step [1735/3735], Loss: 0.0072, Time:0.22670722007751465
Epoch [20/30], Step [1835/3735], Loss: 0.0001, Time:0.2038567066192627
Epoch [20/30], Step [1935/3735], Loss: 0.0742, Time:0.21049046516418457
Epoch [20/30], Step [2035/3735], Loss: 0.0118, Time:0.17488932609558105
Epoch [20/30], Step [2135/3735], Loss: 0.0846, Time:0.22661495208740234
Epoch [20/30], Step [2235/3735], Loss: 0.0075, Time:0.23680615425109863
Epoch [20/30], Step [2335/3735], Loss: 0.0508, Time:0.21201372146606445
Epoch [20/30], Step [2435/3735], Loss: 0.0000, Time:0.2311103343963623
Epoch [20/30], Step [2535/3735], Loss: 0.0668, Time:0.22482919692993164
Epoch [20/30], Step [2635/3735], Loss: 0.0125, Time:0.20793867111206055
Epoch [20/30], Step [2735/3735], Loss: 0.0051, Time:0.2053978443145752
Epoch [20/30], Step [2835/3735], Loss: 0.0016, Time:0.21929359436035156
Epoch [20/30], Step [2935/3735], Loss: 0.0020, Time:0.19961905479431152
Epoch [20/30], Step [3035/3735], Loss: 0.0034, Time:0.19283056259155273
Epoch [20/30], Step [3135/3735], Loss: 0.1180, Time:0.18808436393737793
Epoch [20/30], Step [3235/3735], Loss: 0.0215, Time:0.21901726722717285
Epoch [20/30], Step [3335/3735], Loss: 0.0035, Time:0.18193459510803223
Epoch [20/30], Step [3435/3735], Loss: 0.8596, Time:0.16508197784423828
Epoch [20/30], Step [3535/3735], Loss: 0.0749, Time:0.19846653938293457
Epoch [20/30], Step [3635/3735], Loss: 0.0006, Time:0.20344185829162598
Epoch [20/30], Step [3735/3735], Loss: 0.0188, Time:0.17127585411071777
learning rate 0.0005714 -> 0.0005238
End of epoch20,Use time:537.0116276741028,the accuracy is 0.9686462461175966
Saving the latest model....
Epoch [21/30], Step [100/3735], Loss: 0.0014, Time:0.2283928394317627
Epoch [21/30], Step [200/3735], Loss: 0.7769, Time:0.21699166297912598
Epoch [21/30], Step [300/3735], Loss: 0.0119, Time:0.20006847381591797
Epoch [21/30], Step [400/3735], Loss: 0.0190, Time:0.1841278076171875
Epoch [21/30], Step [500/3735], Loss: 0.0266, Time:0.13297700881958008
Epoch [21/30], Step [600/3735], Loss: 0.0001, Time:0.1975693702697754
Epoch [21/30], Step [700/3735], Loss: 0.0132, Time:0.1863114833831787
Epoch [21/30], Step [800/3735], Loss: 0.0010, Time:0.15076398849487305
Epoch [21/30], Step [900/3735], Loss: 0.0060, Time:0.1722555160522461
Epoch [21/30], Step [1000/3735], Loss: 0.1066, Time:0.1698760986328125
Epoch [21/30], Step [1100/3735], Loss: 0.0013, Time:0.14608430862426758
Epoch [21/30], Step [1200/3735], Loss: 0.0027, Time:0.1983342170715332
Epoch [21/30], Step [1300/3735], Loss: 0.0088, Time:0.2009119987487793
Epoch [21/30], Step [1400/3735], Loss: 0.0151, Time:0.2139568328857422
Epoch [21/30], Step [1500/3735], Loss: 0.0085, Time:0.19224071502685547
Epoch [21/30], Step [1600/3735], Loss: 0.0113, Time:0.1656045913696289
Epoch [21/30], Step [1700/3735], Loss: 0.1599, Time:0.1817159652709961
Epoch [21/30], Step [1800/3735], Loss: 0.0632, Time:0.22038960456848145
Epoch [21/30], Step [1900/3735], Loss: 0.0001, Time:0.1877303123474121
Epoch [21/30], Step [2000/3735], Loss: 0.4064, Time:0.20154094696044922
Epoch [21/30], Step [2100/3735], Loss: 0.0075, Time:0.17524003982543945
Epoch [21/30], Step [2200/3735], Loss: 0.0364, Time:0.24581146240234375
Epoch [21/30], Step [2300/3735], Loss: 0.0003, Time:0.2031872272491455
Epoch [21/30], Step [2400/3735], Loss: 0.0097, Time:0.23216557502746582
Epoch [21/30], Step [2500/3735], Loss: 0.1269, Time:0.22382044792175293
Epoch [21/30], Step [2600/3735], Loss: 0.0059, Time:0.23401165008544922
Epoch [21/30], Step [2700/3735], Loss: 0.1666, Time:0.19583368301391602
Epoch [21/30], Step [2800/3735], Loss: 0.0012, Time:0.2023639678955078
Epoch [21/30], Step [2900/3735], Loss: 0.0006, Time:0.19373321533203125
Epoch [21/30], Step [3000/3735], Loss: 0.0006, Time:0.2161562442779541
Epoch [21/30], Step [3100/3735], Loss: 0.0323, Time:0.18142914772033691
Epoch [21/30], Step [3200/3735], Loss: 0.0086, Time:0.18803977966308594
Epoch [21/30], Step [3300/3735], Loss: 0.0026, Time:0.1730632781982422
Epoch [21/30], Step [3400/3735], Loss: 0.0009, Time:0.21453595161437988
Epoch [21/30], Step [3500/3735], Loss: 0.0183, Time:0.1846909523010254
Epoch [21/30], Step [3600/3735], Loss: 0.0002, Time:0.17188763618469238
Epoch [21/30], Step [3700/3735], Loss: 0.0000, Time:0.14248371124267578
learning rate 0.0005238 -> 0.0004762
End of epoch21,Use time:518.7641897201538,the accuracy is 0.971832494377209
Saving the latest model....
验证集数据总量： 8039 预测正确的数量： 6648
当前模型在验证集上的准确率为： 0.8269685284239333
当前模型在验证集上的F1-score为: 0.07030674255969538
Epoch [22/30], Step [65/3735], Loss: 0.1746, Time:0.18154621124267578
Epoch [22/30], Step [165/3735], Loss: 0.0092, Time:0.18347454071044922
Epoch [22/30], Step [265/3735], Loss: 0.0001, Time:0.19470524787902832
Epoch [22/30], Step [365/3735], Loss: 0.2553, Time:0.15780019760131836
Epoch [22/30], Step [465/3735], Loss: 0.0081, Time:0.2203984260559082
Epoch [22/30], Step [565/3735], Loss: 0.1553, Time:0.20000338554382324
Epoch [22/30], Step [665/3735], Loss: 0.3008, Time:0.23626136779785156
Epoch [22/30], Step [765/3735], Loss: 0.0406, Time:0.2458024024963379
Epoch [22/30], Step [865/3735], Loss: 0.4424, Time:0.15174198150634766
Epoch [22/30], Step [965/3735], Loss: 0.0003, Time:0.2153148651123047
Epoch [22/30], Step [1065/3735], Loss: 0.0617, Time:0.211806058883667
Epoch [22/30], Step [1165/3735], Loss: 0.0039, Time:0.22980737686157227
Epoch [22/30], Step [1265/3735], Loss: 0.0497, Time:0.18503952026367188
Epoch [22/30], Step [1365/3735], Loss: 0.0081, Time:0.18745017051696777
Epoch [22/30], Step [1465/3735], Loss: 0.0104, Time:0.2471637725830078
Epoch [22/30], Step [1565/3735], Loss: 0.0066, Time:0.2323317527770996
Epoch [22/30], Step [1665/3735], Loss: 0.0335, Time:0.23311710357666016
Epoch [22/30], Step [1765/3735], Loss: 0.2772, Time:0.19988465309143066
Epoch [22/30], Step [1865/3735], Loss: 0.5482, Time:0.17437171936035156
Epoch [22/30], Step [1965/3735], Loss: 2.5375, Time:0.17282605171203613
Epoch [22/30], Step [2065/3735], Loss: 0.0010, Time:0.20432186126708984
Epoch [22/30], Step [2165/3735], Loss: 0.0054, Time:0.21458148956298828
Epoch [22/30], Step [2265/3735], Loss: 0.0046, Time:0.16486835479736328
Epoch [22/30], Step [2365/3735], Loss: 0.0250, Time:0.21057844161987305
Epoch [22/30], Step [2465/3735], Loss: 0.0287, Time:0.2004227638244629
Epoch [22/30], Step [2565/3735], Loss: 0.0161, Time:0.16987228393554688
Epoch [22/30], Step [2665/3735], Loss: 0.0108, Time:0.15041780471801758
Epoch [22/30], Step [2765/3735], Loss: 0.0021, Time:0.19649600982666016
Epoch [22/30], Step [2865/3735], Loss: 0.0821, Time:0.19962835311889648
Epoch [22/30], Step [2965/3735], Loss: 0.0041, Time:0.15531349182128906
Epoch [22/30], Step [3065/3735], Loss: 0.0330, Time:0.21001076698303223
Epoch [22/30], Step [3165/3735], Loss: 0.0002, Time:0.19179177284240723
Epoch [22/30], Step [3265/3735], Loss: 0.0006, Time:0.18854093551635742
Epoch [22/30], Step [3365/3735], Loss: 1.6455, Time:0.17824363708496094
Epoch [22/30], Step [3465/3735], Loss: 0.0040, Time:0.16156506538391113
Epoch [22/30], Step [3565/3735], Loss: 0.0012, Time:0.20791912078857422
Epoch [22/30], Step [3665/3735], Loss: 0.0123, Time:0.184584379196167
learning rate 0.0004762 -> 0.0004286
End of epoch22,Use time:521.8107068538666,the accuracy is 0.974376137945807
Saving the latest model....
Epoch [23/30], Step [30/3735], Loss: 0.0321, Time:0.24772047996520996
Epoch [23/30], Step [130/3735], Loss: 0.0004, Time:0.17069292068481445
Epoch [23/30], Step [230/3735], Loss: 0.0064, Time:0.21249842643737793
Epoch [23/30], Step [330/3735], Loss: 0.0041, Time:0.15245270729064941
Epoch [23/30], Step [430/3735], Loss: 0.3945, Time:0.17191743850708008
Epoch [23/30], Step [530/3735], Loss: 0.0001, Time:0.21679162979125977
Epoch [23/30], Step [630/3735], Loss: 0.0183, Time:0.19327259063720703
Epoch [23/30], Step [730/3735], Loss: 0.0050, Time:0.20084762573242188
Epoch [23/30], Step [830/3735], Loss: 0.0381, Time:0.1675252914428711
Epoch [23/30], Step [930/3735], Loss: 0.3539, Time:0.1616067886352539
Epoch [23/30], Step [1030/3735], Loss: 0.0632, Time:0.20917034149169922
Epoch [23/30], Step [1130/3735], Loss: 0.3329, Time:0.23451614379882812
Epoch [23/30], Step [1230/3735], Loss: 0.0327, Time:0.17031240463256836
Epoch [23/30], Step [1330/3735], Loss: 0.0027, Time:0.14791440963745117
Epoch [23/30], Step [1430/3735], Loss: 0.0014, Time:0.16260337829589844
Epoch [23/30], Step [1530/3735], Loss: 0.2600, Time:0.15747594833374023
Epoch [23/30], Step [1630/3735], Loss: 0.0001, Time:0.2270975112915039
Epoch [23/30], Step [1730/3735], Loss: 0.0000, Time:0.13800573348999023
Epoch [23/30], Step [1830/3735], Loss: 0.2294, Time:0.16530561447143555
Epoch [23/30], Step [1930/3735], Loss: 0.0013, Time:0.2024528980255127
Epoch [23/30], Step [2030/3735], Loss: 0.1317, Time:0.18594121932983398
Epoch [23/30], Step [2130/3735], Loss: 0.0006, Time:0.16849684715270996
Epoch [23/30], Step [2230/3735], Loss: 0.0011, Time:0.22334718704223633
Epoch [23/30], Step [2330/3735], Loss: 0.0088, Time:0.1388077735900879
Epoch [23/30], Step [2430/3735], Loss: 0.3194, Time:0.2462010383605957
Epoch [23/30], Step [2530/3735], Loss: 0.0227, Time:0.1943359375
Epoch [23/30], Step [2630/3735], Loss: 0.0001, Time:0.19669270515441895
Epoch [23/30], Step [2730/3735], Loss: 0.0024, Time:0.1759936809539795
Epoch [23/30], Step [2830/3735], Loss: 0.0113, Time:0.2202286720275879
Epoch [23/30], Step [2930/3735], Loss: 0.0001, Time:0.19967961311340332
Epoch [23/30], Step [3030/3735], Loss: 0.0186, Time:0.22242450714111328
Epoch [23/30], Step [3130/3735], Loss: 0.0262, Time:0.2073535919189453
Epoch [23/30], Step [3230/3735], Loss: 0.2624, Time:0.21552562713623047
Epoch [23/30], Step [3330/3735], Loss: 0.0030, Time:0.20978760719299316
Epoch [23/30], Step [3430/3735], Loss: 0.0013, Time:0.13767194747924805
Epoch [23/30], Step [3530/3735], Loss: 0.0087, Time:0.17302322387695312
Epoch [23/30], Step [3630/3735], Loss: 0.1954, Time:0.18768548965454102
Epoch [23/30], Step [3730/3735], Loss: 0.0006, Time:0.18723726272583008
learning rate 0.0004286 -> 0.0003810
End of epoch23,Use time:534.3677124977112,the accuracy is 0.9750722930277391
Saving the latest model....
验证集数据总量： 8039 预测正确的数量： 6656
当前模型在验证集上的准确率为： 0.827963677074263
当前模型在验证集上的F1-score为: 0.07013676964891717
Epoch [24/30], Step [95/3735], Loss: 0.0084, Time:0.23624587059020996
Epoch [24/30], Step [195/3735], Loss: 0.0069, Time:0.2069718837738037
Epoch [24/30], Step [295/3735], Loss: 0.0045, Time:0.1741487979888916
Epoch [24/30], Step [395/3735], Loss: 0.1013, Time:0.17840886116027832
Epoch [24/30], Step [495/3735], Loss: 0.2099, Time:0.20065689086914062
Epoch [24/30], Step [595/3735], Loss: 0.0021, Time:0.20534777641296387
Epoch [24/30], Step [695/3735], Loss: 0.0002, Time:0.16450095176696777
Epoch [24/30], Step [795/3735], Loss: 0.0017, Time:0.1509697437286377
Epoch [24/30], Step [895/3735], Loss: 0.0418, Time:0.19413018226623535
Epoch [24/30], Step [995/3735], Loss: 0.0087, Time:0.20622682571411133
Epoch [24/30], Step [1095/3735], Loss: 0.1103, Time:0.1523265838623047
Epoch [24/30], Step [1195/3735], Loss: 0.0003, Time:0.19605731964111328
Epoch [24/30], Step [1295/3735], Loss: 0.0907, Time:0.16602683067321777
Epoch [24/30], Step [1395/3735], Loss: 0.0019, Time:0.17422938346862793
Epoch [24/30], Step [1495/3735], Loss: 0.0002, Time:0.14390206336975098
Epoch [24/30], Step [1595/3735], Loss: 0.0001, Time:0.1413249969482422
Epoch [24/30], Step [1695/3735], Loss: 0.6479, Time:0.17586350440979004
Epoch [24/30], Step [1795/3735], Loss: 0.9394, Time:0.19843602180480957
Epoch [24/30], Step [1895/3735], Loss: 0.1693, Time:0.2437272071838379
Epoch [24/30], Step [1995/3735], Loss: 0.2566, Time:0.18973159790039062
Epoch [24/30], Step [2095/3735], Loss: 0.0071, Time:0.2022230625152588
Epoch [24/30], Step [2195/3735], Loss: 0.4596, Time:0.24726462364196777
Epoch [24/30], Step [2295/3735], Loss: 0.0008, Time:0.2444016933441162
Epoch [24/30], Step [2395/3735], Loss: 0.0251, Time:0.15863919258117676
Epoch [24/30], Step [2495/3735], Loss: 0.0013, Time:0.20892572402954102
Epoch [24/30], Step [2595/3735], Loss: 0.0012, Time:0.2378535270690918
Epoch [24/30], Step [2695/3735], Loss: 0.1498, Time:0.22375178337097168
Epoch [24/30], Step [2795/3735], Loss: 0.0047, Time:0.22864484786987305
Epoch [24/30], Step [2895/3735], Loss: 0.0286, Time:0.19178009033203125
Epoch [24/30], Step [2995/3735], Loss: 0.0027, Time:0.18432116508483887
Epoch [24/30], Step [3095/3735], Loss: 0.0267, Time:0.19974994659423828
Epoch [24/30], Step [3195/3735], Loss: 0.2020, Time:0.22077178955078125
Epoch [24/30], Step [3295/3735], Loss: 0.0009, Time:0.22260355949401855
Epoch [24/30], Step [3395/3735], Loss: 0.1960, Time:0.19205737113952637
Epoch [24/30], Step [3495/3735], Loss: 0.0001, Time:0.20545673370361328
Epoch [24/30], Step [3595/3735], Loss: 0.0015, Time:0.20368146896362305
Epoch [24/30], Step [3695/3735], Loss: 0.2461, Time:0.19529271125793457
learning rate 0.0003810 -> 0.0003333
End of epoch24,Use time:519.8016319274902,the accuracy is 0.9785530684373996
Saving the latest model....
Epoch [25/30], Step [60/3735], Loss: 0.0670, Time:0.18543314933776855
Epoch [25/30], Step [160/3735], Loss: 0.0000, Time:0.20110654830932617
Epoch [25/30], Step [260/3735], Loss: 0.0798, Time:0.18346333503723145
Epoch [25/30], Step [360/3735], Loss: 0.0232, Time:0.14327311515808105
Epoch [25/30], Step [460/3735], Loss: 0.0119, Time:0.1446399688720703
Epoch [25/30], Step [560/3735], Loss: 0.0188, Time:0.14169025421142578
Epoch [25/30], Step [660/3735], Loss: 0.0083, Time:0.14213299751281738
Epoch [25/30], Step [760/3735], Loss: 0.0001, Time:0.13975882530212402
Epoch [25/30], Step [860/3735], Loss: 0.0014, Time:0.18356919288635254
Epoch [25/30], Step [960/3735], Loss: 0.0138, Time:0.10216426849365234
Epoch [25/30], Step [1060/3735], Loss: 0.0027, Time:0.10013628005981445
Epoch [25/30], Step [1160/3735], Loss: 0.0176, Time:0.08964323997497559
Epoch [25/30], Step [1260/3735], Loss: 0.0483, Time:0.07694077491760254
Epoch [25/30], Step [1360/3735], Loss: 0.0464, Time:0.11077046394348145
Epoch [25/30], Step [1460/3735], Loss: 0.0012, Time:0.09853029251098633
Epoch [25/30], Step [1560/3735], Loss: 0.2075, Time:0.09325623512268066
Epoch [25/30], Step [1660/3735], Loss: 0.0057, Time:0.10744309425354004
Epoch [25/30], Step [1760/3735], Loss: 0.0005, Time:0.07238459587097168
Epoch [25/30], Step [1860/3735], Loss: 0.0647, Time:0.09565353393554688
Epoch [25/30], Step [1960/3735], Loss: 0.0235, Time:0.11065411567687988
Epoch [25/30], Step [2060/3735], Loss: 0.1045, Time:0.10727357864379883
Epoch [25/30], Step [2160/3735], Loss: 0.0002, Time:0.08090066909790039
Epoch [25/30], Step [2260/3735], Loss: 0.1717, Time:0.09759950637817383
Epoch [25/30], Step [2360/3735], Loss: 0.0242, Time:0.10121870040893555
Epoch [25/30], Step [2460/3735], Loss: 0.0582, Time:0.05895709991455078
Epoch [25/30], Step [2560/3735], Loss: 0.0012, Time:0.12858986854553223
Epoch [25/30], Step [2660/3735], Loss: 0.0006, Time:0.09270119667053223
Epoch [25/30], Step [2760/3735], Loss: 0.9633, Time:0.09767460823059082
Epoch [25/30], Step [2860/3735], Loss: 0.0100, Time:0.07570743560791016
Epoch [25/30], Step [2960/3735], Loss: 0.2912, Time:0.10068583488464355
Epoch [25/30], Step [3060/3735], Loss: 0.0344, Time:0.1154935359954834
Epoch [25/30], Step [3160/3735], Loss: 0.0642, Time:0.05501365661621094
Epoch [25/30], Step [3260/3735], Loss: 0.0016, Time:0.1054999828338623
Epoch [25/30], Step [3360/3735], Loss: 0.0041, Time:0.10517287254333496
Epoch [25/30], Step [3460/3735], Loss: 0.0087, Time:0.12129569053649902
Epoch [25/30], Step [3560/3735], Loss: 0.0061, Time:0.09089159965515137
Epoch [25/30], Step [3660/3735], Loss: 0.0042, Time:0.14073395729064941
learning rate 0.0003333 -> 0.0002857
End of epoch25,Use time:328.5671615600586,the accuracy is 0.9803470065331477
Saving the latest model....
验证集数据总量： 8039 预测正确的数量： 6725
当前模型在验证集上的准确率为： 0.8365468341833562
当前模型在验证集上的F1-score为: 0.07196085305425774
Epoch [26/30], Step [25/3735], Loss: 0.0312, Time:0.0947122573852539
Epoch [26/30], Step [125/3735], Loss: 0.0078, Time:0.09146976470947266
Epoch [26/30], Step [225/3735], Loss: 0.0263, Time:0.15445876121520996
Epoch [26/30], Step [325/3735], Loss: 0.0023, Time:0.13651442527770996
Epoch [26/30], Step [425/3735], Loss: 0.0013, Time:0.13369464874267578
Epoch [26/30], Step [525/3735], Loss: 0.0000, Time:0.09353351593017578
Epoch [26/30], Step [625/3735], Loss: 0.1134, Time:0.09195399284362793
Epoch [26/30], Step [725/3735], Loss: 0.0000, Time:0.12049198150634766
Epoch [26/30], Step [825/3735], Loss: 0.0004, Time:0.08245301246643066
Epoch [26/30], Step [925/3735], Loss: 0.0157, Time:0.06005215644836426
Epoch [26/30], Step [1025/3735], Loss: 0.0352, Time:0.0737156867980957
Epoch [26/30], Step [1125/3735], Loss: 0.2750, Time:0.10115957260131836
Epoch [26/30], Step [1225/3735], Loss: 0.0050, Time:0.09457182884216309
Epoch [26/30], Step [1325/3735], Loss: 0.0478, Time:0.056054115295410156
Epoch [26/30], Step [1425/3735], Loss: 0.0016, Time:0.08175230026245117
Epoch [26/30], Step [1525/3735], Loss: 0.0001, Time:0.09583878517150879
Epoch [26/30], Step [1625/3735], Loss: 0.0164, Time:0.08573102951049805
Epoch [26/30], Step [1725/3735], Loss: 0.0312, Time:0.0571744441986084
Epoch [26/30], Step [1825/3735], Loss: 0.3722, Time:0.10447430610656738
Epoch [26/30], Step [1925/3735], Loss: 0.0001, Time:0.10745406150817871
Epoch [26/30], Step [2025/3735], Loss: 0.0005, Time:0.0904386043548584
Epoch [26/30], Step [2125/3735], Loss: 0.0104, Time:0.11901235580444336
Epoch [26/30], Step [2225/3735], Loss: 0.0359, Time:0.08843350410461426
Epoch [26/30], Step [2325/3735], Loss: 0.0000, Time:0.11407279968261719
Epoch [26/30], Step [2425/3735], Loss: 0.0447, Time:0.07918715476989746
Epoch [26/30], Step [2525/3735], Loss: 0.0017, Time:0.10394644737243652
Epoch [26/30], Step [2625/3735], Loss: 0.0055, Time:0.11567091941833496
Epoch [26/30], Step [2725/3735], Loss: 0.0201, Time:0.10219335556030273
Epoch [26/30], Step [2825/3735], Loss: 0.0036, Time:0.141251802444458
Epoch [26/30], Step [2925/3735], Loss: 0.0000, Time:0.0890650749206543
Epoch [26/30], Step [3025/3735], Loss: 0.0051, Time:0.10279321670532227
Epoch [26/30], Step [3125/3735], Loss: 0.0007, Time:0.12346649169921875
Epoch [26/30], Step [3225/3735], Loss: 0.0000, Time:0.06836938858032227
Epoch [26/30], Step [3325/3735], Loss: 0.0003, Time:0.09629344940185547
Epoch [26/30], Step [3425/3735], Loss: 0.2167, Time:0.11620783805847168
Epoch [26/30], Step [3525/3735], Loss: 0.1141, Time:0.11352658271789551
Epoch [26/30], Step [3625/3735], Loss: 0.0025, Time:0.09721612930297852
Epoch [26/30], Step [3725/3735], Loss: 0.1383, Time:0.0840306282043457
learning rate 0.0002857 -> 0.0002381
End of epoch26,Use time:290.4078140258789,the accuracy is 0.9827299989289922
Saving the latest model....
Epoch [27/30], Step [90/3735], Loss: 0.0012, Time:0.09574580192565918
Epoch [27/30], Step [190/3735], Loss: 0.0429, Time:0.09330320358276367
Epoch [27/30], Step [290/3735], Loss: 0.0777, Time:0.11270785331726074
Epoch [27/30], Step [390/3735], Loss: 0.0174, Time:0.07843017578125
Epoch [27/30], Step [490/3735], Loss: 0.0014, Time:0.12314319610595703
Epoch [27/30], Step [590/3735], Loss: 0.0016, Time:0.12425637245178223
Epoch [27/30], Step [690/3735], Loss: 0.0495, Time:0.09301066398620605
Epoch [27/30], Step [790/3735], Loss: 0.0868, Time:0.0816497802734375
Epoch [27/30], Step [890/3735], Loss: 0.1436, Time:0.1113133430480957
Epoch [27/30], Step [990/3735], Loss: 0.0070, Time:0.10866498947143555
Epoch [27/30], Step [1090/3735], Loss: 0.6761, Time:0.08144259452819824
Epoch [27/30], Step [1190/3735], Loss: 0.0049, Time:0.12678790092468262
Epoch [27/30], Step [1290/3735], Loss: 0.0001, Time:0.1450493335723877
Epoch [27/30], Step [1390/3735], Loss: 0.0010, Time:0.08954334259033203
Epoch [27/30], Step [1490/3735], Loss: 0.0001, Time:0.0934896469116211
Epoch [27/30], Step [1590/3735], Loss: 0.0087, Time:0.07857370376586914
Epoch [27/30], Step [1690/3735], Loss: 0.0226, Time:0.07565665245056152
Epoch [27/30], Step [1790/3735], Loss: 0.3939, Time:0.09241867065429688
Epoch [27/30], Step [1890/3735], Loss: 0.2169, Time:0.11234474182128906
Epoch [27/30], Step [1990/3735], Loss: 0.0007, Time:0.08672499656677246
Epoch [27/30], Step [2090/3735], Loss: 0.0002, Time:0.10101723670959473
Epoch [27/30], Step [2190/3735], Loss: 0.1788, Time:0.0985267162322998
Epoch [27/30], Step [2290/3735], Loss: 0.0044, Time:0.11296844482421875
Epoch [27/30], Step [2390/3735], Loss: 0.0158, Time:0.08715224266052246
Epoch [27/30], Step [2490/3735], Loss: 0.0006, Time:0.07523894309997559
Epoch [27/30], Step [2590/3735], Loss: 0.0029, Time:0.09688448905944824
Epoch [27/30], Step [2690/3735], Loss: 0.0138, Time:0.11385893821716309
Epoch [27/30], Step [2790/3735], Loss: 0.0059, Time:0.09054303169250488
Epoch [27/30], Step [2890/3735], Loss: 0.0060, Time:0.09969782829284668
saving the latest model (epoch 26, total_iters 1000000)
Epoch [27/30], Step [2990/3735], Loss: 0.0102, Time:0.0828092098236084
Epoch [27/30], Step [3090/3735], Loss: 0.0007, Time:0.12073540687561035
Epoch [27/30], Step [3190/3735], Loss: 0.3369, Time:0.07644343376159668
Epoch [27/30], Step [3290/3735], Loss: 0.0131, Time:0.11149239540100098
Epoch [27/30], Step [3390/3735], Loss: 0.0037, Time:0.1360483169555664
Epoch [27/30], Step [3490/3735], Loss: 0.0046, Time:0.12532496452331543
Epoch [27/30], Step [3590/3735], Loss: 0.0139, Time:0.11010241508483887
Epoch [27/30], Step [3690/3735], Loss: 0.0001, Time:0.10632205009460449
learning rate 0.0002381 -> 0.0001905
End of epoch27,Use time:292.8749029636383,the accuracy is 0.9833726036200064
Saving the latest model....
验证集数据总量： 8039 预测正确的数量： 6798
当前模型在验证集上的准确率为： 0.8456275656176141
当前模型在验证集上的F1-score为: 0.07323988076723999
Epoch [28/30], Step [55/3735], Loss: 0.0629, Time:0.10399293899536133
Epoch [28/30], Step [155/3735], Loss: 0.0091, Time:0.09915328025817871
Epoch [28/30], Step [255/3735], Loss: 0.0000, Time:0.08567166328430176
Epoch [28/30], Step [355/3735], Loss: 0.0004, Time:0.11043500900268555
Epoch [28/30], Step [455/3735], Loss: 0.0001, Time:0.13132381439208984
Epoch [28/30], Step [555/3735], Loss: 0.0274, Time:0.11066126823425293
Epoch [28/30], Step [655/3735], Loss: 0.0000, Time:0.07382631301879883
Epoch [28/30], Step [755/3735], Loss: 0.0000, Time:0.1210336685180664
Epoch [28/30], Step [855/3735], Loss: 0.0010, Time:0.12461352348327637
Epoch [28/30], Step [955/3735], Loss: 0.0000, Time:0.10840940475463867
Epoch [28/30], Step [1055/3735], Loss: 0.0270, Time:0.10184955596923828
Epoch [28/30], Step [1155/3735], Loss: 0.2144, Time:0.05822396278381348
Epoch [28/30], Step [1255/3735], Loss: 0.0096, Time:0.12613224983215332
Epoch [28/30], Step [1355/3735], Loss: 0.0927, Time:0.10167574882507324
Epoch [28/30], Step [1455/3735], Loss: 0.0057, Time:0.1362931728363037
Epoch [28/30], Step [1555/3735], Loss: 0.0140, Time:0.06664037704467773
Epoch [28/30], Step [1655/3735], Loss: 0.0029, Time:0.12400937080383301
Epoch [28/30], Step [1755/3735], Loss: 0.0606, Time:0.10753202438354492
Epoch [28/30], Step [1855/3735], Loss: 0.0003, Time:0.1175386905670166
Epoch [28/30], Step [1955/3735], Loss: 0.0018, Time:0.11461091041564941
Epoch [28/30], Step [2055/3735], Loss: 0.0001, Time:0.10119223594665527
Epoch [28/30], Step [2155/3735], Loss: 0.0123, Time:0.10488557815551758
Epoch [28/30], Step [2255/3735], Loss: 0.0010, Time:0.06117725372314453
Epoch [28/30], Step [2355/3735], Loss: 0.2254, Time:0.11469578742980957
Epoch [28/30], Step [2455/3735], Loss: 0.0001, Time:0.0816342830657959
Epoch [28/30], Step [2555/3735], Loss: 0.8774, Time:0.09270334243774414
Epoch [28/30], Step [2655/3735], Loss: 0.1336, Time:0.105499267578125
Epoch [28/30], Step [2755/3735], Loss: 0.3512, Time:0.12276649475097656
Epoch [28/30], Step [2855/3735], Loss: 0.0954, Time:0.07826352119445801
Epoch [28/30], Step [2955/3735], Loss: 0.0006, Time:0.07334232330322266
Epoch [28/30], Step [3055/3735], Loss: 0.0060, Time:0.08367371559143066
Epoch [28/30], Step [3155/3735], Loss: 0.0862, Time:0.11896061897277832
Epoch [28/30], Step [3255/3735], Loss: 0.0056, Time:0.1250438690185547
Epoch [28/30], Step [3355/3735], Loss: 0.3043, Time:0.08965301513671875
Epoch [28/30], Step [3455/3735], Loss: 0.0000, Time:0.11518716812133789
Epoch [28/30], Step [3555/3735], Loss: 0.0046, Time:0.11866188049316406
Epoch [28/30], Step [3655/3735], Loss: 0.0001, Time:0.10417437553405762
learning rate 0.0001905 -> 0.0001429
End of epoch28,Use time:292.32124638557434,the accuracy is 0.9844971618292814
Saving the latest model....
Epoch [29/30], Step [20/3735], Loss: 0.1032, Time:0.10999751091003418
Epoch [29/30], Step [120/3735], Loss: 0.0023, Time:0.10509204864501953
Epoch [29/30], Step [220/3735], Loss: 0.0008, Time:0.10107588768005371
Epoch [29/30], Step [320/3735], Loss: 0.0011, Time:0.11361575126647949
Epoch [29/30], Step [420/3735], Loss: 1.0530, Time:0.09555625915527344
Epoch [29/30], Step [520/3735], Loss: 0.2611, Time:0.060175418853759766
Epoch [29/30], Step [620/3735], Loss: 0.0485, Time:0.1250448226928711
Epoch [29/30], Step [720/3735], Loss: 0.0001, Time:0.10377621650695801
Epoch [29/30], Step [820/3735], Loss: 0.0018, Time:0.09145021438598633
Epoch [29/30], Step [920/3735], Loss: 0.0001, Time:0.10555720329284668
Epoch [29/30], Step [1020/3735], Loss: 0.1427, Time:0.07991504669189453
Epoch [29/30], Step [1120/3735], Loss: 0.0202, Time:0.11011576652526855
Epoch [29/30], Step [1220/3735], Loss: 0.0004, Time:0.12216901779174805
Epoch [29/30], Step [1320/3735], Loss: 0.0399, Time:0.08834314346313477
Epoch [29/30], Step [1420/3735], Loss: 0.0024, Time:0.10695147514343262
Epoch [29/30], Step [1520/3735], Loss: 0.0498, Time:0.12417483329772949
Epoch [29/30], Step [1620/3735], Loss: 0.0009, Time:0.06387925148010254
Epoch [29/30], Step [1720/3735], Loss: 0.0156, Time:0.08011388778686523
Epoch [29/30], Step [1820/3735], Loss: 0.0015, Time:0.1358644962310791
Epoch [29/30], Step [1920/3735], Loss: 0.0270, Time:0.08394384384155273
Epoch [29/30], Step [2020/3735], Loss: 0.0723, Time:0.1030728816986084
Epoch [29/30], Step [2120/3735], Loss: 0.0426, Time:0.12167692184448242
Epoch [29/30], Step [2220/3735], Loss: 0.0004, Time:0.12150454521179199
Epoch [29/30], Step [2320/3735], Loss: 0.0014, Time:0.12117815017700195
Epoch [29/30], Step [2420/3735], Loss: 0.0018, Time:0.09411215782165527
Epoch [29/30], Step [2520/3735], Loss: 0.0001, Time:0.08155632019042969
Epoch [29/30], Step [2620/3735], Loss: 0.0001, Time:0.07538104057312012
Epoch [29/30], Step [2720/3735], Loss: 0.0015, Time:0.10243964195251465
Epoch [29/30], Step [2820/3735], Loss: 0.0003, Time:0.10787248611450195
Epoch [29/30], Step [2920/3735], Loss: 0.0000, Time:0.08661460876464844
Epoch [29/30], Step [3020/3735], Loss: 0.0006, Time:0.10812187194824219
Epoch [29/30], Step [3120/3735], Loss: 0.0052, Time:0.08325862884521484
Epoch [29/30], Step [3220/3735], Loss: 0.0006, Time:0.13109469413757324
Epoch [29/30], Step [3320/3735], Loss: 0.0045, Time:0.06508493423461914
Epoch [29/30], Step [3420/3735], Loss: 0.0075, Time:0.08709979057312012
Epoch [29/30], Step [3520/3735], Loss: 0.0463, Time:0.10196590423583984
Epoch [29/30], Step [3620/3735], Loss: 0.0032, Time:0.11103343963623047
Epoch [29/30], Step [3720/3735], Loss: 0.0369, Time:0.09577608108520508
learning rate 0.0001429 -> 0.0000952
End of epoch29,Use time:291.88288855552673,the accuracy is 0.9850594409339188
Saving the latest model....
验证集数据总量： 8039 预测正确的数量： 6855
当前模型在验证集上的准确率为： 0.8527179997512129
当前模型在验证集上的F1-score为: 0.07432847631675224
Epoch [30/30], Step [85/3735], Loss: 0.5539, Time:0.10060501098632812
Epoch [30/30], Step [185/3735], Loss: 0.3981, Time:0.09634733200073242
Epoch [30/30], Step [285/3735], Loss: 0.0000, Time:0.11605954170227051
Epoch [30/30], Step [385/3735], Loss: 0.0016, Time:0.10184764862060547
Epoch [30/30], Step [485/3735], Loss: 0.0030, Time:0.07873058319091797
Epoch [30/30], Step [585/3735], Loss: 0.0003, Time:0.07879400253295898
Epoch [30/30], Step [685/3735], Loss: 0.0021, Time:0.10094404220581055
Epoch [30/30], Step [785/3735], Loss: 0.0084, Time:0.10041356086730957
Epoch [30/30], Step [885/3735], Loss: 0.0167, Time:0.11136889457702637
Epoch [30/30], Step [985/3735], Loss: 0.2882, Time:0.1312398910522461
Epoch [30/30], Step [1085/3735], Loss: 0.0000, Time:0.08708000183105469
Epoch [30/30], Step [1185/3735], Loss: 0.0008, Time:0.08376908302307129
Epoch [30/30], Step [1285/3735], Loss: 0.0333, Time:0.11773872375488281
Epoch [30/30], Step [1385/3735], Loss: 0.0011, Time:0.13096284866333008
Epoch [30/30], Step [1485/3735], Loss: 0.0007, Time:0.08739805221557617
Epoch [30/30], Step [1585/3735], Loss: 0.0010, Time:0.12691020965576172
Epoch [30/30], Step [1685/3735], Loss: 0.0152, Time:0.11583232879638672
Epoch [30/30], Step [1785/3735], Loss: 0.0001, Time:0.11233997344970703
Epoch [30/30], Step [1885/3735], Loss: 0.0000, Time:0.11445951461791992
Epoch [30/30], Step [1985/3735], Loss: 0.0005, Time:0.1287691593170166
Epoch [30/30], Step [2085/3735], Loss: 0.0349, Time:0.10849380493164062
Epoch [30/30], Step [2185/3735], Loss: 0.0124, Time:0.11859893798828125
Epoch [30/30], Step [2285/3735], Loss: 0.0146, Time:0.10537838935852051
Epoch [30/30], Step [2385/3735], Loss: 0.0000, Time:0.08854532241821289
Epoch [30/30], Step [2485/3735], Loss: 0.0461, Time:0.10620307922363281
Epoch [30/30], Step [2585/3735], Loss: 0.0000, Time:0.10752391815185547
Epoch [30/30], Step [2685/3735], Loss: 0.0004, Time:0.10704493522644043
Epoch [30/30], Step [2785/3735], Loss: 0.0000, Time:0.09108471870422363
Epoch [30/30], Step [2885/3735], Loss: 0.0004, Time:0.09871315956115723
Epoch [30/30], Step [2985/3735], Loss: 0.0045, Time:0.06726193428039551
Epoch [30/30], Step [3085/3735], Loss: 0.0011, Time:0.10009551048278809
Epoch [30/30], Step [3185/3735], Loss: 0.0017, Time:0.12847685813903809
Epoch [30/30], Step [3285/3735], Loss: 0.0000, Time:0.12126588821411133
Epoch [30/30], Step [3385/3735], Loss: 0.0209, Time:0.07430291175842285
Epoch [30/30], Step [3485/3735], Loss: 0.0002, Time:0.09506082534790039
Epoch [30/30], Step [3585/3735], Loss: 0.1799, Time:0.07411718368530273
Epoch [30/30], Step [3685/3735], Loss: 0.0000, Time:0.07049822807312012
learning rate 0.0000952 -> 0.0000476
End of epoch30,Use time:291.65217447280884,the accuracy is 0.9835600299882189
Saving the latest model....
/home/pjian/pyd/DL/DL-hw3/Exp3_utils.py:99: UserWarning: Legend does not support [<matplotlib.lines.Line2D object at 0x7f1782eb07f0>] instances.
A proxy artist may be used instead.
See: https://matplotlib.org/users/legend_guide.html#creating-artists-specifically-for-adding-to-the-legend-aka-proxy-artists
  plt.legend(lines,names,loc = 'lower right',fontsize = 10)
/home/pjian/pyd/DL/DL-hw3/Exp3_utils.py:99: UserWarning: Legend does not support [<matplotlib.lines.Line2D object at 0x7f1782eb0af0>] instances.
A proxy artist may be used instead.
See: https://matplotlib.org/users/legend_guide.html#creating-artists-specifically-for-adding-to-the-legend-aka-proxy-artists
  plt.legend(lines,names,loc = 'lower right',fontsize = 10)
Output finished
Output finished
Output finished
Output finished
训练完成！
Traceback (most recent call last):
  File "/home/pjian/pyd/DL/DL-hw3/Exp3_Main.py", line 168, in <module>
    batch_size=config.batch_size,
  File "/home/pjian/pyd/DL/DL-hw3/Exp3_Main.py", line 96, in predict
    label = label.to(device)
  File "/home/pjian/anaconda3/envs/dl/lib/python3.9/site-packages/torch/utils/data/dataloader.py", line 521, in __next__
    data = self._next_data()
  File "/home/pjian/anaconda3/envs/dl/lib/python3.9/site-packages/torch/utils/data/dataloader.py", line 561, in _next_data
    data = self._dataset_fetcher.fetch(index)  # may raise StopIteration
  File "/home/pjian/anaconda3/envs/dl/lib/python3.9/site-packages/torch/utils/data/_utils/fetch.py", line 49, in fetch
    data = [self.dataset[idx] for idx in possibly_batched_index]
  File "/home/pjian/anaconda3/envs/dl/lib/python3.9/site-packages/torch/utils/data/_utils/fetch.py", line 49, in <listcomp>
    data = [self.dataset[idx] for idx in possibly_batched_index]
  File "/home/pjian/anaconda3/envs/dl/lib/python3.9/site-packages/torch/utils/data/dataset.py", line 69, in __getitem__
    raise NotImplementedError
NotImplementedError
