nohup: 忽略输入
Epoch [1/30], Step [100/3735], Loss: 2.0182, Time:0.13492846488952637
Epoch [1/30], Step [200/3735], Loss: 2.0177, Time:0.12096524238586426
Epoch [1/30], Step [300/3735], Loss: 4.3866, Time:0.10146141052246094
Epoch [1/30], Step [400/3735], Loss: 2.0065, Time:0.12100863456726074
Epoch [1/30], Step [500/3735], Loss: 3.1175, Time:0.10636281967163086
Epoch [1/30], Step [600/3735], Loss: 1.7935, Time:0.12024164199829102
Epoch [1/30], Step [700/3735], Loss: 2.1880, Time:0.09929466247558594
Epoch [1/30], Step [800/3735], Loss: 1.6833, Time:0.13198566436767578
Epoch [1/30], Step [900/3735], Loss: 2.5791, Time:0.1173098087310791
Epoch [1/30], Step [1000/3735], Loss: 3.2723, Time:0.1028757095336914
Epoch [1/30], Step [1100/3735], Loss: 2.0730, Time:0.10469889640808105
Epoch [1/30], Step [1200/3735], Loss: 1.3637, Time:0.1124718189239502
Epoch [1/30], Step [1300/3735], Loss: 2.2574, Time:0.11003708839416504
Epoch [1/30], Step [1400/3735], Loss: 3.9830, Time:0.13613104820251465
Epoch [1/30], Step [1500/3735], Loss: 2.4824, Time:0.11235260963439941
Epoch [1/30], Step [1600/3735], Loss: 1.5749, Time:0.1004934310913086
Epoch [1/30], Step [1700/3735], Loss: 0.3238, Time:0.11082220077514648
Epoch [1/30], Step [1800/3735], Loss: 3.0479, Time:0.1139841079711914
Epoch [1/30], Step [1900/3735], Loss: 0.9359, Time:0.1449604034423828
Epoch [1/30], Step [2000/3735], Loss: 1.3041, Time:0.14954757690429688
Epoch [1/30], Step [2100/3735], Loss: 2.8849, Time:0.13790345191955566
Epoch [1/30], Step [2200/3735], Loss: 1.3332, Time:0.16156625747680664
Epoch [1/30], Step [2300/3735], Loss: 1.3203, Time:0.1793985366821289
Epoch [1/30], Step [2400/3735], Loss: 1.2208, Time:0.17496371269226074
Epoch [1/30], Step [2500/3735], Loss: 1.9208, Time:0.1599750518798828
Epoch [1/30], Step [2600/3735], Loss: 1.1050, Time:0.18149924278259277
Epoch [1/30], Step [2700/3735], Loss: 1.1553, Time:0.13899636268615723
Epoch [1/30], Step [2800/3735], Loss: 0.8368, Time:0.16670966148376465
Epoch [1/30], Step [2900/3735], Loss: 0.8775, Time:0.15031933784484863
Epoch [1/30], Step [3000/3735], Loss: 0.6906, Time:0.15138626098632812
Epoch [1/30], Step [3100/3735], Loss: 0.6770, Time:0.13578176498413086
Epoch [1/30], Step [3200/3735], Loss: 1.2205, Time:0.12059497833251953
Epoch [1/30], Step [3300/3735], Loss: 0.9750, Time:0.1367509365081787
Epoch [1/30], Step [3400/3735], Loss: 1.3974, Time:0.16726255416870117
Epoch [1/30], Step [3500/3735], Loss: 1.6311, Time:0.14321279525756836
Epoch [1/30], Step [3600/3735], Loss: 0.9472, Time:0.1323549747467041
Epoch [1/30], Step [3700/3735], Loss: 0.9526, Time:0.1184544563293457
learning rate 0.0010000 -> 0.0010000
End of epoch1,Use time:380.83861923217773,the accuracy is 0.5217950091035665
Saving the latest model....
验证集数据总量： 8039 预测正确的数量： 5337
当前模型在验证集上的准确率为： 0.6638885433511631
当前模型在验证集上的F1-score为: 0.04811706198524333
Epoch [2/30], Step [65/3735], Loss: 1.5298, Time:0.13612985610961914
Epoch [2/30], Step [165/3735], Loss: 1.8582, Time:0.16072392463684082
Epoch [2/30], Step [265/3735], Loss: 0.9687, Time:0.14702820777893066
Epoch [2/30], Step [365/3735], Loss: 1.9142, Time:0.12519121170043945
Epoch [2/30], Step [465/3735], Loss: 0.9076, Time:0.13918805122375488
Epoch [2/30], Step [565/3735], Loss: 0.5856, Time:0.15555906295776367
Epoch [2/30], Step [665/3735], Loss: 1.5053, Time:0.17516541481018066
Epoch [2/30], Step [765/3735], Loss: 0.7242, Time:0.1704118251800537
Epoch [2/30], Step [865/3735], Loss: 0.7604, Time:0.12971782684326172
Epoch [2/30], Step [965/3735], Loss: 0.5979, Time:0.1668534278869629
Epoch [2/30], Step [1065/3735], Loss: 1.0912, Time:0.1642899513244629
Epoch [2/30], Step [1165/3735], Loss: 0.8942, Time:0.18155670166015625
Epoch [2/30], Step [1265/3735], Loss: 1.1635, Time:0.12866473197937012
Epoch [2/30], Step [1365/3735], Loss: 1.2455, Time:0.12338948249816895
Epoch [2/30], Step [1465/3735], Loss: 0.6596, Time:0.17958450317382812
Epoch [2/30], Step [1565/3735], Loss: 1.8219, Time:0.1614701747894287
Epoch [2/30], Step [1665/3735], Loss: 1.2730, Time:0.13350558280944824
Epoch [2/30], Step [1765/3735], Loss: 1.4803, Time:0.1297011375427246
Epoch [2/30], Step [1865/3735], Loss: 0.7201, Time:0.1375260353088379
Epoch [2/30], Step [1965/3735], Loss: 0.4057, Time:0.1417379379272461
Epoch [2/30], Step [2065/3735], Loss: 0.9376, Time:0.13722515106201172
Epoch [2/30], Step [2165/3735], Loss: 0.2581, Time:0.14308714866638184
Epoch [2/30], Step [2265/3735], Loss: 0.7983, Time:0.12368607521057129
Epoch [2/30], Step [2365/3735], Loss: 2.3641, Time:0.1623399257659912
Epoch [2/30], Step [2465/3735], Loss: 0.5763, Time:0.175980806350708
Epoch [2/30], Step [2565/3735], Loss: 1.0778, Time:0.1362605094909668
Epoch [2/30], Step [2665/3735], Loss: 0.6426, Time:0.12189769744873047
Epoch [2/30], Step [2765/3735], Loss: 1.1347, Time:0.1433119773864746
Epoch [2/30], Step [2865/3735], Loss: 1.3604, Time:0.15299725532531738
Epoch [2/30], Step [2965/3735], Loss: 1.6998, Time:0.15428662300109863
Epoch [2/30], Step [3065/3735], Loss: 0.3429, Time:0.1762387752532959
Epoch [2/30], Step [3165/3735], Loss: 0.9941, Time:0.1497046947479248
Epoch [2/30], Step [3265/3735], Loss: 0.3656, Time:0.17557716369628906
Epoch [2/30], Step [3365/3735], Loss: 0.7330, Time:0.15421199798583984
Epoch [2/30], Step [3465/3735], Loss: 0.5018, Time:0.14606595039367676
Epoch [2/30], Step [3565/3735], Loss: 1.2684, Time:0.14322257041931152
Epoch [2/30], Step [3665/3735], Loss: 0.3710, Time:0.12559223175048828
learning rate 0.0010000 -> 0.0010000
End of epoch2,Use time:418.5171811580658,the accuracy is 0.7058744778836885
Saving the latest model....
Epoch [3/30], Step [30/3735], Loss: 0.6024, Time:0.19721126556396484
Epoch [3/30], Step [130/3735], Loss: 0.2718, Time:0.13451409339904785
Epoch [3/30], Step [230/3735], Loss: 0.2561, Time:0.16875290870666504
Epoch [3/30], Step [330/3735], Loss: 1.4177, Time:0.12578535079956055
Epoch [3/30], Step [430/3735], Loss: 0.7237, Time:0.1417250633239746
Epoch [3/30], Step [530/3735], Loss: 0.4330, Time:0.1659224033355713
Epoch [3/30], Step [630/3735], Loss: 0.4595, Time:0.14478683471679688
Epoch [3/30], Step [730/3735], Loss: 0.3941, Time:0.1762406826019287
Epoch [3/30], Step [830/3735], Loss: 0.9163, Time:0.14498114585876465
Epoch [3/30], Step [930/3735], Loss: 0.3297, Time:0.11765289306640625
Epoch [3/30], Step [1030/3735], Loss: 0.4761, Time:0.1676464080810547
Epoch [3/30], Step [1130/3735], Loss: 0.7138, Time:0.17006564140319824
Epoch [3/30], Step [1230/3735], Loss: 1.7721, Time:0.14358067512512207
Epoch [3/30], Step [1330/3735], Loss: 1.2131, Time:0.12983965873718262
Epoch [3/30], Step [1430/3735], Loss: 0.4721, Time:0.13047432899475098
Epoch [3/30], Step [1530/3735], Loss: 0.1227, Time:0.12772655487060547
Epoch [3/30], Step [1630/3735], Loss: 0.5648, Time:0.15504789352416992
Epoch [3/30], Step [1730/3735], Loss: 0.4505, Time:0.09990501403808594
Epoch [3/30], Step [1830/3735], Loss: 1.1905, Time:0.13906335830688477
Epoch [3/30], Step [1930/3735], Loss: 0.8121, Time:0.15183258056640625
Epoch [3/30], Step [2030/3735], Loss: 1.1044, Time:0.13086557388305664
Epoch [3/30], Step [2130/3735], Loss: 0.6246, Time:0.13927960395812988
Epoch [3/30], Step [2230/3735], Loss: 0.7148, Time:0.1750180721282959
Epoch [3/30], Step [2330/3735], Loss: 0.4947, Time:0.1307072639465332
Epoch [3/30], Step [2430/3735], Loss: 0.8128, Time:0.16689324378967285
Epoch [3/30], Step [2530/3735], Loss: 0.8440, Time:0.16907382011413574
Epoch [3/30], Step [2630/3735], Loss: 0.3738, Time:0.16263222694396973
Epoch [3/30], Step [2730/3735], Loss: 1.2385, Time:0.14310574531555176
Epoch [3/30], Step [2830/3735], Loss: 0.0514, Time:0.1439981460571289
Epoch [3/30], Step [2930/3735], Loss: 1.6000, Time:0.14106392860412598
Epoch [3/30], Step [3030/3735], Loss: 1.3113, Time:0.15294981002807617
Epoch [3/30], Step [3130/3735], Loss: 0.7184, Time:0.15096688270568848
Epoch [3/30], Step [3230/3735], Loss: 0.2229, Time:0.16855835914611816
Epoch [3/30], Step [3330/3735], Loss: 0.5657, Time:0.15626931190490723
Epoch [3/30], Step [3430/3735], Loss: 0.6542, Time:0.11884522438049316
Epoch [3/30], Step [3530/3735], Loss: 0.9280, Time:0.14661002159118652
Epoch [3/30], Step [3630/3735], Loss: 0.7055, Time:0.14440035820007324
Epoch [3/30], Step [3730/3735], Loss: 0.2819, Time:0.1298985481262207
learning rate 0.0010000 -> 0.0010000
End of epoch3,Use time:425.2879283428192,the accuracy is 0.7736424975902324
Saving the latest model....
验证集数据总量： 8039 预测正确的数量： 5608
当前模型在验证集上的准确率为： 0.6975992038810798
当前模型在验证集上的F1-score为: 0.053663900787165916
Epoch [4/30], Step [95/3735], Loss: 0.5639, Time:0.16748714447021484
Epoch [4/30], Step [195/3735], Loss: 0.6246, Time:0.14162540435791016
Epoch [4/30], Step [295/3735], Loss: 1.0698, Time:0.14652061462402344
Epoch [4/30], Step [395/3735], Loss: 1.0538, Time:0.12694907188415527
Epoch [4/30], Step [495/3735], Loss: 1.4484, Time:0.14676260948181152
Epoch [4/30], Step [595/3735], Loss: 1.1067, Time:0.16591453552246094
Epoch [4/30], Step [695/3735], Loss: 0.0523, Time:0.1643505096435547
Epoch [4/30], Step [795/3735], Loss: 1.1638, Time:0.14541864395141602
Epoch [4/30], Step [895/3735], Loss: 0.5955, Time:0.15433359146118164
Epoch [4/30], Step [995/3735], Loss: 0.8232, Time:0.1557161808013916
Epoch [4/30], Step [1095/3735], Loss: 1.0212, Time:0.15769076347351074
Epoch [4/30], Step [1195/3735], Loss: 0.7781, Time:0.12766504287719727
Epoch [4/30], Step [1295/3735], Loss: 0.7585, Time:0.12048625946044922
Epoch [4/30], Step [1395/3735], Loss: 0.9043, Time:0.1375133991241455
Epoch [4/30], Step [1495/3735], Loss: 0.1833, Time:0.09822225570678711
Epoch [4/30], Step [1595/3735], Loss: 0.2574, Time:0.08888530731201172
Epoch [4/30], Step [1695/3735], Loss: 1.4314, Time:0.1456737518310547
Epoch [4/30], Step [1795/3735], Loss: 0.7706, Time:0.13290619850158691
Epoch [4/30], Step [1895/3735], Loss: 0.2843, Time:0.16239213943481445
Epoch [4/30], Step [1995/3735], Loss: 1.1991, Time:0.15165925025939941
Epoch [4/30], Step [2095/3735], Loss: 0.5745, Time:0.14761900901794434
Epoch [4/30], Step [2195/3735], Loss: 1.0441, Time:0.16440987586975098
Epoch [4/30], Step [2295/3735], Loss: 0.4243, Time:0.18279123306274414
Epoch [4/30], Step [2395/3735], Loss: 0.7206, Time:0.12347841262817383
Epoch [4/30], Step [2495/3735], Loss: 0.1678, Time:0.17109370231628418
Epoch [4/30], Step [2595/3735], Loss: 0.9355, Time:0.1641700267791748
Epoch [4/30], Step [2695/3735], Loss: 0.8820, Time:0.1416614055633545
Epoch [4/30], Step [2795/3735], Loss: 0.2381, Time:0.17781925201416016
Epoch [4/30], Step [2895/3735], Loss: 0.4471, Time:0.13955283164978027
Epoch [4/30], Step [2995/3735], Loss: 0.1335, Time:0.1406552791595459
Epoch [4/30], Step [3095/3735], Loss: 0.7186, Time:0.1585094928741455
Epoch [4/30], Step [3195/3735], Loss: 0.5489, Time:0.16996383666992188
Epoch [4/30], Step [3295/3735], Loss: 1.1011, Time:0.17227697372436523
Epoch [4/30], Step [3395/3735], Loss: 0.2361, Time:0.14634966850280762
Epoch [4/30], Step [3495/3735], Loss: 0.6573, Time:0.14801621437072754
Epoch [4/30], Step [3595/3735], Loss: 0.1015, Time:0.15391993522644043
Epoch [4/30], Step [3695/3735], Loss: 1.1222, Time:0.15508317947387695
learning rate 0.0010000 -> 0.0010000
End of epoch4,Use time:411.5520746707916,the accuracy is 0.8190532290885724
Saving the latest model....
Epoch [5/30], Step [60/3735], Loss: 0.7131, Time:0.1563715934753418
Epoch [5/30], Step [160/3735], Loss: 0.4234, Time:0.14538240432739258
Epoch [5/30], Step [260/3735], Loss: 0.3936, Time:0.15110492706298828
Epoch [5/30], Step [360/3735], Loss: 0.3249, Time:0.15571355819702148
Epoch [5/30], Step [460/3735], Loss: 0.2866, Time:0.11956143379211426
Epoch [5/30], Step [560/3735], Loss: 0.4411, Time:0.1431729793548584
Epoch [5/30], Step [660/3735], Loss: 0.2658, Time:0.1441032886505127
Epoch [5/30], Step [760/3735], Loss: 0.8702, Time:0.15904974937438965
Epoch [5/30], Step [860/3735], Loss: 0.9546, Time:0.18298912048339844
Epoch [5/30], Step [960/3735], Loss: 0.3108, Time:0.18440794944763184
Epoch [5/30], Step [1060/3735], Loss: 1.0931, Time:0.146134614944458
Epoch [5/30], Step [1160/3735], Loss: 1.3922, Time:0.1261284351348877
Epoch [5/30], Step [1260/3735], Loss: 0.8629, Time:0.1492307186126709
Epoch [5/30], Step [1360/3735], Loss: 0.3390, Time:0.13038301467895508
Epoch [5/30], Step [1460/3735], Loss: 0.6034, Time:0.14357924461364746
Epoch [5/30], Step [1560/3735], Loss: 2.0767, Time:0.12526416778564453
Epoch [5/30], Step [1660/3735], Loss: 0.6253, Time:0.15813875198364258
Epoch [5/30], Step [1760/3735], Loss: 0.6540, Time:0.15342473983764648
Epoch [5/30], Step [1860/3735], Loss: 0.4739, Time:0.15800118446350098
Epoch [5/30], Step [1960/3735], Loss: 0.3337, Time:0.15557646751403809
Epoch [5/30], Step [2060/3735], Loss: 0.1304, Time:0.13636231422424316
Epoch [5/30], Step [2160/3735], Loss: 0.7635, Time:0.14547038078308105
Epoch [5/30], Step [2260/3735], Loss: 0.1154, Time:0.1517333984375
Epoch [5/30], Step [2360/3735], Loss: 0.1421, Time:0.140211820602417
Epoch [5/30], Step [2460/3735], Loss: 0.7042, Time:0.13979744911193848
Epoch [5/30], Step [2560/3735], Loss: 0.5726, Time:0.19264864921569824
Epoch [5/30], Step [2660/3735], Loss: 0.4073, Time:0.1436011791229248
Epoch [5/30], Step [2760/3735], Loss: 1.5135, Time:0.1334397792816162
Epoch [5/30], Step [2860/3735], Loss: 0.6897, Time:0.1569526195526123
Epoch [5/30], Step [2960/3735], Loss: 1.0189, Time:0.13860011100769043
Epoch [5/30], Step [3060/3735], Loss: 1.2767, Time:0.1554708480834961
Epoch [5/30], Step [3160/3735], Loss: 0.5794, Time:0.1560361385345459
Epoch [5/30], Step [3260/3735], Loss: 0.2402, Time:0.14480376243591309
Epoch [5/30], Step [3360/3735], Loss: 0.3282, Time:0.15295743942260742
Epoch [5/30], Step [3460/3735], Loss: 0.1700, Time:0.14521384239196777
Epoch [5/30], Step [3560/3735], Loss: 0.2400, Time:0.1722095012664795
Epoch [5/30], Step [3660/3735], Loss: 0.5904, Time:0.16850018501281738
learning rate 0.0010000 -> 0.0010000
End of epoch5,Use time:425.2609417438507,the accuracy is 0.8490146728071115
Saving the latest model....
验证集数据总量： 8039 预测正确的数量： 5876
当前模型在验证集上的准确率为： 0.7309366836671227
当前模型在验证集上的F1-score为: 0.05694985595436665
Epoch [6/30], Step [25/3735], Loss: 0.3144, Time:0.15048503875732422
Epoch [6/30], Step [125/3735], Loss: 0.8231, Time:0.1339702606201172
Epoch [6/30], Step [225/3735], Loss: 0.4664, Time:0.1785721778869629
Epoch [6/30], Step [325/3735], Loss: 0.6517, Time:0.17559266090393066
Epoch [6/30], Step [425/3735], Loss: 0.9982, Time:0.18674302101135254
Epoch [6/30], Step [525/3735], Loss: 0.2100, Time:0.1317765712738037
Epoch [6/30], Step [625/3735], Loss: 0.2496, Time:0.14584565162658691
Epoch [6/30], Step [725/3735], Loss: 0.3514, Time:0.1674952507019043
Epoch [6/30], Step [825/3735], Loss: 0.1703, Time:0.12413215637207031
Epoch [6/30], Step [925/3735], Loss: 0.5689, Time:0.1361246109008789
Epoch [6/30], Step [1025/3735], Loss: 1.1526, Time:0.11620259284973145
Epoch [6/30], Step [1125/3735], Loss: 0.6148, Time:0.10178661346435547
Epoch [6/30], Step [1225/3735], Loss: 0.0522, Time:0.09626317024230957
Epoch [6/30], Step [1325/3735], Loss: 0.4133, Time:0.11057090759277344
Epoch [6/30], Step [1425/3735], Loss: 0.1868, Time:0.12513208389282227
Epoch [6/30], Step [1525/3735], Loss: 0.0212, Time:0.17076659202575684
Epoch [6/30], Step [1625/3735], Loss: 0.1975, Time:0.14739680290222168
Epoch [6/30], Step [1725/3735], Loss: 0.3051, Time:0.12747597694396973
Epoch [6/30], Step [1825/3735], Loss: 0.6345, Time:0.1474299430847168
Epoch [6/30], Step [1925/3735], Loss: 0.0140, Time:0.13798117637634277
Epoch [6/30], Step [2025/3735], Loss: 1.2001, Time:0.12561750411987305
Epoch [6/30], Step [2125/3735], Loss: 0.6715, Time:0.1666395664215088
Epoch [6/30], Step [2225/3735], Loss: 0.4884, Time:0.12260794639587402
Epoch [6/30], Step [2325/3735], Loss: 0.0089, Time:0.15433621406555176
Epoch [6/30], Step [2425/3735], Loss: 0.8115, Time:0.15110182762145996
Epoch [6/30], Step [2525/3735], Loss: 0.1680, Time:0.14304184913635254
Epoch [6/30], Step [2625/3735], Loss: 0.3743, Time:0.16098594665527344
Epoch [6/30], Step [2725/3735], Loss: 0.6097, Time:0.13617825508117676
Epoch [6/30], Step [2825/3735], Loss: 0.2314, Time:0.18995022773742676
Epoch [6/30], Step [2925/3735], Loss: 0.3152, Time:0.1412949562072754
Epoch [6/30], Step [3025/3735], Loss: 0.4781, Time:0.1522541046142578
Epoch [6/30], Step [3125/3735], Loss: 0.6263, Time:0.17489075660705566
Epoch [6/30], Step [3225/3735], Loss: 0.5972, Time:0.15300393104553223
Epoch [6/30], Step [3325/3735], Loss: 0.1211, Time:0.14937472343444824
Epoch [6/30], Step [3425/3735], Loss: 0.2172, Time:0.1491091251373291
Epoch [6/30], Step [3525/3735], Loss: 0.4133, Time:0.14275026321411133
Epoch [6/30], Step [3625/3735], Loss: 0.0657, Time:0.11644601821899414
Epoch [6/30], Step [3725/3735], Loss: 0.4209, Time:0.12578940391540527
learning rate 0.0010000 -> 0.0010000
End of epoch6,Use time:414.51358461380005,the accuracy is 0.8745849844703867
Saving the latest model....
Epoch [7/30], Step [90/3735], Loss: 0.2815, Time:0.14158964157104492
Epoch [7/30], Step [190/3735], Loss: 0.3132, Time:0.12116885185241699
Epoch [7/30], Step [290/3735], Loss: 0.1785, Time:0.1630568504333496
Epoch [7/30], Step [390/3735], Loss: 0.7075, Time:0.13145661354064941
Epoch [7/30], Step [490/3735], Loss: 0.0623, Time:0.1556379795074463
Epoch [7/30], Step [590/3735], Loss: 0.7506, Time:0.16813349723815918
Epoch [7/30], Step [690/3735], Loss: 0.1265, Time:0.12462615966796875
Epoch [7/30], Step [790/3735], Loss: 0.1117, Time:0.14366984367370605
Epoch [7/30], Step [890/3735], Loss: 0.2006, Time:0.1626451015472412
Epoch [7/30], Step [990/3735], Loss: 0.3059, Time:0.15666437149047852
Epoch [7/30], Step [1090/3735], Loss: 0.5191, Time:0.16460800170898438
Epoch [7/30], Step [1190/3735], Loss: 0.2334, Time:0.17153382301330566
Epoch [7/30], Step [1290/3735], Loss: 0.0616, Time:0.18488168716430664
Epoch [7/30], Step [1390/3735], Loss: 0.5218, Time:0.12179160118103027
Epoch [7/30], Step [1490/3735], Loss: 0.0164, Time:0.17644548416137695
Epoch [7/30], Step [1590/3735], Loss: 0.3174, Time:0.12684893608093262
Epoch [7/30], Step [1690/3735], Loss: 1.0812, Time:0.13732624053955078
Epoch [7/30], Step [1790/3735], Loss: 1.0512, Time:0.1518855094909668
Epoch [7/30], Step [1890/3735], Loss: 0.6375, Time:0.17129230499267578
Epoch [7/30], Step [1990/3735], Loss: 0.4614, Time:0.15683579444885254
Epoch [7/30], Step [2090/3735], Loss: 0.2011, Time:0.18147635459899902
Epoch [7/30], Step [2190/3735], Loss: 0.8990, Time:0.1364140510559082
Epoch [7/30], Step [2290/3735], Loss: 0.6925, Time:0.19538164138793945
Epoch [7/30], Step [2390/3735], Loss: 0.3534, Time:0.14117765426635742
Epoch [7/30], Step [2490/3735], Loss: 0.3348, Time:0.15637874603271484
Epoch [7/30], Step [2590/3735], Loss: 0.2416, Time:0.14990568161010742
Epoch [7/30], Step [2690/3735], Loss: 0.0257, Time:0.14648652076721191
Epoch [7/30], Step [2790/3735], Loss: 0.2656, Time:0.1827096939086914
Epoch [7/30], Step [2890/3735], Loss: 0.1696, Time:0.13203191757202148
Epoch [7/30], Step [2990/3735], Loss: 0.4061, Time:0.1297006607055664
Epoch [7/30], Step [3090/3735], Loss: 0.0907, Time:0.19182181358337402
Epoch [7/30], Step [3190/3735], Loss: 0.4666, Time:0.15658283233642578
Epoch [7/30], Step [3290/3735], Loss: 0.4163, Time:0.13995766639709473
Epoch [7/30], Step [3390/3735], Loss: 0.3254, Time:0.18742990493774414
Epoch [7/30], Step [3490/3735], Loss: 0.3389, Time:0.1856999397277832
Epoch [7/30], Step [3590/3735], Loss: 0.1155, Time:0.15070867538452148
Epoch [7/30], Step [3690/3735], Loss: 0.0249, Time:0.15017390251159668
learning rate 0.0010000 -> 0.0010000
End of epoch7,Use time:421.6012222766876,the accuracy is 0.889445217950091
Saving the latest model....
验证集数据总量： 8039 预测正确的数量： 5939
当前模型在验证集上的准确率为： 0.7387734792884687
当前模型在验证集上的F1-score为: 0.05832445396196357
Epoch [8/30], Step [55/3735], Loss: 0.8415, Time:0.1606142520904541
Epoch [8/30], Step [155/3735], Loss: 0.0838, Time:0.16409039497375488
Epoch [8/30], Step [255/3735], Loss: 0.1614, Time:0.1289200782775879
Epoch [8/30], Step [355/3735], Loss: 0.4841, Time:0.1673290729522705
Epoch [8/30], Step [455/3735], Loss: 0.0154, Time:0.1812896728515625
Epoch [8/30], Step [555/3735], Loss: 0.0120, Time:0.15743517875671387
Epoch [8/30], Step [655/3735], Loss: 0.3871, Time:0.1277942657470703
Epoch [8/30], Step [755/3735], Loss: 0.0218, Time:0.14348959922790527
Epoch [8/30], Step [855/3735], Loss: 0.0023, Time:0.14546918869018555
Epoch [8/30], Step [955/3735], Loss: 0.2821, Time:0.13504981994628906
Epoch [8/30], Step [1055/3735], Loss: 1.2248, Time:0.12302064895629883
Epoch [8/30], Step [1155/3735], Loss: 0.4403, Time:0.1086885929107666
Epoch [8/30], Step [1255/3735], Loss: 0.1905, Time:0.16267895698547363
Epoch [8/30], Step [1355/3735], Loss: 0.5127, Time:0.14600753784179688
Epoch [8/30], Step [1455/3735], Loss: 0.1418, Time:0.1869354248046875
Epoch [8/30], Step [1555/3735], Loss: 0.9284, Time:0.14245867729187012
Epoch [8/30], Step [1655/3735], Loss: 0.3620, Time:0.15569710731506348
Epoch [8/30], Step [1755/3735], Loss: 0.1147, Time:0.15135478973388672
Epoch [8/30], Step [1855/3735], Loss: 0.1091, Time:0.16521859169006348
Epoch [8/30], Step [1955/3735], Loss: 0.1550, Time:0.20054960250854492
Epoch [8/30], Step [2055/3735], Loss: 0.1999, Time:0.13133835792541504
Epoch [8/30], Step [2155/3735], Loss: 0.3533, Time:0.14624309539794922
Epoch [8/30], Step [2255/3735], Loss: 0.4744, Time:0.13853096961975098
Epoch [8/30], Step [2355/3735], Loss: 0.1114, Time:0.1534273624420166
Epoch [8/30], Step [2455/3735], Loss: 0.0235, Time:0.14801788330078125
Epoch [8/30], Step [2555/3735], Loss: 1.1863, Time:0.1426563262939453
Epoch [8/30], Step [2655/3735], Loss: 0.4162, Time:0.14809250831604004
Epoch [8/30], Step [2755/3735], Loss: 0.3592, Time:0.14754581451416016
Epoch [8/30], Step [2855/3735], Loss: 1.0130, Time:0.14841341972351074
Epoch [8/30], Step [2955/3735], Loss: 0.4031, Time:0.14693045616149902
Epoch [8/30], Step [3055/3735], Loss: 0.1701, Time:0.15054941177368164
Epoch [8/30], Step [3155/3735], Loss: 0.1275, Time:0.16426730155944824
Epoch [8/30], Step [3255/3735], Loss: 0.0018, Time:0.1725022792816162
Epoch [8/30], Step [3355/3735], Loss: 0.0471, Time:0.14667868614196777
Epoch [8/30], Step [3455/3735], Loss: 0.0420, Time:0.1800065040588379
Epoch [8/30], Step [3555/3735], Loss: 0.0353, Time:0.16219592094421387
Epoch [8/30], Step [3655/3735], Loss: 0.7585, Time:0.13280057907104492
learning rate 0.0010000 -> 0.0010000
End of epoch8,Use time:418.84348225593567,the accuracy is 0.9031541180250616
Saving the latest model....
Epoch [9/30], Step [20/3735], Loss: 0.2579, Time:0.14246368408203125
Epoch [9/30], Step [120/3735], Loss: 0.1046, Time:0.15950417518615723
Epoch [9/30], Step [220/3735], Loss: 0.0097, Time:0.157273530960083
Epoch [9/30], Step [320/3735], Loss: 0.2067, Time:0.14658188819885254
Epoch [9/30], Step [420/3735], Loss: 0.1237, Time:0.13065433502197266
Epoch [9/30], Step [520/3735], Loss: 0.3539, Time:0.14668822288513184
Epoch [9/30], Step [620/3735], Loss: 0.4461, Time:0.14948821067810059
Epoch [9/30], Step [720/3735], Loss: 0.2684, Time:0.1455092430114746
Epoch [9/30], Step [820/3735], Loss: 0.6490, Time:0.13098883628845215
Epoch [9/30], Step [920/3735], Loss: 0.1699, Time:0.13201260566711426
Epoch [9/30], Step [1020/3735], Loss: 0.9110, Time:0.15904831886291504
Epoch [9/30], Step [1120/3735], Loss: 0.0097, Time:0.15359115600585938
Epoch [9/30], Step [1220/3735], Loss: 0.0522, Time:0.16492462158203125
Epoch [9/30], Step [1320/3735], Loss: 0.7942, Time:0.1476142406463623
Epoch [9/30], Step [1420/3735], Loss: 0.2903, Time:0.146942138671875
Epoch [9/30], Step [1520/3735], Loss: 0.4292, Time:0.14390897750854492
Epoch [9/30], Step [1620/3735], Loss: 0.2689, Time:0.1386098861694336
Epoch [9/30], Step [1720/3735], Loss: 0.2361, Time:0.11924052238464355
Epoch [9/30], Step [1820/3735], Loss: 0.2856, Time:0.16861295700073242
Epoch [9/30], Step [1920/3735], Loss: 0.4735, Time:0.12374162673950195
Epoch [9/30], Step [2020/3735], Loss: 0.8418, Time:0.14174151420593262
Epoch [9/30], Step [2120/3735], Loss: 0.0948, Time:0.13603901863098145
Epoch [9/30], Step [2220/3735], Loss: 0.2166, Time:0.13817477226257324
Epoch [9/30], Step [2320/3735], Loss: 0.1814, Time:0.15859150886535645
Epoch [9/30], Step [2420/3735], Loss: 0.0784, Time:0.13591861724853516
Epoch [9/30], Step [2520/3735], Loss: 0.0947, Time:0.14153814315795898
Epoch [9/30], Step [2620/3735], Loss: 0.2014, Time:0.12411665916442871
Epoch [9/30], Step [2720/3735], Loss: 0.1172, Time:0.13806796073913574
Epoch [9/30], Step [2820/3735], Loss: 0.1663, Time:0.14830970764160156
Epoch [9/30], Step [2920/3735], Loss: 0.0230, Time:0.16569018363952637
Epoch [9/30], Step [3020/3735], Loss: 0.0235, Time:0.1649339199066162
Epoch [9/30], Step [3120/3735], Loss: 0.0471, Time:0.1730027198791504
Epoch [9/30], Step [3220/3735], Loss: 0.0186, Time:0.1786799430847168
Epoch [9/30], Step [3320/3735], Loss: 0.6362, Time:0.16463184356689453
Epoch [9/30], Step [3420/3735], Loss: 0.1963, Time:0.17288446426391602
Epoch [9/30], Step [3520/3735], Loss: 0.1749, Time:0.13519048690795898
Epoch [9/30], Step [3620/3735], Loss: 0.0989, Time:0.13840293884277344
Epoch [9/30], Step [3720/3735], Loss: 0.0455, Time:0.13787603378295898
learning rate 0.0010000 -> 0.0010000
End of epoch9,Use time:416.6302099227905,the accuracy is 0.9137035450358788
Saving the latest model....
验证集数据总量： 8039 预测正确的数量： 6193
当前模型在验证集上的准确率为： 0.7703694489364349
当前模型在验证集上的F1-score为: 0.062280099180906996
Epoch [10/30], Step [85/3735], Loss: 0.2603, Time:0.14118361473083496
Epoch [10/30], Step [185/3735], Loss: 0.0264, Time:0.16573476791381836
Epoch [10/30], Step [285/3735], Loss: 0.0250, Time:0.16783428192138672
Epoch [10/30], Step [385/3735], Loss: 0.0188, Time:0.1530296802520752
Epoch [10/30], Step [485/3735], Loss: 0.0762, Time:0.13890695571899414
Epoch [10/30], Step [585/3735], Loss: 0.0582, Time:0.13005518913269043
Epoch [10/30], Step [685/3735], Loss: 0.2505, Time:0.13324904441833496
Epoch [10/30], Step [785/3735], Loss: 0.2573, Time:0.143510103225708
Epoch [10/30], Step [885/3735], Loss: 0.5151, Time:0.13165521621704102
Epoch [10/30], Step [985/3735], Loss: 0.3985, Time:0.1603870391845703
Epoch [10/30], Step [1085/3735], Loss: 0.3210, Time:0.15679073333740234
Epoch [10/30], Step [1185/3735], Loss: 0.4006, Time:0.14641332626342773
Epoch [10/30], Step [1285/3735], Loss: 1.7652, Time:0.15404105186462402
Epoch [10/30], Step [1385/3735], Loss: 0.0697, Time:0.17739152908325195
Epoch [10/30], Step [1485/3735], Loss: 0.1061, Time:0.1459665298461914
Epoch [10/30], Step [1585/3735], Loss: 0.0299, Time:0.1730661392211914
Epoch [10/30], Step [1685/3735], Loss: 0.1149, Time:0.1603538990020752
Epoch [10/30], Step [1785/3735], Loss: 0.4572, Time:0.13054132461547852
Epoch [10/30], Step [1885/3735], Loss: 0.0501, Time:0.16021490097045898
Epoch [10/30], Step [1985/3735], Loss: 0.0574, Time:0.18923640251159668
Epoch [10/30], Step [2085/3735], Loss: 0.5255, Time:0.15704798698425293
Epoch [10/30], Step [2185/3735], Loss: 0.2356, Time:0.17477893829345703
Epoch [10/30], Step [2285/3735], Loss: 0.0975, Time:0.16135835647583008
Epoch [10/30], Step [2385/3735], Loss: 0.2816, Time:0.1714167594909668
Epoch [10/30], Step [2485/3735], Loss: 0.2942, Time:0.1488971710205078
Epoch [10/30], Step [2585/3735], Loss: 0.0153, Time:0.14881277084350586
Epoch [10/30], Step [2685/3735], Loss: 0.1621, Time:0.12691140174865723
Epoch [10/30], Step [2785/3735], Loss: 0.2250, Time:0.15325641632080078
Epoch [10/30], Step [2885/3735], Loss: 0.0061, Time:0.15132522583007812
Epoch [10/30], Step [2985/3735], Loss: 0.0773, Time:0.15018606185913086
Epoch [10/30], Step [3085/3735], Loss: 0.0161, Time:0.13957428932189941
Epoch [10/30], Step [3185/3735], Loss: 0.4185, Time:0.14867258071899414
Epoch [10/30], Step [3285/3735], Loss: 0.0960, Time:0.16180658340454102
Epoch [10/30], Step [3385/3735], Loss: 0.1291, Time:0.1158139705657959
Epoch [10/30], Step [3485/3735], Loss: 0.0159, Time:0.1454324722290039
Epoch [10/30], Step [3585/3735], Loss: 0.2240, Time:0.15472149848937988
Epoch [10/30], Step [3685/3735], Loss: 0.0081, Time:0.15445780754089355
learning rate 0.0010000 -> 0.0010000
End of epoch10,Use time:425.29080033302307,the accuracy is 0.9201563671414801
Saving the latest model....
Epoch [11/30], Step [50/3735], Loss: 0.1656, Time:0.14673829078674316
Epoch [11/30], Step [150/3735], Loss: 0.3895, Time:0.11453938484191895
Epoch [11/30], Step [250/3735], Loss: 0.0695, Time:0.1555330753326416
Epoch [11/30], Step [350/3735], Loss: 0.5319, Time:0.16629266738891602
Epoch [11/30], Step [450/3735], Loss: 0.0278, Time:0.15671277046203613
Epoch [11/30], Step [550/3735], Loss: 0.0704, Time:0.14693140983581543
Epoch [11/30], Step [650/3735], Loss: 0.3150, Time:0.17122793197631836
Epoch [11/30], Step [750/3735], Loss: 0.1817, Time:0.12927603721618652
Epoch [11/30], Step [850/3735], Loss: 0.4009, Time:0.14211344718933105
Epoch [11/30], Step [950/3735], Loss: 0.1663, Time:0.14412760734558105
Epoch [11/30], Step [1050/3735], Loss: 0.3656, Time:0.16879558563232422
Epoch [11/30], Step [1150/3735], Loss: 0.0056, Time:0.132080078125
Epoch [11/30], Step [1250/3735], Loss: 0.3336, Time:0.1364908218383789
Epoch [11/30], Step [1350/3735], Loss: 0.6208, Time:0.18361592292785645
Epoch [11/30], Step [1450/3735], Loss: 0.7236, Time:0.16080307960510254
Epoch [11/30], Step [1550/3735], Loss: 0.2243, Time:0.16942501068115234
Epoch [11/30], Step [1650/3735], Loss: 0.1311, Time:0.14860200881958008
Epoch [11/30], Step [1750/3735], Loss: 0.7449, Time:0.14355802536010742
Epoch [11/30], Step [1850/3735], Loss: 0.0218, Time:0.16470646858215332
Epoch [11/30], Step [1950/3735], Loss: 0.0115, Time:0.13468575477600098
Epoch [11/30], Step [2050/3735], Loss: 0.0378, Time:0.16802144050598145
Epoch [11/30], Step [2150/3735], Loss: 0.0538, Time:0.1542675495147705
Epoch [11/30], Step [2250/3735], Loss: 0.0598, Time:0.13265347480773926
Epoch [11/30], Step [2350/3735], Loss: 0.1225, Time:0.14109325408935547
Epoch [11/30], Step [2450/3735], Loss: 0.0381, Time:0.1365673542022705
Epoch [11/30], Step [2550/3735], Loss: 0.0425, Time:0.16631650924682617
Epoch [11/30], Step [2650/3735], Loss: 0.1731, Time:0.1458125114440918
Epoch [11/30], Step [2750/3735], Loss: 0.3209, Time:0.11324596405029297
Epoch [11/30], Step [2850/3735], Loss: 0.0796, Time:0.1510322093963623
Epoch [11/30], Step [2950/3735], Loss: 0.0332, Time:0.13278961181640625
Epoch [11/30], Step [3050/3735], Loss: 0.0796, Time:0.15387940406799316
Epoch [11/30], Step [3150/3735], Loss: 0.0450, Time:0.14352703094482422
Epoch [11/30], Step [3250/3735], Loss: 0.0075, Time:0.16663575172424316
Epoch [11/30], Step [3350/3735], Loss: 0.0001, Time:0.15945696830749512
Epoch [11/30], Step [3450/3735], Loss: 0.0056, Time:0.12759685516357422
Epoch [11/30], Step [3550/3735], Loss: 0.5430, Time:0.12995505332946777
Epoch [11/30], Step [3650/3735], Loss: 0.2749, Time:0.13667011260986328
learning rate 0.0010000 -> 0.0009524
End of epoch11,Use time:423.0636258125305,the accuracy is 0.9264485380743279
Saving the latest model....
验证集数据总量： 8039 预测正确的数量： 6384
当前模型在验证集上的准确率为： 0.7941286229630551
当前模型在验证集上的F1-score为: 0.06520384237148934
Epoch [12/30], Step [15/3735], Loss: 0.1416, Time:0.18915510177612305
Epoch [12/30], Step [115/3735], Loss: 0.0598, Time:0.1589488983154297
Epoch [12/30], Step [215/3735], Loss: 0.1484, Time:0.16399335861206055
Epoch [12/30], Step [315/3735], Loss: 0.2299, Time:0.18990373611450195
Epoch [12/30], Step [415/3735], Loss: 0.0426, Time:0.138533353805542
Epoch [12/30], Step [515/3735], Loss: 0.0769, Time:0.14442682266235352
Epoch [12/30], Step [615/3735], Loss: 0.2180, Time:0.12537312507629395
Epoch [12/30], Step [715/3735], Loss: 0.0429, Time:0.1372828483581543
Epoch [12/30], Step [815/3735], Loss: 0.0090, Time:0.15890288352966309
Epoch [12/30], Step [915/3735], Loss: 0.2427, Time:0.14668893814086914
Epoch [12/30], Step [1015/3735], Loss: 0.0529, Time:0.17116856575012207
Epoch [12/30], Step [1115/3735], Loss: 0.0237, Time:0.16780304908752441
Epoch [12/30], Step [1215/3735], Loss: 0.2907, Time:0.16199350357055664
Epoch [12/30], Step [1315/3735], Loss: 0.0208, Time:0.14323687553405762
Epoch [12/30], Step [1415/3735], Loss: 0.0026, Time:0.17784953117370605
Epoch [12/30], Step [1515/3735], Loss: 0.3173, Time:0.18050289154052734
Epoch [12/30], Step [1615/3735], Loss: 0.0324, Time:0.11922430992126465
Epoch [12/30], Step [1715/3735], Loss: 0.1355, Time:0.1275343894958496
Epoch [12/30], Step [1815/3735], Loss: 0.5791, Time:0.1214747428894043
Epoch [12/30], Step [1915/3735], Loss: 0.2597, Time:0.12804055213928223
Epoch [12/30], Step [2015/3735], Loss: 0.4574, Time:0.15009093284606934
Epoch [12/30], Step [2115/3735], Loss: 0.0244, Time:0.1352534294128418
Epoch [12/30], Step [2215/3735], Loss: 0.1348, Time:0.14760804176330566
Epoch [12/30], Step [2315/3735], Loss: 0.2994, Time:0.17047333717346191
Epoch [12/30], Step [2415/3735], Loss: 0.3208, Time:0.17810964584350586
Epoch [12/30], Step [2515/3735], Loss: 1.2775, Time:0.19422578811645508
Epoch [12/30], Step [2615/3735], Loss: 0.0197, Time:0.16539263725280762
Epoch [12/30], Step [2715/3735], Loss: 0.3600, Time:0.1630702018737793
Epoch [12/30], Step [2815/3735], Loss: 0.2300, Time:0.15258264541625977
Epoch [12/30], Step [2915/3735], Loss: 0.3833, Time:0.1607058048248291
Epoch [12/30], Step [3015/3735], Loss: 0.0529, Time:0.13519573211669922
Epoch [12/30], Step [3115/3735], Loss: 0.4418, Time:0.1392683982849121
Epoch [12/30], Step [3215/3735], Loss: 0.1356, Time:0.17598724365234375
Epoch [12/30], Step [3315/3735], Loss: 0.2155, Time:0.1311795711517334
Epoch [12/30], Step [3415/3735], Loss: 0.0070, Time:0.14664530754089355
Epoch [12/30], Step [3515/3735], Loss: 1.1375, Time:0.15020084381103516
Epoch [12/30], Step [3615/3735], Loss: 0.1483, Time:0.1543285846710205
Epoch [12/30], Step [3715/3735], Loss: 0.3599, Time:0.17232465744018555
learning rate 0.0009524 -> 0.0009048
End of epoch12,Use time:429.89825558662415,the accuracy is 0.9341865695619578
Saving the latest model....
Epoch [13/30], Step [80/3735], Loss: 0.0043, Time:0.13916516304016113
Epoch [13/30], Step [180/3735], Loss: 0.0016, Time:0.16234278678894043
Epoch [13/30], Step [280/3735], Loss: 0.2547, Time:0.11740279197692871
Epoch [13/30], Step [380/3735], Loss: 0.0918, Time:0.15445899963378906
Epoch [13/30], Step [480/3735], Loss: 0.6725, Time:0.12169885635375977
Epoch [13/30], Step [580/3735], Loss: 0.3447, Time:0.15860486030578613
Epoch [13/30], Step [680/3735], Loss: 0.1640, Time:0.15499186515808105
Epoch [13/30], Step [780/3735], Loss: 0.5404, Time:0.1793675422668457
Epoch [13/30], Step [880/3735], Loss: 0.1185, Time:0.1432960033416748
Epoch [13/30], Step [980/3735], Loss: 0.4074, Time:0.13289237022399902
Epoch [13/30], Step [1080/3735], Loss: 0.1227, Time:0.15250563621520996
Epoch [13/30], Step [1180/3735], Loss: 0.0564, Time:0.13665986061096191
Epoch [13/30], Step [1280/3735], Loss: 0.0515, Time:0.1313488483428955
Epoch [13/30], Step [1380/3735], Loss: 0.0035, Time:0.16826224327087402
Epoch [13/30], Step [1480/3735], Loss: 0.0474, Time:0.16120648384094238
Epoch [13/30], Step [1580/3735], Loss: 0.0596, Time:0.13586664199829102
Epoch [13/30], Step [1680/3735], Loss: 0.0000, Time:0.15871763229370117
Epoch [13/30], Step [1780/3735], Loss: 0.0117, Time:0.15003299713134766
Epoch [13/30], Step [1880/3735], Loss: 0.7069, Time:0.11528682708740234
Epoch [13/30], Step [1980/3735], Loss: 0.2030, Time:0.1258554458618164
Epoch [13/30], Step [2080/3735], Loss: 0.0019, Time:0.16316437721252441
Epoch [13/30], Step [2180/3735], Loss: 0.0006, Time:0.15720820426940918
Epoch [13/30], Step [2280/3735], Loss: 0.0517, Time:0.13579845428466797
Epoch [13/30], Step [2380/3735], Loss: 0.0771, Time:0.13913989067077637
Epoch [13/30], Step [2480/3735], Loss: 0.0337, Time:0.1636054515838623
Epoch [13/30], Step [2580/3735], Loss: 0.0603, Time:0.14702963829040527
Epoch [13/30], Step [2680/3735], Loss: 0.0619, Time:0.14491987228393555
Epoch [13/30], Step [2780/3735], Loss: 0.0221, Time:0.15274453163146973
Epoch [13/30], Step [2880/3735], Loss: 0.0116, Time:0.1168680191040039
Epoch [13/30], Step [2980/3735], Loss: 0.1101, Time:0.17136645317077637
Epoch [13/30], Step [3080/3735], Loss: 0.1787, Time:0.14847159385681152
Epoch [13/30], Step [3180/3735], Loss: 0.4201, Time:0.1490623950958252
Epoch [13/30], Step [3280/3735], Loss: 0.0048, Time:0.17747974395751953
Epoch [13/30], Step [3380/3735], Loss: 0.0019, Time:0.1636981964111328
Epoch [13/30], Step [3480/3735], Loss: 0.1328, Time:0.1546626091003418
Epoch [13/30], Step [3580/3735], Loss: 0.0031, Time:0.13136053085327148
Epoch [13/30], Step [3680/3735], Loss: 0.0113, Time:0.13817548751831055
learning rate 0.0009048 -> 0.0008571
End of epoch13,Use time:424.2031681537628,the accuracy is 0.9402913141265932
Saving the latest model....
验证集数据总量： 8039 预测正确的数量： 6441
当前模型在验证集上的准确率为： 0.8012190570966539
当前模型在验证集上的F1-score为: 0.06628025766110036
Epoch [14/30], Step [45/3735], Loss: 0.4707, Time:0.16925382614135742
Epoch [14/30], Step [145/3735], Loss: 0.4504, Time:0.15335655212402344
Epoch [14/30], Step [245/3735], Loss: 0.0096, Time:0.13893485069274902
Epoch [14/30], Step [345/3735], Loss: 1.0255, Time:0.1432328224182129
Epoch [14/30], Step [445/3735], Loss: 0.0303, Time:0.11337471008300781
Epoch [14/30], Step [545/3735], Loss: 0.0001, Time:0.13039278984069824
Epoch [14/30], Step [645/3735], Loss: 0.0020, Time:0.14815163612365723
Epoch [14/30], Step [745/3735], Loss: 0.0267, Time:0.14332365989685059
Epoch [14/30], Step [845/3735], Loss: 0.0001, Time:0.15427422523498535
Epoch [14/30], Step [945/3735], Loss: 0.7208, Time:0.15497183799743652
Epoch [14/30], Step [1045/3735], Loss: 0.0954, Time:0.1447136402130127
Epoch [14/30], Step [1145/3735], Loss: 0.0177, Time:0.12981534004211426
Epoch [14/30], Step [1245/3735], Loss: 0.7363, Time:0.14894700050354004
Epoch [14/30], Step [1345/3735], Loss: 0.1456, Time:0.1546180248260498
Epoch [14/30], Step [1445/3735], Loss: 0.1056, Time:0.12798547744750977
saving the latest model (epoch 13, total_iters 500000)
Epoch [14/30], Step [1545/3735], Loss: 0.0632, Time:0.13026833534240723
Epoch [14/30], Step [1645/3735], Loss: 0.0410, Time:0.13493919372558594
Epoch [14/30], Step [1745/3735], Loss: 0.3977, Time:0.1340494155883789
Epoch [14/30], Step [1845/3735], Loss: 0.0135, Time:0.09565973281860352
Epoch [14/30], Step [1945/3735], Loss: 0.6378, Time:0.1634519100189209
Epoch [14/30], Step [2045/3735], Loss: 0.5603, Time:0.11271119117736816
Epoch [14/30], Step [2145/3735], Loss: 0.0002, Time:0.16063690185546875
Epoch [14/30], Step [2245/3735], Loss: 0.0236, Time:0.15085172653198242
Epoch [14/30], Step [2345/3735], Loss: 0.0329, Time:0.16331720352172852
Epoch [14/30], Step [2445/3735], Loss: 0.0545, Time:0.17029643058776855
Epoch [14/30], Step [2545/3735], Loss: 0.0479, Time:0.18689942359924316
Epoch [14/30], Step [2645/3735], Loss: 0.0004, Time:0.16415643692016602
Epoch [14/30], Step [2745/3735], Loss: 0.1165, Time:0.15972399711608887
Epoch [14/30], Step [2845/3735], Loss: 0.0075, Time:0.13766741752624512
Epoch [14/30], Step [2945/3735], Loss: 0.4454, Time:0.17238354682922363
Epoch [14/30], Step [3045/3735], Loss: 0.2386, Time:0.15600299835205078
Epoch [14/30], Step [3145/3735], Loss: 0.0040, Time:0.1663665771484375
Epoch [14/30], Step [3245/3735], Loss: 0.2839, Time:0.14901208877563477
Epoch [14/30], Step [3345/3735], Loss: 0.0358, Time:0.14953088760375977
Epoch [14/30], Step [3445/3735], Loss: 0.0002, Time:0.16589736938476562
Epoch [14/30], Step [3545/3735], Loss: 0.2168, Time:0.15480518341064453
Epoch [14/30], Step [3645/3735], Loss: 0.0137, Time:0.12536382675170898
learning rate 0.0008571 -> 0.0008095
End of epoch14,Use time:411.4582529067993,the accuracy is 0.9458070043911321
Saving the latest model....
Epoch [15/30], Step [10/3735], Loss: 0.0164, Time:0.13592743873596191
Epoch [15/30], Step [110/3735], Loss: 0.0023, Time:0.17191147804260254
Epoch [15/30], Step [210/3735], Loss: 0.2885, Time:0.1552278995513916
Epoch [15/30], Step [310/3735], Loss: 0.1071, Time:0.16893267631530762
Epoch [15/30], Step [410/3735], Loss: 0.0204, Time:0.18107175827026367
Epoch [15/30], Step [510/3735], Loss: 0.3657, Time:0.15212512016296387
Epoch [15/30], Step [610/3735], Loss: 0.0090, Time:0.12180519104003906
Epoch [15/30], Step [710/3735], Loss: 0.5264, Time:0.15096712112426758
Epoch [15/30], Step [810/3735], Loss: 0.0131, Time:0.13231873512268066
Epoch [15/30], Step [910/3735], Loss: 0.0409, Time:0.13278651237487793
Epoch [15/30], Step [1010/3735], Loss: 0.0552, Time:0.19423985481262207
Epoch [15/30], Step [1110/3735], Loss: 0.6508, Time:0.16730046272277832
Epoch [15/30], Step [1210/3735], Loss: 0.0101, Time:0.13529706001281738
Epoch [15/30], Step [1310/3735], Loss: 0.1959, Time:0.13981890678405762
Epoch [15/30], Step [1410/3735], Loss: 0.2513, Time:0.16613364219665527
Epoch [15/30], Step [1510/3735], Loss: 0.0273, Time:0.15141558647155762
Epoch [15/30], Step [1610/3735], Loss: 0.0583, Time:0.14706802368164062
Epoch [15/30], Step [1710/3735], Loss: 0.0765, Time:0.1695554256439209
Epoch [15/30], Step [1810/3735], Loss: 0.0028, Time:0.14315438270568848
Epoch [15/30], Step [1910/3735], Loss: 0.0127, Time:0.16861605644226074
Epoch [15/30], Step [2010/3735], Loss: 0.4695, Time:0.12919139862060547
Epoch [15/30], Step [2110/3735], Loss: 0.0008, Time:0.1615593433380127
Epoch [15/30], Step [2210/3735], Loss: 0.0023, Time:0.13516831398010254
Epoch [15/30], Step [2310/3735], Loss: 0.0038, Time:0.18667197227478027
Epoch [15/30], Step [2410/3735], Loss: 0.0013, Time:0.16687870025634766
Epoch [15/30], Step [2510/3735], Loss: 0.0142, Time:0.15821123123168945
Epoch [15/30], Step [2610/3735], Loss: 0.1309, Time:0.13743877410888672
Epoch [15/30], Step [2710/3735], Loss: 0.0138, Time:0.14195799827575684
Epoch [15/30], Step [2810/3735], Loss: 0.3822, Time:0.17779922485351562
Epoch [15/30], Step [2910/3735], Loss: 0.0079, Time:0.1511991024017334
Epoch [15/30], Step [3010/3735], Loss: 0.0870, Time:0.16135811805725098
Epoch [15/30], Step [3110/3735], Loss: 0.0953, Time:0.14407944679260254
Epoch [15/30], Step [3210/3735], Loss: 0.0012, Time:0.1447904109954834
Epoch [15/30], Step [3310/3735], Loss: 0.0444, Time:0.15277314186096191
Epoch [15/30], Step [3410/3735], Loss: 0.0002, Time:0.13817977905273438
Epoch [15/30], Step [3510/3735], Loss: 0.2994, Time:0.15023040771484375
Epoch [15/30], Step [3610/3735], Loss: 0.3501, Time:0.17280149459838867
Epoch [15/30], Step [3710/3735], Loss: 0.0432, Time:0.16598773002624512
learning rate 0.0008095 -> 0.0007619
End of epoch15,Use time:428.0181896686554,the accuracy is 0.9528756559922887
Saving the latest model....
验证集数据总量： 8039 预测正确的数量： 6563
当前模型在验证集上的准确率为： 0.8163950740141809
当前模型在验证集上的F1-score为: 0.06847736677119766
Epoch [16/30], Step [75/3735], Loss: 0.1008, Time:0.11550402641296387
Epoch [16/30], Step [175/3735], Loss: 0.0329, Time:0.16389775276184082
Epoch [16/30], Step [275/3735], Loss: 0.0450, Time:0.15262365341186523
Epoch [16/30], Step [375/3735], Loss: 0.0271, Time:0.1419534683227539
Epoch [16/30], Step [475/3735], Loss: 0.0053, Time:0.13033318519592285
Epoch [16/30], Step [575/3735], Loss: 0.4006, Time:0.16988563537597656
Epoch [16/30], Step [675/3735], Loss: 0.0283, Time:0.1680889129638672
Epoch [16/30], Step [775/3735], Loss: 0.0002, Time:0.16604900360107422
Epoch [16/30], Step [875/3735], Loss: 0.1663, Time:0.14129638671875
Epoch [16/30], Step [975/3735], Loss: 0.0366, Time:0.12588715553283691
Epoch [16/30], Step [1075/3735], Loss: 0.0324, Time:0.19058465957641602
Epoch [16/30], Step [1175/3735], Loss: 0.0968, Time:0.1799304485321045
Epoch [16/30], Step [1275/3735], Loss: 0.3686, Time:0.16806888580322266
Epoch [16/30], Step [1375/3735], Loss: 0.0016, Time:0.13275814056396484
Epoch [16/30], Step [1475/3735], Loss: 0.0260, Time:0.15047359466552734
Epoch [16/30], Step [1575/3735], Loss: 0.3773, Time:0.16884756088256836
Epoch [16/30], Step [1675/3735], Loss: 0.3347, Time:0.1560194492340088
Epoch [16/30], Step [1775/3735], Loss: 0.0655, Time:0.15753746032714844
Epoch [16/30], Step [1875/3735], Loss: 0.0253, Time:0.1584463119506836
Epoch [16/30], Step [1975/3735], Loss: 0.2026, Time:0.1223745346069336
Epoch [16/30], Step [2075/3735], Loss: 0.0016, Time:0.18157577514648438
Epoch [16/30], Step [2175/3735], Loss: 0.0008, Time:0.15948057174682617
Epoch [16/30], Step [2275/3735], Loss: 0.2333, Time:0.14747238159179688
Epoch [16/30], Step [2375/3735], Loss: 0.4207, Time:0.14452075958251953
Epoch [16/30], Step [2475/3735], Loss: 0.1577, Time:0.14985203742980957
Epoch [16/30], Step [2575/3735], Loss: 0.0808, Time:0.12964916229248047
Epoch [16/30], Step [2675/3735], Loss: 0.4350, Time:0.16018986701965332
Epoch [16/30], Step [2775/3735], Loss: 0.0912, Time:0.13983774185180664
Epoch [16/30], Step [2875/3735], Loss: 0.3935, Time:0.1633906364440918
Epoch [16/30], Step [2975/3735], Loss: 0.0777, Time:0.16131949424743652
Epoch [16/30], Step [3075/3735], Loss: 0.0355, Time:0.1551661491394043
Epoch [16/30], Step [3175/3735], Loss: 0.0216, Time:0.15922331809997559
Epoch [16/30], Step [3275/3735], Loss: 0.3702, Time:0.15240001678466797
Epoch [16/30], Step [3375/3735], Loss: 0.0148, Time:0.13334941864013672
Epoch [16/30], Step [3475/3735], Loss: 0.1272, Time:0.11689043045043945
Epoch [16/30], Step [3575/3735], Loss: 0.0091, Time:0.11087250709533691
Epoch [16/30], Step [3675/3735], Loss: 0.0182, Time:0.11598324775695801
learning rate 0.0007619 -> 0.0007143
End of epoch16,Use time:414.1247217655182,the accuracy is 0.9570793616793403
Saving the latest model....
Epoch [17/30], Step [40/3735], Loss: 0.0493, Time:0.14223480224609375
Epoch [17/30], Step [140/3735], Loss: 0.0364, Time:0.12955260276794434
Epoch [17/30], Step [240/3735], Loss: 0.0909, Time:0.1800704002380371
Epoch [17/30], Step [340/3735], Loss: 0.0990, Time:0.15641164779663086
Epoch [17/30], Step [440/3735], Loss: 0.0003, Time:0.13741254806518555
Epoch [17/30], Step [540/3735], Loss: 0.0000, Time:0.14601349830627441
Epoch [17/30], Step [640/3735], Loss: 0.0307, Time:0.16655635833740234
Epoch [17/30], Step [740/3735], Loss: 0.0687, Time:0.15471959114074707
Epoch [17/30], Step [840/3735], Loss: 0.1394, Time:0.1759624481201172
Epoch [17/30], Step [940/3735], Loss: 0.0081, Time:0.15880942344665527
Epoch [17/30], Step [1040/3735], Loss: 0.0053, Time:0.14457058906555176
Epoch [17/30], Step [1140/3735], Loss: 0.0501, Time:0.1599438190460205
Epoch [17/30], Step [1240/3735], Loss: 0.2196, Time:0.17589640617370605
Epoch [17/30], Step [1340/3735], Loss: 0.0024, Time:0.17393279075622559
Epoch [17/30], Step [1440/3735], Loss: 0.4046, Time:0.12125754356384277
Epoch [17/30], Step [1540/3735], Loss: 0.0445, Time:0.15734624862670898
Epoch [17/30], Step [1640/3735], Loss: 0.0178, Time:0.14488768577575684
Epoch [17/30], Step [1740/3735], Loss: 0.3318, Time:0.15556907653808594
Epoch [17/30], Step [1840/3735], Loss: 0.0497, Time:0.1434640884399414
Epoch [17/30], Step [1940/3735], Loss: 0.0266, Time:0.15332841873168945
Epoch [17/30], Step [2040/3735], Loss: 0.0008, Time:0.15085530281066895
Epoch [17/30], Step [2140/3735], Loss: 0.1449, Time:0.1465907096862793
Epoch [17/30], Step [2240/3735], Loss: 0.2103, Time:0.16659235954284668
Epoch [17/30], Step [2340/3735], Loss: 0.0357, Time:0.17920184135437012
Epoch [17/30], Step [2440/3735], Loss: 0.0007, Time:0.17606449127197266
Epoch [17/30], Step [2540/3735], Loss: 0.2100, Time:0.16875743865966797
Epoch [17/30], Step [2640/3735], Loss: 0.0423, Time:0.14223742485046387
Epoch [17/30], Step [2740/3735], Loss: 0.0341, Time:0.16993474960327148
Epoch [17/30], Step [2840/3735], Loss: 0.1523, Time:0.1863727569580078
Epoch [17/30], Step [2940/3735], Loss: 0.2303, Time:0.1575019359588623
Epoch [17/30], Step [3040/3735], Loss: 0.3800, Time:0.13590192794799805
Epoch [17/30], Step [3140/3735], Loss: 0.0197, Time:0.14852595329284668
Epoch [17/30], Step [3240/3735], Loss: 0.0292, Time:0.11670446395874023
Epoch [17/30], Step [3340/3735], Loss: 0.4244, Time:0.16394591331481934
Epoch [17/30], Step [3440/3735], Loss: 0.0013, Time:0.18780016899108887
Epoch [17/30], Step [3540/3735], Loss: 0.0163, Time:0.1762838363647461
Epoch [17/30], Step [3640/3735], Loss: 0.1122, Time:0.13304352760314941
learning rate 0.0007143 -> 0.0006667
End of epoch17,Use time:424.74500250816345,the accuracy is 0.9612562921709329
Saving the latest model....
验证集数据总量： 8039 预测正确的数量： 6430
当前模型在验证集上的准确率为： 0.7998507277024506
当前模型在验证集上的F1-score为: 0.06651590908016422
Epoch [18/30], Step [5/3735], Loss: 0.1003, Time:0.13881158828735352
Epoch [18/30], Step [105/3735], Loss: 0.0321, Time:0.1478121280670166
Epoch [18/30], Step [205/3735], Loss: 0.0196, Time:0.1384890079498291
Epoch [18/30], Step [305/3735], Loss: 0.0022, Time:0.13547348976135254
Epoch [18/30], Step [405/3735], Loss: 0.0004, Time:0.15144729614257812
Epoch [18/30], Step [505/3735], Loss: 0.0705, Time:0.15755629539489746
Epoch [18/30], Step [605/3735], Loss: 0.4807, Time:0.10601377487182617
Epoch [18/30], Step [705/3735], Loss: 0.5177, Time:0.1295759677886963
Epoch [18/30], Step [805/3735], Loss: 0.0271, Time:0.13985514640808105
Epoch [18/30], Step [905/3735], Loss: 0.0894, Time:0.1669156551361084
Epoch [18/30], Step [1005/3735], Loss: 0.0263, Time:0.16028952598571777
Epoch [18/30], Step [1105/3735], Loss: 0.2525, Time:0.10769176483154297
Epoch [18/30], Step [1205/3735], Loss: 0.0145, Time:0.14853596687316895
Epoch [18/30], Step [1305/3735], Loss: 0.6233, Time:0.16180992126464844
Epoch [18/30], Step [1405/3735], Loss: 0.0690, Time:0.15034866333007812
Epoch [18/30], Step [1505/3735], Loss: 0.0187, Time:0.12468290328979492
Epoch [18/30], Step [1605/3735], Loss: 0.0111, Time:0.1732957363128662
Epoch [18/30], Step [1705/3735], Loss: 0.3118, Time:0.14937615394592285
Epoch [18/30], Step [1805/3735], Loss: 0.0541, Time:0.16169118881225586
Epoch [18/30], Step [1905/3735], Loss: 0.0021, Time:0.16782617568969727
Epoch [18/30], Step [2005/3735], Loss: 0.0020, Time:0.13376235961914062
Epoch [18/30], Step [2105/3735], Loss: 0.6318, Time:0.16834640502929688
Epoch [18/30], Step [2205/3735], Loss: 0.0428, Time:0.14760851860046387
Epoch [18/30], Step [2305/3735], Loss: 0.0827, Time:0.12702655792236328
Epoch [18/30], Step [2405/3735], Loss: 0.0137, Time:0.14299893379211426
Epoch [18/30], Step [2505/3735], Loss: 0.0044, Time:0.13003158569335938
Epoch [18/30], Step [2605/3735], Loss: 0.0079, Time:0.1459641456604004
Epoch [18/30], Step [2705/3735], Loss: 0.0014, Time:0.15026235580444336
Epoch [18/30], Step [2805/3735], Loss: 0.0180, Time:0.14810442924499512
Epoch [18/30], Step [2905/3735], Loss: 0.1629, Time:0.14502453804016113
Epoch [18/30], Step [3005/3735], Loss: 0.0652, Time:0.11636972427368164
Epoch [18/30], Step [3105/3735], Loss: 0.0827, Time:0.17594671249389648
Epoch [18/30], Step [3205/3735], Loss: 0.0269, Time:0.1410377025604248
Epoch [18/30], Step [3305/3735], Loss: 0.3049, Time:0.17196321487426758
Epoch [18/30], Step [3405/3735], Loss: 0.1380, Time:0.13943815231323242
Epoch [18/30], Step [3505/3735], Loss: 0.0984, Time:0.1267557144165039
Epoch [18/30], Step [3605/3735], Loss: 0.0647, Time:0.15613460540771484
Epoch [18/30], Step [3705/3735], Loss: 0.0367, Time:0.1492459774017334
learning rate 0.0006667 -> 0.0006190
End of epoch18,Use time:422.2278616428375,the accuracy is 0.9650048195351826
Saving the latest model....
Epoch [19/30], Step [70/3735], Loss: 0.0000, Time:0.14842510223388672
Epoch [19/30], Step [170/3735], Loss: 0.0922, Time:0.18647408485412598
Epoch [19/30], Step [270/3735], Loss: 0.0000, Time:0.16164731979370117
Epoch [19/30], Step [370/3735], Loss: 0.2383, Time:0.17895221710205078
Epoch [19/30], Step [470/3735], Loss: 0.2736, Time:0.17592954635620117
Epoch [19/30], Step [570/3735], Loss: 0.0047, Time:0.1504802703857422
Epoch [19/30], Step [670/3735], Loss: 0.0080, Time:0.15588116645812988
Epoch [19/30], Step [770/3735], Loss: 0.0087, Time:0.16530227661132812
Epoch [19/30], Step [870/3735], Loss: 0.0288, Time:0.1431887149810791
Epoch [19/30], Step [970/3735], Loss: 0.0061, Time:0.1477975845336914
Epoch [19/30], Step [1070/3735], Loss: 0.0582, Time:0.1256711483001709
Epoch [19/30], Step [1170/3735], Loss: 0.0216, Time:0.16061735153198242
Epoch [19/30], Step [1270/3735], Loss: 0.0181, Time:0.14233183860778809
Epoch [19/30], Step [1370/3735], Loss: 0.0852, Time:0.14817285537719727
Epoch [19/30], Step [1470/3735], Loss: 0.4198, Time:0.11283493041992188
Epoch [19/30], Step [1570/3735], Loss: 0.0000, Time:0.17367005348205566
Epoch [19/30], Step [1670/3735], Loss: 0.0386, Time:0.12371134757995605
Epoch [19/30], Step [1770/3735], Loss: 0.4787, Time:0.12616372108459473
Epoch [19/30], Step [1870/3735], Loss: 0.0007, Time:0.12800073623657227
Epoch [19/30], Step [1970/3735], Loss: 0.0003, Time:0.15689945220947266
Epoch [19/30], Step [2070/3735], Loss: 0.0059, Time:0.19039344787597656
Epoch [19/30], Step [2170/3735], Loss: 0.0168, Time:0.17248773574829102
Epoch [19/30], Step [2270/3735], Loss: 0.4282, Time:0.1486814022064209
Epoch [19/30], Step [2370/3735], Loss: 0.0002, Time:0.15073227882385254
Epoch [19/30], Step [2470/3735], Loss: 0.4342, Time:0.13522696495056152
Epoch [19/30], Step [2570/3735], Loss: 0.2665, Time:0.14099717140197754
Epoch [19/30], Step [2670/3735], Loss: 0.0242, Time:0.13569974899291992
Epoch [19/30], Step [2770/3735], Loss: 0.0017, Time:0.13668107986450195
Epoch [19/30], Step [2870/3735], Loss: 0.0137, Time:0.15710783004760742
Epoch [19/30], Step [2970/3735], Loss: 0.0000, Time:0.17193150520324707
Epoch [19/30], Step [3070/3735], Loss: 0.0000, Time:0.18662810325622559
Epoch [19/30], Step [3170/3735], Loss: 0.1650, Time:0.13398170471191406
Epoch [19/30], Step [3270/3735], Loss: 0.0069, Time:0.1823258399963379
Epoch [19/30], Step [3370/3735], Loss: 0.0148, Time:0.1290111541748047
Epoch [19/30], Step [3470/3735], Loss: 0.0082, Time:0.16850805282592773
Epoch [19/30], Step [3570/3735], Loss: 0.0000, Time:0.14625310897827148
Epoch [19/30], Step [3670/3735], Loss: 0.0226, Time:0.18620681762695312
learning rate 0.0006190 -> 0.0005714
End of epoch19,Use time:421.3939309120178,the accuracy is 0.9671736103673557
Saving the latest model....
验证集数据总量： 8039 预测正确的数量： 6515
当前模型在验证集上的准确率为： 0.810424182112203
当前模型在验证集上的F1-score为: 0.06814187514615183
Epoch [20/30], Step [35/3735], Loss: 0.0013, Time:0.12341642379760742
Epoch [20/30], Step [135/3735], Loss: 0.1965, Time:0.1199948787689209
Epoch [20/30], Step [235/3735], Loss: 0.0029, Time:0.15380573272705078
Epoch [20/30], Step [335/3735], Loss: 0.4351, Time:0.1679210662841797
Epoch [20/30], Step [435/3735], Loss: 0.1613, Time:0.17975473403930664
Epoch [20/30], Step [535/3735], Loss: 0.3557, Time:0.13187623023986816
Epoch [20/30], Step [635/3735], Loss: 0.0034, Time:0.14682364463806152
Epoch [20/30], Step [735/3735], Loss: 0.0260, Time:0.15136408805847168
Epoch [20/30], Step [835/3735], Loss: 1.2014, Time:0.15184354782104492
Epoch [20/30], Step [935/3735], Loss: 0.0117, Time:0.15813112258911133
Epoch [20/30], Step [1035/3735], Loss: 0.1920, Time:0.1440293788909912
Epoch [20/30], Step [1135/3735], Loss: 0.1200, Time:0.1761925220489502
Epoch [20/30], Step [1235/3735], Loss: 0.2422, Time:0.11821818351745605
Epoch [20/30], Step [1335/3735], Loss: 0.0079, Time:0.12002134323120117
Epoch [20/30], Step [1435/3735], Loss: 0.0151, Time:0.1657731533050537
Epoch [20/30], Step [1535/3735], Loss: 0.2009, Time:0.15121173858642578
Epoch [20/30], Step [1635/3735], Loss: 0.0195, Time:0.1443653106689453
Epoch [20/30], Step [1735/3735], Loss: 0.0239, Time:0.1610405445098877
Epoch [20/30], Step [1835/3735], Loss: 0.0247, Time:0.15729212760925293
Epoch [20/30], Step [1935/3735], Loss: 0.0572, Time:0.11063361167907715
Epoch [20/30], Step [2035/3735], Loss: 0.0255, Time:0.08713293075561523
Epoch [20/30], Step [2135/3735], Loss: 0.2591, Time:0.10150408744812012
Epoch [20/30], Step [2235/3735], Loss: 0.0171, Time:0.14635777473449707
Epoch [20/30], Step [2335/3735], Loss: 0.0135, Time:0.09077858924865723
Epoch [20/30], Step [2435/3735], Loss: 0.0000, Time:0.12404799461364746
Epoch [20/30], Step [2535/3735], Loss: 0.0061, Time:0.14096641540527344
Epoch [20/30], Step [2635/3735], Loss: 0.0000, Time:0.1182410717010498
Epoch [20/30], Step [2735/3735], Loss: 0.0394, Time:0.11389589309692383
Epoch [20/30], Step [2835/3735], Loss: 0.0077, Time:0.12451601028442383
Epoch [20/30], Step [2935/3735], Loss: 0.0118, Time:0.11080455780029297
Epoch [20/30], Step [3035/3735], Loss: 0.0039, Time:0.09400749206542969
Epoch [20/30], Step [3135/3735], Loss: 0.0002, Time:0.09693050384521484
Epoch [20/30], Step [3235/3735], Loss: 0.0075, Time:0.11811470985412598
Epoch [20/30], Step [3335/3735], Loss: 0.0640, Time:0.09543609619140625
Epoch [20/30], Step [3435/3735], Loss: 0.0029, Time:0.08219432830810547
Epoch [20/30], Step [3535/3735], Loss: 0.3342, Time:0.12520074844360352
Epoch [20/30], Step [3635/3735], Loss: 0.0011, Time:0.13186955451965332
Epoch [20/30], Step [3735/3735], Loss: 0.0437, Time:0.09160804748535156
learning rate 0.0005714 -> 0.0005238
End of epoch20,Use time:372.80201482772827,the accuracy is 0.9721537967227161
Saving the latest model....
Epoch [21/30], Step [100/3735], Loss: 0.0071, Time:0.13881707191467285
Epoch [21/30], Step [200/3735], Loss: 0.0065, Time:0.12038373947143555
Epoch [21/30], Step [300/3735], Loss: 0.0108, Time:0.10251641273498535
Epoch [21/30], Step [400/3735], Loss: 0.0234, Time:0.10890388488769531
Epoch [21/30], Step [500/3735], Loss: 0.2527, Time:0.10056018829345703
Epoch [21/30], Step [600/3735], Loss: 0.0001, Time:0.1167898178100586
Epoch [21/30], Step [700/3735], Loss: 0.0000, Time:0.12387228012084961
Epoch [21/30], Step [800/3735], Loss: 0.0023, Time:0.12279438972473145
Epoch [21/30], Step [900/3735], Loss: 0.0032, Time:0.12258410453796387
Epoch [21/30], Step [1000/3735], Loss: 0.0151, Time:0.09490418434143066
Epoch [21/30], Step [1100/3735], Loss: 0.0015, Time:0.13291096687316895
Epoch [21/30], Step [1200/3735], Loss: 0.0011, Time:0.10980868339538574
Epoch [21/30], Step [1300/3735], Loss: 0.0222, Time:0.10694670677185059
Epoch [21/30], Step [1400/3735], Loss: 0.0185, Time:0.11362862586975098
Epoch [21/30], Step [1500/3735], Loss: 0.0003, Time:0.0937049388885498
Epoch [21/30], Step [1600/3735], Loss: 0.0003, Time:0.09845328330993652
Epoch [21/30], Step [1700/3735], Loss: 0.0029, Time:0.10326957702636719
Epoch [21/30], Step [1800/3735], Loss: 0.0040, Time:0.10934567451477051
Epoch [21/30], Step [1900/3735], Loss: 0.0000, Time:0.11516809463500977
Epoch [21/30], Step [2000/3735], Loss: 0.0003, Time:0.1531217098236084
Epoch [21/30], Step [2100/3735], Loss: 0.0802, Time:0.13776326179504395
Epoch [21/30], Step [2200/3735], Loss: 0.0151, Time:0.17153453826904297
Epoch [21/30], Step [2300/3735], Loss: 0.1379, Time:0.16451168060302734
Epoch [21/30], Step [2400/3735], Loss: 0.0378, Time:0.16991591453552246
Epoch [21/30], Step [2500/3735], Loss: 0.0013, Time:0.16687798500061035
Epoch [21/30], Step [2600/3735], Loss: 0.0119, Time:0.172194242477417
Epoch [21/30], Step [2700/3735], Loss: 0.0021, Time:0.14663219451904297
Epoch [21/30], Step [2800/3735], Loss: 0.0024, Time:0.1367194652557373
Epoch [21/30], Step [2900/3735], Loss: 0.0026, Time:0.158308744430542
Epoch [21/30], Step [3000/3735], Loss: 0.0000, Time:0.16623330116271973
Epoch [21/30], Step [3100/3735], Loss: 0.0074, Time:0.1630566120147705
Epoch [21/30], Step [3200/3735], Loss: 0.0187, Time:0.13904905319213867
Epoch [21/30], Step [3300/3735], Loss: 0.3865, Time:0.13110685348510742
Epoch [21/30], Step [3400/3735], Loss: 0.8428, Time:0.15691804885864258
Epoch [21/30], Step [3500/3735], Loss: 0.0248, Time:0.15353918075561523
Epoch [21/30], Step [3600/3735], Loss: 0.0100, Time:0.11789202690124512
Epoch [21/30], Step [3700/3735], Loss: 0.0008, Time:0.10799574851989746
learning rate 0.0005238 -> 0.0004762
End of epoch21,Use time:369.0381209850311,the accuracy is 0.9733051301274499
Saving the latest model....
验证集数据总量： 8039 预测正确的数量： 6567
当前模型在验证集上的准确率为： 0.8168926483393457
当前模型在验证集上的F1-score为: 0.06893689597718759
Epoch [22/30], Step [65/3735], Loss: 0.0686, Time:0.14509367942810059
Epoch [22/30], Step [165/3735], Loss: 0.1615, Time:0.14578795433044434
Epoch [22/30], Step [265/3735], Loss: 0.0016, Time:0.14218378067016602
Epoch [22/30], Step [365/3735], Loss: 0.0020, Time:0.14206266403198242
Epoch [22/30], Step [465/3735], Loss: 0.0011, Time:0.16561579704284668
Epoch [22/30], Step [565/3735], Loss: 0.1085, Time:0.14803743362426758
Epoch [22/30], Step [665/3735], Loss: 0.0170, Time:0.17103266716003418
Epoch [22/30], Step [765/3735], Loss: 0.0326, Time:0.18353939056396484
Epoch [22/30], Step [865/3735], Loss: 0.0114, Time:0.1370391845703125
Epoch [22/30], Step [965/3735], Loss: 0.0032, Time:0.16837120056152344
Epoch [22/30], Step [1065/3735], Loss: 0.0056, Time:0.15399885177612305
Epoch [22/30], Step [1165/3735], Loss: 0.0016, Time:0.17628693580627441
Epoch [22/30], Step [1265/3735], Loss: 0.2446, Time:0.14821696281433105
Epoch [22/30], Step [1365/3735], Loss: 0.1309, Time:0.1508345603942871
Epoch [22/30], Step [1465/3735], Loss: 0.0037, Time:0.17558002471923828
Epoch [22/30], Step [1565/3735], Loss: 0.0028, Time:0.19582486152648926
Epoch [22/30], Step [1665/3735], Loss: 0.0033, Time:0.1756610870361328
Epoch [22/30], Step [1765/3735], Loss: 0.0011, Time:0.15828800201416016
Epoch [22/30], Step [1865/3735], Loss: 0.0574, Time:0.11765313148498535
Epoch [22/30], Step [1965/3735], Loss: 0.0069, Time:0.1441788673400879
Epoch [22/30], Step [2065/3735], Loss: 0.0280, Time:0.16766810417175293
Epoch [22/30], Step [2165/3735], Loss: 0.1168, Time:0.15423822402954102
Epoch [22/30], Step [2265/3735], Loss: 0.0023, Time:0.1307673454284668
Epoch [22/30], Step [2365/3735], Loss: 0.2817, Time:0.1668095588684082
Epoch [22/30], Step [2465/3735], Loss: 0.0184, Time:0.17839550971984863
Epoch [22/30], Step [2565/3735], Loss: 0.0001, Time:0.1356675624847412
Epoch [22/30], Step [2665/3735], Loss: 0.0011, Time:0.14163517951965332
Epoch [22/30], Step [2765/3735], Loss: 0.0120, Time:0.13700628280639648
Epoch [22/30], Step [2865/3735], Loss: 0.0332, Time:0.16681838035583496
Epoch [22/30], Step [2965/3735], Loss: 0.0165, Time:0.15889596939086914
Epoch [22/30], Step [3065/3735], Loss: 0.2110, Time:0.18456220626831055
Epoch [22/30], Step [3165/3735], Loss: 0.0018, Time:0.1489856243133545
Epoch [22/30], Step [3265/3735], Loss: 0.0025, Time:0.15853261947631836
Epoch [22/30], Step [3365/3735], Loss: 2.1802, Time:0.15246248245239258
Epoch [22/30], Step [3465/3735], Loss: 0.0006, Time:0.13008570671081543
Epoch [22/30], Step [3565/3735], Loss: 0.0084, Time:0.157973051071167
Epoch [22/30], Step [3665/3735], Loss: 0.6331, Time:0.13711881637573242
learning rate 0.0004762 -> 0.0004286
End of epoch22,Use time:428.2929484844208,the accuracy is 0.9754203705687051
Saving the latest model....
Epoch [23/30], Step [30/3735], Loss: 0.0000, Time:0.17867159843444824
Epoch [23/30], Step [130/3735], Loss: 0.1772, Time:0.12645840644836426
Epoch [23/30], Step [230/3735], Loss: 0.0218, Time:0.17205476760864258
Epoch [23/30], Step [330/3735], Loss: 0.0301, Time:0.1323564052581787
Epoch [23/30], Step [430/3735], Loss: 0.2558, Time:0.14596343040466309
Epoch [23/30], Step [530/3735], Loss: 0.0459, Time:0.1512610912322998
Epoch [23/30], Step [630/3735], Loss: 0.0014, Time:0.14415359497070312
Epoch [23/30], Step [730/3735], Loss: 0.0001, Time:0.16979575157165527
Epoch [23/30], Step [830/3735], Loss: 0.0033, Time:0.0869760513305664
Epoch [23/30], Step [930/3735], Loss: 0.0062, Time:0.12730717658996582
Epoch [23/30], Step [1030/3735], Loss: 0.0007, Time:0.163374662399292
Epoch [23/30], Step [1130/3735], Loss: 0.0010, Time:0.16289520263671875
Epoch [23/30], Step [1230/3735], Loss: 0.0452, Time:0.13950777053833008
Epoch [23/30], Step [1330/3735], Loss: 0.0692, Time:0.13591909408569336
Epoch [23/30], Step [1430/3735], Loss: 0.0003, Time:0.1011667251586914
Epoch [23/30], Step [1530/3735], Loss: 0.1852, Time:0.13202786445617676
Epoch [23/30], Step [1630/3735], Loss: 0.0157, Time:0.15596294403076172
Epoch [23/30], Step [1730/3735], Loss: 0.0020, Time:0.11557269096374512
Epoch [23/30], Step [1830/3735], Loss: 0.0076, Time:0.14220356941223145
Epoch [23/30], Step [1930/3735], Loss: 0.1490, Time:0.1232759952545166
Epoch [23/30], Step [2030/3735], Loss: 0.2934, Time:0.14968514442443848
Epoch [23/30], Step [2130/3735], Loss: 0.0133, Time:0.12619829177856445
Epoch [23/30], Step [2230/3735], Loss: 0.0005, Time:0.17066431045532227
Epoch [23/30], Step [2330/3735], Loss: 0.2479, Time:0.13658881187438965
Epoch [23/30], Step [2430/3735], Loss: 0.6917, Time:0.15352582931518555
Epoch [23/30], Step [2530/3735], Loss: 0.0289, Time:0.15329694747924805
Epoch [23/30], Step [2630/3735], Loss: 0.0000, Time:0.14373207092285156
Epoch [23/30], Step [2730/3735], Loss: 0.0047, Time:0.15854835510253906
Epoch [23/30], Step [2830/3735], Loss: 0.0245, Time:0.15358614921569824
Epoch [23/30], Step [2930/3735], Loss: 0.0182, Time:0.11465597152709961
Epoch [23/30], Step [3030/3735], Loss: 0.0014, Time:0.1672954559326172
Epoch [23/30], Step [3130/3735], Loss: 0.0090, Time:0.15722012519836426
Epoch [23/30], Step [3230/3735], Loss: 0.0306, Time:0.17954516410827637
Epoch [23/30], Step [3330/3735], Loss: 0.2694, Time:0.17393255233764648
Epoch [23/30], Step [3430/3735], Loss: 0.0387, Time:0.12300705909729004
Epoch [23/30], Step [3530/3735], Loss: 0.2968, Time:0.11481165885925293
Epoch [23/30], Step [3630/3735], Loss: 0.0039, Time:0.12232661247253418
Epoch [23/30], Step [3730/3735], Loss: 0.0530, Time:0.10737323760986328
learning rate 0.0004286 -> 0.0003810
End of epoch23,Use time:425.8286762237549,the accuracy is 0.9773481846417479
Saving the latest model....
验证集数据总量： 8039 预测正确的数量： 6700
当前模型在验证集上的准确率为： 0.833436994651076
当前模型在验证集上的F1-score为: 0.0714905179842183
Epoch [24/30], Step [95/3735], Loss: 0.2232, Time:0.19390487670898438
Epoch [24/30], Step [195/3735], Loss: 0.0087, Time:0.15896821022033691
Epoch [24/30], Step [295/3735], Loss: 0.8939, Time:0.12768340110778809
Epoch [24/30], Step [395/3735], Loss: 0.0268, Time:0.14008188247680664
Epoch [24/30], Step [495/3735], Loss: 0.5244, Time:0.15574312210083008
Epoch [24/30], Step [595/3735], Loss: 0.0319, Time:0.14046478271484375
Epoch [24/30], Step [695/3735], Loss: 0.0006, Time:0.1350696086883545
Epoch [24/30], Step [795/3735], Loss: 0.0042, Time:0.15206313133239746
Epoch [24/30], Step [895/3735], Loss: 0.0003, Time:0.16160869598388672
Epoch [24/30], Step [995/3735], Loss: 0.0010, Time:0.1505582332611084
Epoch [24/30], Step [1095/3735], Loss: 0.0415, Time:0.1534717082977295
Epoch [24/30], Step [1195/3735], Loss: 0.0115, Time:0.15808701515197754
Epoch [24/30], Step [1295/3735], Loss: 0.0283, Time:0.14051389694213867
Epoch [24/30], Step [1395/3735], Loss: 0.0279, Time:0.1406993865966797
Epoch [24/30], Step [1495/3735], Loss: 0.0058, Time:0.10491394996643066
Epoch [24/30], Step [1595/3735], Loss: 0.0001, Time:0.10551881790161133
Epoch [24/30], Step [1695/3735], Loss: 0.0028, Time:0.1383202075958252
Epoch [24/30], Step [1795/3735], Loss: 0.0252, Time:0.11490345001220703
Epoch [24/30], Step [1895/3735], Loss: 0.0010, Time:0.18605661392211914
Epoch [24/30], Step [1995/3735], Loss: 0.0983, Time:0.14163541793823242
Epoch [24/30], Step [2095/3735], Loss: 0.0094, Time:0.15170884132385254
Epoch [24/30], Step [2195/3735], Loss: 0.0055, Time:0.18661260604858398
Epoch [24/30], Step [2295/3735], Loss: 0.0000, Time:0.15441036224365234
Epoch [24/30], Step [2395/3735], Loss: 0.0083, Time:0.11202406883239746
Epoch [24/30], Step [2495/3735], Loss: 0.0004, Time:0.19100165367126465
Epoch [24/30], Step [2595/3735], Loss: 0.0002, Time:0.17380118370056152
Epoch [24/30], Step [2695/3735], Loss: 0.8798, Time:0.1666555404663086
Epoch [24/30], Step [2795/3735], Loss: 0.1101, Time:0.15871429443359375
Epoch [24/30], Step [2895/3735], Loss: 0.0004, Time:0.14843368530273438
Epoch [24/30], Step [2995/3735], Loss: 0.0031, Time:0.14570140838623047
Epoch [24/30], Step [3095/3735], Loss: 0.2966, Time:0.1650841236114502
Epoch [24/30], Step [3195/3735], Loss: 0.0008, Time:0.15939068794250488
Epoch [24/30], Step [3295/3735], Loss: 0.0000, Time:0.1414809226989746
Epoch [24/30], Step [3395/3735], Loss: 0.0047, Time:0.13231635093688965
Epoch [24/30], Step [3495/3735], Loss: 0.0003, Time:0.15257573127746582
Epoch [24/30], Step [3595/3735], Loss: 0.2088, Time:0.14918112754821777
Epoch [24/30], Step [3695/3735], Loss: 0.1031, Time:0.13780927658081055
learning rate 0.0003810 -> 0.0003333
End of epoch24,Use time:420.52936577796936,the accuracy is 0.9786869444146943
Saving the latest model....
Epoch [25/30], Step [60/3735], Loss: 0.3722, Time:0.15646862983703613
Epoch [25/30], Step [160/3735], Loss: 0.0011, Time:0.15751957893371582
Epoch [25/30], Step [260/3735], Loss: 0.0007, Time:0.15230894088745117
Epoch [25/30], Step [360/3735], Loss: 0.0003, Time:0.15097832679748535
Epoch [25/30], Step [460/3735], Loss: 0.3859, Time:0.13234925270080566
Epoch [25/30], Step [560/3735], Loss: 0.0210, Time:0.17106246948242188
Epoch [25/30], Step [660/3735], Loss: 0.0712, Time:0.14556097984313965
Epoch [25/30], Step [760/3735], Loss: 0.0005, Time:0.1818993091583252
Epoch [25/30], Step [860/3735], Loss: 0.0190, Time:0.17464089393615723
Epoch [25/30], Step [960/3735], Loss: 0.0844, Time:0.18092608451843262
Epoch [25/30], Step [1060/3735], Loss: 0.0147, Time:0.14983868598937988
Epoch [25/30], Step [1160/3735], Loss: 0.0200, Time:0.13992810249328613
Epoch [25/30], Step [1260/3735], Loss: 0.1338, Time:0.1434633731842041
Epoch [25/30], Step [1360/3735], Loss: 0.1512, Time:0.14899826049804688
Epoch [25/30], Step [1460/3735], Loss: 0.0502, Time:0.13589930534362793
Epoch [25/30], Step [1560/3735], Loss: 0.0425, Time:0.15097808837890625
Epoch [25/30], Step [1660/3735], Loss: 0.0015, Time:0.1475822925567627
Epoch [25/30], Step [1760/3735], Loss: 0.0080, Time:0.13830351829528809
Epoch [25/30], Step [1860/3735], Loss: 0.0000, Time:0.16898822784423828
Epoch [25/30], Step [1960/3735], Loss: 0.0009, Time:0.16460442543029785
Epoch [25/30], Step [2060/3735], Loss: 0.0156, Time:0.15772366523742676
Epoch [25/30], Step [2160/3735], Loss: 0.0331, Time:0.15006089210510254
Epoch [25/30], Step [2260/3735], Loss: 0.0007, Time:0.13416647911071777
Epoch [25/30], Step [2360/3735], Loss: 0.0102, Time:0.1523911952972412
Epoch [25/30], Step [2460/3735], Loss: 0.7698, Time:0.1475837230682373
Epoch [25/30], Step [2560/3735], Loss: 0.3740, Time:0.1821918487548828
Epoch [25/30], Step [2660/3735], Loss: 0.0051, Time:0.12723016738891602
Epoch [25/30], Step [2760/3735], Loss: 0.0001, Time:0.13834905624389648
Epoch [25/30], Step [2860/3735], Loss: 0.0244, Time:0.15313124656677246
Epoch [25/30], Step [2960/3735], Loss: 0.8472, Time:0.14052104949951172
Epoch [25/30], Step [3060/3735], Loss: 0.0335, Time:0.16762685775756836
Epoch [25/30], Step [3160/3735], Loss: 0.0010, Time:0.13737702369689941
Epoch [25/30], Step [3260/3735], Loss: 0.0128, Time:0.15698814392089844
Epoch [25/30], Step [3360/3735], Loss: 0.0022, Time:0.1345076560974121
Epoch [25/30], Step [3460/3735], Loss: 0.0318, Time:0.14448189735412598
Epoch [25/30], Step [3560/3735], Loss: 0.0001, Time:0.10865187644958496
Epoch [25/30], Step [3660/3735], Loss: 0.0017, Time:0.12939023971557617
learning rate 0.0003333 -> 0.0002857
End of epoch25,Use time:420.5131416320801,the accuracy is 0.9830245260790403
Saving the latest model....
验证集数据总量： 8039 预测正确的数量： 6772
当前模型在验证集上的准确率为： 0.8423933325040428
当前模型在验证集上的F1-score为: 0.07282209401984129
Epoch [26/30], Step [25/3735], Loss: 0.2203, Time:0.15150094032287598
Epoch [26/30], Step [125/3735], Loss: 0.0000, Time:0.12588953971862793
Epoch [26/30], Step [225/3735], Loss: 0.0002, Time:0.17019033432006836
Epoch [26/30], Step [325/3735], Loss: 0.1341, Time:0.16451764106750488
Epoch [26/30], Step [425/3735], Loss: 0.0010, Time:0.1685495376586914
Epoch [26/30], Step [525/3735], Loss: 0.0049, Time:0.12465929985046387
Epoch [26/30], Step [625/3735], Loss: 0.0002, Time:0.15536284446716309
Epoch [26/30], Step [725/3735], Loss: 0.0006, Time:0.14476251602172852
Epoch [26/30], Step [825/3735], Loss: 0.0054, Time:0.1159825325012207
Epoch [26/30], Step [925/3735], Loss: 0.0000, Time:0.1494596004486084
Epoch [26/30], Step [1025/3735], Loss: 0.1315, Time:0.13891959190368652
Epoch [26/30], Step [1125/3735], Loss: 0.0075, Time:0.1350719928741455
Epoch [26/30], Step [1225/3735], Loss: 0.0001, Time:0.13007402420043945
Epoch [26/30], Step [1325/3735], Loss: 0.0085, Time:0.1230475902557373
Epoch [26/30], Step [1425/3735], Loss: 0.0004, Time:0.12516999244689941
Epoch [26/30], Step [1525/3735], Loss: 0.0089, Time:0.1662144660949707
Epoch [26/30], Step [1625/3735], Loss: 0.0001, Time:0.12102079391479492
Epoch [26/30], Step [1725/3735], Loss: 0.0031, Time:0.12564396858215332
Epoch [26/30], Step [1825/3735], Loss: 0.0512, Time:0.15541386604309082
Epoch [26/30], Step [1925/3735], Loss: 0.0046, Time:0.1597902774810791
Epoch [26/30], Step [2025/3735], Loss: 0.0029, Time:0.13780879974365234
Epoch [26/30], Step [2125/3735], Loss: 0.1155, Time:0.1542375087738037
Epoch [26/30], Step [2225/3735], Loss: 0.0073, Time:0.1392345428466797
Epoch [26/30], Step [2325/3735], Loss: 0.0000, Time:0.16561007499694824
Epoch [26/30], Step [2425/3735], Loss: 0.0145, Time:0.15784406661987305
Epoch [26/30], Step [2525/3735], Loss: 0.0028, Time:0.11284232139587402
Epoch [26/30], Step [2625/3735], Loss: 0.0022, Time:0.1607217788696289
Epoch [26/30], Step [2725/3735], Loss: 0.2533, Time:0.14576411247253418
Epoch [26/30], Step [2825/3735], Loss: 0.0012, Time:0.20042061805725098
Epoch [26/30], Step [2925/3735], Loss: 0.0072, Time:0.12633824348449707
Epoch [26/30], Step [3025/3735], Loss: 0.0012, Time:0.1488356590270996
Epoch [26/30], Step [3125/3735], Loss: 0.0001, Time:0.1643388271331787
Epoch [26/30], Step [3225/3735], Loss: 0.0097, Time:0.12874388694763184
Epoch [26/30], Step [3325/3735], Loss: 0.0277, Time:0.129072904586792
Epoch [26/30], Step [3425/3735], Loss: 0.1766, Time:0.1277143955230713
Epoch [26/30], Step [3525/3735], Loss: 0.0016, Time:0.1633756160736084
Epoch [26/30], Step [3625/3735], Loss: 0.0007, Time:0.1224215030670166
Epoch [26/30], Step [3725/3735], Loss: 0.0091, Time:0.1387958526611328
learning rate 0.0002857 -> 0.0002381
End of epoch26,Use time:415.61789751052856,the accuracy is 0.9825157973653208
Saving the latest model....
Epoch [27/30], Step [90/3735], Loss: 0.0006, Time:0.13524246215820312
Epoch [27/30], Step [190/3735], Loss: 0.0111, Time:0.12797284126281738
Epoch [27/30], Step [290/3735], Loss: 0.0167, Time:0.1633131504058838
Epoch [27/30], Step [390/3735], Loss: 0.0378, Time:0.12487435340881348
Epoch [27/30], Step [490/3735], Loss: 0.0000, Time:0.15898966789245605
Epoch [27/30], Step [590/3735], Loss: 0.0504, Time:0.16836786270141602
Epoch [27/30], Step [690/3735], Loss: 0.0098, Time:0.1352536678314209
Epoch [27/30], Step [790/3735], Loss: 0.0025, Time:0.17478513717651367
Epoch [27/30], Step [890/3735], Loss: 0.1881, Time:0.1589946746826172
Epoch [27/30], Step [990/3735], Loss: 0.0098, Time:0.14522862434387207
Epoch [27/30], Step [1090/3735], Loss: 0.2666, Time:0.16329383850097656
Epoch [27/30], Step [1190/3735], Loss: 0.4580, Time:0.1702260971069336
Epoch [27/30], Step [1290/3735], Loss: 0.0005, Time:0.15297889709472656
Epoch [27/30], Step [1390/3735], Loss: 0.0031, Time:0.12840938568115234
Epoch [27/30], Step [1490/3735], Loss: 0.0000, Time:0.1751868724822998
Epoch [27/30], Step [1590/3735], Loss: 0.0140, Time:0.11314010620117188
Epoch [27/30], Step [1690/3735], Loss: 0.0049, Time:0.15766358375549316
Epoch [27/30], Step [1790/3735], Loss: 0.0046, Time:0.13117527961730957
Epoch [27/30], Step [1890/3735], Loss: 0.2934, Time:0.153792142868042
Epoch [27/30], Step [1990/3735], Loss: 0.0053, Time:0.16405797004699707
Epoch [27/30], Step [2090/3735], Loss: 0.0010, Time:0.17072105407714844
Epoch [27/30], Step [2190/3735], Loss: 0.0001, Time:0.14236688613891602
Epoch [27/30], Step [2290/3735], Loss: 0.0000, Time:0.174544095993042
Epoch [27/30], Step [2390/3735], Loss: 0.0918, Time:0.14902329444885254
Epoch [27/30], Step [2490/3735], Loss: 0.0033, Time:0.13332891464233398
Epoch [27/30], Step [2590/3735], Loss: 0.0006, Time:0.1664273738861084
Epoch [27/30], Step [2690/3735], Loss: 0.0000, Time:0.16370415687561035
Epoch [27/30], Step [2790/3735], Loss: 0.0007, Time:0.17203474044799805
Epoch [27/30], Step [2890/3735], Loss: 0.0021, Time:0.12795305252075195
saving the latest model (epoch 26, total_iters 1000000)
Epoch [27/30], Step [2990/3735], Loss: 0.0163, Time:0.13760161399841309
Epoch [27/30], Step [3090/3735], Loss: 0.0007, Time:0.1673593521118164
Epoch [27/30], Step [3190/3735], Loss: 0.0009, Time:0.1308121681213379
Epoch [27/30], Step [3290/3735], Loss: 0.0011, Time:0.11877560615539551
Epoch [27/30], Step [3390/3735], Loss: 0.0002, Time:0.14133286476135254
Epoch [27/30], Step [3490/3735], Loss: 0.0005, Time:0.1533222198486328
Epoch [27/30], Step [3590/3735], Loss: 0.0093, Time:0.13165569305419922
Epoch [27/30], Step [3690/3735], Loss: 0.0001, Time:0.15727758407592773
learning rate 0.0002381 -> 0.0001905
End of epoch27,Use time:417.69521951675415,the accuracy is 0.9830245260790403
Saving the latest model....
验证集数据总量： 8039 预测正确的数量： 6809
当前模型在验证集上的准确率为： 0.8469958950118174
当前模型在验证集上的F1-score为: 0.07347385898686397
Epoch [28/30], Step [55/3735], Loss: 0.0082, Time:0.16548991203308105
Epoch [28/30], Step [155/3735], Loss: 0.0000, Time:0.17615723609924316
Epoch [28/30], Step [255/3735], Loss: 0.0000, Time:0.13625454902648926
Epoch [28/30], Step [355/3735], Loss: 0.0000, Time:0.14518260955810547
Epoch [28/30], Step [455/3735], Loss: 0.0297, Time:0.16800856590270996
Epoch [28/30], Step [555/3735], Loss: 0.0195, Time:0.15806055068969727
Epoch [28/30], Step [655/3735], Loss: 0.0013, Time:0.13089323043823242
Epoch [28/30], Step [755/3735], Loss: 0.0000, Time:0.14672231674194336
Epoch [28/30], Step [855/3735], Loss: 0.0001, Time:0.1696770191192627
Epoch [28/30], Step [955/3735], Loss: 0.0009, Time:0.16629886627197266
Epoch [28/30], Step [1055/3735], Loss: 0.0043, Time:0.14215731620788574
Epoch [28/30], Step [1155/3735], Loss: 0.0993, Time:0.1190786361694336
Epoch [28/30], Step [1255/3735], Loss: 0.0049, Time:0.1645348072052002
Epoch [28/30], Step [1355/3735], Loss: 0.0014, Time:0.12695097923278809
Epoch [28/30], Step [1455/3735], Loss: 0.0055, Time:0.1672654151916504
Epoch [28/30], Step [1555/3735], Loss: 0.0153, Time:0.15210938453674316
Epoch [28/30], Step [1655/3735], Loss: 0.0048, Time:0.16576552391052246
Epoch [28/30], Step [1755/3735], Loss: 0.0006, Time:0.143937349319458
Epoch [28/30], Step [1855/3735], Loss: 0.1689, Time:0.14967656135559082
Epoch [28/30], Step [1955/3735], Loss: 0.0006, Time:0.18013238906860352
Epoch [28/30], Step [2055/3735], Loss: 0.1157, Time:0.13572311401367188
Epoch [28/30], Step [2155/3735], Loss: 0.0192, Time:0.16168665885925293
Epoch [28/30], Step [2255/3735], Loss: 0.3062, Time:0.13833355903625488
Epoch [28/30], Step [2355/3735], Loss: 0.0033, Time:0.16320157051086426
Epoch [28/30], Step [2455/3735], Loss: 0.0062, Time:0.15291500091552734
Epoch [28/30], Step [2555/3735], Loss: 0.0002, Time:0.1453230381011963
Epoch [28/30], Step [2655/3735], Loss: 0.0001, Time:0.1616823673248291
Epoch [28/30], Step [2755/3735], Loss: 0.0381, Time:0.1479341983795166
Epoch [28/30], Step [2855/3735], Loss: 0.1285, Time:0.16130805015563965
Epoch [28/30], Step [2955/3735], Loss: 0.0191, Time:0.1375737190246582
Epoch [28/30], Step [3055/3735], Loss: 0.0000, Time:0.1615006923675537
Epoch [28/30], Step [3155/3735], Loss: 0.0760, Time:0.1572253704071045
Epoch [28/30], Step [3255/3735], Loss: 0.1587, Time:0.1651897430419922
Epoch [28/30], Step [3355/3735], Loss: 0.4384, Time:0.15331792831420898
Epoch [28/30], Step [3455/3735], Loss: 0.0406, Time:0.18666934967041016
Epoch [28/30], Step [3555/3735], Loss: 0.0015, Time:0.16749167442321777
Epoch [28/30], Step [3655/3735], Loss: 0.0001, Time:0.15053343772888184
learning rate 0.0001905 -> 0.0001429
End of epoch28,Use time:424.88251066207886,the accuracy is 0.9844168362429045
Saving the latest model....
Epoch [29/30], Step [20/3735], Loss: 0.0165, Time:0.1527695655822754
Epoch [29/30], Step [120/3735], Loss: 0.0662, Time:0.1491389274597168
Epoch [29/30], Step [220/3735], Loss: 0.0001, Time:0.14728832244873047
Epoch [29/30], Step [320/3735], Loss: 0.0241, Time:0.1690981388092041
Epoch [29/30], Step [420/3735], Loss: 0.0001, Time:0.12986159324645996
Epoch [29/30], Step [520/3735], Loss: 0.0021, Time:0.13765454292297363
Epoch [29/30], Step [620/3735], Loss: 0.0295, Time:0.1444873809814453
Epoch [29/30], Step [720/3735], Loss: 0.0003, Time:0.16534829139709473
Epoch [29/30], Step [820/3735], Loss: 0.0047, Time:0.1364290714263916
Epoch [29/30], Step [920/3735], Loss: 0.0019, Time:0.1481921672821045
Epoch [29/30], Step [1020/3735], Loss: 0.0322, Time:0.13236236572265625
Epoch [29/30], Step [1120/3735], Loss: 0.0066, Time:0.15560269355773926
Epoch [29/30], Step [1220/3735], Loss: 0.0001, Time:0.1678006649017334
Epoch [29/30], Step [1320/3735], Loss: 0.1196, Time:0.1480097770690918
Epoch [29/30], Step [1420/3735], Loss: 0.0003, Time:0.15662407875061035
Epoch [29/30], Step [1520/3735], Loss: 0.1927, Time:0.16022753715515137
Epoch [29/30], Step [1620/3735], Loss: 0.0440, Time:0.11747479438781738
Epoch [29/30], Step [1720/3735], Loss: 0.0073, Time:0.1557624340057373
Epoch [29/30], Step [1820/3735], Loss: 0.0008, Time:0.15997672080993652
Epoch [29/30], Step [1920/3735], Loss: 0.0044, Time:0.13824081420898438
Epoch [29/30], Step [2020/3735], Loss: 0.0207, Time:0.1484057903289795
Epoch [29/30], Step [2120/3735], Loss: 0.0061, Time:0.1328291893005371
Epoch [29/30], Step [2220/3735], Loss: 0.0493, Time:0.15520524978637695
Epoch [29/30], Step [2320/3735], Loss: 0.0000, Time:0.161057710647583
Epoch [29/30], Step [2420/3735], Loss: 0.0001, Time:0.1364445686340332
Epoch [29/30], Step [2520/3735], Loss: 0.0011, Time:0.14874815940856934
Epoch [29/30], Step [2620/3735], Loss: 0.0002, Time:0.11175966262817383
Epoch [29/30], Step [2720/3735], Loss: 0.0145, Time:0.14113163948059082
Epoch [29/30], Step [2820/3735], Loss: 0.0001, Time:0.14162874221801758
Epoch [29/30], Step [2920/3735], Loss: 0.0022, Time:0.16585445404052734
Epoch [29/30], Step [3020/3735], Loss: 0.0000, Time:0.14023852348327637
Epoch [29/30], Step [3120/3735], Loss: 0.1812, Time:0.14885663986206055
Epoch [29/30], Step [3220/3735], Loss: 0.0022, Time:0.15216493606567383
Epoch [29/30], Step [3320/3735], Loss: 0.0023, Time:0.13570666313171387
Epoch [29/30], Step [3420/3735], Loss: 0.0046, Time:0.14261126518249512
Epoch [29/30], Step [3520/3735], Loss: 0.0739, Time:0.1380174160003662
Epoch [29/30], Step [3620/3735], Loss: 0.0011, Time:0.1542041301727295
Epoch [29/30], Step [3720/3735], Loss: 0.0454, Time:0.14888262748718262
learning rate 0.0001429 -> 0.0000952
End of epoch29,Use time:411.55300974845886,the accuracy is 0.9863714255114062
Saving the latest model....
验证集数据总量： 8039 预测正确的数量： 6841
当前模型在验证集上的准确率为： 0.850976489613136
当前模型在验证集上的F1-score为: 0.07429343351703242
Epoch [30/30], Step [85/3735], Loss: 0.0397, Time:0.1401691436767578
Epoch [30/30], Step [185/3735], Loss: 0.0837, Time:0.16840577125549316
Epoch [30/30], Step [285/3735], Loss: 0.0012, Time:0.1321427822113037
Epoch [30/30], Step [385/3735], Loss: 0.0216, Time:0.13665199279785156
Epoch [30/30], Step [485/3735], Loss: 0.0029, Time:0.14794492721557617
Epoch [30/30], Step [585/3735], Loss: 0.0023, Time:0.1509108543395996
Epoch [30/30], Step [685/3735], Loss: 0.0002, Time:0.14713335037231445
Epoch [30/30], Step [785/3735], Loss: 0.0001, Time:0.14612174034118652
Epoch [30/30], Step [885/3735], Loss: 0.0204, Time:0.14349985122680664
Epoch [30/30], Step [985/3735], Loss: 0.2137, Time:0.17995786666870117
Epoch [30/30], Step [1085/3735], Loss: 0.0030, Time:0.1718747615814209
Epoch [30/30], Step [1185/3735], Loss: 0.0009, Time:0.14298772811889648
Epoch [30/30], Step [1285/3735], Loss: 0.0020, Time:0.15582609176635742
Epoch [30/30], Step [1385/3735], Loss: 0.0000, Time:0.17919516563415527
Epoch [30/30], Step [1485/3735], Loss: 0.0001, Time:0.16019535064697266
Epoch [30/30], Step [1585/3735], Loss: 0.0168, Time:0.1752159595489502
Epoch [30/30], Step [1685/3735], Loss: 0.0345, Time:0.16265368461608887
Epoch [30/30], Step [1785/3735], Loss: 0.0683, Time:0.13336730003356934
Epoch [30/30], Step [1885/3735], Loss: 0.0000, Time:0.17094087600708008
Epoch [30/30], Step [1985/3735], Loss: 0.0014, Time:0.18105387687683105
Epoch [30/30], Step [2085/3735], Loss: 0.0017, Time:0.15953683853149414
Epoch [30/30], Step [2185/3735], Loss: 0.0025, Time:0.16834163665771484
Epoch [30/30], Step [2285/3735], Loss: 0.0998, Time:0.156585693359375
Epoch [30/30], Step [2385/3735], Loss: 0.0006, Time:0.1735365390777588
Epoch [30/30], Step [2485/3735], Loss: 0.0034, Time:0.1541147232055664
Epoch [30/30], Step [2585/3735], Loss: 0.0001, Time:0.1449282169342041
Epoch [30/30], Step [2685/3735], Loss: 0.0028, Time:0.1515188217163086
Epoch [30/30], Step [2785/3735], Loss: 0.0000, Time:0.12598538398742676
Epoch [30/30], Step [2885/3735], Loss: 0.0000, Time:0.12884950637817383
Epoch [30/30], Step [2985/3735], Loss: 0.0018, Time:0.10588741302490234
Epoch [30/30], Step [3085/3735], Loss: 0.0087, Time:0.10801887512207031
Epoch [30/30], Step [3185/3735], Loss: 0.0004, Time:0.13642454147338867
Epoch [30/30], Step [3285/3735], Loss: 0.0000, Time:0.12243914604187012
Epoch [30/30], Step [3385/3735], Loss: 0.0064, Time:0.08803844451904297
Epoch [30/30], Step [3485/3735], Loss: 0.0014, Time:0.1086890697479248
Epoch [30/30], Step [3585/3735], Loss: 0.3440, Time:0.0977323055267334
Epoch [30/30], Step [3685/3735], Loss: 0.0019, Time:0.1047661304473877
learning rate 0.0000952 -> 0.0000476
End of epoch30,Use time:402.66435265541077,the accuracy is 0.9854342936703437
Saving the latest model....
/home/pjian/pyd/DL/DL-hw3/Exp3_utils.py:99: UserWarning: Legend does not support [<matplotlib.lines.Line2D object at 0x7f069666d880>] instances.
A proxy artist may be used instead.
See: https://matplotlib.org/users/legend_guide.html#creating-artists-specifically-for-adding-to-the-legend-aka-proxy-artists
  plt.legend(lines,names,loc = 'lower right',fontsize = 10)
/home/pjian/pyd/DL/DL-hw3/Exp3_utils.py:99: UserWarning: Legend does not support [<matplotlib.lines.Line2D object at 0x7f069666db80>] instances.
A proxy artist may be used instead.
See: https://matplotlib.org/users/legend_guide.html#creating-artists-specifically-for-adding-to-the-legend-aka-proxy-artists
  plt.legend(lines,names,loc = 'lower right',fontsize = 10)
Output finished
Output finished
Output finished
Output finished
训练完成！
Traceback (most recent call last):
  File "/home/pjian/pyd/DL/DL-hw3/Exp3_Main.py", line 168, in <module>
    batch_size=config.batch_size,
  File "/home/pjian/pyd/DL/DL-hw3/Exp3_Main.py", line 96, in predict
    label = label.to(device)
  File "/home/pjian/anaconda3/envs/dl/lib/python3.9/site-packages/torch/utils/data/dataloader.py", line 521, in __next__
    data = self._next_data()
  File "/home/pjian/anaconda3/envs/dl/lib/python3.9/site-packages/torch/utils/data/dataloader.py", line 561, in _next_data
    data = self._dataset_fetcher.fetch(index)  # may raise StopIteration
  File "/home/pjian/anaconda3/envs/dl/lib/python3.9/site-packages/torch/utils/data/_utils/fetch.py", line 49, in fetch
    data = [self.dataset[idx] for idx in possibly_batched_index]
  File "/home/pjian/anaconda3/envs/dl/lib/python3.9/site-packages/torch/utils/data/_utils/fetch.py", line 49, in <listcomp>
    data = [self.dataset[idx] for idx in possibly_batched_index]
  File "/home/pjian/anaconda3/envs/dl/lib/python3.9/site-packages/torch/utils/data/dataset.py", line 69, in __getitem__
    raise NotImplementedError
NotImplementedError
