nohup: 忽略输入
Epoch [1/30], Step [100/3735], Loss: 2.8939, Time:0.04910469055175781
Epoch [1/30], Step [200/3735], Loss: 2.5187, Time:0.03365015983581543
Epoch [1/30], Step [300/3735], Loss: 4.0785, Time:0.027414560317993164
Epoch [1/30], Step [400/3735], Loss: 1.9971, Time:0.038808584213256836
Epoch [1/30], Step [500/3735], Loss: 4.0349, Time:0.03212380409240723
Epoch [1/30], Step [600/3735], Loss: 1.4901, Time:0.039606332778930664
Epoch [1/30], Step [700/3735], Loss: 1.7949, Time:0.03554105758666992
Epoch [1/30], Step [800/3735], Loss: 2.0214, Time:0.04116225242614746
Epoch [1/30], Step [900/3735], Loss: 3.0353, Time:0.041432857513427734
Epoch [1/30], Step [1000/3735], Loss: 2.6158, Time:0.0321807861328125
Epoch [1/30], Step [1100/3735], Loss: 1.6354, Time:0.02765631675720215
Epoch [1/30], Step [1200/3735], Loss: 1.7826, Time:0.036511898040771484
Epoch [1/30], Step [1300/3735], Loss: 2.4313, Time:0.02965569496154785
Epoch [1/30], Step [1400/3735], Loss: 4.5024, Time:0.03735780715942383
Epoch [1/30], Step [1500/3735], Loss: 2.0493, Time:0.02480792999267578
Epoch [1/30], Step [1600/3735], Loss: 2.8152, Time:0.029525279998779297
Epoch [1/30], Step [1700/3735], Loss: 0.6549, Time:0.036496877670288086
Epoch [1/30], Step [1800/3735], Loss: 2.5504, Time:0.045839786529541016
Epoch [1/30], Step [1900/3735], Loss: 0.8970, Time:0.032764434814453125
Epoch [1/30], Step [2000/3735], Loss: 1.8902, Time:0.032538414001464844
Epoch [1/30], Step [2100/3735], Loss: 2.8854, Time:0.027779340744018555
Epoch [1/30], Step [2200/3735], Loss: 1.9063, Time:0.04299426078796387
Epoch [1/30], Step [2300/3735], Loss: 1.4404, Time:0.043548583984375
Epoch [1/30], Step [2400/3735], Loss: 2.6462, Time:0.03192901611328125
Epoch [1/30], Step [2500/3735], Loss: 1.7026, Time:0.03169846534729004
Epoch [1/30], Step [2600/3735], Loss: 1.6775, Time:0.03592562675476074
Epoch [1/30], Step [2700/3735], Loss: 2.1882, Time:0.032015085220336914
Epoch [1/30], Step [2800/3735], Loss: 0.9797, Time:0.03294253349304199
Epoch [1/30], Step [2900/3735], Loss: 0.8779, Time:0.032981157302856445
Epoch [1/30], Step [3000/3735], Loss: 0.6048, Time:0.04251670837402344
Epoch [1/30], Step [3100/3735], Loss: 0.4047, Time:0.033608436584472656
Epoch [1/30], Step [3200/3735], Loss: 1.3440, Time:0.03502678871154785
Epoch [1/30], Step [3300/3735], Loss: 1.2401, Time:0.033446550369262695
Epoch [1/30], Step [3400/3735], Loss: 1.6218, Time:0.045523643493652344
Epoch [1/30], Step [3500/3735], Loss: 1.9607, Time:0.03002786636352539
Epoch [1/30], Step [3600/3735], Loss: 1.2447, Time:0.0325930118560791
Epoch [1/30], Step [3700/3735], Loss: 1.3301, Time:0.03109455108642578
learning rate 0.0010000 -> 0.0010000
End of epoch1,Use time:129.4739670753479,the accuracy is 0.4873621077433865
Saving the latest model....
验证集数据总量： 8039 预测正确的数量： 4995
当前模型在验证集上的准确率为： 0.6213459385495709
当前模型在验证集上的F1-score为: 0.04416560298875092
Epoch [2/30], Step [65/3735], Loss: 1.2565, Time:0.03473186492919922
Epoch [2/30], Step [165/3735], Loss: 0.9120, Time:0.036652565002441406
Epoch [2/30], Step [265/3735], Loss: 0.8855, Time:0.02622246742248535
Epoch [2/30], Step [365/3735], Loss: 2.1445, Time:0.028533458709716797
Epoch [2/30], Step [465/3735], Loss: 0.8532, Time:0.03685593605041504
Epoch [2/30], Step [565/3735], Loss: 0.9825, Time:0.036096811294555664
Epoch [2/30], Step [665/3735], Loss: 2.0829, Time:0.0385432243347168
Epoch [2/30], Step [765/3735], Loss: 0.7961, Time:0.04674172401428223
Epoch [2/30], Step [865/3735], Loss: 0.8468, Time:0.028864622116088867
Epoch [2/30], Step [965/3735], Loss: 0.7399, Time:0.036026954650878906
Epoch [2/30], Step [1065/3735], Loss: 1.4285, Time:0.03246188163757324
Epoch [2/30], Step [1165/3735], Loss: 0.5471, Time:0.03906679153442383
Epoch [2/30], Step [1265/3735], Loss: 0.9203, Time:0.03815460205078125
Epoch [2/30], Step [1365/3735], Loss: 1.6933, Time:0.027418136596679688
Epoch [2/30], Step [1465/3735], Loss: 1.3798, Time:0.03848457336425781
Epoch [2/30], Step [1565/3735], Loss: 1.9475, Time:0.03772902488708496
Epoch [2/30], Step [1665/3735], Loss: 1.5174, Time:0.03844189643859863
Epoch [2/30], Step [1765/3735], Loss: 1.4485, Time:0.026841163635253906
Epoch [2/30], Step [1865/3735], Loss: 1.2362, Time:0.02876734733581543
Epoch [2/30], Step [1965/3735], Loss: 0.3703, Time:0.025162935256958008
Epoch [2/30], Step [2065/3735], Loss: 1.0345, Time:0.035759687423706055
Epoch [2/30], Step [2165/3735], Loss: 0.5662, Time:0.04051041603088379
Epoch [2/30], Step [2265/3735], Loss: 0.7645, Time:0.020353317260742188
Epoch [2/30], Step [2365/3735], Loss: 2.2569, Time:0.03927135467529297
Epoch [2/30], Step [2465/3735], Loss: 0.9892, Time:0.04132556915283203
Epoch [2/30], Step [2565/3735], Loss: 1.7600, Time:0.03100299835205078
Epoch [2/30], Step [2665/3735], Loss: 1.1293, Time:0.03360939025878906
Epoch [2/30], Step [2765/3735], Loss: 1.6785, Time:0.030857086181640625
Epoch [2/30], Step [2865/3735], Loss: 1.3231, Time:0.03978300094604492
Epoch [2/30], Step [2965/3735], Loss: 1.7352, Time:0.03516554832458496
Epoch [2/30], Step [3065/3735], Loss: 0.7536, Time:0.03423142433166504
Epoch [2/30], Step [3165/3735], Loss: 1.0588, Time:0.0398106575012207
Epoch [2/30], Step [3265/3735], Loss: 0.6126, Time:0.04513144493103027
Epoch [2/30], Step [3365/3735], Loss: 0.6480, Time:0.026316165924072266
Epoch [2/30], Step [3465/3735], Loss: 0.6177, Time:0.03947281837463379
Epoch [2/30], Step [3565/3735], Loss: 1.5846, Time:0.03685331344604492
Epoch [2/30], Step [3665/3735], Loss: 0.7282, Time:0.03416037559509277
learning rate 0.0010000 -> 0.0010000
End of epoch2,Use time:124.77065968513489,the accuracy is 0.6868105387169327
Saving the latest model....
Epoch [3/30], Step [30/3735], Loss: 0.7243, Time:0.044019222259521484
Epoch [3/30], Step [130/3735], Loss: 0.3756, Time:0.03005218505859375
Epoch [3/30], Step [230/3735], Loss: 0.2685, Time:0.03635883331298828
Epoch [3/30], Step [330/3735], Loss: 1.3667, Time:0.03399181365966797
Epoch [3/30], Step [430/3735], Loss: 0.8297, Time:0.028074026107788086
Epoch [3/30], Step [530/3735], Loss: 0.5681, Time:0.04301285743713379
Epoch [3/30], Step [630/3735], Loss: 0.4664, Time:0.02872157096862793
Epoch [3/30], Step [730/3735], Loss: 0.7325, Time:0.04016399383544922
Epoch [3/30], Step [830/3735], Loss: 1.2019, Time:0.030724525451660156
Epoch [3/30], Step [930/3735], Loss: 0.5258, Time:0.030292272567749023
Epoch [3/30], Step [1030/3735], Loss: 0.5223, Time:0.029862403869628906
Epoch [3/30], Step [1130/3735], Loss: 0.5271, Time:0.03599953651428223
Epoch [3/30], Step [1230/3735], Loss: 1.1891, Time:0.03278088569641113
Epoch [3/30], Step [1330/3735], Loss: 1.5410, Time:0.025017499923706055
Epoch [3/30], Step [1430/3735], Loss: 1.0324, Time:0.025401830673217773
Epoch [3/30], Step [1530/3735], Loss: 0.4058, Time:0.03015875816345215
Epoch [3/30], Step [1630/3735], Loss: 0.7055, Time:0.039441823959350586
Epoch [3/30], Step [1730/3735], Loss: 0.7703, Time:0.017293453216552734
Epoch [3/30], Step [1830/3735], Loss: 1.9684, Time:0.02654862403869629
Epoch [3/30], Step [1930/3735], Loss: 1.2238, Time:0.03670167922973633
Epoch [3/30], Step [2030/3735], Loss: 1.1931, Time:0.03311347961425781
Epoch [3/30], Step [2130/3735], Loss: 0.7510, Time:0.0346221923828125
Epoch [3/30], Step [2230/3735], Loss: 0.6527, Time:0.03450942039489746
Epoch [3/30], Step [2330/3735], Loss: 0.5747, Time:0.0234682559967041
Epoch [3/30], Step [2430/3735], Loss: 1.0547, Time:0.04099392890930176
Epoch [3/30], Step [2530/3735], Loss: 0.8687, Time:0.026571273803710938
Epoch [3/30], Step [2630/3735], Loss: 0.3093, Time:0.02745509147644043
Epoch [3/30], Step [2730/3735], Loss: 0.8883, Time:0.025513648986816406
Epoch [3/30], Step [2830/3735], Loss: 0.2152, Time:0.035100698471069336
Epoch [3/30], Step [2930/3735], Loss: 1.6686, Time:0.024430513381958008
Epoch [3/30], Step [3030/3735], Loss: 0.6590, Time:0.03920555114746094
Epoch [3/30], Step [3130/3735], Loss: 0.6312, Time:0.04582715034484863
Epoch [3/30], Step [3230/3735], Loss: 0.9164, Time:0.03874611854553223
Epoch [3/30], Step [3330/3735], Loss: 0.6370, Time:0.03503990173339844
Epoch [3/30], Step [3430/3735], Loss: 1.3789, Time:0.02642083168029785
Epoch [3/30], Step [3530/3735], Loss: 0.7542, Time:0.029214859008789062
Epoch [3/30], Step [3630/3735], Loss: 0.5193, Time:0.028649568557739258
Epoch [3/30], Step [3730/3735], Loss: 0.2251, Time:0.027620315551757812
learning rate 0.0010000 -> 0.0010000
End of epoch3,Use time:126.16263771057129,the accuracy is 0.7569615508193209
Saving the latest model....
验证集数据总量： 8039 预测正确的数量： 6059
当前模型在验证集上的准确率为： 0.7537007090434134
当前模型在验证集上的F1-score为: 0.0607001584638432
Epoch [4/30], Step [95/3735], Loss: 0.4935, Time:0.04300546646118164
Epoch [4/30], Step [195/3735], Loss: 0.8235, Time:0.03276419639587402
Epoch [4/30], Step [295/3735], Loss: 0.5828, Time:0.03456521034240723
Epoch [4/30], Step [395/3735], Loss: 1.0754, Time:0.030590534210205078
Epoch [4/30], Step [495/3735], Loss: 1.2869, Time:0.02533888816833496
Epoch [4/30], Step [595/3735], Loss: 2.2838, Time:0.033895015716552734
Epoch [4/30], Step [695/3735], Loss: 0.1502, Time:0.03816580772399902
Epoch [4/30], Step [795/3735], Loss: 0.7764, Time:0.02254199981689453
Epoch [4/30], Step [895/3735], Loss: 0.7059, Time:0.035048723220825195
Epoch [4/30], Step [995/3735], Loss: 0.9369, Time:0.03991580009460449
Epoch [4/30], Step [1095/3735], Loss: 0.7866, Time:0.03743767738342285
Epoch [4/30], Step [1195/3735], Loss: 0.4310, Time:0.029959678649902344
Epoch [4/30], Step [1295/3735], Loss: 1.2503, Time:0.03222537040710449
Epoch [4/30], Step [1395/3735], Loss: 0.7888, Time:0.030757665634155273
Epoch [4/30], Step [1495/3735], Loss: 0.8240, Time:0.026981115341186523
Epoch [4/30], Step [1595/3735], Loss: 0.4641, Time:0.028124094009399414
Epoch [4/30], Step [1695/3735], Loss: 0.8953, Time:0.03514981269836426
Epoch [4/30], Step [1795/3735], Loss: 1.0794, Time:0.027309179306030273
Epoch [4/30], Step [1895/3735], Loss: 0.1358, Time:0.03875732421875
Epoch [4/30], Step [1995/3735], Loss: 0.5353, Time:0.028622865676879883
Epoch [4/30], Step [2095/3735], Loss: 2.2019, Time:0.03424692153930664
Epoch [4/30], Step [2195/3735], Loss: 1.2974, Time:0.04080939292907715
Epoch [4/30], Step [2295/3735], Loss: 0.4288, Time:0.041230201721191406
Epoch [4/30], Step [2395/3735], Loss: 0.5084, Time:0.026688814163208008
Epoch [4/30], Step [2495/3735], Loss: 0.6655, Time:0.03816103935241699
Epoch [4/30], Step [2595/3735], Loss: 0.9564, Time:0.04073834419250488
Epoch [4/30], Step [2695/3735], Loss: 0.8711, Time:0.03719735145568848
Epoch [4/30], Step [2795/3735], Loss: 0.6610, Time:0.03433632850646973
Epoch [4/30], Step [2895/3735], Loss: 1.0408, Time:0.034476280212402344
Epoch [4/30], Step [2995/3735], Loss: 0.3384, Time:0.0296480655670166
Epoch [4/30], Step [3095/3735], Loss: 1.0994, Time:0.03442955017089844
Epoch [4/30], Step [3195/3735], Loss: 0.3364, Time:0.034787654876708984
Epoch [4/30], Step [3295/3735], Loss: 0.5453, Time:0.027866601943969727
Epoch [4/30], Step [3395/3735], Loss: 0.5762, Time:0.03568911552429199
Epoch [4/30], Step [3495/3735], Loss: 0.1806, Time:0.030812978744506836
Epoch [4/30], Step [3595/3735], Loss: 0.2936, Time:0.030504465103149414
Epoch [4/30], Step [3695/3735], Loss: 1.7557, Time:0.03716111183166504
learning rate 0.0010000 -> 0.0010000
End of epoch4,Use time:124.20244216918945,the accuracy is 0.7942593980936061
Saving the latest model....
Epoch [5/30], Step [60/3735], Loss: 1.0679, Time:0.028834104537963867
Epoch [5/30], Step [160/3735], Loss: 0.3585, Time:0.029571056365966797
Epoch [5/30], Step [260/3735], Loss: 0.4300, Time:0.03244829177856445
Epoch [5/30], Step [360/3735], Loss: 0.2248, Time:0.03416872024536133
Epoch [5/30], Step [460/3735], Loss: 0.0237, Time:0.026390790939331055
Epoch [5/30], Step [560/3735], Loss: 0.4929, Time:0.03519773483276367
Epoch [5/30], Step [660/3735], Loss: 0.7495, Time:0.02928471565246582
Epoch [5/30], Step [760/3735], Loss: 1.0161, Time:0.03663754463195801
Epoch [5/30], Step [860/3735], Loss: 0.7752, Time:0.036507606506347656
Epoch [5/30], Step [960/3735], Loss: 1.5165, Time:0.03702998161315918
Epoch [5/30], Step [1060/3735], Loss: 1.5485, Time:0.030411243438720703
Epoch [5/30], Step [1160/3735], Loss: 1.2608, Time:0.02573394775390625
Epoch [5/30], Step [1260/3735], Loss: 0.6626, Time:0.03762698173522949
Epoch [5/30], Step [1360/3735], Loss: 0.4142, Time:0.035379886627197266
Epoch [5/30], Step [1460/3735], Loss: 0.5752, Time:0.03246164321899414
Epoch [5/30], Step [1560/3735], Loss: 1.1661, Time:0.0368804931640625
Epoch [5/30], Step [1660/3735], Loss: 0.6576, Time:0.033229827880859375
Epoch [5/30], Step [1760/3735], Loss: 0.3324, Time:0.032398223876953125
Epoch [5/30], Step [1860/3735], Loss: 0.6621, Time:0.033066511154174805
Epoch [5/30], Step [1960/3735], Loss: 0.8129, Time:0.036832332611083984
Epoch [5/30], Step [2060/3735], Loss: 0.7714, Time:0.03071880340576172
Epoch [5/30], Step [2160/3735], Loss: 0.6614, Time:0.028568029403686523
Epoch [5/30], Step [2260/3735], Loss: 0.6198, Time:0.03333449363708496
Epoch [5/30], Step [2360/3735], Loss: 0.2266, Time:0.026315927505493164
Epoch [5/30], Step [2460/3735], Loss: 0.3020, Time:0.02301025390625
Epoch [5/30], Step [2560/3735], Loss: 0.4638, Time:0.04074263572692871
Epoch [5/30], Step [2660/3735], Loss: 0.2902, Time:0.030458450317382812
Epoch [5/30], Step [2760/3735], Loss: 0.5115, Time:0.02533411979675293
Epoch [5/30], Step [2860/3735], Loss: 0.7061, Time:0.04457569122314453
Epoch [5/30], Step [2960/3735], Loss: 0.4021, Time:0.025914907455444336
Epoch [5/30], Step [3060/3735], Loss: 1.1693, Time:0.03696107864379883
Epoch [5/30], Step [3160/3735], Loss: 0.5053, Time:0.03195452690124512
Epoch [5/30], Step [3260/3735], Loss: 0.3209, Time:0.03215789794921875
Epoch [5/30], Step [3360/3735], Loss: 0.3003, Time:0.03838300704956055
Epoch [5/30], Step [3460/3735], Loss: 0.4582, Time:0.042925119400024414
Epoch [5/30], Step [3560/3735], Loss: 0.4266, Time:0.03564572334289551
Epoch [5/30], Step [3660/3735], Loss: 0.1870, Time:0.037679195404052734
learning rate 0.0010000 -> 0.0010000
End of epoch5,Use time:125.54641532897949,the accuracy is 0.8231230587983293
Saving the latest model....
验证集数据总量： 8039 预测正确的数量： 6406
当前模型在验证集上的准确率为： 0.7968652817514617
当前模型在验证集上的F1-score为: 0.06597713218191363
Epoch [6/30], Step [25/3735], Loss: 1.1194, Time:0.03681063652038574
Epoch [6/30], Step [125/3735], Loss: 1.1001, Time:0.0216217041015625
Epoch [6/30], Step [225/3735], Loss: 0.5446, Time:0.035109758377075195
Epoch [6/30], Step [325/3735], Loss: 1.3887, Time:0.036759376525878906
Epoch [6/30], Step [425/3735], Loss: 0.7609, Time:0.043820858001708984
Epoch [6/30], Step [525/3735], Loss: 0.3905, Time:0.029979228973388672
Epoch [6/30], Step [625/3735], Loss: 0.6988, Time:0.03794574737548828
Epoch [6/30], Step [725/3735], Loss: 0.1943, Time:0.0412447452545166
Epoch [6/30], Step [825/3735], Loss: 0.2711, Time:0.029815673828125
Epoch [6/30], Step [925/3735], Loss: 0.3810, Time:0.03287672996520996
Epoch [6/30], Step [1025/3735], Loss: 1.1133, Time:0.02641582489013672
Epoch [6/30], Step [1125/3735], Loss: 0.6171, Time:0.030262470245361328
Epoch [6/30], Step [1225/3735], Loss: 0.1528, Time:0.03578042984008789
Epoch [6/30], Step [1325/3735], Loss: 0.8728, Time:0.02427387237548828
Epoch [6/30], Step [1425/3735], Loss: 0.3034, Time:0.025317907333374023
Epoch [6/30], Step [1525/3735], Loss: 0.3089, Time:0.03655695915222168
Epoch [6/30], Step [1625/3735], Loss: 0.1684, Time:0.030150413513183594
Epoch [6/30], Step [1725/3735], Loss: 0.5181, Time:0.0239870548248291
Epoch [6/30], Step [1825/3735], Loss: 0.4886, Time:0.03256583213806152
Epoch [6/30], Step [1925/3735], Loss: 0.0830, Time:0.025146484375
Epoch [6/30], Step [2025/3735], Loss: 0.8124, Time:0.028660058975219727
Epoch [6/30], Step [2125/3735], Loss: 0.5531, Time:0.03890371322631836
Epoch [6/30], Step [2225/3735], Loss: 0.8195, Time:0.028522253036499023
Epoch [6/30], Step [2325/3735], Loss: 0.0558, Time:0.03285789489746094
Epoch [6/30], Step [2425/3735], Loss: 0.3077, Time:0.03781557083129883
Epoch [6/30], Step [2525/3735], Loss: 0.1986, Time:0.034356117248535156
Epoch [6/30], Step [2625/3735], Loss: 0.6298, Time:0.03380179405212402
Epoch [6/30], Step [2725/3735], Loss: 1.1855, Time:0.030112028121948242
Epoch [6/30], Step [2825/3735], Loss: 0.1821, Time:0.03725910186767578
Epoch [6/30], Step [2925/3735], Loss: 0.5620, Time:0.03271126747131348
Epoch [6/30], Step [3025/3735], Loss: 0.5922, Time:0.026639461517333984
Epoch [6/30], Step [3125/3735], Loss: 0.1804, Time:0.03774428367614746
Epoch [6/30], Step [3225/3735], Loss: 0.5875, Time:0.024138212203979492
Epoch [6/30], Step [3325/3735], Loss: 0.2688, Time:0.031899452209472656
Epoch [6/30], Step [3425/3735], Loss: 0.4716, Time:0.029561281204223633
Epoch [6/30], Step [3525/3735], Loss: 0.3877, Time:0.032732248306274414
Epoch [6/30], Step [3625/3735], Loss: 0.3902, Time:0.028545856475830078
Epoch [6/30], Step [3725/3735], Loss: 0.2750, Time:0.042882442474365234
learning rate 0.0010000 -> 0.0010000
End of epoch6,Use time:124.80599999427795,the accuracy is 0.8447574167291422
Saving the latest model....
Epoch [7/30], Step [90/3735], Loss: 0.4146, Time:0.03261137008666992
Epoch [7/30], Step [190/3735], Loss: 0.2499, Time:0.03478670120239258
Epoch [7/30], Step [290/3735], Loss: 0.4974, Time:0.04053783416748047
Epoch [7/30], Step [390/3735], Loss: 0.6428, Time:0.030515432357788086
Epoch [7/30], Step [490/3735], Loss: 0.9987, Time:0.024619102478027344
Epoch [7/30], Step [590/3735], Loss: 1.2991, Time:0.0383303165435791
Epoch [7/30], Step [690/3735], Loss: 0.4372, Time:0.03122258186340332
Epoch [7/30], Step [790/3735], Loss: 0.7320, Time:0.042653799057006836
Epoch [7/30], Step [890/3735], Loss: 0.3653, Time:0.043149709701538086
Epoch [7/30], Step [990/3735], Loss: 1.3754, Time:0.03709220886230469
Epoch [7/30], Step [1090/3735], Loss: 0.1667, Time:0.03194737434387207
Epoch [7/30], Step [1190/3735], Loss: 0.5941, Time:0.03652477264404297
Epoch [7/30], Step [1290/3735], Loss: 0.7839, Time:0.0384984016418457
Epoch [7/30], Step [1390/3735], Loss: 0.3105, Time:0.0342867374420166
Epoch [7/30], Step [1490/3735], Loss: 0.3071, Time:0.03955197334289551
Epoch [7/30], Step [1590/3735], Loss: 0.4321, Time:0.030798912048339844
Epoch [7/30], Step [1690/3735], Loss: 0.9732, Time:0.04474687576293945
Epoch [7/30], Step [1790/3735], Loss: 0.5293, Time:0.030023813247680664
Epoch [7/30], Step [1890/3735], Loss: 0.4736, Time:0.032387495040893555
Epoch [7/30], Step [1990/3735], Loss: 0.1928, Time:0.03104376792907715
Epoch [7/30], Step [2090/3735], Loss: 0.1879, Time:0.03641176223754883
Epoch [7/30], Step [2190/3735], Loss: 0.2260, Time:0.03397512435913086
Epoch [7/30], Step [2290/3735], Loss: 0.2659, Time:0.03952336311340332
Epoch [7/30], Step [2390/3735], Loss: 0.5457, Time:0.03433513641357422
Epoch [7/30], Step [2490/3735], Loss: 0.0958, Time:0.028554201126098633
Epoch [7/30], Step [2590/3735], Loss: 0.2760, Time:0.025390625
Epoch [7/30], Step [2690/3735], Loss: 0.3581, Time:0.03995871543884277
Epoch [7/30], Step [2790/3735], Loss: 0.2947, Time:0.03122425079345703
Epoch [7/30], Step [2890/3735], Loss: 0.2995, Time:0.02551126480102539
Epoch [7/30], Step [2990/3735], Loss: 0.7427, Time:0.03449702262878418
Epoch [7/30], Step [3090/3735], Loss: 0.1053, Time:0.043160200119018555
Epoch [7/30], Step [3190/3735], Loss: 0.7289, Time:0.032619476318359375
Epoch [7/30], Step [3290/3735], Loss: 0.0599, Time:0.02693629264831543
Epoch [7/30], Step [3390/3735], Loss: 0.1137, Time:0.03907203674316406
Epoch [7/30], Step [3490/3735], Loss: 0.2447, Time:0.037168025970458984
Epoch [7/30], Step [3590/3735], Loss: 0.0437, Time:0.028870105743408203
Epoch [7/30], Step [3690/3735], Loss: 0.0246, Time:0.030975341796875
learning rate 0.0010000 -> 0.0010000
End of epoch7,Use time:125.5083315372467,the accuracy is 0.8633126271821784
Saving the latest model....
验证集数据总量： 8039 预测正确的数量： 6504
当前模型在验证集上的准确率为： 0.8090558527179997
当前模型在验证集上的F1-score为: 0.06797694843324328
Epoch [8/30], Step [55/3735], Loss: 0.4698, Time:0.04050755500793457
Epoch [8/30], Step [155/3735], Loss: 0.1226, Time:0.03764033317565918
Epoch [8/30], Step [255/3735], Loss: 0.1661, Time:0.027405261993408203
Epoch [8/30], Step [355/3735], Loss: 0.6823, Time:0.03159451484680176
Epoch [8/30], Step [455/3735], Loss: 0.0773, Time:0.042550086975097656
Epoch [8/30], Step [555/3735], Loss: 0.1212, Time:0.03475546836853027
Epoch [8/30], Step [655/3735], Loss: 0.3624, Time:0.027072429656982422
Epoch [8/30], Step [755/3735], Loss: 0.0963, Time:0.03320717811584473
Epoch [8/30], Step [855/3735], Loss: 0.1190, Time:0.03580427169799805
Epoch [8/30], Step [955/3735], Loss: 0.3576, Time:0.04527115821838379
Epoch [8/30], Step [1055/3735], Loss: 0.8249, Time:0.0297701358795166
Epoch [8/30], Step [1155/3735], Loss: 0.9080, Time:0.02907252311706543
Epoch [8/30], Step [1255/3735], Loss: 0.1032, Time:0.035574913024902344
Epoch [8/30], Step [1355/3735], Loss: 1.6066, Time:0.02269577980041504
Epoch [8/30], Step [1455/3735], Loss: 0.4716, Time:0.035062551498413086
Epoch [8/30], Step [1555/3735], Loss: 0.7951, Time:0.02741241455078125
Epoch [8/30], Step [1655/3735], Loss: 0.2978, Time:0.03112173080444336
Epoch [8/30], Step [1755/3735], Loss: 0.2567, Time:0.028319835662841797
Epoch [8/30], Step [1855/3735], Loss: 0.0341, Time:0.04075217247009277
Epoch [8/30], Step [1955/3735], Loss: 0.2000, Time:0.04064011573791504
Epoch [8/30], Step [2055/3735], Loss: 0.5425, Time:0.03170156478881836
Epoch [8/30], Step [2155/3735], Loss: 0.1659, Time:0.03380703926086426
Epoch [8/30], Step [2255/3735], Loss: 1.5856, Time:0.029270648956298828
Epoch [8/30], Step [2355/3735], Loss: 0.1690, Time:0.031812429428100586
Epoch [8/30], Step [2455/3735], Loss: 0.0331, Time:0.036919593811035156
Epoch [8/30], Step [2555/3735], Loss: 0.4629, Time:0.026277542114257812
Epoch [8/30], Step [2655/3735], Loss: 0.5711, Time:0.03216838836669922
Epoch [8/30], Step [2755/3735], Loss: 0.4428, Time:0.03877687454223633
Epoch [8/30], Step [2855/3735], Loss: 0.6143, Time:0.02542877197265625
Epoch [8/30], Step [2955/3735], Loss: 0.4615, Time:0.024884462356567383
Epoch [8/30], Step [3055/3735], Loss: 0.0497, Time:0.03714108467102051
Epoch [8/30], Step [3155/3735], Loss: 0.2375, Time:0.036528587341308594
Epoch [8/30], Step [3255/3735], Loss: 0.4425, Time:0.03790545463562012
Epoch [8/30], Step [3355/3735], Loss: 0.6676, Time:0.040268898010253906
Epoch [8/30], Step [3455/3735], Loss: 0.0388, Time:0.04002833366394043
Epoch [8/30], Step [3555/3735], Loss: 0.1864, Time:0.036470651626586914
Epoch [8/30], Step [3655/3735], Loss: 0.2814, Time:0.0355076789855957
learning rate 0.0010000 -> 0.0010000
End of epoch8,Use time:123.9266746044159,the accuracy is 0.8813323337260363
Saving the latest model....
Epoch [9/30], Step [20/3735], Loss: 0.5720, Time:0.03539752960205078
Epoch [9/30], Step [120/3735], Loss: 0.3859, Time:0.03803706169128418
Epoch [9/30], Step [220/3735], Loss: 0.0803, Time:0.03633236885070801
Epoch [9/30], Step [320/3735], Loss: 0.1900, Time:0.03314018249511719
Epoch [9/30], Step [420/3735], Loss: 0.2144, Time:0.040599822998046875
Epoch [9/30], Step [520/3735], Loss: 0.2472, Time:0.031754255294799805
Epoch [9/30], Step [620/3735], Loss: 0.4890, Time:0.031987905502319336
Epoch [9/30], Step [720/3735], Loss: 0.5537, Time:0.03272724151611328
Epoch [9/30], Step [820/3735], Loss: 0.7537, Time:0.025014400482177734
Epoch [9/30], Step [920/3735], Loss: 0.1401, Time:0.027585268020629883
Epoch [9/30], Step [1020/3735], Loss: 0.5155, Time:0.03672456741333008
Epoch [9/30], Step [1120/3735], Loss: 0.5454, Time:0.037938594818115234
Epoch [9/30], Step [1220/3735], Loss: 0.2158, Time:0.03809523582458496
Epoch [9/30], Step [1320/3735], Loss: 0.7202, Time:0.027839183807373047
Epoch [9/30], Step [1420/3735], Loss: 0.1924, Time:0.031382083892822266
Epoch [9/30], Step [1520/3735], Loss: 0.7668, Time:0.033905029296875
Epoch [9/30], Step [1620/3735], Loss: 0.6571, Time:0.03156924247741699
Epoch [9/30], Step [1720/3735], Loss: 0.2238, Time:0.028650283813476562
Epoch [9/30], Step [1820/3735], Loss: 0.5082, Time:0.040930747985839844
Epoch [9/30], Step [1920/3735], Loss: 0.1063, Time:0.033365726470947266
Epoch [9/30], Step [2020/3735], Loss: 0.2023, Time:0.03464841842651367
Epoch [9/30], Step [2120/3735], Loss: 0.5106, Time:0.03575253486633301
Epoch [9/30], Step [2220/3735], Loss: 0.2800, Time:0.03468585014343262
Epoch [9/30], Step [2320/3735], Loss: 0.1636, Time:0.029658794403076172
Epoch [9/30], Step [2420/3735], Loss: 0.0238, Time:0.03386521339416504
Epoch [9/30], Step [2520/3735], Loss: 0.1078, Time:0.032011985778808594
Epoch [9/30], Step [2620/3735], Loss: 0.0372, Time:0.023503780364990234
Epoch [9/30], Step [2720/3735], Loss: 0.0060, Time:0.0320277214050293
Epoch [9/30], Step [2820/3735], Loss: 0.0364, Time:0.03399157524108887
Epoch [9/30], Step [2920/3735], Loss: 0.6835, Time:0.03554177284240723
Epoch [9/30], Step [3020/3735], Loss: 0.0670, Time:0.03419756889343262
Epoch [9/30], Step [3120/3735], Loss: 0.1368, Time:0.04257464408874512
Epoch [9/30], Step [3220/3735], Loss: 0.1623, Time:0.03999209403991699
Epoch [9/30], Step [3320/3735], Loss: 0.0178, Time:0.03509116172790527
Epoch [9/30], Step [3420/3735], Loss: 0.4214, Time:0.03675127029418945
Epoch [9/30], Step [3520/3735], Loss: 0.3555, Time:0.023717641830444336
Epoch [9/30], Step [3620/3735], Loss: 0.1304, Time:0.032811641693115234
Epoch [9/30], Step [3720/3735], Loss: 1.0245, Time:0.03415250778198242
learning rate 0.0010000 -> 0.0010000
End of epoch9,Use time:126.03306245803833,the accuracy is 0.8947199314554997
Saving the latest model....
验证集数据总量： 8039 预测正确的数量： 6525
当前模型在验证集上的准确率为： 0.8116681179251151
当前模型在验证集上的F1-score为: 0.06838075860016521
Epoch [10/30], Step [85/3735], Loss: 0.4937, Time:0.03499174118041992
Epoch [10/30], Step [185/3735], Loss: 0.9567, Time:0.03430676460266113
Epoch [10/30], Step [285/3735], Loss: 0.0177, Time:0.0355072021484375
Epoch [10/30], Step [385/3735], Loss: 0.2939, Time:0.029860258102416992
Epoch [10/30], Step [485/3735], Loss: 0.0142, Time:0.03375434875488281
Epoch [10/30], Step [585/3735], Loss: 0.4128, Time:0.029651641845703125
Epoch [10/30], Step [685/3735], Loss: 0.1385, Time:0.03147721290588379
Epoch [10/30], Step [785/3735], Loss: 0.3953, Time:0.03243064880371094
Epoch [10/30], Step [885/3735], Loss: 0.1583, Time:0.0327298641204834
Epoch [10/30], Step [985/3735], Loss: 0.5850, Time:0.04054903984069824
Epoch [10/30], Step [1085/3735], Loss: 0.0387, Time:0.04673266410827637
Epoch [10/30], Step [1185/3735], Loss: 0.0619, Time:0.02429795265197754
Epoch [10/30], Step [1285/3735], Loss: 0.8726, Time:0.056952476501464844
Epoch [10/30], Step [1385/3735], Loss: 0.0952, Time:0.05388212203979492
Epoch [10/30], Step [1485/3735], Loss: 0.1746, Time:0.06106209754943848
Epoch [10/30], Step [1585/3735], Loss: 0.4477, Time:0.07115006446838379
Epoch [10/30], Step [1685/3735], Loss: 0.1855, Time:0.06559538841247559
Epoch [10/30], Step [1785/3735], Loss: 0.4303, Time:0.05271410942077637
Epoch [10/30], Step [1885/3735], Loss: 0.0072, Time:0.05100083351135254
Epoch [10/30], Step [1985/3735], Loss: 0.0482, Time:0.0673213005065918
Epoch [10/30], Step [2085/3735], Loss: 0.3210, Time:0.06413984298706055
Epoch [10/30], Step [2185/3735], Loss: 0.6782, Time:0.05378270149230957
Epoch [10/30], Step [2285/3735], Loss: 0.9004, Time:0.05078315734863281
Epoch [10/30], Step [2385/3735], Loss: 0.1704, Time:0.05213785171508789
Epoch [10/30], Step [2485/3735], Loss: 0.2079, Time:0.05553936958312988
Epoch [10/30], Step [2585/3735], Loss: 0.1358, Time:0.05257058143615723
Epoch [10/30], Step [2685/3735], Loss: 0.4258, Time:0.057172536849975586
Epoch [10/30], Step [2785/3735], Loss: 0.2136, Time:0.047563791275024414
Epoch [10/30], Step [2885/3735], Loss: 0.2289, Time:0.04967999458312988
Epoch [10/30], Step [2985/3735], Loss: 0.7364, Time:0.052097320556640625
Epoch [10/30], Step [3085/3735], Loss: 0.0569, Time:0.053552865982055664
Epoch [10/30], Step [3185/3735], Loss: 0.4605, Time:0.06698155403137207
Epoch [10/30], Step [3285/3735], Loss: 0.0116, Time:0.04563474655151367
Epoch [10/30], Step [3385/3735], Loss: 0.2333, Time:0.0451350212097168
Epoch [10/30], Step [3485/3735], Loss: 0.2583, Time:0.04791116714477539
Epoch [10/30], Step [3585/3735], Loss: 0.4882, Time:0.06443285942077637
Epoch [10/30], Step [3685/3735], Loss: 0.1486, Time:0.054686546325683594
learning rate 0.0010000 -> 0.0010000
End of epoch10,Use time:159.19643664360046,the accuracy is 0.9039038234979115
Saving the latest model....
Epoch [11/30], Step [50/3735], Loss: 0.1382, Time:0.08924055099487305
Epoch [11/30], Step [150/3735], Loss: 0.1083, Time:0.046288490295410156
Epoch [11/30], Step [250/3735], Loss: 0.2493, Time:0.06817102432250977
Epoch [11/30], Step [350/3735], Loss: 0.3315, Time:0.060076236724853516
Epoch [11/30], Step [450/3735], Loss: 0.1146, Time:0.0662846565246582
Epoch [11/30], Step [550/3735], Loss: 0.1642, Time:0.05952048301696777
Epoch [11/30], Step [650/3735], Loss: 0.4858, Time:0.06635165214538574
Epoch [11/30], Step [750/3735], Loss: 0.0690, Time:0.04803109169006348
Epoch [11/30], Step [850/3735], Loss: 0.0606, Time:0.04291534423828125
Epoch [11/30], Step [950/3735], Loss: 0.4027, Time:0.04624509811401367
Epoch [11/30], Step [1050/3735], Loss: 0.6622, Time:0.05789661407470703
Epoch [11/30], Step [1150/3735], Loss: 0.0506, Time:0.05378365516662598
Epoch [11/30], Step [1250/3735], Loss: 0.9737, Time:0.051955461502075195
Epoch [11/30], Step [1350/3735], Loss: 0.2673, Time:0.04167604446411133
Epoch [11/30], Step [1450/3735], Loss: 1.2787, Time:0.040389060974121094
Epoch [11/30], Step [1550/3735], Loss: 0.1634, Time:0.040314435958862305
Epoch [11/30], Step [1650/3735], Loss: 0.1683, Time:0.037137508392333984
Epoch [11/30], Step [1750/3735], Loss: 0.2462, Time:0.04915475845336914
Epoch [11/30], Step [1850/3735], Loss: 0.0070, Time:0.07109451293945312
Epoch [11/30], Step [1950/3735], Loss: 0.0268, Time:0.04924893379211426
Epoch [11/30], Step [2050/3735], Loss: 1.2502, Time:0.06026625633239746
Epoch [11/30], Step [2150/3735], Loss: 0.1177, Time:0.028697729110717773
Epoch [11/30], Step [2250/3735], Loss: 1.6428, Time:0.02896428108215332
Epoch [11/30], Step [2350/3735], Loss: 0.1818, Time:0.039867401123046875
Epoch [11/30], Step [2450/3735], Loss: 0.2167, Time:0.026346921920776367
Epoch [11/30], Step [2550/3735], Loss: 0.1824, Time:0.037592172622680664
Epoch [11/30], Step [2650/3735], Loss: 0.4405, Time:0.03856825828552246
Epoch [11/30], Step [2750/3735], Loss: 0.3753, Time:0.03068685531616211
Epoch [11/30], Step [2850/3735], Loss: 0.0735, Time:0.03187251091003418
Epoch [11/30], Step [2950/3735], Loss: 0.0008, Time:0.030431032180786133
Epoch [11/30], Step [3050/3735], Loss: 0.5780, Time:0.02732062339782715
Epoch [11/30], Step [3150/3735], Loss: 0.0497, Time:0.028734207153320312
Epoch [11/30], Step [3250/3735], Loss: 0.1989, Time:0.0284271240234375
Epoch [11/30], Step [3350/3735], Loss: 0.0144, Time:0.036069631576538086
Epoch [11/30], Step [3450/3735], Loss: 0.1471, Time:0.055826663970947266
Epoch [11/30], Step [3550/3735], Loss: 0.5274, Time:0.05157804489135742
Epoch [11/30], Step [3650/3735], Loss: 0.5405, Time:0.056436777114868164
learning rate 0.0010000 -> 0.0009524
End of epoch11,Use time:155.19733262062073,the accuracy is 0.9122576844810967
Saving the latest model....
验证集数据总量： 8039 预测正确的数量： 6654
当前模型在验证集上的准确率为： 0.8277148899116805
当前模型在验证集上的F1-score为: 0.07068730913478831
Epoch [12/30], Step [15/3735], Loss: 0.1722, Time:0.052301883697509766
Epoch [12/30], Step [115/3735], Loss: 0.0060, Time:0.04681539535522461
Epoch [12/30], Step [215/3735], Loss: 0.1243, Time:0.0491633415222168
Epoch [12/30], Step [315/3735], Loss: 0.1253, Time:0.05964183807373047
Epoch [12/30], Step [415/3735], Loss: 0.2376, Time:0.05622148513793945
Epoch [12/30], Step [515/3735], Loss: 0.1295, Time:0.05892133712768555
Epoch [12/30], Step [615/3735], Loss: 0.4488, Time:0.05292010307312012
Epoch [12/30], Step [715/3735], Loss: 0.1707, Time:0.08545279502868652
Epoch [12/30], Step [815/3735], Loss: 0.0573, Time:0.0740804672241211
Epoch [12/30], Step [915/3735], Loss: 0.6866, Time:0.059450626373291016
Epoch [12/30], Step [1015/3735], Loss: 0.2072, Time:0.05971336364746094
Epoch [12/30], Step [1115/3735], Loss: 0.2189, Time:0.06722354888916016
Epoch [12/30], Step [1215/3735], Loss: 0.1657, Time:0.05746746063232422
Epoch [12/30], Step [1315/3735], Loss: 0.0103, Time:0.05484151840209961
Epoch [12/30], Step [1415/3735], Loss: 0.0211, Time:0.0675051212310791
Epoch [12/30], Step [1515/3735], Loss: 0.3815, Time:0.06628251075744629
Epoch [12/30], Step [1615/3735], Loss: 0.2196, Time:0.05286264419555664
Epoch [12/30], Step [1715/3735], Loss: 0.3347, Time:0.04250836372375488
Epoch [12/30], Step [1815/3735], Loss: 0.0026, Time:0.045160770416259766
Epoch [12/30], Step [1915/3735], Loss: 0.0171, Time:0.03967881202697754
Epoch [12/30], Step [2015/3735], Loss: 0.2476, Time:0.06434273719787598
Epoch [12/30], Step [2115/3735], Loss: 0.0464, Time:0.05596470832824707
Epoch [12/30], Step [2215/3735], Loss: 0.0030, Time:0.05377626419067383
Epoch [12/30], Step [2315/3735], Loss: 0.2532, Time:0.05838799476623535
Epoch [12/30], Step [2415/3735], Loss: 0.2355, Time:0.04780721664428711
Epoch [12/30], Step [2515/3735], Loss: 1.5024, Time:0.05325150489807129
Epoch [12/30], Step [2615/3735], Loss: 0.2527, Time:0.05630826950073242
Epoch [12/30], Step [2715/3735], Loss: 0.3944, Time:0.0601201057434082
Epoch [12/30], Step [2815/3735], Loss: 0.1944, Time:0.056354522705078125
Epoch [12/30], Step [2915/3735], Loss: 0.4849, Time:0.05870389938354492
Epoch [12/30], Step [3015/3735], Loss: 0.0552, Time:0.035329341888427734
Epoch [12/30], Step [3115/3735], Loss: 0.1484, Time:0.03293156623840332
Epoch [12/30], Step [3215/3735], Loss: 0.5745, Time:0.05125832557678223
Epoch [12/30], Step [3315/3735], Loss: 0.2482, Time:0.03558683395385742
Epoch [12/30], Step [3415/3735], Loss: 0.1011, Time:0.06526851654052734
Epoch [12/30], Step [3515/3735], Loss: 0.3838, Time:0.05482053756713867
Epoch [12/30], Step [3615/3735], Loss: 0.2756, Time:0.05356574058532715
Epoch [12/30], Step [3715/3735], Loss: 0.3814, Time:0.058629751205444336
learning rate 0.0009524 -> 0.0009048
End of epoch12,Use time:172.88062715530396,the accuracy is 0.9205044446824462
Saving the latest model....
Epoch [13/30], Step [80/3735], Loss: 0.1807, Time:0.05139327049255371
Epoch [13/30], Step [180/3735], Loss: 0.0039, Time:0.05827689170837402
Epoch [13/30], Step [280/3735], Loss: 0.1940, Time:0.047170400619506836
Epoch [13/30], Step [380/3735], Loss: 0.1082, Time:0.05606222152709961
Epoch [13/30], Step [480/3735], Loss: 1.0605, Time:0.048677682876586914
Epoch [13/30], Step [580/3735], Loss: 0.1766, Time:0.06188821792602539
Epoch [13/30], Step [680/3735], Loss: 0.0527, Time:0.04177665710449219
Epoch [13/30], Step [780/3735], Loss: 0.4991, Time:0.07112932205200195
Epoch [13/30], Step [880/3735], Loss: 0.3109, Time:0.05576157569885254
Epoch [13/30], Step [980/3735], Loss: 0.5988, Time:0.04900217056274414
Epoch [13/30], Step [1080/3735], Loss: 0.2467, Time:0.05273127555847168
Epoch [13/30], Step [1180/3735], Loss: 1.0020, Time:0.05487322807312012
Epoch [13/30], Step [1280/3735], Loss: 0.6558, Time:0.059772491455078125
Epoch [13/30], Step [1380/3735], Loss: 0.0266, Time:0.06264114379882812
Epoch [13/30], Step [1480/3735], Loss: 0.1513, Time:0.06019258499145508
Epoch [13/30], Step [1580/3735], Loss: 0.0643, Time:0.05658364295959473
Epoch [13/30], Step [1680/3735], Loss: 0.0004, Time:0.05343294143676758
Epoch [13/30], Step [1780/3735], Loss: 0.2054, Time:0.04863762855529785
Epoch [13/30], Step [1880/3735], Loss: 0.0345, Time:0.043585777282714844
Epoch [13/30], Step [1980/3735], Loss: 0.1126, Time:0.04943442344665527
Epoch [13/30], Step [2080/3735], Loss: 0.0199, Time:0.07153677940368652
Epoch [13/30], Step [2180/3735], Loss: 0.0559, Time:0.0562744140625
Epoch [13/30], Step [2280/3735], Loss: 0.9492, Time:0.049555063247680664
Epoch [13/30], Step [2380/3735], Loss: 0.2882, Time:0.04968762397766113
Epoch [13/30], Step [2480/3735], Loss: 0.0078, Time:0.06150174140930176
Epoch [13/30], Step [2580/3735], Loss: 0.2327, Time:0.057893991470336914
Epoch [13/30], Step [2680/3735], Loss: 0.3471, Time:0.05817842483520508
Epoch [13/30], Step [2780/3735], Loss: 0.0749, Time:0.06175398826599121
Epoch [13/30], Step [2880/3735], Loss: 0.5435, Time:0.05186939239501953
Epoch [13/30], Step [2980/3735], Loss: 0.2346, Time:0.05559039115905762
Epoch [13/30], Step [3080/3735], Loss: 0.0087, Time:0.05471992492675781
Epoch [13/30], Step [3180/3735], Loss: 0.0989, Time:0.057668209075927734
Epoch [13/30], Step [3280/3735], Loss: 0.0081, Time:0.07024383544921875
Epoch [13/30], Step [3380/3735], Loss: 0.0128, Time:0.05672311782836914
Epoch [13/30], Step [3480/3735], Loss: 0.3278, Time:0.06181025505065918
Epoch [13/30], Step [3580/3735], Loss: 0.0306, Time:0.04664278030395508
Epoch [13/30], Step [3680/3735], Loss: 0.0188, Time:0.04749608039855957
learning rate 0.0009048 -> 0.0008571
End of epoch13,Use time:176.36274027824402,the accuracy is 0.9285102281246653
Saving the latest model....
验证集数据总量： 8039 预测正确的数量： 6653
当前模型在验证集上的准确率为： 0.8275904963303894
当前模型在验证集上的F1-score为: 0.0709272764771923
Epoch [14/30], Step [45/3735], Loss: 0.3067, Time:0.030721664428710938
Epoch [14/30], Step [145/3735], Loss: 0.0528, Time:0.030445337295532227
Epoch [14/30], Step [245/3735], Loss: 0.1936, Time:0.03525948524475098
Epoch [14/30], Step [345/3735], Loss: 0.9036, Time:0.03865981101989746
Epoch [14/30], Step [445/3735], Loss: 0.2005, Time:0.0268857479095459
Epoch [14/30], Step [545/3735], Loss: 0.0015, Time:0.028764009475708008
Epoch [14/30], Step [645/3735], Loss: 0.1620, Time:0.043730735778808594
Epoch [14/30], Step [745/3735], Loss: 0.0322, Time:0.028198957443237305
Epoch [14/30], Step [845/3735], Loss: 0.0086, Time:0.061331987380981445
Epoch [14/30], Step [945/3735], Loss: 0.8605, Time:0.05507850646972656
Epoch [14/30], Step [1045/3735], Loss: 0.2337, Time:0.05559802055358887
Epoch [14/30], Step [1145/3735], Loss: 0.0036, Time:0.05045485496520996
Epoch [14/30], Step [1245/3735], Loss: 0.4169, Time:0.059593915939331055
Epoch [14/30], Step [1345/3735], Loss: 0.0554, Time:0.05498480796813965
Epoch [14/30], Step [1445/3735], Loss: 0.0640, Time:0.04782533645629883
saving the latest model (epoch 13, total_iters 500000)
Epoch [14/30], Step [1545/3735], Loss: 0.1738, Time:0.056714773178100586
Epoch [14/30], Step [1645/3735], Loss: 0.1096, Time:0.047940731048583984
Epoch [14/30], Step [1745/3735], Loss: 0.0636, Time:0.05570626258850098
Epoch [14/30], Step [1845/3735], Loss: 0.0361, Time:0.051843881607055664
Epoch [14/30], Step [1945/3735], Loss: 0.0082, Time:0.06778907775878906
Epoch [14/30], Step [2045/3735], Loss: 0.3222, Time:0.044794321060180664
Epoch [14/30], Step [2145/3735], Loss: 0.0006, Time:0.05271005630493164
Epoch [14/30], Step [2245/3735], Loss: 0.0894, Time:0.05653786659240723
Epoch [14/30], Step [2345/3735], Loss: 0.2691, Time:0.06191849708557129
Epoch [14/30], Step [2445/3735], Loss: 0.0708, Time:0.07301187515258789
Epoch [14/30], Step [2545/3735], Loss: 0.0543, Time:0.0585172176361084
Epoch [14/30], Step [2645/3735], Loss: 0.0031, Time:0.05610847473144531
Epoch [14/30], Step [2745/3735], Loss: 0.2878, Time:0.052901268005371094
Epoch [14/30], Step [2845/3735], Loss: 0.0562, Time:0.052811384201049805
Epoch [14/30], Step [2945/3735], Loss: 0.3352, Time:0.0673670768737793
Epoch [14/30], Step [3045/3735], Loss: 1.0046, Time:0.061940670013427734
Epoch [14/30], Step [3145/3735], Loss: 0.0000, Time:0.05973386764526367
Epoch [14/30], Step [3245/3735], Loss: 0.4405, Time:0.060060739517211914
Epoch [14/30], Step [3345/3735], Loss: 0.3430, Time:0.05298876762390137
Epoch [14/30], Step [3445/3735], Loss: 0.1446, Time:0.05693674087524414
Epoch [14/30], Step [3545/3735], Loss: 0.2781, Time:0.060292720794677734
Epoch [14/30], Step [3645/3735], Loss: 0.3469, Time:0.05992484092712402
learning rate 0.0008571 -> 0.0008095
End of epoch14,Use time:165.92478394508362,the accuracy is 0.9364624611759665
Saving the latest model....
Epoch [15/30], Step [10/3735], Loss: 0.0786, Time:0.045354366302490234
Epoch [15/30], Step [110/3735], Loss: 0.0097, Time:0.051371097564697266
Epoch [15/30], Step [210/3735], Loss: 0.2713, Time:0.05782747268676758
Epoch [15/30], Step [310/3735], Loss: 0.0490, Time:0.06299328804016113
Epoch [15/30], Step [410/3735], Loss: 0.2913, Time:0.07315993309020996
Epoch [15/30], Step [510/3735], Loss: 0.5214, Time:0.06248211860656738
Epoch [15/30], Step [610/3735], Loss: 0.2465, Time:0.04079174995422363
Epoch [15/30], Step [710/3735], Loss: 0.6306, Time:0.0598454475402832
Epoch [15/30], Step [810/3735], Loss: 0.0281, Time:0.03720402717590332
Epoch [15/30], Step [910/3735], Loss: 0.1405, Time:0.033396005630493164
Epoch [15/30], Step [1010/3735], Loss: 0.5328, Time:0.04494285583496094
Epoch [15/30], Step [1110/3735], Loss: 0.3426, Time:0.04317522048950195
Epoch [15/30], Step [1210/3735], Loss: 0.6000, Time:0.05778908729553223
Epoch [15/30], Step [1310/3735], Loss: 0.3433, Time:0.05270791053771973
Epoch [15/30], Step [1410/3735], Loss: 0.1327, Time:0.07120227813720703
Epoch [15/30], Step [1510/3735], Loss: 0.0014, Time:0.057030439376831055
Epoch [15/30], Step [1610/3735], Loss: 0.0638, Time:0.0614011287689209
Epoch [15/30], Step [1710/3735], Loss: 0.1274, Time:0.06771278381347656
Epoch [15/30], Step [1810/3735], Loss: 0.0924, Time:0.045522212982177734
Epoch [15/30], Step [1910/3735], Loss: 0.1745, Time:0.05923938751220703
Epoch [15/30], Step [2010/3735], Loss: 0.1084, Time:0.04815387725830078
Epoch [15/30], Step [2110/3735], Loss: 0.0006, Time:0.055719852447509766
Epoch [15/30], Step [2210/3735], Loss: 0.0246, Time:0.060114145278930664
Epoch [15/30], Step [2310/3735], Loss: 0.0181, Time:0.06931734085083008
Epoch [15/30], Step [2410/3735], Loss: 0.0073, Time:0.057349443435668945
Epoch [15/30], Step [2510/3735], Loss: 0.0120, Time:0.057291269302368164
Epoch [15/30], Step [2610/3735], Loss: 0.0872, Time:0.05313277244567871
Epoch [15/30], Step [2710/3735], Loss: 0.0626, Time:0.05320286750793457
Epoch [15/30], Step [2810/3735], Loss: 0.0260, Time:0.06916475296020508
Epoch [15/30], Step [2910/3735], Loss: 0.0250, Time:0.08298158645629883
Epoch [15/30], Step [3010/3735], Loss: 0.0014, Time:0.04816579818725586
Epoch [15/30], Step [3110/3735], Loss: 0.1025, Time:0.05954313278198242
Epoch [15/30], Step [3210/3735], Loss: 0.1505, Time:0.053868770599365234
Epoch [15/30], Step [3310/3735], Loss: 0.3272, Time:0.05526614189147949
Epoch [15/30], Step [3410/3735], Loss: 0.0038, Time:0.05076289176940918
Epoch [15/30], Step [3510/3735], Loss: 0.0142, Time:0.05041050910949707
Epoch [15/30], Step [3610/3735], Loss: 0.2346, Time:0.061953067779541016
Epoch [15/30], Step [3710/3735], Loss: 0.3870, Time:0.04567837715148926
learning rate 0.0008095 -> 0.0007619
End of epoch15,Use time:174.16767001152039,the accuracy is 0.9436917639498769
Saving the latest model....
验证集数据总量： 8039 预测正确的数量： 6597
当前模型在验证集上的准确率为： 0.8206244557780819
当前模型在验证集上的F1-score为: 0.07009918553546625
Epoch [16/30], Step [75/3735], Loss: 0.0041, Time:0.06086134910583496
Epoch [16/30], Step [175/3735], Loss: 0.0299, Time:0.06188082695007324
Epoch [16/30], Step [275/3735], Loss: 0.0925, Time:0.06560873985290527
Epoch [16/30], Step [375/3735], Loss: 0.0347, Time:0.05907440185546875
Epoch [16/30], Step [475/3735], Loss: 0.0869, Time:0.05731701850891113
Epoch [16/30], Step [575/3735], Loss: 0.0654, Time:0.052237749099731445
Epoch [16/30], Step [675/3735], Loss: 0.0517, Time:0.0591127872467041
Epoch [16/30], Step [775/3735], Loss: 0.0004, Time:0.06990981101989746
Epoch [16/30], Step [875/3735], Loss: 0.0369, Time:0.060328006744384766
Epoch [16/30], Step [975/3735], Loss: 0.1232, Time:0.041706085205078125
Epoch [16/30], Step [1075/3735], Loss: 0.0120, Time:0.07053208351135254
Epoch [16/30], Step [1175/3735], Loss: 0.7694, Time:0.07635116577148438
Epoch [16/30], Step [1275/3735], Loss: 0.5513, Time:0.06538128852844238
Epoch [16/30], Step [1375/3735], Loss: 0.0085, Time:0.05644845962524414
Epoch [16/30], Step [1475/3735], Loss: 0.3158, Time:0.06677722930908203
Epoch [16/30], Step [1575/3735], Loss: 0.0216, Time:0.06842756271362305
Epoch [16/30], Step [1675/3735], Loss: 0.3337, Time:0.059044599533081055
Epoch [16/30], Step [1775/3735], Loss: 0.0023, Time:0.06331157684326172
Epoch [16/30], Step [1875/3735], Loss: 0.0178, Time:0.05509209632873535
Epoch [16/30], Step [1975/3735], Loss: 0.1693, Time:0.049826860427856445
Epoch [16/30], Step [2075/3735], Loss: 0.3919, Time:0.054773807525634766
Epoch [16/30], Step [2175/3735], Loss: 0.0201, Time:0.06743502616882324
Epoch [16/30], Step [2275/3735], Loss: 0.0134, Time:0.05133843421936035
Epoch [16/30], Step [2375/3735], Loss: 0.1241, Time:0.05195164680480957
Epoch [16/30], Step [2475/3735], Loss: 0.2036, Time:0.06809806823730469
Epoch [16/30], Step [2575/3735], Loss: 0.0024, Time:0.0538022518157959
Epoch [16/30], Step [2675/3735], Loss: 0.1952, Time:0.06611824035644531
Epoch [16/30], Step [2775/3735], Loss: 0.2887, Time:0.05225944519042969
Epoch [16/30], Step [2875/3735], Loss: 0.0037, Time:0.06085824966430664
Epoch [16/30], Step [2975/3735], Loss: 0.0037, Time:0.05738949775695801
Epoch [16/30], Step [3075/3735], Loss: 0.0182, Time:0.06410670280456543
Epoch [16/30], Step [3175/3735], Loss: 0.0149, Time:0.06451869010925293
Epoch [16/30], Step [3275/3735], Loss: 0.1384, Time:0.06422805786132812
Epoch [16/30], Step [3375/3735], Loss: 0.0024, Time:0.046532630920410156
Epoch [16/30], Step [3475/3735], Loss: 0.0975, Time:0.057923316955566406
Epoch [16/30], Step [3575/3735], Loss: 0.4632, Time:0.0474703311920166
Epoch [16/30], Step [3675/3735], Loss: 0.0172, Time:0.06591391563415527
learning rate 0.0007619 -> 0.0007143
End of epoch16,Use time:177.2163906097412,the accuracy is 0.9483238727642712
Saving the latest model....
Epoch [17/30], Step [40/3735], Loss: 0.0008, Time:0.05272054672241211
Epoch [17/30], Step [140/3735], Loss: 0.0085, Time:0.0534515380859375
Epoch [17/30], Step [240/3735], Loss: 0.0430, Time:0.06006813049316406
Epoch [17/30], Step [340/3735], Loss: 0.0017, Time:0.057454586029052734
Epoch [17/30], Step [440/3735], Loss: 0.0108, Time:0.04181194305419922
Epoch [17/30], Step [540/3735], Loss: 0.0000, Time:0.05801820755004883
Epoch [17/30], Step [640/3735], Loss: 0.1773, Time:0.059998273849487305
Epoch [17/30], Step [740/3735], Loss: 0.1863, Time:0.048356056213378906
Epoch [17/30], Step [840/3735], Loss: 0.1111, Time:0.04477667808532715
Epoch [17/30], Step [940/3735], Loss: 0.0044, Time:0.04505634307861328
Epoch [17/30], Step [1040/3735], Loss: 0.1402, Time:0.03675532341003418
Epoch [17/30], Step [1140/3735], Loss: 0.0171, Time:0.03480243682861328
Epoch [17/30], Step [1240/3735], Loss: 0.0123, Time:0.06025815010070801
Epoch [17/30], Step [1340/3735], Loss: 0.1323, Time:0.05843400955200195
Epoch [17/30], Step [1440/3735], Loss: 0.0042, Time:0.06559228897094727
Epoch [17/30], Step [1540/3735], Loss: 0.8913, Time:0.06427407264709473
Epoch [17/30], Step [1640/3735], Loss: 0.0829, Time:0.060620784759521484
Epoch [17/30], Step [1740/3735], Loss: 0.2186, Time:0.0640716552734375
Epoch [17/30], Step [1840/3735], Loss: 0.0590, Time:0.05168437957763672
Epoch [17/30], Step [1940/3735], Loss: 0.0061, Time:0.05714702606201172
Epoch [17/30], Step [2040/3735], Loss: 0.0379, Time:0.061430931091308594
Epoch [17/30], Step [2140/3735], Loss: 0.2771, Time:0.05887460708618164
Epoch [17/30], Step [2240/3735], Loss: 0.1919, Time:0.06316184997558594
Epoch [17/30], Step [2340/3735], Loss: 0.0224, Time:0.06735014915466309
Epoch [17/30], Step [2440/3735], Loss: 0.0006, Time:0.06833362579345703
Epoch [17/30], Step [2540/3735], Loss: 0.2459, Time:0.057259321212768555
Epoch [17/30], Step [2640/3735], Loss: 0.0355, Time:0.05106806755065918
Epoch [17/30], Step [2740/3735], Loss: 0.2587, Time:0.06716609001159668
Epoch [17/30], Step [2840/3735], Loss: 0.2063, Time:0.056841135025024414
Epoch [17/30], Step [2940/3735], Loss: 0.0739, Time:0.053693532943725586
Epoch [17/30], Step [3040/3735], Loss: 0.3551, Time:0.051513671875
Epoch [17/30], Step [3140/3735], Loss: 0.2703, Time:0.04774665832519531
Epoch [17/30], Step [3240/3735], Loss: 0.0251, Time:0.05332779884338379
Epoch [17/30], Step [3340/3735], Loss: 0.0558, Time:0.0644540786743164
Epoch [17/30], Step [3440/3735], Loss: 0.0962, Time:0.0644845962524414
Epoch [17/30], Step [3540/3735], Loss: 0.0653, Time:0.06895136833190918
Epoch [17/30], Step [3640/3735], Loss: 0.2497, Time:0.04779958724975586
learning rate 0.0007143 -> 0.0006667
End of epoch17,Use time:173.4613060951233,the accuracy is 0.9524472528649459
Saving the latest model....
验证集数据总量： 8039 预测正确的数量： 6769
当前模型在验证集上的准确率为： 0.8420201517601692
当前模型在验证集上的F1-score为: 0.07307414756348221
Epoch [18/30], Step [5/3735], Loss: 0.0034, Time:0.051337242126464844
Epoch [18/30], Step [105/3735], Loss: 0.0227, Time:0.05024433135986328
Epoch [18/30], Step [205/3735], Loss: 0.0001, Time:0.0570371150970459
Epoch [18/30], Step [305/3735], Loss: 0.0628, Time:0.049474477767944336
Epoch [18/30], Step [405/3735], Loss: 0.0035, Time:0.05076336860656738
Epoch [18/30], Step [505/3735], Loss: 0.0009, Time:0.04919934272766113
Epoch [18/30], Step [605/3735], Loss: 0.1619, Time:0.04826951026916504
Epoch [18/30], Step [705/3735], Loss: 0.6271, Time:0.04727029800415039
Epoch [18/30], Step [805/3735], Loss: 0.0044, Time:0.04540300369262695
Epoch [18/30], Step [905/3735], Loss: 0.0507, Time:0.05828285217285156
Epoch [18/30], Step [1005/3735], Loss: 0.1407, Time:0.060678720474243164
Epoch [18/30], Step [1105/3735], Loss: 0.0098, Time:0.04853034019470215
Epoch [18/30], Step [1205/3735], Loss: 0.2588, Time:0.051650047302246094
Epoch [18/30], Step [1305/3735], Loss: 0.0093, Time:0.06698489189147949
Epoch [18/30], Step [1405/3735], Loss: 0.0619, Time:0.050011396408081055
Epoch [18/30], Step [1505/3735], Loss: 0.3887, Time:0.041478633880615234
Epoch [18/30], Step [1605/3735], Loss: 0.0248, Time:0.059716224670410156
Epoch [18/30], Step [1705/3735], Loss: 0.4799, Time:0.0501556396484375
Epoch [18/30], Step [1805/3735], Loss: 0.0465, Time:0.0660085678100586
Epoch [18/30], Step [1905/3735], Loss: 0.0560, Time:0.06422591209411621
Epoch [18/30], Step [2005/3735], Loss: 0.1612, Time:0.05211782455444336
Epoch [18/30], Step [2105/3735], Loss: 0.0848, Time:0.05893445014953613
Epoch [18/30], Step [2205/3735], Loss: 0.0236, Time:0.06566047668457031
Epoch [18/30], Step [2305/3735], Loss: 0.4387, Time:0.04829096794128418
Epoch [18/30], Step [2405/3735], Loss: 0.0691, Time:0.06431961059570312
Epoch [18/30], Step [2505/3735], Loss: 0.0836, Time:0.052143096923828125
Epoch [18/30], Step [2605/3735], Loss: 0.0044, Time:0.060272932052612305
Epoch [18/30], Step [2705/3735], Loss: 0.0510, Time:0.05711507797241211
Epoch [18/30], Step [2805/3735], Loss: 0.0128, Time:0.05987191200256348
Epoch [18/30], Step [2905/3735], Loss: 0.4553, Time:0.05686545372009277
Epoch [18/30], Step [3005/3735], Loss: 0.3408, Time:0.044724464416503906
Epoch [18/30], Step [3105/3735], Loss: 0.0086, Time:0.061905622482299805
Epoch [18/30], Step [3205/3735], Loss: 0.0006, Time:0.050256967544555664
Epoch [18/30], Step [3305/3735], Loss: 0.0379, Time:0.06135678291320801
Epoch [18/30], Step [3405/3735], Loss: 0.5646, Time:0.04526185989379883
Epoch [18/30], Step [3505/3735], Loss: 0.5448, Time:0.051430463790893555
Epoch [18/30], Step [3605/3735], Loss: 0.0392, Time:0.050284385681152344
Epoch [18/30], Step [3705/3735], Loss: 0.1753, Time:0.05573296546936035
learning rate 0.0006667 -> 0.0006190
End of epoch18,Use time:177.40331745147705,the accuracy is 0.9588732997750884
Saving the latest model....
Epoch [19/30], Step [70/3735], Loss: 0.0234, Time:0.054444313049316406
Epoch [19/30], Step [170/3735], Loss: 0.0847, Time:0.06891226768493652
Epoch [19/30], Step [270/3735], Loss: 0.0340, Time:0.06289839744567871
Epoch [19/30], Step [370/3735], Loss: 0.3598, Time:0.0661764144897461
Epoch [19/30], Step [470/3735], Loss: 0.0212, Time:0.05777454376220703
Epoch [19/30], Step [570/3735], Loss: 0.0783, Time:0.043910980224609375
Epoch [19/30], Step [670/3735], Loss: 0.0032, Time:0.05130910873413086
Epoch [19/30], Step [770/3735], Loss: 0.0187, Time:0.05272841453552246
Epoch [19/30], Step [870/3735], Loss: 0.0445, Time:0.03738689422607422
Epoch [19/30], Step [970/3735], Loss: 0.0422, Time:0.03607654571533203
Epoch [19/30], Step [1070/3735], Loss: 0.0143, Time:0.04329228401184082
Epoch [19/30], Step [1170/3735], Loss: 0.0034, Time:0.04768657684326172
Epoch [19/30], Step [1270/3735], Loss: 0.1055, Time:0.049005985260009766
Epoch [19/30], Step [1370/3735], Loss: 0.0336, Time:0.057283639907836914
Epoch [19/30], Step [1470/3735], Loss: 0.0534, Time:0.051733970642089844
Epoch [19/30], Step [1570/3735], Loss: 0.0001, Time:0.06378674507141113
Epoch [19/30], Step [1670/3735], Loss: 0.0317, Time:0.0502161979675293
Epoch [19/30], Step [1770/3735], Loss: 0.8264, Time:0.05526900291442871
Epoch [19/30], Step [1870/3735], Loss: 0.0043, Time:0.049363136291503906
Epoch [19/30], Step [1970/3735], Loss: 0.0090, Time:0.0617678165435791
Epoch [19/30], Step [2070/3735], Loss: 0.1137, Time:0.06913518905639648
Epoch [19/30], Step [2170/3735], Loss: 0.0041, Time:0.05431866645812988
Epoch [19/30], Step [2270/3735], Loss: 0.0382, Time:0.06529593467712402
Epoch [19/30], Step [2370/3735], Loss: 0.2318, Time:0.05796408653259277
Epoch [19/30], Step [2470/3735], Loss: 0.1127, Time:0.049375057220458984
Epoch [19/30], Step [2570/3735], Loss: 0.1398, Time:0.054253578186035156
Epoch [19/30], Step [2670/3735], Loss: 0.0001, Time:0.054247140884399414
Epoch [19/30], Step [2770/3735], Loss: 0.0200, Time:0.054991960525512695
Epoch [19/30], Step [2870/3735], Loss: 0.0826, Time:0.05170440673828125
Epoch [19/30], Step [2970/3735], Loss: 0.0000, Time:0.0667731761932373
Epoch [19/30], Step [3070/3735], Loss: 0.0004, Time:0.07291650772094727
Epoch [19/30], Step [3170/3735], Loss: 0.1782, Time:0.05937075614929199
Epoch [19/30], Step [3270/3735], Loss: 0.0613, Time:0.06848692893981934
Epoch [19/30], Step [3370/3735], Loss: 0.0239, Time:0.05789995193481445
Epoch [19/30], Step [3470/3735], Loss: 0.0022, Time:0.0664362907409668
Epoch [19/30], Step [3570/3735], Loss: 0.0010, Time:0.05622243881225586
Epoch [19/30], Step [3670/3735], Loss: 0.0293, Time:0.06394433975219727
learning rate 0.0006190 -> 0.0005714
End of epoch19,Use time:173.52987790107727,the accuracy is 0.9618988968619471
Saving the latest model....
验证集数据总量： 8039 预测正确的数量： 6817
当前模型在验证集上的准确率为： 0.8479910436621471
当前模型在验证集上的F1-score为: 0.07408211735597858
Epoch [20/30], Step [35/3735], Loss: 0.3032, Time:0.06067800521850586
Epoch [20/30], Step [135/3735], Loss: 1.0056, Time:0.04256892204284668
Epoch [20/30], Step [235/3735], Loss: 0.0459, Time:0.06658720970153809
Epoch [20/30], Step [335/3735], Loss: 0.0501, Time:0.06936478614807129
Epoch [20/30], Step [435/3735], Loss: 0.1806, Time:0.06818151473999023
Epoch [20/30], Step [535/3735], Loss: 0.1199, Time:0.034064292907714844
Epoch [20/30], Step [635/3735], Loss: 0.0125, Time:0.056609153747558594
Epoch [20/30], Step [735/3735], Loss: 0.5196, Time:0.052591562271118164
Epoch [20/30], Step [835/3735], Loss: 0.0005, Time:0.06059432029724121
Epoch [20/30], Step [935/3735], Loss: 0.0189, Time:0.05715537071228027
Epoch [20/30], Step [1035/3735], Loss: 0.0784, Time:0.051695823669433594
Epoch [20/30], Step [1135/3735], Loss: 0.0494, Time:0.060190439224243164
Epoch [20/30], Step [1235/3735], Loss: 0.1650, Time:0.04978370666503906
Epoch [20/30], Step [1335/3735], Loss: 0.0274, Time:0.05257129669189453
Epoch [20/30], Step [1435/3735], Loss: 0.0163, Time:0.05449056625366211
Epoch [20/30], Step [1535/3735], Loss: 0.0227, Time:0.051575660705566406
Epoch [20/30], Step [1635/3735], Loss: 0.0172, Time:0.0510256290435791
Epoch [20/30], Step [1735/3735], Loss: 0.0911, Time:0.05353236198425293
Epoch [20/30], Step [1835/3735], Loss: 0.0005, Time:0.06232428550720215
Epoch [20/30], Step [1935/3735], Loss: 0.1998, Time:0.04735279083251953
Epoch [20/30], Step [2035/3735], Loss: 0.0263, Time:0.048506736755371094
Epoch [20/30], Step [2135/3735], Loss: 0.0820, Time:0.06257438659667969
Epoch [20/30], Step [2235/3735], Loss: 0.0066, Time:0.0704810619354248
Epoch [20/30], Step [2335/3735], Loss: 0.0000, Time:0.05206179618835449
Epoch [20/30], Step [2435/3735], Loss: 0.0015, Time:0.0679624080657959
Epoch [20/30], Step [2535/3735], Loss: 0.0149, Time:0.06265997886657715
Epoch [20/30], Step [2635/3735], Loss: 0.0048, Time:0.06168532371520996
Epoch [20/30], Step [2735/3735], Loss: 0.1263, Time:0.06644010543823242
Epoch [20/30], Step [2835/3735], Loss: 0.0079, Time:0.05992293357849121
Epoch [20/30], Step [2935/3735], Loss: 0.0000, Time:0.05870985984802246
Epoch [20/30], Step [3035/3735], Loss: 0.0219, Time:0.06016373634338379
Epoch [20/30], Step [3135/3735], Loss: 0.0094, Time:0.055791616439819336
Epoch [20/30], Step [3235/3735], Loss: 0.0016, Time:0.06404733657836914
Epoch [20/30], Step [3335/3735], Loss: 0.0091, Time:0.055358171463012695
Epoch [20/30], Step [3435/3735], Loss: 0.1821, Time:0.045452117919921875
Epoch [20/30], Step [3535/3735], Loss: 0.0158, Time:0.05953526496887207
Epoch [20/30], Step [3635/3735], Loss: 0.0281, Time:0.05731773376464844
Epoch [20/30], Step [3735/3735], Loss: 0.0112, Time:0.045500755310058594
learning rate 0.0005714 -> 0.0005238
End of epoch20,Use time:178.6079454421997,the accuracy is 0.9662097033308343
Saving the latest model....
Epoch [21/30], Step [100/3735], Loss: 0.1309, Time:0.07497692108154297
Epoch [21/30], Step [200/3735], Loss: 0.0235, Time:0.0574800968170166
Epoch [21/30], Step [300/3735], Loss: 0.0005, Time:0.05933785438537598
Epoch [21/30], Step [400/3735], Loss: 0.4325, Time:0.05385398864746094
Epoch [21/30], Step [500/3735], Loss: 0.0751, Time:0.05402994155883789
Epoch [21/30], Step [600/3735], Loss: 0.0004, Time:0.05134940147399902
Epoch [21/30], Step [700/3735], Loss: 0.2262, Time:0.0618898868560791
Epoch [21/30], Step [800/3735], Loss: 0.0183, Time:0.060230255126953125
Epoch [21/30], Step [900/3735], Loss: 0.0370, Time:0.0467226505279541
Epoch [21/30], Step [1000/3735], Loss: 0.0057, Time:0.03837299346923828
Epoch [21/30], Step [1100/3735], Loss: 0.0428, Time:0.03731894493103027
Epoch [21/30], Step [1200/3735], Loss: 0.0001, Time:0.04042768478393555
Epoch [21/30], Step [1300/3735], Loss: 0.0037, Time:0.035086631774902344
Epoch [21/30], Step [1400/3735], Loss: 0.0405, Time:0.06022953987121582
Epoch [21/30], Step [1500/3735], Loss: 0.0061, Time:0.05498909950256348
Epoch [21/30], Step [1600/3735], Loss: 0.0326, Time:0.04857063293457031
Epoch [21/30], Step [1700/3735], Loss: 0.1668, Time:0.05012226104736328
Epoch [21/30], Step [1800/3735], Loss: 0.0714, Time:0.07003593444824219
Epoch [21/30], Step [1900/3735], Loss: 0.0000, Time:0.055269479751586914
Epoch [21/30], Step [2000/3735], Loss: 0.4091, Time:0.059191226959228516
Epoch [21/30], Step [2100/3735], Loss: 0.0037, Time:0.050158023834228516
Epoch [21/30], Step [2200/3735], Loss: 0.0611, Time:0.07054901123046875
Epoch [21/30], Step [2300/3735], Loss: 0.0018, Time:0.05948901176452637
Epoch [21/30], Step [2400/3735], Loss: 0.0016, Time:0.07170319557189941
Epoch [21/30], Step [2500/3735], Loss: 0.2915, Time:0.06003260612487793
Epoch [21/30], Step [2600/3735], Loss: 0.0158, Time:0.06582069396972656
Epoch [21/30], Step [2700/3735], Loss: 1.0418, Time:0.0535886287689209
Epoch [21/30], Step [2800/3735], Loss: 0.0169, Time:0.04844379425048828
Epoch [21/30], Step [2900/3735], Loss: 0.0003, Time:0.05598616600036621
Epoch [21/30], Step [3000/3735], Loss: 0.0045, Time:0.05030107498168945
Epoch [21/30], Step [3100/3735], Loss: 0.1712, Time:0.07126617431640625
Epoch [21/30], Step [3200/3735], Loss: 0.0488, Time:0.05451345443725586
Epoch [21/30], Step [3300/3735], Loss: 0.0686, Time:0.045441627502441406
Epoch [21/30], Step [3400/3735], Loss: 0.0202, Time:0.06004810333251953
Epoch [21/30], Step [3500/3735], Loss: 0.1542, Time:0.05278158187866211
Epoch [21/30], Step [3600/3735], Loss: 0.0001, Time:0.05346965789794922
Epoch [21/30], Step [3700/3735], Loss: 0.0012, Time:0.05056023597717285
learning rate 0.0005238 -> 0.0004762
End of epoch21,Use time:174.6681101322174,the accuracy is 0.9688336724858091
Saving the latest model....
验证集数据总量： 8039 预测正确的数量： 6803
当前模型在验证集上的准确率为： 0.8462495335240702
当前模型在验证集上的F1-score为: 0.07355912688101301
Epoch [22/30], Step [65/3735], Loss: 0.0195, Time:0.04861903190612793
Epoch [22/30], Step [165/3735], Loss: 0.0147, Time:0.058660268783569336
Epoch [22/30], Step [265/3735], Loss: 0.4059, Time:0.05102396011352539
Epoch [22/30], Step [365/3735], Loss: 0.0034, Time:0.05257153511047363
Epoch [22/30], Step [465/3735], Loss: 0.0006, Time:0.052039146423339844
Epoch [22/30], Step [565/3735], Loss: 0.0049, Time:0.06415772438049316
Epoch [22/30], Step [665/3735], Loss: 0.0003, Time:0.06664443016052246
Epoch [22/30], Step [765/3735], Loss: 0.0917, Time:0.06303048133850098
Epoch [22/30], Step [865/3735], Loss: 0.1118, Time:0.04992508888244629
Epoch [22/30], Step [965/3735], Loss: 0.0000, Time:0.06273865699768066
Epoch [22/30], Step [1065/3735], Loss: 0.0179, Time:0.05569195747375488
Epoch [22/30], Step [1165/3735], Loss: 0.2945, Time:0.06137847900390625
Epoch [22/30], Step [1265/3735], Loss: 0.0475, Time:0.054921627044677734
Epoch [22/30], Step [1365/3735], Loss: 0.0005, Time:0.05291557312011719
Epoch [22/30], Step [1465/3735], Loss: 0.0331, Time:0.06187558174133301
Epoch [22/30], Step [1565/3735], Loss: 0.0119, Time:0.05885124206542969
Epoch [22/30], Step [1665/3735], Loss: 0.0352, Time:0.05837082862854004
Epoch [22/30], Step [1765/3735], Loss: 0.0573, Time:0.0504150390625
Epoch [22/30], Step [1865/3735], Loss: 0.0001, Time:0.05004286766052246
Epoch [22/30], Step [1965/3735], Loss: 0.0000, Time:0.04587960243225098
Epoch [22/30], Step [2065/3735], Loss: 0.1252, Time:0.06131768226623535
Epoch [22/30], Step [2165/3735], Loss: 0.0061, Time:0.06874442100524902
Epoch [22/30], Step [2265/3735], Loss: 0.0016, Time:0.04771757125854492
Epoch [22/30], Step [2365/3735], Loss: 0.2241, Time:0.06304335594177246
Epoch [22/30], Step [2465/3735], Loss: 0.1641, Time:0.06617331504821777
Epoch [22/30], Step [2565/3735], Loss: 0.0011, Time:0.0635828971862793
Epoch [22/30], Step [2665/3735], Loss: 0.0021, Time:0.05187559127807617
Epoch [22/30], Step [2765/3735], Loss: 0.0033, Time:0.053482770919799805
Epoch [22/30], Step [2865/3735], Loss: 0.2289, Time:0.06360697746276855
Epoch [22/30], Step [2965/3735], Loss: 0.4312, Time:0.060452938079833984
Epoch [22/30], Step [3065/3735], Loss: 0.1398, Time:0.06255340576171875
Epoch [22/30], Step [3165/3735], Loss: 0.0029, Time:0.058238983154296875
Epoch [22/30], Step [3265/3735], Loss: 0.0088, Time:0.06933903694152832
Epoch [22/30], Step [3365/3735], Loss: 0.0948, Time:0.05181074142456055
Epoch [22/30], Step [3465/3735], Loss: 0.0167, Time:0.05930590629577637
Epoch [22/30], Step [3565/3735], Loss: 0.2047, Time:0.05493354797363281
Epoch [22/30], Step [3665/3735], Loss: 0.0629, Time:0.05443620681762695
learning rate 0.0004762 -> 0.0004286
End of epoch22,Use time:177.03874111175537,the accuracy is 0.9731980293456142
Saving the latest model....
Epoch [23/30], Step [30/3735], Loss: 0.0030, Time:0.058208465576171875
Epoch [23/30], Step [130/3735], Loss: 0.2924, Time:0.04067111015319824
Epoch [23/30], Step [230/3735], Loss: 0.0086, Time:0.05977940559387207
Epoch [23/30], Step [330/3735], Loss: 0.0249, Time:0.05070686340332031
Epoch [23/30], Step [430/3735], Loss: 0.0177, Time:0.050640106201171875
Epoch [23/30], Step [530/3735], Loss: 0.0000, Time:0.07149624824523926
Epoch [23/30], Step [630/3735], Loss: 0.0006, Time:0.055338382720947266
Epoch [23/30], Step [730/3735], Loss: 0.2732, Time:0.06491732597351074
Epoch [23/30], Step [830/3735], Loss: 0.0094, Time:0.040291547775268555
Epoch [23/30], Step [930/3735], Loss: 0.0029, Time:0.0322265625
Epoch [23/30], Step [1030/3735], Loss: 0.0014, Time:0.04091167449951172
Epoch [23/30], Step [1130/3735], Loss: 0.2285, Time:0.04814434051513672
Epoch [23/30], Step [1230/3735], Loss: 0.1330, Time:0.04908037185668945
Epoch [23/30], Step [1330/3735], Loss: 0.0104, Time:0.04492378234863281
Epoch [23/30], Step [1430/3735], Loss: 0.5085, Time:0.0484623908996582
Epoch [23/30], Step [1530/3735], Loss: 0.0306, Time:0.0479891300201416
Epoch [23/30], Step [1630/3735], Loss: 0.0053, Time:0.0704343318939209
Epoch [23/30], Step [1730/3735], Loss: 0.0006, Time:0.046254634857177734
Epoch [23/30], Step [1830/3735], Loss: 0.2764, Time:0.04973101615905762
Epoch [23/30], Step [1930/3735], Loss: 0.0002, Time:0.05622529983520508
Epoch [23/30], Step [2030/3735], Loss: 0.0578, Time:0.045957088470458984
Epoch [23/30], Step [2130/3735], Loss: 0.3345, Time:0.04859471321105957
Epoch [23/30], Step [2230/3735], Loss: 0.0002, Time:0.05432391166687012
Epoch [23/30], Step [2330/3735], Loss: 0.1762, Time:0.04322624206542969
Epoch [23/30], Step [2430/3735], Loss: 0.5816, Time:0.0615534782409668
Epoch [23/30], Step [2530/3735], Loss: 0.2637, Time:0.04317951202392578
Epoch [23/30], Step [2630/3735], Loss: 0.0105, Time:0.050597429275512695
Epoch [23/30], Step [2730/3735], Loss: 0.0005, Time:0.05141615867614746
Epoch [23/30], Step [2830/3735], Loss: 0.0014, Time:0.0685725212097168
Epoch [23/30], Step [2930/3735], Loss: 0.0078, Time:0.033422231674194336
Epoch [23/30], Step [3030/3735], Loss: 0.0008, Time:0.0585789680480957
Epoch [23/30], Step [3130/3735], Loss: 0.1908, Time:0.06818366050720215
Epoch [23/30], Step [3230/3735], Loss: 0.0488, Time:0.05866861343383789
Epoch [23/30], Step [3330/3735], Loss: 0.0593, Time:0.06375694274902344
Epoch [23/30], Step [3430/3735], Loss: 0.0012, Time:0.03696179389953613
Epoch [23/30], Step [3530/3735], Loss: 0.0059, Time:0.05495095252990723
Epoch [23/30], Step [3630/3735], Loss: 0.0043, Time:0.056285858154296875
Epoch [23/30], Step [3730/3735], Loss: 0.0001, Time:0.046823740005493164
learning rate 0.0004286 -> 0.0003810
End of epoch23,Use time:173.00914335250854,the accuracy is 0.9757684481096712
Saving the latest model....
验证集数据总量： 8039 预测正确的数量： 6796
当前模型在验证集上的准确率为： 0.8453787784550317
当前模型在验证集上的F1-score为: 0.07361116204454325
Epoch [24/30], Step [95/3735], Loss: 0.0006, Time:0.06392717361450195
Epoch [24/30], Step [195/3735], Loss: 0.0004, Time:0.04878377914428711
Epoch [24/30], Step [295/3735], Loss: 0.0013, Time:0.0540471076965332
Epoch [24/30], Step [395/3735], Loss: 0.0420, Time:0.05429339408874512
Epoch [24/30], Step [495/3735], Loss: 0.0061, Time:0.04272127151489258
Epoch [24/30], Step [595/3735], Loss: 0.0497, Time:0.04674077033996582
Epoch [24/30], Step [695/3735], Loss: 0.0005, Time:0.06209611892700195
Epoch [24/30], Step [795/3735], Loss: 0.0004, Time:0.04801774024963379
Epoch [24/30], Step [895/3735], Loss: 0.0017, Time:0.06297659873962402
Epoch [24/30], Step [995/3735], Loss: 0.0193, Time:0.05680108070373535
Epoch [24/30], Step [1095/3735], Loss: 0.2625, Time:0.06562328338623047
Epoch [24/30], Step [1195/3735], Loss: 0.1559, Time:0.05636763572692871
Epoch [24/30], Step [1295/3735], Loss: 0.1411, Time:0.05612659454345703
Epoch [24/30], Step [1395/3735], Loss: 0.1611, Time:0.056826114654541016
Epoch [24/30], Step [1495/3735], Loss: 0.0401, Time:0.046465158462524414
Epoch [24/30], Step [1595/3735], Loss: 0.0016, Time:0.04410815238952637
Epoch [24/30], Step [1695/3735], Loss: 0.0305, Time:0.057634592056274414
Epoch [24/30], Step [1795/3735], Loss: 0.1709, Time:0.04925966262817383
Epoch [24/30], Step [1895/3735], Loss: 0.0009, Time:0.06323766708374023
Epoch [24/30], Step [1995/3735], Loss: 0.0147, Time:0.054205894470214844
Epoch [24/30], Step [2095/3735], Loss: 0.0233, Time:0.05517911911010742
Epoch [24/30], Step [2195/3735], Loss: 0.2717, Time:0.06355810165405273
Epoch [24/30], Step [2295/3735], Loss: 0.0008, Time:0.05368471145629883
Epoch [24/30], Step [2395/3735], Loss: 0.1339, Time:0.05018901824951172
Epoch [24/30], Step [2495/3735], Loss: 0.0571, Time:0.06586241722106934
Epoch [24/30], Step [2595/3735], Loss: 0.6165, Time:0.06667208671569824
Epoch [24/30], Step [2695/3735], Loss: 0.0062, Time:0.06235456466674805
Epoch [24/30], Step [2795/3735], Loss: 0.0007, Time:0.06573200225830078
Epoch [24/30], Step [2895/3735], Loss: 0.0267, Time:0.05215001106262207
Epoch [24/30], Step [2995/3735], Loss: 0.2021, Time:0.04815316200256348
Epoch [24/30], Step [3095/3735], Loss: 0.0785, Time:0.05480837821960449
Epoch [24/30], Step [3195/3735], Loss: 0.0073, Time:0.06068849563598633
Epoch [24/30], Step [3295/3735], Loss: 0.0175, Time:0.058377742767333984
Epoch [24/30], Step [3395/3735], Loss: 0.0151, Time:0.04933977127075195
Epoch [24/30], Step [3495/3735], Loss: 0.0018, Time:0.05564379692077637
Epoch [24/30], Step [3595/3735], Loss: 0.0255, Time:0.05046367645263672
Epoch [24/30], Step [3695/3735], Loss: 0.0375, Time:0.060923099517822266
learning rate 0.0003810 -> 0.0003333
End of epoch24,Use time:177.50533628463745,the accuracy is 0.9787137196101532
Saving the latest model....
Epoch [25/30], Step [60/3735], Loss: 0.0134, Time:0.05440354347229004
Epoch [25/30], Step [160/3735], Loss: 0.0279, Time:0.05213737487792969
Epoch [25/30], Step [260/3735], Loss: 0.0002, Time:0.06060385704040527
Epoch [25/30], Step [360/3735], Loss: 0.0589, Time:0.06354951858520508
Epoch [25/30], Step [460/3735], Loss: 0.0000, Time:0.042839765548706055
Epoch [25/30], Step [560/3735], Loss: 0.0030, Time:0.05523395538330078
Epoch [25/30], Step [660/3735], Loss: 0.2928, Time:0.050325870513916016
Epoch [25/30], Step [760/3735], Loss: 0.0012, Time:0.06838488578796387
Epoch [25/30], Step [860/3735], Loss: 0.0605, Time:0.05511879920959473
Epoch [25/30], Step [960/3735], Loss: 0.1981, Time:0.04930710792541504
Epoch [25/30], Step [1060/3735], Loss: 0.0003, Time:0.03778386116027832
Epoch [25/30], Step [1160/3735], Loss: 0.0191, Time:0.03163599967956543
Epoch [25/30], Step [1260/3735], Loss: 0.0258, Time:0.055222511291503906
Epoch [25/30], Step [1360/3735], Loss: 0.0473, Time:0.0542299747467041
Epoch [25/30], Step [1460/3735], Loss: 0.0584, Time:0.04970836639404297
Epoch [25/30], Step [1560/3735], Loss: 0.0143, Time:0.051427602767944336
Epoch [25/30], Step [1660/3735], Loss: 0.0018, Time:0.05000662803649902
Epoch [25/30], Step [1760/3735], Loss: 0.0164, Time:0.0534815788269043
Epoch [25/30], Step [1860/3735], Loss: 0.0196, Time:0.06045651435852051
Epoch [25/30], Step [1960/3735], Loss: 0.0017, Time:0.06510782241821289
Epoch [25/30], Step [2060/3735], Loss: 0.6314, Time:0.05028271675109863
Epoch [25/30], Step [2160/3735], Loss: 0.0158, Time:0.06996393203735352
Epoch [25/30], Step [2260/3735], Loss: 0.0001, Time:0.055169105529785156
Epoch [25/30], Step [2360/3735], Loss: 0.0013, Time:0.04854393005371094
Epoch [25/30], Step [2460/3735], Loss: 0.0414, Time:0.043412208557128906
Epoch [25/30], Step [2560/3735], Loss: 0.0098, Time:0.07275199890136719
Epoch [25/30], Step [2660/3735], Loss: 0.0028, Time:0.05528736114501953
Epoch [25/30], Step [2760/3735], Loss: 0.0219, Time:0.04659152030944824
Epoch [25/30], Step [2860/3735], Loss: 0.0041, Time:0.06566357612609863
Epoch [25/30], Step [2960/3735], Loss: 0.0177, Time:0.045471906661987305
Epoch [25/30], Step [3060/3735], Loss: 0.1588, Time:0.05595231056213379
Epoch [25/30], Step [3160/3735], Loss: 0.0003, Time:0.05903363227844238
Epoch [25/30], Step [3260/3735], Loss: 0.0072, Time:0.05522012710571289
Epoch [25/30], Step [3360/3735], Loss: 0.0011, Time:0.057090044021606445
Epoch [25/30], Step [3460/3735], Loss: 0.0006, Time:0.05681109428405762
Epoch [25/30], Step [3560/3735], Loss: 0.0267, Time:0.05991935729980469
Epoch [25/30], Step [3660/3735], Loss: 0.0007, Time:0.0597381591796875
learning rate 0.0003333 -> 0.0002857
End of epoch25,Use time:174.2642216682434,the accuracy is 0.9800257041876406
Saving the latest model....
验证集数据总量： 8039 预测正确的数量： 6848
当前模型在验证集上的准确率为： 0.8518472446821744
当前模型在验证集上的F1-score为: 0.07453366831269338
Epoch [26/30], Step [25/3735], Loss: 0.0368, Time:0.04639744758605957
Epoch [26/30], Step [125/3735], Loss: 0.0087, Time:0.03976154327392578
Epoch [26/30], Step [225/3735], Loss: 0.0068, Time:0.056385040283203125
Epoch [26/30], Step [325/3735], Loss: 0.0344, Time:0.05902910232543945
Epoch [26/30], Step [425/3735], Loss: 0.0534, Time:0.055184364318847656
Epoch [26/30], Step [525/3735], Loss: 0.0001, Time:0.0552523136138916
Epoch [26/30], Step [625/3735], Loss: 0.0439, Time:0.06746721267700195
Epoch [26/30], Step [725/3735], Loss: 0.0010, Time:0.057556867599487305
Epoch [26/30], Step [825/3735], Loss: 0.0008, Time:0.04762911796569824
Epoch [26/30], Step [925/3735], Loss: 0.0029, Time:0.05487656593322754
Epoch [26/30], Step [1025/3735], Loss: 0.2819, Time:0.04517674446105957
Epoch [26/30], Step [1125/3735], Loss: 0.0029, Time:0.05202174186706543
Epoch [26/30], Step [1225/3735], Loss: 0.0001, Time:0.05375313758850098
Epoch [26/30], Step [1325/3735], Loss: 0.0679, Time:0.04759645462036133
Epoch [26/30], Step [1425/3735], Loss: 0.0015, Time:0.041368722915649414
Epoch [26/30], Step [1525/3735], Loss: 0.0104, Time:0.06352424621582031
Epoch [26/30], Step [1625/3735], Loss: 0.0006, Time:0.051601409912109375
Epoch [26/30], Step [1725/3735], Loss: 0.0275, Time:0.042737722396850586
Epoch [26/30], Step [1825/3735], Loss: 0.0891, Time:0.0559842586517334
Epoch [26/30], Step [1925/3735], Loss: 0.0071, Time:0.05616402626037598
Epoch [26/30], Step [2025/3735], Loss: 0.2267, Time:0.05065512657165527
Epoch [26/30], Step [2125/3735], Loss: 0.0883, Time:0.06255841255187988
Epoch [26/30], Step [2225/3735], Loss: 0.0000, Time:0.05476999282836914
Epoch [26/30], Step [2325/3735], Loss: 0.0009, Time:0.0615992546081543
Epoch [26/30], Step [2425/3735], Loss: 0.0003, Time:0.06525087356567383
Epoch [26/30], Step [2525/3735], Loss: 0.0010, Time:0.053858280181884766
Epoch [26/30], Step [2625/3735], Loss: 0.0039, Time:0.06639361381530762
Epoch [26/30], Step [2725/3735], Loss: 0.1253, Time:0.050132036209106445
Epoch [26/30], Step [2825/3735], Loss: 0.0138, Time:0.07532048225402832
Epoch [26/30], Step [2925/3735], Loss: 0.0443, Time:0.05206656455993652
Epoch [26/30], Step [3025/3735], Loss: 0.0008, Time:0.06337308883666992
Epoch [26/30], Step [3125/3735], Loss: 0.0092, Time:0.058294057846069336
Epoch [26/30], Step [3225/3735], Loss: 0.0004, Time:0.05222964286804199
Epoch [26/30], Step [3325/3735], Loss: 0.0117, Time:0.04600238800048828
Epoch [26/30], Step [3425/3735], Loss: 0.0539, Time:0.055692195892333984
Epoch [26/30], Step [3525/3735], Loss: 0.7403, Time:0.061661481857299805
Epoch [26/30], Step [3625/3735], Loss: 0.0078, Time:0.05014753341674805
Epoch [26/30], Step [3725/3735], Loss: 0.0039, Time:0.05818772315979004
learning rate 0.0002857 -> 0.0002381
End of epoch26,Use time:177.32550883293152,the accuracy is 0.9832922780336296
Saving the latest model....
Epoch [27/30], Step [90/3735], Loss: 0.0021, Time:0.0652923583984375
Epoch [27/30], Step [190/3735], Loss: 0.0036, Time:0.05716419219970703
Epoch [27/30], Step [290/3735], Loss: 0.0054, Time:0.06828165054321289
Epoch [27/30], Step [390/3735], Loss: 0.2352, Time:0.03385162353515625
Epoch [27/30], Step [490/3735], Loss: 0.1406, Time:0.04992198944091797
Epoch [27/30], Step [590/3735], Loss: 0.0177, Time:0.06169009208679199
Epoch [27/30], Step [690/3735], Loss: 0.0288, Time:0.04693198204040527
Epoch [27/30], Step [790/3735], Loss: 0.0008, Time:0.0709679126739502
Epoch [27/30], Step [890/3735], Loss: 0.0020, Time:0.0480799674987793
Epoch [27/30], Step [990/3735], Loss: 0.0244, Time:0.044391632080078125
Epoch [27/30], Step [1090/3735], Loss: 0.0221, Time:0.04935455322265625
Epoch [27/30], Step [1190/3735], Loss: 0.0068, Time:0.040788888931274414
Epoch [27/30], Step [1290/3735], Loss: 0.0014, Time:0.06491255760192871
Epoch [27/30], Step [1390/3735], Loss: 0.9628, Time:0.05014848709106445
Epoch [27/30], Step [1490/3735], Loss: 0.0000, Time:0.046401262283325195
Epoch [27/30], Step [1590/3735], Loss: 0.0031, Time:0.041550397872924805
Epoch [27/30], Step [1690/3735], Loss: 0.0222, Time:0.06058859825134277
Epoch [27/30], Step [1790/3735], Loss: 0.0067, Time:0.0546414852142334
Epoch [27/30], Step [1890/3735], Loss: 0.0579, Time:0.06302785873413086
Epoch [27/30], Step [1990/3735], Loss: 0.0100, Time:0.06178855895996094
Epoch [27/30], Step [2090/3735], Loss: 0.0028, Time:0.06645321846008301
Epoch [27/30], Step [2190/3735], Loss: 0.0001, Time:0.050881385803222656
Epoch [27/30], Step [2290/3735], Loss: 0.0003, Time:0.06087088584899902
Epoch [27/30], Step [2390/3735], Loss: 0.0010, Time:0.05230355262756348
Epoch [27/30], Step [2490/3735], Loss: 0.0024, Time:0.06105923652648926
Epoch [27/30], Step [2590/3735], Loss: 0.0918, Time:0.04283881187438965
Epoch [27/30], Step [2690/3735], Loss: 0.0001, Time:0.06278610229492188
Epoch [27/30], Step [2790/3735], Loss: 0.0275, Time:0.05941486358642578
Epoch [27/30], Step [2890/3735], Loss: 0.0137, Time:0.05550861358642578
saving the latest model (epoch 26, total_iters 1000000)
Epoch [27/30], Step [2990/3735], Loss: 0.1249, Time:0.04126238822937012
Epoch [27/30], Step [3090/3735], Loss: 0.0059, Time:0.0675053596496582
Epoch [27/30], Step [3190/3735], Loss: 0.0425, Time:0.05926656723022461
Epoch [27/30], Step [3290/3735], Loss: 0.0036, Time:0.057901859283447266
Epoch [27/30], Step [3390/3735], Loss: 0.0000, Time:0.06226706504821777
Epoch [27/30], Step [3490/3735], Loss: 0.0008, Time:0.07213115692138672
Epoch [27/30], Step [3590/3735], Loss: 0.0002, Time:0.05626034736633301
Epoch [27/30], Step [3690/3735], Loss: 0.0000, Time:0.05479168891906738
learning rate 0.0002381 -> 0.0001905
End of epoch27,Use time:174.89767289161682,the accuracy is 0.9854878440612617
Saving the latest model....
验证集数据总量： 8039 预测正确的数量： 6865
当前模型在验证集上的准确率为： 0.8539619355641249
当前模型在验证集上的F1-score为: 0.07480446723878297
Epoch [28/30], Step [55/3735], Loss: 0.8958, Time:0.08029818534851074
Epoch [28/30], Step [155/3735], Loss: 0.0018, Time:0.062044620513916016
Epoch [28/30], Step [255/3735], Loss: 0.0003, Time:0.0482637882232666
Epoch [28/30], Step [355/3735], Loss: 0.0020, Time:0.06139087677001953
Epoch [28/30], Step [455/3735], Loss: 0.0003, Time:0.07234025001525879
Epoch [28/30], Step [555/3735], Loss: 0.0000, Time:0.06324958801269531
Epoch [28/30], Step [655/3735], Loss: 0.1761, Time:0.05118393898010254
Epoch [28/30], Step [755/3735], Loss: 0.0000, Time:0.062027931213378906
Epoch [28/30], Step [855/3735], Loss: 0.0002, Time:0.0725545883178711
Epoch [28/30], Step [955/3735], Loss: 0.0017, Time:0.05938291549682617
Epoch [28/30], Step [1055/3735], Loss: 0.0024, Time:0.05032539367675781
Epoch [28/30], Step [1155/3735], Loss: 0.0000, Time:0.047029972076416016
Epoch [28/30], Step [1255/3735], Loss: 0.0011, Time:0.06498169898986816
Epoch [28/30], Step [1355/3735], Loss: 0.0361, Time:0.0432889461517334
Epoch [28/30], Step [1455/3735], Loss: 0.0023, Time:0.05811572074890137
Epoch [28/30], Step [1555/3735], Loss: 0.0294, Time:0.05203819274902344
Epoch [28/30], Step [1655/3735], Loss: 0.0056, Time:0.0494997501373291
Epoch [28/30], Step [1755/3735], Loss: 0.0003, Time:0.05171608924865723
Epoch [28/30], Step [1855/3735], Loss: 0.0003, Time:0.054444074630737305
Epoch [28/30], Step [1955/3735], Loss: 0.0001, Time:0.0669095516204834
Epoch [28/30], Step [2055/3735], Loss: 0.0847, Time:0.04669666290283203
Epoch [28/30], Step [2155/3735], Loss: 0.0052, Time:0.060570716857910156
Epoch [28/30], Step [2255/3735], Loss: 0.0172, Time:0.059844017028808594
Epoch [28/30], Step [2355/3735], Loss: 0.0001, Time:0.055706024169921875
Epoch [28/30], Step [2455/3735], Loss: 0.0000, Time:0.050985097885131836
Epoch [28/30], Step [2555/3735], Loss: 0.0031, Time:0.04682731628417969
Epoch [28/30], Step [2655/3735], Loss: 0.0047, Time:0.05473160743713379
Epoch [28/30], Step [2755/3735], Loss: 0.0159, Time:0.06738686561584473
Epoch [28/30], Step [2855/3735], Loss: 0.0003, Time:0.05054616928100586
Epoch [28/30], Step [2955/3735], Loss: 0.0038, Time:0.05145859718322754
Epoch [28/30], Step [3055/3735], Loss: 0.0000, Time:0.06500816345214844
Epoch [28/30], Step [3155/3735], Loss: 0.0552, Time:0.059539794921875
Epoch [28/30], Step [3255/3735], Loss: 0.0000, Time:0.05793333053588867
Epoch [28/30], Step [3355/3735], Loss: 0.0203, Time:0.05845522880554199
Epoch [28/30], Step [3455/3735], Loss: 0.0237, Time:0.06043124198913574
Epoch [28/30], Step [3555/3735], Loss: 0.0800, Time:0.06419825553894043
Epoch [28/30], Step [3655/3735], Loss: 0.0010, Time:0.05996966361999512
learning rate 0.0001905 -> 0.0001429
End of epoch28,Use time:177.16227507591248,the accuracy is 0.9869069294205848
Saving the latest model....
Epoch [29/30], Step [20/3735], Loss: 0.0106, Time:0.05232071876525879
Epoch [29/30], Step [120/3735], Loss: 0.0001, Time:0.06653451919555664
Epoch [29/30], Step [220/3735], Loss: 0.0002, Time:0.05274224281311035
Epoch [29/30], Step [320/3735], Loss: 0.0000, Time:0.05973649024963379
Epoch [29/30], Step [420/3735], Loss: 0.0000, Time:0.046880245208740234
Epoch [29/30], Step [520/3735], Loss: 0.0001, Time:0.049141883850097656
Epoch [29/30], Step [620/3735], Loss: 0.0095, Time:0.053003787994384766
Epoch [29/30], Step [720/3735], Loss: 0.0018, Time:0.05322670936584473
Epoch [29/30], Step [820/3735], Loss: 0.0062, Time:0.04363393783569336
Epoch [29/30], Step [920/3735], Loss: 0.0000, Time:0.04751920700073242
Epoch [29/30], Step [1020/3735], Loss: 0.0002, Time:0.05621623992919922
Epoch [29/30], Step [1120/3735], Loss: 0.0047, Time:0.04661750793457031
Epoch [29/30], Step [1220/3735], Loss: 0.0047, Time:0.0626978874206543
Epoch [29/30], Step [1320/3735], Loss: 0.0015, Time:0.050244808197021484
Epoch [29/30], Step [1420/3735], Loss: 0.0001, Time:0.05473160743713379
Epoch [29/30], Step [1520/3735], Loss: 0.3609, Time:0.05625319480895996
Epoch [29/30], Step [1620/3735], Loss: 0.0064, Time:0.049794673919677734
Epoch [29/30], Step [1720/3735], Loss: 0.0021, Time:0.0556790828704834
Epoch [29/30], Step [1820/3735], Loss: 0.0098, Time:0.05933713912963867
Epoch [29/30], Step [1920/3735], Loss: 0.0001, Time:0.055420637130737305
Epoch [29/30], Step [2020/3735], Loss: 0.0053, Time:0.05773282051086426
Epoch [29/30], Step [2120/3735], Loss: 0.1784, Time:0.06192755699157715
Epoch [29/30], Step [2220/3735], Loss: 0.0009, Time:0.06194281578063965
Epoch [29/30], Step [2320/3735], Loss: 0.0007, Time:0.05667591094970703
Epoch [29/30], Step [2420/3735], Loss: 0.0000, Time:0.048363447189331055
Epoch [29/30], Step [2520/3735], Loss: 0.0029, Time:0.052654266357421875
Epoch [29/30], Step [2620/3735], Loss: 0.0000, Time:0.04596996307373047
Epoch [29/30], Step [2720/3735], Loss: 0.0009, Time:0.04976534843444824
Epoch [29/30], Step [2820/3735], Loss: 0.4305, Time:0.06206870079040527
Epoch [29/30], Step [2920/3735], Loss: 0.0033, Time:0.053140878677368164
Epoch [29/30], Step [3020/3735], Loss: 0.0010, Time:0.05971574783325195
Epoch [29/30], Step [3120/3735], Loss: 0.0790, Time:0.057503461837768555
Epoch [29/30], Step [3220/3735], Loss: 0.0011, Time:0.05682492256164551
Epoch [29/30], Step [3320/3735], Loss: 0.0018, Time:0.05055880546569824
Epoch [29/30], Step [3420/3735], Loss: 0.0014, Time:0.06418561935424805
Epoch [29/30], Step [3520/3735], Loss: 0.0460, Time:0.040346384048461914
Epoch [29/30], Step [3620/3735], Loss: 0.0240, Time:0.0660400390625
Epoch [29/30], Step [3720/3735], Loss: 0.0431, Time:0.04921364784240723
learning rate 0.0001429 -> 0.0000952
End of epoch29,Use time:174.7502884864807,the accuracy is 0.9892899218164293
Saving the latest model....
验证集数据总量： 8039 预测正确的数量： 6919
当前模型在验证集上的准确率为： 0.86067918895385
当前模型在验证集上的F1-score为: 0.07599370615757989
Epoch [30/30], Step [85/3735], Loss: 0.0733, Time:0.04724407196044922
Epoch [30/30], Step [185/3735], Loss: 0.0164, Time:0.06419706344604492
Epoch [30/30], Step [285/3735], Loss: 0.0123, Time:0.05389857292175293
Epoch [30/30], Step [385/3735], Loss: 0.0140, Time:0.06176328659057617
Epoch [30/30], Step [485/3735], Loss: 0.0050, Time:0.0636146068572998
Epoch [30/30], Step [585/3735], Loss: 0.0032, Time:0.04850292205810547
Epoch [30/30], Step [685/3735], Loss: 0.0024, Time:0.04973101615905762
Epoch [30/30], Step [785/3735], Loss: 0.0102, Time:0.06083321571350098
Epoch [30/30], Step [885/3735], Loss: 0.0063, Time:0.04787492752075195
Epoch [30/30], Step [985/3735], Loss: 0.0001, Time:0.06310009956359863
Epoch [30/30], Step [1085/3735], Loss: 0.0000, Time:0.06640410423278809
Epoch [30/30], Step [1185/3735], Loss: 0.0001, Time:0.04089045524597168
Epoch [30/30], Step [1285/3735], Loss: 0.0002, Time:0.05124711990356445
Epoch [30/30], Step [1385/3735], Loss: 0.0003, Time:0.0643625259399414
Epoch [30/30], Step [1485/3735], Loss: 0.0011, Time:0.05563211441040039
Epoch [30/30], Step [1585/3735], Loss: 0.2384, Time:0.06360507011413574
Epoch [30/30], Step [1685/3735], Loss: 0.0011, Time:0.06478071212768555
Epoch [30/30], Step [1785/3735], Loss: 0.0000, Time:0.05461621284484863
Epoch [30/30], Step [1885/3735], Loss: 0.0003, Time:0.05904746055603027
Epoch [30/30], Step [1985/3735], Loss: 0.0000, Time:0.05745649337768555
Epoch [30/30], Step [2085/3735], Loss: 0.0092, Time:0.05648970603942871
Epoch [30/30], Step [2185/3735], Loss: 0.0001, Time:0.06915760040283203
Epoch [30/30], Step [2285/3735], Loss: 0.3440, Time:0.05831289291381836
Epoch [30/30], Step [2385/3735], Loss: 0.0000, Time:0.048020124435424805
Epoch [30/30], Step [2485/3735], Loss: 0.0366, Time:0.05933642387390137
Epoch [30/30], Step [2585/3735], Loss: 0.0000, Time:0.05377960205078125
Epoch [30/30], Step [2685/3735], Loss: 0.0020, Time:0.0541532039642334
Epoch [30/30], Step [2785/3735], Loss: 0.0001, Time:0.0514531135559082
Epoch [30/30], Step [2885/3735], Loss: 0.0008, Time:0.055016517639160156
Epoch [30/30], Step [2985/3735], Loss: 0.2585, Time:0.054088592529296875
Epoch [30/30], Step [3085/3735], Loss: 0.0135, Time:0.05105400085449219
Epoch [30/30], Step [3185/3735], Loss: 0.0012, Time:0.0755014419555664
Epoch [30/30], Step [3285/3735], Loss: 0.0002, Time:0.05750703811645508
Epoch [30/30], Step [3385/3735], Loss: 0.0188, Time:0.043373823165893555
Epoch [30/30], Step [3485/3735], Loss: 0.0000, Time:0.05655503273010254
Epoch [30/30], Step [3585/3735], Loss: 0.0086, Time:0.0597538948059082
Epoch [30/30], Step [3685/3735], Loss: 0.0003, Time:0.050977468490600586
learning rate 0.0000952 -> 0.0000476
End of epoch30,Use time:177.46503281593323,the accuracy is 0.9906286815893756
Saving the latest model....
/home/pjian/pyd/DL/DL-hw3/Exp3_utils.py:99: UserWarning: Legend does not support [<matplotlib.lines.Line2D object at 0x7f2b0d0d8a60>] instances.
A proxy artist may be used instead.
See: https://matplotlib.org/users/legend_guide.html#creating-artists-specifically-for-adding-to-the-legend-aka-proxy-artists
  plt.legend(lines,names,loc = 'lower right',fontsize = 10)
/home/pjian/pyd/DL/DL-hw3/Exp3_utils.py:99: UserWarning: Legend does not support [<matplotlib.lines.Line2D object at 0x7f2b0d0d8d60>] instances.
A proxy artist may be used instead.
See: https://matplotlib.org/users/legend_guide.html#creating-artists-specifically-for-adding-to-the-legend-aka-proxy-artists
  plt.legend(lines,names,loc = 'lower right',fontsize = 10)
Output finished
Output finished
Output finished
Output finished
训练完成！
  0%|          | 0/790 [00:00<?, ?it/s]  1%|          | 7/790 [00:00<00:12, 62.03it/s]  2%|▏         | 14/790 [00:00<00:12, 61.29it/s]  3%|▎         | 21/790 [00:00<00:12, 61.86it/s]  4%|▎         | 28/790 [00:00<00:12, 61.89it/s]  4%|▍         | 35/790 [00:00<00:12, 61.44it/s]  5%|▌         | 42/790 [00:00<00:12, 61.29it/s]  6%|▌         | 49/790 [00:00<00:12, 57.42it/s]  7%|▋         | 56/790 [00:00<00:12, 59.56it/s]  8%|▊         | 63/790 [00:01<00:12, 59.54it/s]  9%|▉         | 70/790 [00:01<00:12, 59.44it/s] 10%|▉         | 77/790 [00:01<00:11, 60.23it/s] 11%|█         | 84/790 [00:01<00:11, 62.15it/s] 12%|█▏        | 91/790 [00:01<00:11, 62.28it/s] 12%|█▏        | 98/790 [00:01<00:11, 61.53it/s] 13%|█▎        | 105/790 [00:01<00:11, 61.38it/s] 14%|█▍        | 112/790 [00:01<00:11, 61.02it/s] 15%|█▌        | 119/790 [00:01<00:10, 61.50it/s] 16%|█▌        | 126/790 [00:02<00:10, 62.82it/s] 17%|█▋        | 133/790 [00:02<00:10, 63.02it/s] 18%|█▊        | 140/790 [00:02<00:10, 61.95it/s] 19%|█▊        | 147/790 [00:02<00:10, 62.08it/s] 19%|█▉        | 154/790 [00:02<00:10, 62.70it/s] 20%|██        | 161/790 [00:02<00:10, 61.91it/s] 21%|██▏       | 168/790 [00:02<00:09, 62.23it/s] 22%|██▏       | 175/790 [00:02<00:10, 59.70it/s] 23%|██▎       | 183/790 [00:02<00:09, 62.81it/s] 24%|██▍       | 190/790 [00:03<00:09, 61.47it/s] 25%|██▌       | 198/790 [00:03<00:09, 64.06it/s] 26%|██▌       | 205/790 [00:03<00:09, 64.18it/s] 27%|██▋       | 213/790 [00:03<00:08, 66.07it/s] 28%|██▊       | 220/790 [00:03<00:08, 65.29it/s] 29%|██▊       | 227/790 [00:03<00:08, 65.38it/s] 30%|██▉       | 234/790 [00:03<00:08, 64.75it/s] 31%|███       | 242/790 [00:03<00:08, 67.48it/s] 32%|███▏      | 249/790 [00:03<00:08, 64.62it/s] 33%|███▎      | 257/790 [00:04<00:08, 65.85it/s] 33%|███▎      | 264/790 [00:04<00:08, 63.83it/s] 34%|███▍      | 271/790 [00:04<00:08, 64.22it/s] 35%|███▌      | 278/790 [00:04<00:08, 61.98it/s] 36%|███▌      | 285/790 [00:04<00:07, 63.22it/s] 37%|███▋      | 292/790 [00:04<00:08, 62.13it/s] 38%|███▊      | 300/790 [00:04<00:07, 65.41it/s] 39%|███▉      | 307/790 [00:04<00:07, 63.09it/s] 40%|███▉      | 314/790 [00:05<00:07, 63.91it/s] 41%|████      | 321/790 [00:05<00:07, 63.07it/s] 42%|████▏     | 328/790 [00:05<00:07, 64.95it/s] 42%|████▏     | 335/790 [00:05<00:06, 65.41it/s] 43%|████▎     | 342/790 [00:05<00:07, 63.55it/s] 44%|████▍     | 349/790 [00:05<00:07, 61.15it/s] 45%|████▌     | 357/790 [00:05<00:06, 64.48it/s] 46%|████▌     | 365/790 [00:05<00:06, 66.82it/s] 47%|████▋     | 372/790 [00:05<00:06, 64.89it/s] 48%|████▊     | 379/790 [00:06<00:06, 65.21it/s] 49%|████▉     | 386/790 [00:06<00:06, 60.69it/s] 50%|████▉     | 393/790 [00:06<00:06, 61.64it/s] 51%|█████     | 400/790 [00:06<00:06, 60.16it/s] 52%|█████▏    | 407/790 [00:06<00:06, 61.76it/s] 52%|█████▏    | 414/790 [00:06<00:06, 62.53it/s] 53%|█████▎    | 421/790 [00:06<00:06, 61.10it/s] 54%|█████▍    | 429/790 [00:06<00:05, 62.60it/s] 55%|█████▌    | 436/790 [00:06<00:05, 63.94it/s] 56%|█████▌    | 444/790 [00:07<00:05, 66.85it/s] 57%|█████▋    | 451/790 [00:07<00:05, 63.37it/s] 58%|█████▊    | 458/790 [00:07<00:05, 65.03it/s] 59%|█████▉    | 465/790 [00:07<00:04, 65.19it/s] 60%|█████▉    | 472/790 [00:07<00:04, 65.72it/s] 61%|██████    | 479/790 [00:07<00:04, 65.47it/s] 62%|██████▏   | 486/790 [00:07<00:04, 65.83it/s] 62%|██████▏   | 493/790 [00:07<00:04, 65.19it/s] 63%|██████▎   | 501/790 [00:07<00:04, 65.24it/s] 64%|██████▍   | 508/790 [00:08<00:04, 61.47it/s] 65%|██████▌   | 516/790 [00:08<00:04, 65.18it/s] 66%|██████▌   | 523/790 [00:08<00:04, 66.03it/s] 67%|██████▋   | 530/790 [00:08<00:03, 65.41it/s] 68%|██████▊   | 537/790 [00:08<00:03, 64.40it/s] 69%|██████▉   | 544/790 [00:08<00:03, 63.96it/s] 70%|██████▉   | 551/790 [00:08<00:03, 64.87it/s] 71%|███████   | 558/790 [00:08<00:03, 63.08it/s] 72%|███████▏  | 565/790 [00:08<00:03, 64.40it/s] 72%|███████▏  | 572/790 [00:09<00:03, 65.43it/s] 73%|███████▎  | 579/790 [00:09<00:03, 65.09it/s] 74%|███████▍  | 586/790 [00:09<00:03, 65.91it/s] 75%|███████▌  | 593/790 [00:09<00:03, 62.56it/s] 76%|███████▌  | 600/790 [00:09<00:03, 50.32it/s] 77%|███████▋  | 607/790 [00:09<00:03, 54.85it/s] 78%|███████▊  | 614/790 [00:09<00:03, 56.14it/s] 79%|███████▊  | 621/790 [00:09<00:02, 58.72it/s] 79%|███████▉  | 628/790 [00:10<00:02, 60.95it/s] 80%|████████  | 635/790 [00:10<00:02, 60.64it/s] 81%|████████▏ | 642/790 [00:10<00:02, 59.96it/s] 82%|████████▏ | 649/790 [00:10<00:02, 60.24it/s] 83%|████████▎ | 656/790 [00:10<00:02, 60.67it/s] 84%|████████▍ | 663/790 [00:10<00:02, 62.19it/s] 85%|████████▍ | 671/790 [00:10<00:01, 64.06it/s] 86%|████████▌ | 678/790 [00:10<00:01, 63.45it/s] 87%|████████▋ | 685/790 [00:10<00:01, 61.56it/s] 88%|████████▊ | 692/790 [00:11<00:01, 60.57it/s] 88%|████████▊ | 699/790 [00:11<00:01, 61.92it/s] 89%|████████▉ | 706/790 [00:11<00:01, 63.66it/s] 90%|█████████ | 714/790 [00:11<00:01, 66.59it/s] 91%|█████████▏| 721/790 [00:11<00:01, 63.31it/s] 92%|█████████▏| 728/790 [00:11<00:01, 61.79it/s] 93%|█████████▎| 735/790 [00:11<00:00, 63.73it/s] 94%|█████████▍| 742/790 [00:11<00:00, 63.06it/s] 95%|█████████▍| 749/790 [00:11<00:00, 63.97it/s] 96%|█████████▌| 756/790 [00:12<00:00, 61.58it/s] 97%|█████████▋| 763/790 [00:12<00:00, 62.88it/s] 97%|█████████▋| 770/790 [00:12<00:00, 62.73it/s] 98%|█████████▊| 777/790 [00:12<00:00, 62.15it/s] 99%|█████████▉| 784/790 [00:12<00:00, 63.12it/s]100%|██████████| 790/790 [00:12<00:00, 62.79it/s]
Output finished
