nohup: 忽略输入
Epoch [1/30], Step [100/3735], Loss: 2.7824, Time:0.1724083423614502
Epoch [1/30], Step [200/3735], Loss: 2.2450, Time:0.14426875114440918
Epoch [1/30], Step [300/3735], Loss: 3.8811, Time:0.11319899559020996
Epoch [1/30], Step [400/3735], Loss: 2.3634, Time:0.14622950553894043
Epoch [1/30], Step [500/3735], Loss: 3.8312, Time:0.13380885124206543
Epoch [1/30], Step [600/3735], Loss: 1.7356, Time:0.13844943046569824
Epoch [1/30], Step [700/3735], Loss: 2.2642, Time:0.15077614784240723
Epoch [1/30], Step [800/3735], Loss: 2.1925, Time:0.16515731811523438
Epoch [1/30], Step [900/3735], Loss: 2.6183, Time:0.15206408500671387
Epoch [1/30], Step [1000/3735], Loss: 2.0110, Time:0.13454866409301758
Epoch [1/30], Step [1100/3735], Loss: 1.9656, Time:0.12455224990844727
Epoch [1/30], Step [1200/3735], Loss: 1.9631, Time:0.12711119651794434
Epoch [1/30], Step [1300/3735], Loss: 2.0883, Time:0.11918473243713379
Epoch [1/30], Step [1400/3735], Loss: 4.1673, Time:0.16556739807128906
Epoch [1/30], Step [1500/3735], Loss: 2.2039, Time:0.14856219291687012
Epoch [1/30], Step [1600/3735], Loss: 1.4728, Time:0.13953709602355957
Epoch [1/30], Step [1700/3735], Loss: 0.3854, Time:0.14748620986938477
Epoch [1/30], Step [1800/3735], Loss: 2.9292, Time:0.14824724197387695
Epoch [1/30], Step [1900/3735], Loss: 0.7033, Time:0.09132003784179688
Epoch [1/30], Step [2000/3735], Loss: 1.7180, Time:0.11825346946716309
Epoch [1/30], Step [2100/3735], Loss: 2.4629, Time:0.09764957427978516
Epoch [1/30], Step [2200/3735], Loss: 1.5610, Time:0.12119793891906738
Epoch [1/30], Step [2300/3735], Loss: 1.2491, Time:0.12199568748474121
Epoch [1/30], Step [2400/3735], Loss: 1.6880, Time:0.11750555038452148
Epoch [1/30], Step [2500/3735], Loss: 1.4068, Time:0.1632394790649414
Epoch [1/30], Step [2600/3735], Loss: 1.2589, Time:0.16414308547973633
Epoch [1/30], Step [2700/3735], Loss: 1.6438, Time:0.14316773414611816
Epoch [1/30], Step [2800/3735], Loss: 0.9124, Time:0.1224360466003418
Epoch [1/30], Step [2900/3735], Loss: 0.9165, Time:0.15505576133728027
Epoch [1/30], Step [3000/3735], Loss: 1.0975, Time:0.16043591499328613
Epoch [1/30], Step [3100/3735], Loss: 0.4150, Time:0.15630006790161133
Epoch [1/30], Step [3200/3735], Loss: 1.3966, Time:0.12947845458984375
Epoch [1/30], Step [3300/3735], Loss: 1.5667, Time:0.1321854591369629
Epoch [1/30], Step [3400/3735], Loss: 1.5096, Time:0.16686129570007324
Epoch [1/30], Step [3500/3735], Loss: 2.0216, Time:0.14215493202209473
Epoch [1/30], Step [3600/3735], Loss: 1.0634, Time:0.12271571159362793
Epoch [1/30], Step [3700/3735], Loss: 1.2623, Time:0.10912585258483887
learning rate 0.0010000 -> 0.0010000
End of epoch1,Use time:406.1283812522888,the accuracy is 0.5145389311341972
Saving the latest model....
验证集数据总量： 8039 预测正确的数量： 5092
当前模型在验证集上的准确率为： 0.6334121159348177
当前模型在验证集上的F1-score为: 0.04448943445521144
Epoch [2/30], Step [65/3735], Loss: 1.3300, Time:0.11806869506835938
Epoch [2/30], Step [165/3735], Loss: 1.8837, Time:0.14914202690124512
Epoch [2/30], Step [265/3735], Loss: 0.4681, Time:0.12743473052978516
Epoch [2/30], Step [365/3735], Loss: 2.8933, Time:0.14150571823120117
Epoch [2/30], Step [465/3735], Loss: 1.2676, Time:0.13600516319274902
Epoch [2/30], Step [565/3735], Loss: 0.6063, Time:0.13788890838623047
Epoch [2/30], Step [665/3735], Loss: 1.9804, Time:0.16104865074157715
Epoch [2/30], Step [765/3735], Loss: 0.4655, Time:0.1860973834991455
Epoch [2/30], Step [865/3735], Loss: 1.1125, Time:0.1231849193572998
Epoch [2/30], Step [965/3735], Loss: 0.6922, Time:0.13651061058044434
Epoch [2/30], Step [1065/3735], Loss: 1.1697, Time:0.13668084144592285
Epoch [2/30], Step [1165/3735], Loss: 0.7912, Time:0.16031360626220703
Epoch [2/30], Step [1265/3735], Loss: 0.8804, Time:0.14674806594848633
Epoch [2/30], Step [1365/3735], Loss: 1.8016, Time:0.14885210990905762
Epoch [2/30], Step [1465/3735], Loss: 0.4339, Time:0.1675434112548828
Epoch [2/30], Step [1565/3735], Loss: 1.5562, Time:0.17146635055541992
Epoch [2/30], Step [1665/3735], Loss: 1.2853, Time:0.16278767585754395
Epoch [2/30], Step [1765/3735], Loss: 1.0893, Time:0.15299296379089355
Epoch [2/30], Step [1865/3735], Loss: 0.8960, Time:0.13202357292175293
Epoch [2/30], Step [1965/3735], Loss: 0.2110, Time:0.13358688354492188
Epoch [2/30], Step [2065/3735], Loss: 1.4700, Time:0.16534805297851562
Epoch [2/30], Step [2165/3735], Loss: 0.4203, Time:0.15853214263916016
Epoch [2/30], Step [2265/3735], Loss: 1.2982, Time:0.1252119541168213
Epoch [2/30], Step [2365/3735], Loss: 2.3721, Time:0.15701651573181152
Epoch [2/30], Step [2465/3735], Loss: 0.7179, Time:0.18552136421203613
Epoch [2/30], Step [2565/3735], Loss: 1.4998, Time:0.14765572547912598
Epoch [2/30], Step [2665/3735], Loss: 1.0223, Time:0.13024377822875977
Epoch [2/30], Step [2765/3735], Loss: 1.4965, Time:0.13985395431518555
Epoch [2/30], Step [2865/3735], Loss: 1.2308, Time:0.14413166046142578
Epoch [2/30], Step [2965/3735], Loss: 1.6556, Time:0.1544322967529297
Epoch [2/30], Step [3065/3735], Loss: 0.8649, Time:0.1746373176574707
Epoch [2/30], Step [3165/3735], Loss: 0.9601, Time:0.15024876594543457
Epoch [2/30], Step [3265/3735], Loss: 0.4587, Time:0.1405963897705078
Epoch [2/30], Step [3365/3735], Loss: 0.6637, Time:0.1288750171661377
Epoch [2/30], Step [3465/3735], Loss: 0.9071, Time:0.1236734390258789
Epoch [2/30], Step [3565/3735], Loss: 1.3360, Time:0.15497255325317383
Epoch [2/30], Step [3665/3735], Loss: 1.0106, Time:0.13981962203979492
learning rate 0.0010000 -> 0.0010000
End of epoch2,Use time:415.203102350235,the accuracy is 0.7015904466102603
Saving the latest model....
Epoch [3/30], Step [30/3735], Loss: 0.6506, Time:0.18700528144836426
Epoch [3/30], Step [130/3735], Loss: 0.5501, Time:0.133711576461792
Epoch [3/30], Step [230/3735], Loss: 0.6132, Time:0.1592850685119629
Epoch [3/30], Step [330/3735], Loss: 1.5200, Time:0.1231074333190918
Epoch [3/30], Step [430/3735], Loss: 0.4794, Time:0.12752914428710938
Epoch [3/30], Step [530/3735], Loss: 0.7357, Time:0.15425610542297363
Epoch [3/30], Step [630/3735], Loss: 0.4750, Time:0.13574981689453125
Epoch [3/30], Step [730/3735], Loss: 0.6434, Time:0.14442706108093262
Epoch [3/30], Step [830/3735], Loss: 0.7836, Time:0.13039779663085938
Epoch [3/30], Step [930/3735], Loss: 0.2161, Time:0.11482024192810059
Epoch [3/30], Step [1030/3735], Loss: 0.4753, Time:0.16329288482666016
Epoch [3/30], Step [1130/3735], Loss: 0.9455, Time:0.163100004196167
Epoch [3/30], Step [1230/3735], Loss: 1.4575, Time:0.1299760341644287
Epoch [3/30], Step [1330/3735], Loss: 2.2826, Time:0.12211346626281738
Epoch [3/30], Step [1430/3735], Loss: 0.8158, Time:0.11945939064025879
Epoch [3/30], Step [1530/3735], Loss: 0.2257, Time:0.1238706111907959
Epoch [3/30], Step [1630/3735], Loss: 0.3082, Time:0.15789461135864258
Epoch [3/30], Step [1730/3735], Loss: 0.2645, Time:0.10595846176147461
Epoch [3/30], Step [1830/3735], Loss: 1.1066, Time:0.13299345970153809
Epoch [3/30], Step [1930/3735], Loss: 1.6838, Time:0.1458430290222168
Epoch [3/30], Step [2030/3735], Loss: 1.3288, Time:0.14556026458740234
Epoch [3/30], Step [2130/3735], Loss: 0.6051, Time:0.11028599739074707
Epoch [3/30], Step [2230/3735], Loss: 0.3361, Time:0.13718342781066895
Epoch [3/30], Step [2330/3735], Loss: 0.4619, Time:0.11134123802185059
Epoch [3/30], Step [2430/3735], Loss: 1.3299, Time:0.14300203323364258
Epoch [3/30], Step [2530/3735], Loss: 0.4251, Time:0.12379169464111328
Epoch [3/30], Step [2630/3735], Loss: 0.1178, Time:0.13706207275390625
Epoch [3/30], Step [2730/3735], Loss: 0.7454, Time:0.1438300609588623
Epoch [3/30], Step [2830/3735], Loss: 0.1422, Time:0.1612839698791504
Epoch [3/30], Step [2930/3735], Loss: 1.3063, Time:0.1494901180267334
Epoch [3/30], Step [3030/3735], Loss: 0.8255, Time:0.13074350357055664
Epoch [3/30], Step [3130/3735], Loss: 0.9662, Time:0.14419126510620117
Epoch [3/30], Step [3230/3735], Loss: 0.8725, Time:0.19376444816589355
Epoch [3/30], Step [3330/3735], Loss: 0.4078, Time:0.15746188163757324
Epoch [3/30], Step [3430/3735], Loss: 1.5318, Time:0.11851239204406738
Epoch [3/30], Step [3530/3735], Loss: 0.6809, Time:0.13307452201843262
Epoch [3/30], Step [3630/3735], Loss: 0.4047, Time:0.13530611991882324
Epoch [3/30], Step [3730/3735], Loss: 0.4371, Time:0.1425173282623291
learning rate 0.0010000 -> 0.0010000
End of epoch3,Use time:407.56436228752136,the accuracy is 0.7676984041983507
Saving the latest model....
验证集数据总量： 8039 预测正确的数量： 5973
当前模型在验证集上的准确率为： 0.7430028610523697
当前模型在验证集上的F1-score为: 0.05929670089230029
Epoch [4/30], Step [95/3735], Loss: 0.3191, Time:0.14511704444885254
Epoch [4/30], Step [195/3735], Loss: 0.3967, Time:0.12512493133544922
Epoch [4/30], Step [295/3735], Loss: 1.0005, Time:0.1169137954711914
Epoch [4/30], Step [395/3735], Loss: 1.0687, Time:0.12295699119567871
Epoch [4/30], Step [495/3735], Loss: 1.2819, Time:0.12408590316772461
Epoch [4/30], Step [595/3735], Loss: 2.1487, Time:0.14438724517822266
Epoch [4/30], Step [695/3735], Loss: 0.0954, Time:0.16010308265686035
Epoch [4/30], Step [795/3735], Loss: 1.2986, Time:0.14714860916137695
Epoch [4/30], Step [895/3735], Loss: 0.8354, Time:0.18755674362182617
Epoch [4/30], Step [995/3735], Loss: 0.6896, Time:0.1684713363647461
Epoch [4/30], Step [1095/3735], Loss: 1.0653, Time:0.16016864776611328
Epoch [4/30], Step [1195/3735], Loss: 1.1832, Time:0.1451430320739746
Epoch [4/30], Step [1295/3735], Loss: 0.7493, Time:0.1529407501220703
Epoch [4/30], Step [1395/3735], Loss: 0.8696, Time:0.1547679901123047
Epoch [4/30], Step [1495/3735], Loss: 0.2216, Time:0.12188720703125
Epoch [4/30], Step [1595/3735], Loss: 0.1697, Time:0.12235856056213379
Epoch [4/30], Step [1695/3735], Loss: 1.3197, Time:0.15021896362304688
Epoch [4/30], Step [1795/3735], Loss: 1.6752, Time:0.15421772003173828
Epoch [4/30], Step [1895/3735], Loss: 0.2552, Time:0.17786526679992676
Epoch [4/30], Step [1995/3735], Loss: 0.4605, Time:0.13625335693359375
Epoch [4/30], Step [2095/3735], Loss: 1.9701, Time:0.13414621353149414
Epoch [4/30], Step [2195/3735], Loss: 0.8191, Time:0.1291365623474121
Epoch [4/30], Step [2295/3735], Loss: 0.0740, Time:0.14693999290466309
Epoch [4/30], Step [2395/3735], Loss: 0.9873, Time:0.1045076847076416
Epoch [4/30], Step [2495/3735], Loss: 0.5671, Time:0.16309070587158203
Epoch [4/30], Step [2595/3735], Loss: 0.9596, Time:0.16327810287475586
Epoch [4/30], Step [2695/3735], Loss: 0.8439, Time:0.17207098007202148
Epoch [4/30], Step [2795/3735], Loss: 0.2471, Time:0.16927528381347656
Epoch [4/30], Step [2895/3735], Loss: 0.3460, Time:0.14549660682678223
Epoch [4/30], Step [2995/3735], Loss: 0.1158, Time:0.13086938858032227
Epoch [4/30], Step [3095/3735], Loss: 0.9223, Time:0.14569687843322754
Epoch [4/30], Step [3195/3735], Loss: 0.2807, Time:0.16251587867736816
Epoch [4/30], Step [3295/3735], Loss: 0.1529, Time:0.12540316581726074
Epoch [4/30], Step [3395/3735], Loss: 0.2593, Time:0.13818764686584473
Epoch [4/30], Step [3495/3735], Loss: 0.0549, Time:0.15726184844970703
Epoch [4/30], Step [3595/3735], Loss: 0.2031, Time:0.14931750297546387
Epoch [4/30], Step [3695/3735], Loss: 1.4699, Time:0.14941620826721191
learning rate 0.0010000 -> 0.0010000
End of epoch4,Use time:410.9605164527893,the accuracy is 0.8089589804005569
Saving the latest model....
Epoch [5/30], Step [60/3735], Loss: 0.5312, Time:0.14501738548278809
Epoch [5/30], Step [160/3735], Loss: 0.1836, Time:0.14065027236938477
Epoch [5/30], Step [260/3735], Loss: 0.2489, Time:0.14761662483215332
Epoch [5/30], Step [360/3735], Loss: 0.3190, Time:0.14448261260986328
Epoch [5/30], Step [460/3735], Loss: 0.0928, Time:0.12065434455871582
Epoch [5/30], Step [560/3735], Loss: 0.5787, Time:0.1448662281036377
Epoch [5/30], Step [660/3735], Loss: 0.5697, Time:0.14642906188964844
Epoch [5/30], Step [760/3735], Loss: 1.4446, Time:0.17000460624694824
Epoch [5/30], Step [860/3735], Loss: 0.3661, Time:0.1678760051727295
Epoch [5/30], Step [960/3735], Loss: 0.8727, Time:0.1368541717529297
Epoch [5/30], Step [1060/3735], Loss: 1.2659, Time:0.15149760246276855
Epoch [5/30], Step [1160/3735], Loss: 0.9061, Time:0.1348271369934082
Epoch [5/30], Step [1260/3735], Loss: 0.8015, Time:0.14861416816711426
Epoch [5/30], Step [1360/3735], Loss: 0.2084, Time:0.135101318359375
Epoch [5/30], Step [1460/3735], Loss: 0.6844, Time:0.15291357040405273
Epoch [5/30], Step [1560/3735], Loss: 1.1233, Time:0.1374526023864746
Epoch [5/30], Step [1660/3735], Loss: 0.2804, Time:0.14558720588684082
Epoch [5/30], Step [1760/3735], Loss: 0.6865, Time:0.15414094924926758
Epoch [5/30], Step [1860/3735], Loss: 0.9760, Time:0.14278340339660645
Epoch [5/30], Step [1960/3735], Loss: 0.3643, Time:0.1540699005126953
Epoch [5/30], Step [2060/3735], Loss: 0.2739, Time:0.15108084678649902
Epoch [5/30], Step [2160/3735], Loss: 0.1606, Time:0.12135076522827148
Epoch [5/30], Step [2260/3735], Loss: 0.2025, Time:0.1384139060974121
Epoch [5/30], Step [2360/3735], Loss: 0.0449, Time:0.12374544143676758
Epoch [5/30], Step [2460/3735], Loss: 0.3331, Time:0.11342930793762207
Epoch [5/30], Step [2560/3735], Loss: 0.4115, Time:0.15041065216064453
Epoch [5/30], Step [2660/3735], Loss: 0.3937, Time:0.12172412872314453
Epoch [5/30], Step [2760/3735], Loss: 0.8889, Time:0.11667633056640625
Epoch [5/30], Step [2860/3735], Loss: 0.5888, Time:0.15353107452392578
Epoch [5/30], Step [2960/3735], Loss: 0.3718, Time:0.1269221305847168
Epoch [5/30], Step [3060/3735], Loss: 1.3516, Time:0.16037750244140625
Epoch [5/30], Step [3160/3735], Loss: 0.1076, Time:0.13224005699157715
Epoch [5/30], Step [3260/3735], Loss: 0.2844, Time:0.14877033233642578
Epoch [5/30], Step [3360/3735], Loss: 0.5808, Time:0.14429187774658203
Epoch [5/30], Step [3460/3735], Loss: 0.5243, Time:0.16224288940429688
Epoch [5/30], Step [3560/3735], Loss: 0.2042, Time:0.15179729461669922
Epoch [5/30], Step [3660/3735], Loss: 0.5639, Time:0.16636013984680176
learning rate 0.0010000 -> 0.0010000
End of epoch5,Use time:408.2680764198303,the accuracy is 0.8419460212059549
Saving the latest model....
验证集数据总量： 8039 预测正确的数量： 6099
当前模型在验证集上的准确率为： 0.7586764522950615
当前模型在验证集上的F1-score为: 0.06098018860043571
Epoch [6/30], Step [25/3735], Loss: 0.9673, Time:0.12097835540771484
Epoch [6/30], Step [125/3735], Loss: 0.6622, Time:0.11582231521606445
Epoch [6/30], Step [225/3735], Loss: 0.2578, Time:0.16116046905517578
Epoch [6/30], Step [325/3735], Loss: 1.0272, Time:0.16160821914672852
Epoch [6/30], Step [425/3735], Loss: 0.2976, Time:0.1587848663330078
Epoch [6/30], Step [525/3735], Loss: 0.0866, Time:0.1440110206604004
Epoch [6/30], Step [625/3735], Loss: 0.4786, Time:0.14101433753967285
Epoch [6/30], Step [725/3735], Loss: 0.2046, Time:0.16137385368347168
Epoch [6/30], Step [825/3735], Loss: 0.0253, Time:0.12279510498046875
Epoch [6/30], Step [925/3735], Loss: 0.0696, Time:0.14786720275878906
Epoch [6/30], Step [1025/3735], Loss: 0.5775, Time:0.13088703155517578
Epoch [6/30], Step [1125/3735], Loss: 0.6203, Time:0.10962772369384766
Epoch [6/30], Step [1225/3735], Loss: 0.4403, Time:0.1412982940673828
Epoch [6/30], Step [1325/3735], Loss: 0.4288, Time:0.10944843292236328
Epoch [6/30], Step [1425/3735], Loss: 0.4233, Time:0.12394499778747559
Epoch [6/30], Step [1525/3735], Loss: 0.2816, Time:0.1758251190185547
Epoch [6/30], Step [1625/3735], Loss: 0.1328, Time:0.13268637657165527
Epoch [6/30], Step [1725/3735], Loss: 0.2637, Time:0.13161158561706543
Epoch [6/30], Step [1825/3735], Loss: 0.4552, Time:0.14998316764831543
Epoch [6/30], Step [1925/3735], Loss: 0.1431, Time:0.15701913833618164
Epoch [6/30], Step [2025/3735], Loss: 0.4336, Time:0.11842703819274902
Epoch [6/30], Step [2125/3735], Loss: 0.6014, Time:0.13884592056274414
Epoch [6/30], Step [2225/3735], Loss: 0.4031, Time:0.11802887916564941
Epoch [6/30], Step [2325/3735], Loss: 0.0102, Time:0.13527584075927734
Epoch [6/30], Step [2425/3735], Loss: 0.1579, Time:0.13754868507385254
Epoch [6/30], Step [2525/3735], Loss: 0.1105, Time:0.1120762825012207
Epoch [6/30], Step [2625/3735], Loss: 0.1330, Time:0.13628172874450684
Epoch [6/30], Step [2725/3735], Loss: 0.8837, Time:0.13363122940063477
Epoch [6/30], Step [2825/3735], Loss: 0.0790, Time:0.1833209991455078
Epoch [6/30], Step [2925/3735], Loss: 0.2870, Time:0.13578152656555176
Epoch [6/30], Step [3025/3735], Loss: 0.5209, Time:0.13519001007080078
Epoch [6/30], Step [3125/3735], Loss: 0.4074, Time:0.1783614158630371
Epoch [6/30], Step [3225/3735], Loss: 0.1946, Time:0.12236666679382324
Epoch [6/30], Step [3325/3735], Loss: 0.1946, Time:0.14238333702087402
Epoch [6/30], Step [3425/3735], Loss: 0.3674, Time:0.15937542915344238
Epoch [6/30], Step [3525/3735], Loss: 0.3049, Time:0.15090107917785645
Epoch [6/30], Step [3625/3735], Loss: 0.7747, Time:0.12830209732055664
Epoch [6/30], Step [3725/3735], Loss: 1.0649, Time:0.15199637413024902
learning rate 0.0010000 -> 0.0010000
End of epoch6,Use time:408.4313449859619,the accuracy is 0.8664988754417907
Saving the latest model....
Epoch [7/30], Step [90/3735], Loss: 0.2506, Time:0.15023326873779297
Epoch [7/30], Step [190/3735], Loss: 0.3047, Time:0.13425898551940918
Epoch [7/30], Step [290/3735], Loss: 0.0555, Time:0.15168118476867676
Epoch [7/30], Step [390/3735], Loss: 0.5262, Time:0.1221151351928711
Epoch [7/30], Step [490/3735], Loss: 0.0423, Time:0.14244699478149414
Epoch [7/30], Step [590/3735], Loss: 0.4398, Time:0.1577773094177246
Epoch [7/30], Step [690/3735], Loss: 0.1070, Time:0.13549590110778809
Epoch [7/30], Step [790/3735], Loss: 0.3279, Time:0.16092371940612793
Epoch [7/30], Step [890/3735], Loss: 0.3902, Time:0.14880704879760742
Epoch [7/30], Step [990/3735], Loss: 0.3867, Time:0.15018725395202637
Epoch [7/30], Step [1090/3735], Loss: 0.0237, Time:0.14820504188537598
Epoch [7/30], Step [1190/3735], Loss: 0.2933, Time:0.15888762474060059
Epoch [7/30], Step [1290/3735], Loss: 0.3357, Time:0.16136813163757324
Epoch [7/30], Step [1390/3735], Loss: 0.2271, Time:0.12310361862182617
Epoch [7/30], Step [1490/3735], Loss: 0.4372, Time:0.15966296195983887
Epoch [7/30], Step [1590/3735], Loss: 0.3859, Time:0.12159156799316406
Epoch [7/30], Step [1690/3735], Loss: 0.8408, Time:0.1583569049835205
Epoch [7/30], Step [1790/3735], Loss: 1.2700, Time:0.13650155067443848
Epoch [7/30], Step [1890/3735], Loss: 0.5243, Time:0.15299129486083984
Epoch [7/30], Step [1990/3735], Loss: 0.1545, Time:0.1448512077331543
Epoch [7/30], Step [2090/3735], Loss: 0.3091, Time:0.16295242309570312
Epoch [7/30], Step [2190/3735], Loss: 0.8441, Time:0.124847412109375
Epoch [7/30], Step [2290/3735], Loss: 0.6081, Time:0.16803288459777832
Epoch [7/30], Step [2390/3735], Loss: 0.7638, Time:0.14298129081726074
Epoch [7/30], Step [2490/3735], Loss: 0.6863, Time:0.1287517547607422
Epoch [7/30], Step [2590/3735], Loss: 0.0660, Time:0.12029170989990234
Epoch [7/30], Step [2690/3735], Loss: 0.0472, Time:0.13099980354309082
Epoch [7/30], Step [2790/3735], Loss: 0.1591, Time:0.13809823989868164
Epoch [7/30], Step [2890/3735], Loss: 0.1796, Time:0.10681271553039551
Epoch [7/30], Step [2990/3735], Loss: 0.4409, Time:0.1355915069580078
Epoch [7/30], Step [3090/3735], Loss: 0.0611, Time:0.15586113929748535
Epoch [7/30], Step [3190/3735], Loss: 0.3896, Time:0.13826632499694824
Epoch [7/30], Step [3290/3735], Loss: 0.2976, Time:0.14517998695373535
Epoch [7/30], Step [3390/3735], Loss: 0.2618, Time:0.18227839469909668
Epoch [7/30], Step [3490/3735], Loss: 0.4380, Time:0.15267276763916016
Epoch [7/30], Step [3590/3735], Loss: 0.2043, Time:0.1441483497619629
Epoch [7/30], Step [3690/3735], Loss: 0.0953, Time:0.1456618309020996
learning rate 0.0010000 -> 0.0010000
End of epoch7,Use time:409.01642870903015,the accuracy is 0.8834207989718325
Saving the latest model....
验证集数据总量： 8039 预测正确的数量： 6166
当前模型在验证集上的准确率为： 0.7670108222415724
当前模型在验证集上的F1-score为: 0.06156854077008947
Epoch [8/30], Step [55/3735], Loss: 0.0370, Time:0.13882017135620117
Epoch [8/30], Step [155/3735], Loss: 0.0065, Time:0.1545851230621338
Epoch [8/30], Step [255/3735], Loss: 0.6977, Time:0.16190004348754883
Epoch [8/30], Step [355/3735], Loss: 1.1566, Time:0.1629655361175537
Epoch [8/30], Step [455/3735], Loss: 0.0037, Time:0.18267440795898438
Epoch [8/30], Step [555/3735], Loss: 0.0367, Time:0.1514887809753418
Epoch [8/30], Step [655/3735], Loss: 0.5320, Time:0.14568305015563965
Epoch [8/30], Step [755/3735], Loss: 0.0256, Time:0.15137887001037598
Epoch [8/30], Step [855/3735], Loss: 0.0231, Time:0.16987848281860352
Epoch [8/30], Step [955/3735], Loss: 0.3255, Time:0.15569233894348145
Epoch [8/30], Step [1055/3735], Loss: 0.9675, Time:0.1429281234741211
Epoch [8/30], Step [1155/3735], Loss: 1.2477, Time:0.12467145919799805
Epoch [8/30], Step [1255/3735], Loss: 0.0922, Time:0.15282583236694336
Epoch [8/30], Step [1355/3735], Loss: 0.5992, Time:0.13637590408325195
Epoch [8/30], Step [1455/3735], Loss: 0.2188, Time:0.1707303524017334
Epoch [8/30], Step [1555/3735], Loss: 0.3374, Time:0.1373903751373291
Epoch [8/30], Step [1655/3735], Loss: 0.1355, Time:0.15949368476867676
Epoch [8/30], Step [1755/3735], Loss: 0.4056, Time:0.14836597442626953
Epoch [8/30], Step [1855/3735], Loss: 0.1267, Time:0.15413570404052734
Epoch [8/30], Step [1955/3735], Loss: 0.5607, Time:0.18945074081420898
Epoch [8/30], Step [2055/3735], Loss: 0.1779, Time:0.11889386177062988
Epoch [8/30], Step [2155/3735], Loss: 0.2138, Time:0.1421353816986084
Epoch [8/30], Step [2255/3735], Loss: 0.1915, Time:0.14304614067077637
Epoch [8/30], Step [2355/3735], Loss: 0.2982, Time:0.16147398948669434
Epoch [8/30], Step [2455/3735], Loss: 0.4488, Time:0.1435844898223877
Epoch [8/30], Step [2555/3735], Loss: 0.2746, Time:0.13476324081420898
Epoch [8/30], Step [2655/3735], Loss: 0.3506, Time:0.15886902809143066
Epoch [8/30], Step [2755/3735], Loss: 0.3726, Time:0.16043424606323242
Epoch [8/30], Step [2855/3735], Loss: 1.0720, Time:0.15185284614562988
Epoch [8/30], Step [2955/3735], Loss: 0.3563, Time:0.1340169906616211
Epoch [8/30], Step [3055/3735], Loss: 0.4407, Time:0.14400482177734375
Epoch [8/30], Step [3155/3735], Loss: 0.5429, Time:0.13712358474731445
Epoch [8/30], Step [3255/3735], Loss: 0.0042, Time:0.17069411277770996
Epoch [8/30], Step [3355/3735], Loss: 0.2293, Time:0.12356686592102051
Epoch [8/30], Step [3455/3735], Loss: 0.0287, Time:0.1701352596282959
Epoch [8/30], Step [3555/3735], Loss: 0.0269, Time:0.16879892349243164
Epoch [8/30], Step [3655/3735], Loss: 0.2073, Time:0.1435093879699707
learning rate 0.0010000 -> 0.0010000
End of epoch8,Use time:415.96850085258484,the accuracy is 0.8981739316697012
Saving the latest model....
Epoch [9/30], Step [20/3735], Loss: 0.1530, Time:0.14550375938415527
Epoch [9/30], Step [120/3735], Loss: 0.0460, Time:0.15571832656860352
Epoch [9/30], Step [220/3735], Loss: 0.0465, Time:0.14118027687072754
Epoch [9/30], Step [320/3735], Loss: 0.1017, Time:0.15940260887145996
Epoch [9/30], Step [420/3735], Loss: 0.5012, Time:0.12516498565673828
Epoch [9/30], Step [520/3735], Loss: 0.1730, Time:0.10997486114501953
Epoch [9/30], Step [620/3735], Loss: 0.3987, Time:0.11445832252502441
Epoch [9/30], Step [720/3735], Loss: 0.0058, Time:0.12348246574401855
Epoch [9/30], Step [820/3735], Loss: 0.1528, Time:0.0955495834350586
Epoch [9/30], Step [920/3735], Loss: 0.0295, Time:0.13747024536132812
Epoch [9/30], Step [1020/3735], Loss: 1.0843, Time:0.14435076713562012
Epoch [9/30], Step [1120/3735], Loss: 0.0647, Time:0.15350914001464844
Epoch [9/30], Step [1220/3735], Loss: 0.0025, Time:0.1704237461090088
Epoch [9/30], Step [1320/3735], Loss: 0.7167, Time:0.16078448295593262
Epoch [9/30], Step [1420/3735], Loss: 0.0475, Time:0.13713574409484863
Epoch [9/30], Step [1520/3735], Loss: 0.3534, Time:0.15095734596252441
Epoch [9/30], Step [1620/3735], Loss: 0.2860, Time:0.1325671672821045
Epoch [9/30], Step [1720/3735], Loss: 0.3883, Time:0.13871526718139648
Epoch [9/30], Step [1820/3735], Loss: 0.6517, Time:0.17611026763916016
Epoch [9/30], Step [1920/3735], Loss: 0.6650, Time:0.1530146598815918
Epoch [9/30], Step [2020/3735], Loss: 0.3208, Time:0.14613628387451172
Epoch [9/30], Step [2120/3735], Loss: 0.0557, Time:0.17025113105773926
Epoch [9/30], Step [2220/3735], Loss: 0.0398, Time:0.1563718318939209
Epoch [9/30], Step [2320/3735], Loss: 0.1199, Time:0.16144585609436035
Epoch [9/30], Step [2420/3735], Loss: 0.0010, Time:0.13262104988098145
Epoch [9/30], Step [2520/3735], Loss: 0.5955, Time:0.13419055938720703
Epoch [9/30], Step [2620/3735], Loss: 0.1461, Time:0.1182410717010498
Epoch [9/30], Step [2720/3735], Loss: 0.1723, Time:0.12519574165344238
Epoch [9/30], Step [2820/3735], Loss: 0.1857, Time:0.1348133087158203
Epoch [9/30], Step [2920/3735], Loss: 0.0397, Time:0.1355597972869873
Epoch [9/30], Step [3020/3735], Loss: 0.2020, Time:0.1401045322418213
Epoch [9/30], Step [3120/3735], Loss: 0.0152, Time:0.1473991870880127
Epoch [9/30], Step [3220/3735], Loss: 0.0262, Time:0.17564773559570312
Epoch [9/30], Step [3320/3735], Loss: 0.4376, Time:0.17148947715759277
Epoch [9/30], Step [3420/3735], Loss: 0.1017, Time:0.17644190788269043
Epoch [9/30], Step [3520/3735], Loss: 0.1272, Time:0.13518500328063965
Epoch [9/30], Step [3620/3735], Loss: 0.0247, Time:0.1557142734527588
Epoch [9/30], Step [3720/3735], Loss: 0.6682, Time:0.14322638511657715
learning rate 0.0010000 -> 0.0010000
End of epoch9,Use time:401.31362199783325,the accuracy is 0.9083752811395523
Saving the latest model....
验证集数据总量： 8039 预测正确的数量： 6348
当前模型在验证集上的准确率为： 0.7896504540365717
当前模型在验证集上的F1-score为: 0.06494341489615259
Epoch [10/30], Step [85/3735], Loss: 0.7909, Time:0.14549946784973145
Epoch [10/30], Step [185/3735], Loss: 0.1838, Time:0.17020463943481445
Epoch [10/30], Step [285/3735], Loss: 0.6843, Time:0.17052412033081055
Epoch [10/30], Step [385/3735], Loss: 0.3464, Time:0.1529836654663086
Epoch [10/30], Step [485/3735], Loss: 0.0474, Time:0.14996099472045898
Epoch [10/30], Step [585/3735], Loss: 0.4892, Time:0.12938642501831055
Epoch [10/30], Step [685/3735], Loss: 0.0318, Time:0.1379530429840088
Epoch [10/30], Step [785/3735], Loss: 0.0216, Time:0.16726088523864746
Epoch [10/30], Step [885/3735], Loss: 0.4300, Time:0.14888930320739746
Epoch [10/30], Step [985/3735], Loss: 0.6840, Time:0.16592764854431152
Epoch [10/30], Step [1085/3735], Loss: 0.0045, Time:0.18138408660888672
Epoch [10/30], Step [1185/3735], Loss: 0.4381, Time:0.15538287162780762
Epoch [10/30], Step [1285/3735], Loss: 0.2943, Time:0.16366815567016602
Epoch [10/30], Step [1385/3735], Loss: 0.0234, Time:0.17795515060424805
Epoch [10/30], Step [1485/3735], Loss: 0.5814, Time:0.14473605155944824
Epoch [10/30], Step [1585/3735], Loss: 0.6386, Time:0.16074872016906738
Epoch [10/30], Step [1685/3735], Loss: 0.2345, Time:0.15303301811218262
Epoch [10/30], Step [1785/3735], Loss: 0.1199, Time:0.13419032096862793
Epoch [10/30], Step [1885/3735], Loss: 0.0449, Time:0.15125274658203125
Epoch [10/30], Step [1985/3735], Loss: 0.0271, Time:0.164290189743042
Epoch [10/30], Step [2085/3735], Loss: 0.2680, Time:0.1547081470489502
Epoch [10/30], Step [2185/3735], Loss: 0.2078, Time:0.1412646770477295
Epoch [10/30], Step [2285/3735], Loss: 0.9664, Time:0.1317119598388672
Epoch [10/30], Step [2385/3735], Loss: 0.0926, Time:0.12022829055786133
Epoch [10/30], Step [2485/3735], Loss: 0.0479, Time:0.13523197174072266
Epoch [10/30], Step [2585/3735], Loss: 0.0344, Time:0.12634682655334473
Epoch [10/30], Step [2685/3735], Loss: 0.3241, Time:0.1500236988067627
Epoch [10/30], Step [2785/3735], Loss: 0.0017, Time:0.12812495231628418
Epoch [10/30], Step [2885/3735], Loss: 0.0078, Time:0.11621952056884766
Epoch [10/30], Step [2985/3735], Loss: 0.5534, Time:0.14253950119018555
Epoch [10/30], Step [3085/3735], Loss: 0.0970, Time:0.14083552360534668
Epoch [10/30], Step [3185/3735], Loss: 0.2290, Time:0.17269325256347656
Epoch [10/30], Step [3285/3735], Loss: 0.0008, Time:0.15218019485473633
Epoch [10/30], Step [3385/3735], Loss: 0.1672, Time:0.09660005569458008
Epoch [10/30], Step [3485/3735], Loss: 0.2744, Time:0.11476254463195801
Epoch [10/30], Step [3585/3735], Loss: 0.3878, Time:0.14268136024475098
Epoch [10/30], Step [3685/3735], Loss: 0.0530, Time:0.14102721214294434
learning rate 0.0010000 -> 0.0010000
End of epoch10,Use time:420.61126017570496,the accuracy is 0.9195405376459248
Saving the latest model....
Epoch [11/30], Step [50/3735], Loss: 0.4478, Time:0.15131092071533203
Epoch [11/30], Step [150/3735], Loss: 0.6889, Time:0.12513136863708496
Epoch [11/30], Step [250/3735], Loss: 0.0379, Time:0.15959882736206055
Epoch [11/30], Step [350/3735], Loss: 0.2957, Time:0.16188430786132812
Epoch [11/30], Step [450/3735], Loss: 0.1540, Time:0.15108871459960938
Epoch [11/30], Step [550/3735], Loss: 0.0122, Time:0.1410515308380127
Epoch [11/30], Step [650/3735], Loss: 0.1068, Time:0.16773486137390137
Epoch [11/30], Step [750/3735], Loss: 0.0033, Time:0.13051939010620117
Epoch [11/30], Step [850/3735], Loss: 0.0747, Time:0.14387726783752441
Epoch [11/30], Step [950/3735], Loss: 0.2779, Time:0.14034295082092285
Epoch [11/30], Step [1050/3735], Loss: 0.6501, Time:0.15634632110595703
Epoch [11/30], Step [1150/3735], Loss: 0.3577, Time:0.1379680633544922
Epoch [11/30], Step [1250/3735], Loss: 0.4517, Time:0.14130902290344238
Epoch [11/30], Step [1350/3735], Loss: 0.1127, Time:0.17028093338012695
Epoch [11/30], Step [1450/3735], Loss: 1.0070, Time:0.14381146430969238
Epoch [11/30], Step [1550/3735], Loss: 0.3399, Time:0.1671595573425293
Epoch [11/30], Step [1650/3735], Loss: 0.0197, Time:0.13659453392028809
Epoch [11/30], Step [1750/3735], Loss: 0.0384, Time:0.15128684043884277
Epoch [11/30], Step [1850/3735], Loss: 0.0003, Time:0.1710071563720703
Epoch [11/30], Step [1950/3735], Loss: 0.0519, Time:0.12970376014709473
Epoch [11/30], Step [2050/3735], Loss: 0.2655, Time:0.1771695613861084
Epoch [11/30], Step [2150/3735], Loss: 0.0109, Time:0.15379571914672852
Epoch [11/30], Step [2250/3735], Loss: 0.0206, Time:0.14533567428588867
Epoch [11/30], Step [2350/3735], Loss: 0.2566, Time:0.15718460083007812
Epoch [11/30], Step [2450/3735], Loss: 0.1320, Time:0.13186430931091309
Epoch [11/30], Step [2550/3735], Loss: 0.3089, Time:0.14882969856262207
Epoch [11/30], Step [2650/3735], Loss: 0.4432, Time:0.14641237258911133
Epoch [11/30], Step [2750/3735], Loss: 0.0356, Time:0.08753275871276855
Epoch [11/30], Step [2850/3735], Loss: 0.4011, Time:0.11050820350646973
Epoch [11/30], Step [2950/3735], Loss: 0.0117, Time:0.11351537704467773
Epoch [11/30], Step [3050/3735], Loss: 0.0991, Time:0.10495567321777344
Epoch [11/30], Step [3150/3735], Loss: 0.0002, Time:0.1153113842010498
Epoch [11/30], Step [3250/3735], Loss: 0.3651, Time:0.11491155624389648
Epoch [11/30], Step [3350/3735], Loss: 0.0012, Time:0.209214448928833
Epoch [11/30], Step [3450/3735], Loss: 0.6570, Time:0.1590900421142578
Epoch [11/30], Step [3550/3735], Loss: 0.1810, Time:0.15795040130615234
Epoch [11/30], Step [3650/3735], Loss: 0.3725, Time:0.15059638023376465
learning rate 0.0010000 -> 0.0009524
End of epoch11,Use time:405.99316358566284,the accuracy is 0.9246278247831209
Saving the latest model....
验证集数据总量： 8039 预测正确的数量： 6369
当前模型在验证集上的准确率为： 0.7922627192436871
当前模型在验证集上的F1-score为: 0.0650236534271432
Epoch [12/30], Step [15/3735], Loss: 0.0378, Time:0.14970755577087402
Epoch [12/30], Step [115/3735], Loss: 0.0066, Time:0.12442469596862793
Epoch [12/30], Step [215/3735], Loss: 0.0355, Time:0.11895465850830078
Epoch [12/30], Step [315/3735], Loss: 0.8676, Time:0.1452627182006836
Epoch [12/30], Step [415/3735], Loss: 0.1588, Time:0.15797066688537598
Epoch [12/30], Step [515/3735], Loss: 0.2199, Time:0.17395234107971191
Epoch [12/30], Step [615/3735], Loss: 0.0068, Time:0.1409282684326172
Epoch [12/30], Step [715/3735], Loss: 0.1191, Time:0.16106557846069336
Epoch [12/30], Step [815/3735], Loss: 0.2852, Time:0.17044854164123535
Epoch [12/30], Step [915/3735], Loss: 0.0051, Time:0.14223074913024902
Epoch [12/30], Step [1015/3735], Loss: 0.0432, Time:0.15823101997375488
Epoch [12/30], Step [1115/3735], Loss: 0.2861, Time:0.15244317054748535
Epoch [12/30], Step [1215/3735], Loss: 0.5236, Time:0.1516249179840088
Epoch [12/30], Step [1315/3735], Loss: 0.0126, Time:0.13654732704162598
Epoch [12/30], Step [1415/3735], Loss: 0.0018, Time:0.18201923370361328
Epoch [12/30], Step [1515/3735], Loss: 0.3329, Time:0.1612691879272461
Epoch [12/30], Step [1615/3735], Loss: 0.2482, Time:0.1453709602355957
Epoch [12/30], Step [1715/3735], Loss: 0.1517, Time:0.14024949073791504
Epoch [12/30], Step [1815/3735], Loss: 0.4807, Time:0.1288440227508545
Epoch [12/30], Step [1915/3735], Loss: 0.1509, Time:0.12880253791809082
Epoch [12/30], Step [2015/3735], Loss: 0.2832, Time:0.15933609008789062
Epoch [12/30], Step [2115/3735], Loss: 0.0224, Time:0.1421964168548584
Epoch [12/30], Step [2215/3735], Loss: 0.0792, Time:0.15500307083129883
Epoch [12/30], Step [2315/3735], Loss: 0.2551, Time:0.14670920372009277
Epoch [12/30], Step [2415/3735], Loss: 0.1398, Time:0.1520380973815918
Epoch [12/30], Step [2515/3735], Loss: 0.5451, Time:0.1552276611328125
Epoch [12/30], Step [2615/3735], Loss: 0.0484, Time:0.12946701049804688
Epoch [12/30], Step [2715/3735], Loss: 0.0447, Time:0.16232967376708984
Epoch [12/30], Step [2815/3735], Loss: 0.0722, Time:0.14819788932800293
Epoch [12/30], Step [2915/3735], Loss: 0.0045, Time:0.1544513702392578
Epoch [12/30], Step [3015/3735], Loss: 0.3275, Time:0.12226200103759766
Epoch [12/30], Step [3115/3735], Loss: 0.2397, Time:0.12172269821166992
Epoch [12/30], Step [3215/3735], Loss: 0.0772, Time:0.14957046508789062
Epoch [12/30], Step [3315/3735], Loss: 0.6361, Time:0.11634302139282227
Epoch [12/30], Step [3415/3735], Loss: 0.0127, Time:0.16821932792663574
Epoch [12/30], Step [3515/3735], Loss: 0.0847, Time:0.14711666107177734
Epoch [12/30], Step [3615/3735], Loss: 0.8000, Time:0.14780902862548828
Epoch [12/30], Step [3715/3735], Loss: 0.2172, Time:0.19097065925598145
learning rate 0.0009524 -> 0.0009048
End of epoch12,Use time:420.5249910354614,the accuracy is 0.9357395308985755
Saving the latest model....
Epoch [13/30], Step [80/3735], Loss: 0.2518, Time:0.13729619979858398
Epoch [13/30], Step [180/3735], Loss: 0.3491, Time:0.15786409378051758
Epoch [13/30], Step [280/3735], Loss: 0.0570, Time:0.1142263412475586
Epoch [13/30], Step [380/3735], Loss: 0.2360, Time:0.12539076805114746
Epoch [13/30], Step [480/3735], Loss: 0.2202, Time:0.13876008987426758
Epoch [13/30], Step [580/3735], Loss: 0.0782, Time:0.1618635654449463
Epoch [13/30], Step [680/3735], Loss: 0.5184, Time:0.1427769660949707
Epoch [13/30], Step [780/3735], Loss: 0.3225, Time:0.1624596118927002
Epoch [13/30], Step [880/3735], Loss: 0.0720, Time:0.1597578525543213
Epoch [13/30], Step [980/3735], Loss: 0.2011, Time:0.11339282989501953
Epoch [13/30], Step [1080/3735], Loss: 0.3405, Time:0.14337897300720215
Epoch [13/30], Step [1180/3735], Loss: 0.0259, Time:0.1611781120300293
Epoch [13/30], Step [1280/3735], Loss: 0.1629, Time:0.1518106460571289
Epoch [13/30], Step [1380/3735], Loss: 0.0061, Time:0.1674034595489502
Epoch [13/30], Step [1480/3735], Loss: 0.1426, Time:0.16606855392456055
Epoch [13/30], Step [1580/3735], Loss: 0.5833, Time:0.13202905654907227
Epoch [13/30], Step [1680/3735], Loss: 0.0004, Time:0.1565566062927246
Epoch [13/30], Step [1780/3735], Loss: 0.0017, Time:0.15803885459899902
Epoch [13/30], Step [1880/3735], Loss: 0.2686, Time:0.1324625015258789
Epoch [13/30], Step [1980/3735], Loss: 0.0546, Time:0.12375259399414062
Epoch [13/30], Step [2080/3735], Loss: 0.0051, Time:0.15550899505615234
Epoch [13/30], Step [2180/3735], Loss: 0.0780, Time:0.14980483055114746
Epoch [13/30], Step [2280/3735], Loss: 0.1231, Time:0.13460445404052734
Epoch [13/30], Step [2380/3735], Loss: 0.0864, Time:0.14548301696777344
Epoch [13/30], Step [2480/3735], Loss: 0.0281, Time:0.15207123756408691
Epoch [13/30], Step [2580/3735], Loss: 0.0209, Time:0.12515687942504883
Epoch [13/30], Step [2680/3735], Loss: 0.2378, Time:0.11242818832397461
Epoch [13/30], Step [2780/3735], Loss: 0.0245, Time:0.13906121253967285
Epoch [13/30], Step [2880/3735], Loss: 0.4861, Time:0.14056158065795898
Epoch [13/30], Step [2980/3735], Loss: 0.2791, Time:0.16810250282287598
Epoch [13/30], Step [3080/3735], Loss: 0.0396, Time:0.12614774703979492
Epoch [13/30], Step [3180/3735], Loss: 0.0454, Time:0.1369333267211914
Epoch [13/30], Step [3280/3735], Loss: 0.0013, Time:0.13426995277404785
Epoch [13/30], Step [3380/3735], Loss: 0.0173, Time:0.13915109634399414
Epoch [13/30], Step [3480/3735], Loss: 0.0169, Time:0.12700748443603516
Epoch [13/30], Step [3580/3735], Loss: 0.0229, Time:0.13767528533935547
Epoch [13/30], Step [3680/3735], Loss: 0.0265, Time:0.12321877479553223
learning rate 0.0009048 -> 0.0008571
End of epoch13,Use time:408.390243768692,the accuracy is 0.940719717253936
Saving the latest model....
验证集数据总量： 8039 预测正确的数量： 6428
当前模型在验证集上的准确率为： 0.7996019405398681
当前模型在验证集上的F1-score为: 0.06599486932518903
Epoch [14/30], Step [45/3735], Loss: 0.0305, Time:0.15191340446472168
Epoch [14/30], Step [145/3735], Loss: 0.1734, Time:0.15855026245117188
Epoch [14/30], Step [245/3735], Loss: 0.0207, Time:0.14896512031555176
Epoch [14/30], Step [345/3735], Loss: 0.5331, Time:0.16363215446472168
Epoch [14/30], Step [445/3735], Loss: 0.1256, Time:0.1384565830230713
Epoch [14/30], Step [545/3735], Loss: 0.0933, Time:0.15253043174743652
Epoch [14/30], Step [645/3735], Loss: 0.1101, Time:0.16686797142028809
Epoch [14/30], Step [745/3735], Loss: 0.0068, Time:0.12072205543518066
Epoch [14/30], Step [845/3735], Loss: 0.3085, Time:0.1265871524810791
Epoch [14/30], Step [945/3735], Loss: 0.1514, Time:0.12911272048950195
Epoch [14/30], Step [1045/3735], Loss: 0.0228, Time:0.12594914436340332
Epoch [14/30], Step [1145/3735], Loss: 0.0742, Time:0.11185884475708008
Epoch [14/30], Step [1245/3735], Loss: 0.7317, Time:0.13610482215881348
Epoch [14/30], Step [1345/3735], Loss: 0.1473, Time:0.15668392181396484
Epoch [14/30], Step [1445/3735], Loss: 0.0216, Time:0.14272809028625488
saving the latest model (epoch 13, total_iters 500000)
Epoch [14/30], Step [1545/3735], Loss: 0.1733, Time:0.14728164672851562
Epoch [14/30], Step [1645/3735], Loss: 0.1233, Time:0.12847256660461426
Epoch [14/30], Step [1745/3735], Loss: 0.0554, Time:0.11422014236450195
Epoch [14/30], Step [1845/3735], Loss: 0.1657, Time:0.1276240348815918
Epoch [14/30], Step [1945/3735], Loss: 0.0069, Time:0.16520953178405762
Epoch [14/30], Step [2045/3735], Loss: 0.0950, Time:0.14179754257202148
Epoch [14/30], Step [2145/3735], Loss: 0.0025, Time:0.15788912773132324
Epoch [14/30], Step [2245/3735], Loss: 0.2575, Time:0.14307880401611328
Epoch [14/30], Step [2345/3735], Loss: 0.1111, Time:0.14926385879516602
Epoch [14/30], Step [2445/3735], Loss: 0.0388, Time:0.1750926971435547
Epoch [14/30], Step [2545/3735], Loss: 0.1341, Time:0.19122910499572754
Epoch [14/30], Step [2645/3735], Loss: 0.0174, Time:0.16872620582580566
Epoch [14/30], Step [2745/3735], Loss: 0.0386, Time:0.15948724746704102
Epoch [14/30], Step [2845/3735], Loss: 0.3461, Time:0.14783859252929688
Epoch [14/30], Step [2945/3735], Loss: 0.8114, Time:0.1814877986907959
Epoch [14/30], Step [3045/3735], Loss: 0.3713, Time:0.1397538185119629
Epoch [14/30], Step [3145/3735], Loss: 0.0000, Time:0.14041590690612793
Epoch [14/30], Step [3245/3735], Loss: 0.2034, Time:0.15407800674438477
Epoch [14/30], Step [3345/3735], Loss: 0.0436, Time:0.14964985847473145
Epoch [14/30], Step [3445/3735], Loss: 0.0041, Time:0.13708186149597168
Epoch [14/30], Step [3545/3735], Loss: 0.2219, Time:0.13342928886413574
Epoch [14/30], Step [3645/3735], Loss: 0.0036, Time:0.1520531177520752
learning rate 0.0008571 -> 0.0008095
End of epoch14,Use time:408.5719208717346,the accuracy is 0.9441469422726786
Saving the latest model....
Epoch [15/30], Step [10/3735], Loss: 0.0215, Time:0.1257479190826416
Epoch [15/30], Step [110/3735], Loss: 0.0052, Time:0.17029237747192383
Epoch [15/30], Step [210/3735], Loss: 0.1922, Time:0.15669703483581543
Epoch [15/30], Step [310/3735], Loss: 0.0717, Time:0.15663552284240723
Epoch [15/30], Step [410/3735], Loss: 0.1045, Time:0.18675780296325684
Epoch [15/30], Step [510/3735], Loss: 0.2264, Time:0.1457967758178711
Epoch [15/30], Step [610/3735], Loss: 0.0133, Time:0.11025047302246094
Epoch [15/30], Step [710/3735], Loss: 0.5345, Time:0.1450643539428711
Epoch [15/30], Step [810/3735], Loss: 0.0008, Time:0.13623833656311035
Epoch [15/30], Step [910/3735], Loss: 0.4349, Time:0.11093258857727051
Epoch [15/30], Step [1010/3735], Loss: 0.0121, Time:0.18512988090515137
Epoch [15/30], Step [1110/3735], Loss: 0.0063, Time:0.1749742031097412
Epoch [15/30], Step [1210/3735], Loss: 0.0028, Time:0.15729427337646484
Epoch [15/30], Step [1310/3735], Loss: 0.2374, Time:0.13132762908935547
Epoch [15/30], Step [1410/3735], Loss: 0.0819, Time:0.15987539291381836
Epoch [15/30], Step [1510/3735], Loss: 0.1659, Time:0.16357064247131348
Epoch [15/30], Step [1610/3735], Loss: 0.7053, Time:0.14902925491333008
Epoch [15/30], Step [1710/3735], Loss: 0.0433, Time:0.17747712135314941
Epoch [15/30], Step [1810/3735], Loss: 0.2758, Time:0.16614723205566406
Epoch [15/30], Step [1910/3735], Loss: 0.1944, Time:0.14794087409973145
Epoch [15/30], Step [2010/3735], Loss: 1.1981, Time:0.13328123092651367
Epoch [15/30], Step [2110/3735], Loss: 0.0018, Time:0.14544224739074707
Epoch [15/30], Step [2210/3735], Loss: 0.1492, Time:0.1504368782043457
Epoch [15/30], Step [2310/3735], Loss: 0.0011, Time:0.16966509819030762
Epoch [15/30], Step [2410/3735], Loss: 0.1038, Time:0.15095877647399902
Epoch [15/30], Step [2510/3735], Loss: 0.0128, Time:0.1533195972442627
Epoch [15/30], Step [2610/3735], Loss: 0.3565, Time:0.14738845825195312
Epoch [15/30], Step [2710/3735], Loss: 0.0792, Time:0.1311032772064209
Epoch [15/30], Step [2810/3735], Loss: 0.0186, Time:0.17264103889465332
Epoch [15/30], Step [2910/3735], Loss: 0.0952, Time:0.15240716934204102
Epoch [15/30], Step [3010/3735], Loss: 0.0021, Time:0.18384456634521484
Epoch [15/30], Step [3110/3735], Loss: 0.2070, Time:0.14607691764831543
Epoch [15/30], Step [3210/3735], Loss: 0.2120, Time:0.11035418510437012
Epoch [15/30], Step [3310/3735], Loss: 0.3489, Time:0.1367642879486084
Epoch [15/30], Step [3410/3735], Loss: 0.0021, Time:0.12836337089538574
Epoch [15/30], Step [3510/3735], Loss: 0.1715, Time:0.1329197883605957
Epoch [15/30], Step [3610/3735], Loss: 0.0104, Time:0.14151573181152344
Epoch [15/30], Step [3710/3735], Loss: 0.2565, Time:0.14507317543029785
learning rate 0.0008095 -> 0.0007619
End of epoch15,Use time:410.54627561569214,the accuracy is 0.9513494698511299
Saving the latest model....
验证集数据总量： 8039 预测正确的数量： 6428
当前模型在验证集上的准确率为： 0.7996019405398681
当前模型在验证集上的F1-score为: 0.06593696594475532
Epoch [16/30], Step [75/3735], Loss: 0.0632, Time:0.145263671875
Epoch [16/30], Step [175/3735], Loss: 0.0976, Time:0.13900303840637207
Epoch [16/30], Step [275/3735], Loss: 0.2051, Time:0.1597585678100586
Epoch [16/30], Step [375/3735], Loss: 0.0348, Time:0.16233181953430176
Epoch [16/30], Step [475/3735], Loss: 0.1020, Time:0.14275908470153809
Epoch [16/30], Step [575/3735], Loss: 0.1462, Time:0.1482377052307129
Epoch [16/30], Step [675/3735], Loss: 0.4156, Time:0.1654682159423828
Epoch [16/30], Step [775/3735], Loss: 0.0035, Time:0.1705775260925293
Epoch [16/30], Step [875/3735], Loss: 0.0110, Time:0.11925625801086426
Epoch [16/30], Step [975/3735], Loss: 0.0007, Time:0.12265753746032715
Epoch [16/30], Step [1075/3735], Loss: 3.1941, Time:0.1736764907836914
Epoch [16/30], Step [1175/3735], Loss: 0.1976, Time:0.1728215217590332
Epoch [16/30], Step [1275/3735], Loss: 0.2352, Time:0.17836928367614746
Epoch [16/30], Step [1375/3735], Loss: 0.0029, Time:0.13937067985534668
Epoch [16/30], Step [1475/3735], Loss: 0.1582, Time:0.15784573554992676
Epoch [16/30], Step [1575/3735], Loss: 0.0201, Time:0.15990567207336426
Epoch [16/30], Step [1675/3735], Loss: 0.5469, Time:0.14394521713256836
Epoch [16/30], Step [1775/3735], Loss: 0.0259, Time:0.15845441818237305
Epoch [16/30], Step [1875/3735], Loss: 0.0600, Time:0.14898133277893066
Epoch [16/30], Step [1975/3735], Loss: 0.0064, Time:0.12147736549377441
Epoch [16/30], Step [2075/3735], Loss: 0.0010, Time:0.17170977592468262
Epoch [16/30], Step [2175/3735], Loss: 0.0046, Time:0.1666851043701172
Epoch [16/30], Step [2275/3735], Loss: 0.0005, Time:0.13994216918945312
Epoch [16/30], Step [2375/3735], Loss: 0.0524, Time:0.14171838760375977
Epoch [16/30], Step [2475/3735], Loss: 0.8176, Time:0.14340472221374512
Epoch [16/30], Step [2575/3735], Loss: 0.0027, Time:0.11078667640686035
Epoch [16/30], Step [2675/3735], Loss: 0.0488, Time:0.15652823448181152
Epoch [16/30], Step [2775/3735], Loss: 0.4423, Time:0.16908764839172363
Epoch [16/30], Step [2875/3735], Loss: 0.0501, Time:0.17309093475341797
Epoch [16/30], Step [2975/3735], Loss: 0.1141, Time:0.13771533966064453
Epoch [16/30], Step [3075/3735], Loss: 0.0202, Time:0.16157078742980957
Epoch [16/30], Step [3175/3735], Loss: 0.0014, Time:0.14347481727600098
Epoch [16/30], Step [3275/3735], Loss: 0.0602, Time:0.11523866653442383
Epoch [16/30], Step [3375/3735], Loss: 0.0011, Time:0.09435391426086426
Epoch [16/30], Step [3475/3735], Loss: 0.5896, Time:0.11359405517578125
Epoch [16/30], Step [3575/3735], Loss: 0.0504, Time:0.12079620361328125
Epoch [16/30], Step [3675/3735], Loss: 0.3406, Time:0.14227747917175293
learning rate 0.0007619 -> 0.0007143
End of epoch16,Use time:406.9342110157013,the accuracy is 0.9579361679340259
Saving the latest model....
Epoch [17/30], Step [40/3735], Loss: 0.0016, Time:0.1460554599761963
Epoch [17/30], Step [140/3735], Loss: 0.0116, Time:0.1584327220916748
Epoch [17/30], Step [240/3735], Loss: 0.4282, Time:0.17311596870422363
Epoch [17/30], Step [340/3735], Loss: 0.0047, Time:0.1459963321685791
Epoch [17/30], Step [440/3735], Loss: 0.0016, Time:0.11577701568603516
Epoch [17/30], Step [540/3735], Loss: 0.0047, Time:0.14165759086608887
Epoch [17/30], Step [640/3735], Loss: 0.0008, Time:0.14354443550109863
Epoch [17/30], Step [740/3735], Loss: 0.6305, Time:0.1477043628692627
Epoch [17/30], Step [840/3735], Loss: 0.0997, Time:0.1597294807434082
Epoch [17/30], Step [940/3735], Loss: 0.0510, Time:0.1360301971435547
Epoch [17/30], Step [1040/3735], Loss: 0.2956, Time:0.12453532218933105
Epoch [17/30], Step [1140/3735], Loss: 0.0014, Time:0.15348505973815918
Epoch [17/30], Step [1240/3735], Loss: 0.0800, Time:0.17197418212890625
Epoch [17/30], Step [1340/3735], Loss: 0.0151, Time:0.15371227264404297
Epoch [17/30], Step [1440/3735], Loss: 0.4584, Time:0.15470647811889648
Epoch [17/30], Step [1540/3735], Loss: 0.2849, Time:0.15558719635009766
Epoch [17/30], Step [1640/3735], Loss: 0.0034, Time:0.15627527236938477
Epoch [17/30], Step [1740/3735], Loss: 0.0692, Time:0.1536717414855957
Epoch [17/30], Step [1840/3735], Loss: 0.0029, Time:0.14716768264770508
Epoch [17/30], Step [1940/3735], Loss: 0.0011, Time:0.15274572372436523
Epoch [17/30], Step [2040/3735], Loss: 0.0016, Time:0.15265941619873047
Epoch [17/30], Step [2140/3735], Loss: 0.0699, Time:0.14302349090576172
Epoch [17/30], Step [2240/3735], Loss: 0.1025, Time:0.16358089447021484
Epoch [17/30], Step [2340/3735], Loss: 0.1674, Time:0.16512656211853027
Epoch [17/30], Step [2440/3735], Loss: 0.0043, Time:0.14350628852844238
Epoch [17/30], Step [2540/3735], Loss: 0.4339, Time:0.1481165885925293
Epoch [17/30], Step [2640/3735], Loss: 0.1338, Time:0.13377952575683594
Epoch [17/30], Step [2740/3735], Loss: 0.0257, Time:0.17291569709777832
Epoch [17/30], Step [2840/3735], Loss: 0.2167, Time:0.1784529685974121
Epoch [17/30], Step [2940/3735], Loss: 0.1288, Time:0.157912015914917
Epoch [17/30], Step [3040/3735], Loss: 0.8125, Time:0.12036681175231934
Epoch [17/30], Step [3140/3735], Loss: 0.4714, Time:0.15864133834838867
Epoch [17/30], Step [3240/3735], Loss: 0.2354, Time:0.12409496307373047
Epoch [17/30], Step [3340/3735], Loss: 0.4904, Time:0.15439057350158691
Epoch [17/30], Step [3440/3735], Loss: 0.0569, Time:0.16339945793151855
Epoch [17/30], Step [3540/3735], Loss: 0.0131, Time:0.13951373100280762
Epoch [17/30], Step [3640/3735], Loss: 0.4975, Time:0.10850286483764648
learning rate 0.0007143 -> 0.0006667
End of epoch17,Use time:413.66756558418274,the accuracy is 0.960479811502624
Saving the latest model....
验证集数据总量： 8039 预测正确的数量： 6529
当前模型在验证集上的准确率为： 0.8121656922502799
当前模型在验证集上的F1-score为: 0.0679350264331664
Epoch [18/30], Step [5/3735], Loss: 0.0008, Time:0.1338348388671875
Epoch [18/30], Step [105/3735], Loss: 0.0001, Time:0.16135334968566895
Epoch [18/30], Step [205/3735], Loss: 0.2755, Time:0.16809844970703125
Epoch [18/30], Step [305/3735], Loss: 0.0536, Time:0.15892410278320312
Epoch [18/30], Step [405/3735], Loss: 0.3776, Time:0.1588878631591797
Epoch [18/30], Step [505/3735], Loss: 0.0420, Time:0.15145421028137207
Epoch [18/30], Step [605/3735], Loss: 0.4827, Time:0.11480307579040527
Epoch [18/30], Step [705/3735], Loss: 0.0055, Time:0.12385296821594238
Epoch [18/30], Step [805/3735], Loss: 0.2069, Time:0.1431283950805664
Epoch [18/30], Step [905/3735], Loss: 0.0777, Time:0.15509700775146484
Epoch [18/30], Step [1005/3735], Loss: 0.5693, Time:0.15491533279418945
Epoch [18/30], Step [1105/3735], Loss: 0.0857, Time:0.13411474227905273
Epoch [18/30], Step [1205/3735], Loss: 0.0052, Time:0.14314985275268555
Epoch [18/30], Step [1305/3735], Loss: 0.5724, Time:0.1568315029144287
Epoch [18/30], Step [1405/3735], Loss: 0.0196, Time:0.15613603591918945
Epoch [18/30], Step [1505/3735], Loss: 0.2283, Time:0.11726069450378418
Epoch [18/30], Step [1605/3735], Loss: 0.0032, Time:0.17435073852539062
Epoch [18/30], Step [1705/3735], Loss: 0.0017, Time:0.15128397941589355
Epoch [18/30], Step [1805/3735], Loss: 0.0082, Time:0.1499478816986084
Epoch [18/30], Step [1905/3735], Loss: 0.0006, Time:0.16997885704040527
Epoch [18/30], Step [2005/3735], Loss: 0.0033, Time:0.13080883026123047
Epoch [18/30], Step [2105/3735], Loss: 0.0130, Time:0.13280105590820312
Epoch [18/30], Step [2205/3735], Loss: 0.1700, Time:0.13642072677612305
Epoch [18/30], Step [2305/3735], Loss: 1.1093, Time:0.12520289421081543
Epoch [18/30], Step [2405/3735], Loss: 0.2031, Time:0.14420247077941895
Epoch [18/30], Step [2505/3735], Loss: 0.0010, Time:0.14064931869506836
Epoch [18/30], Step [2605/3735], Loss: 0.1319, Time:0.14250469207763672
Epoch [18/30], Step [2705/3735], Loss: 0.0012, Time:0.1408982276916504
Epoch [18/30], Step [2805/3735], Loss: 0.0420, Time:0.15173912048339844
Epoch [18/30], Step [2905/3735], Loss: 0.3253, Time:0.15029048919677734
Epoch [18/30], Step [3005/3735], Loss: 0.0001, Time:0.14162015914916992
Epoch [18/30], Step [3105/3735], Loss: 0.0000, Time:0.1600785255432129
Epoch [18/30], Step [3205/3735], Loss: 0.0000, Time:0.13341879844665527
Epoch [18/30], Step [3305/3735], Loss: 0.0246, Time:0.15966510772705078
Epoch [18/30], Step [3405/3735], Loss: 0.0276, Time:0.12610721588134766
Epoch [18/30], Step [3505/3735], Loss: 1.3100, Time:0.1505570411682129
Epoch [18/30], Step [3605/3735], Loss: 0.1264, Time:0.14386725425720215
Epoch [18/30], Step [3705/3735], Loss: 0.1090, Time:0.16850709915161133
learning rate 0.0006667 -> 0.0006190
End of epoch18,Use time:416.92666459083557,the accuracy is 0.9650851451215594
Saving the latest model....
Epoch [19/30], Step [70/3735], Loss: 0.0004, Time:0.12812209129333496
Epoch [19/30], Step [170/3735], Loss: 0.0067, Time:0.17459797859191895
Epoch [19/30], Step [270/3735], Loss: 0.0178, Time:0.1629788875579834
Epoch [19/30], Step [370/3735], Loss: 0.9528, Time:0.1806316375732422
Epoch [19/30], Step [470/3735], Loss: 0.1313, Time:0.17693495750427246
Epoch [19/30], Step [570/3735], Loss: 0.7323, Time:0.14594054222106934
Epoch [19/30], Step [670/3735], Loss: 0.0002, Time:0.14696240425109863
Epoch [19/30], Step [770/3735], Loss: 0.1424, Time:0.14567875862121582
Epoch [19/30], Step [870/3735], Loss: 0.0068, Time:0.12761282920837402
Epoch [19/30], Step [970/3735], Loss: 0.0124, Time:0.14986491203308105
Epoch [19/30], Step [1070/3735], Loss: 0.0009, Time:0.13733839988708496
Epoch [19/30], Step [1170/3735], Loss: 0.0584, Time:0.1674671173095703
Epoch [19/30], Step [1270/3735], Loss: 0.0015, Time:0.13953590393066406
Epoch [19/30], Step [1370/3735], Loss: 0.6456, Time:0.15306520462036133
Epoch [19/30], Step [1470/3735], Loss: 0.0011, Time:0.10813641548156738
Epoch [19/30], Step [1570/3735], Loss: 0.4658, Time:0.14095497131347656
Epoch [19/30], Step [1670/3735], Loss: 0.0186, Time:0.12001204490661621
Epoch [19/30], Step [1770/3735], Loss: 0.0779, Time:0.11333894729614258
Epoch [19/30], Step [1870/3735], Loss: 0.0063, Time:0.11821913719177246
Epoch [19/30], Step [1970/3735], Loss: 0.0083, Time:0.15386080741882324
Epoch [19/30], Step [2070/3735], Loss: 0.0054, Time:0.1423206329345703
Epoch [19/30], Step [2170/3735], Loss: 0.4853, Time:0.17873740196228027
Epoch [19/30], Step [2270/3735], Loss: 0.1861, Time:0.14353013038635254
Epoch [19/30], Step [2370/3735], Loss: 0.0000, Time:0.13204193115234375
Epoch [19/30], Step [2470/3735], Loss: 0.4155, Time:0.1605374813079834
Epoch [19/30], Step [2570/3735], Loss: 0.0047, Time:0.12860417366027832
Epoch [19/30], Step [2670/3735], Loss: 0.0000, Time:0.13058924674987793
Epoch [19/30], Step [2770/3735], Loss: 0.0139, Time:0.1353452205657959
Epoch [19/30], Step [2870/3735], Loss: 0.0073, Time:0.1449146270751953
Epoch [19/30], Step [2970/3735], Loss: 0.0005, Time:0.17352962493896484
Epoch [19/30], Step [3070/3735], Loss: 0.0078, Time:0.1596543788909912
Epoch [19/30], Step [3170/3735], Loss: 0.0025, Time:0.13714957237243652
Epoch [19/30], Step [3270/3735], Loss: 0.1227, Time:0.14937400817871094
Epoch [19/30], Step [3370/3735], Loss: 0.1894, Time:0.16150116920471191
Epoch [19/30], Step [3470/3735], Loss: 0.0032, Time:0.17977523803710938
Epoch [19/30], Step [3570/3735], Loss: 0.0020, Time:0.1616506576538086
Epoch [19/30], Step [3670/3735], Loss: 0.0014, Time:0.15238213539123535
learning rate 0.0006190 -> 0.0005714
End of epoch19,Use time:408.9543159008026,the accuracy is 0.9689675484631037
Saving the latest model....
验证集数据总量： 8039 预测正确的数量： 6535
当前模型在验证集上的准确率为： 0.8129120537380271
当前模型在验证集上的F1-score为: 0.06829613127212922
Epoch [20/30], Step [35/3735], Loss: 1.0107, Time:0.13451027870178223
Epoch [20/30], Step [135/3735], Loss: 0.0103, Time:0.15576672554016113
Epoch [20/30], Step [235/3735], Loss: 0.6516, Time:0.15581655502319336
Epoch [20/30], Step [335/3735], Loss: 0.0279, Time:0.16123247146606445
Epoch [20/30], Step [435/3735], Loss: 0.0002, Time:0.16524529457092285
Epoch [20/30], Step [535/3735], Loss: 0.3967, Time:0.11198973655700684
Epoch [20/30], Step [635/3735], Loss: 0.0032, Time:0.13657546043395996
Epoch [20/30], Step [735/3735], Loss: 0.0167, Time:0.15200138092041016
Epoch [20/30], Step [835/3735], Loss: 0.0003, Time:0.14562726020812988
Epoch [20/30], Step [935/3735], Loss: 0.0167, Time:0.15546512603759766
Epoch [20/30], Step [1035/3735], Loss: 0.0130, Time:0.13345837593078613
Epoch [20/30], Step [1135/3735], Loss: 0.2719, Time:0.16828489303588867
Epoch [20/30], Step [1235/3735], Loss: 0.0265, Time:0.13210487365722656
Epoch [20/30], Step [1335/3735], Loss: 0.0008, Time:0.13758254051208496
Epoch [20/30], Step [1435/3735], Loss: 0.0002, Time:0.14426803588867188
Epoch [20/30], Step [1535/3735], Loss: 0.0311, Time:0.1265697479248047
Epoch [20/30], Step [1635/3735], Loss: 0.0010, Time:0.13658618927001953
Epoch [20/30], Step [1735/3735], Loss: 0.0003, Time:0.16813993453979492
Epoch [20/30], Step [1835/3735], Loss: 0.0104, Time:0.11802983283996582
Epoch [20/30], Step [1935/3735], Loss: 0.2817, Time:0.10999560356140137
Epoch [20/30], Step [2035/3735], Loss: 0.0134, Time:0.0758519172668457
Epoch [20/30], Step [2135/3735], Loss: 0.0002, Time:0.12321138381958008
Epoch [20/30], Step [2235/3735], Loss: 0.5745, Time:0.12191081047058105
Epoch [20/30], Step [2335/3735], Loss: 0.0001, Time:0.12241363525390625
Epoch [20/30], Step [2435/3735], Loss: 0.0004, Time:0.11596918106079102
Epoch [20/30], Step [2535/3735], Loss: 0.4025, Time:0.11862397193908691
Epoch [20/30], Step [2635/3735], Loss: 0.0000, Time:0.11064767837524414
Epoch [20/30], Step [2735/3735], Loss: 0.1635, Time:0.13522553443908691
Epoch [20/30], Step [2835/3735], Loss: 0.0002, Time:0.12298750877380371
Epoch [20/30], Step [2935/3735], Loss: 0.0413, Time:0.11995387077331543
Epoch [20/30], Step [3035/3735], Loss: 0.0645, Time:0.10629582405090332
Epoch [20/30], Step [3135/3735], Loss: 0.0034, Time:0.11265778541564941
Epoch [20/30], Step [3235/3735], Loss: 0.0008, Time:0.10541224479675293
Epoch [20/30], Step [3335/3735], Loss: 0.0428, Time:0.10120153427124023
Epoch [20/30], Step [3435/3735], Loss: 0.0084, Time:0.09958434104919434
Epoch [20/30], Step [3535/3735], Loss: 0.0004, Time:0.12439632415771484
Epoch [20/30], Step [3635/3735], Loss: 0.0815, Time:0.10726809501647949
Epoch [20/30], Step [3735/3735], Loss: 1.0518, Time:0.08509516716003418
learning rate 0.0005714 -> 0.0005238
End of epoch20,Use time:363.2068862915039,the accuracy is 0.9705472849951805
Saving the latest model....
Epoch [21/30], Step [100/3735], Loss: 0.0901, Time:0.12305426597595215
Epoch [21/30], Step [200/3735], Loss: 0.0005, Time:0.10787105560302734
Epoch [21/30], Step [300/3735], Loss: 0.0864, Time:0.09409809112548828
Epoch [21/30], Step [400/3735], Loss: 0.0017, Time:0.10970258712768555
Epoch [21/30], Step [500/3735], Loss: 0.0039, Time:0.09205913543701172
Epoch [21/30], Step [600/3735], Loss: 0.0000, Time:0.11853837966918945
Epoch [21/30], Step [700/3735], Loss: 0.0046, Time:0.10674023628234863
Epoch [21/30], Step [800/3735], Loss: 0.0319, Time:0.12411642074584961
Epoch [21/30], Step [900/3735], Loss: 0.0044, Time:0.10113239288330078
Epoch [21/30], Step [1000/3735], Loss: 0.0004, Time:0.09717822074890137
Epoch [21/30], Step [1100/3735], Loss: 0.0001, Time:0.10221409797668457
Epoch [21/30], Step [1200/3735], Loss: 0.0022, Time:0.11810421943664551
Epoch [21/30], Step [1300/3735], Loss: 0.0005, Time:0.10615682601928711
Epoch [21/30], Step [1400/3735], Loss: 0.0400, Time:0.11591744422912598
Epoch [21/30], Step [1500/3735], Loss: 0.0050, Time:0.09747028350830078
Epoch [21/30], Step [1600/3735], Loss: 0.0279, Time:0.0964357852935791
Epoch [21/30], Step [1700/3735], Loss: 0.3456, Time:0.08464646339416504
Epoch [21/30], Step [1800/3735], Loss: 0.0004, Time:0.10007572174072266
Epoch [21/30], Step [1900/3735], Loss: 0.0001, Time:0.10093355178833008
Epoch [21/30], Step [2000/3735], Loss: 0.0609, Time:0.1526508331298828
Epoch [21/30], Step [2100/3735], Loss: 0.0050, Time:0.14473700523376465
Epoch [21/30], Step [2200/3735], Loss: 0.0012, Time:0.18362689018249512
Epoch [21/30], Step [2300/3735], Loss: 0.0069, Time:0.15938925743103027
Epoch [21/30], Step [2400/3735], Loss: 0.2255, Time:0.1766674518585205
Epoch [21/30], Step [2500/3735], Loss: 0.0047, Time:0.13341569900512695
Epoch [21/30], Step [2600/3735], Loss: 0.0069, Time:0.15939593315124512
Epoch [21/30], Step [2700/3735], Loss: 0.0002, Time:0.142822265625
Epoch [21/30], Step [2800/3735], Loss: 0.0523, Time:0.14153409004211426
Epoch [21/30], Step [2900/3735], Loss: 0.0400, Time:0.15323162078857422
Epoch [21/30], Step [3000/3735], Loss: 0.0001, Time:0.1590867042541504
Epoch [21/30], Step [3100/3735], Loss: 0.0003, Time:0.1384110450744629
Epoch [21/30], Step [3200/3735], Loss: 0.1248, Time:0.14226794242858887
Epoch [21/30], Step [3300/3735], Loss: 0.0053, Time:0.12517809867858887
Epoch [21/30], Step [3400/3735], Loss: 0.0006, Time:0.15376806259155273
Epoch [21/30], Step [3500/3735], Loss: 0.0052, Time:0.14340615272521973
Epoch [21/30], Step [3600/3735], Loss: 0.0004, Time:0.1144716739654541
Epoch [21/30], Step [3700/3735], Loss: 0.0004, Time:0.11313128471374512
learning rate 0.0005238 -> 0.0004762
End of epoch21,Use time:360.771178483963,the accuracy is 0.9730106029774017
Saving the latest model....
验证集数据总量： 8039 预测正确的数量： 6558
当前模型在验证集上的准确率为： 0.8157731061077248
当前模型在验证集上的F1-score为: 0.06856221125821256
Epoch [22/30], Step [65/3735], Loss: 0.0011, Time:0.12849903106689453
Epoch [22/30], Step [165/3735], Loss: 0.0002, Time:0.12656855583190918
Epoch [22/30], Step [265/3735], Loss: 0.0014, Time:0.1499018669128418
Epoch [22/30], Step [365/3735], Loss: 0.0150, Time:0.1280057430267334
Epoch [22/30], Step [465/3735], Loss: 0.0045, Time:0.14997410774230957
Epoch [22/30], Step [565/3735], Loss: 0.5054, Time:0.14398622512817383
Epoch [22/30], Step [665/3735], Loss: 0.0078, Time:0.16228747367858887
Epoch [22/30], Step [765/3735], Loss: 0.0072, Time:0.18056869506835938
Epoch [22/30], Step [865/3735], Loss: 0.0085, Time:0.13295745849609375
Epoch [22/30], Step [965/3735], Loss: 0.0460, Time:0.1444854736328125
Epoch [22/30], Step [1065/3735], Loss: 0.1123, Time:0.1222538948059082
Epoch [22/30], Step [1165/3735], Loss: 0.0169, Time:0.1437690258026123
Epoch [22/30], Step [1265/3735], Loss: 0.1388, Time:0.1316218376159668
Epoch [22/30], Step [1365/3735], Loss: 0.0076, Time:0.13855552673339844
Epoch [22/30], Step [1465/3735], Loss: 0.0024, Time:0.18387722969055176
Epoch [22/30], Step [1565/3735], Loss: 0.0031, Time:0.18347597122192383
Epoch [22/30], Step [1665/3735], Loss: 0.0325, Time:0.15879583358764648
Epoch [22/30], Step [1765/3735], Loss: 0.0300, Time:0.1441643238067627
Epoch [22/30], Step [1865/3735], Loss: 0.5087, Time:0.11828851699829102
Epoch [22/30], Step [1965/3735], Loss: 0.0007, Time:0.11475729942321777
Epoch [22/30], Step [2065/3735], Loss: 0.0052, Time:0.14745831489562988
Epoch [22/30], Step [2165/3735], Loss: 0.0000, Time:0.15351152420043945
Epoch [22/30], Step [2265/3735], Loss: 0.0128, Time:0.12448239326477051
Epoch [22/30], Step [2365/3735], Loss: 1.0453, Time:0.16014957427978516
Epoch [22/30], Step [2465/3735], Loss: 0.0921, Time:0.18108725547790527
Epoch [22/30], Step [2565/3735], Loss: 0.0002, Time:0.14655280113220215
Epoch [22/30], Step [2665/3735], Loss: 0.0153, Time:0.1293506622314453
Epoch [22/30], Step [2765/3735], Loss: 0.5686, Time:0.16442394256591797
Epoch [22/30], Step [2865/3735], Loss: 0.5742, Time:0.15752911567687988
Epoch [22/30], Step [2965/3735], Loss: 0.3541, Time:0.16284704208374023
Epoch [22/30], Step [3065/3735], Loss: 0.0198, Time:0.16141366958618164
Epoch [22/30], Step [3165/3735], Loss: 0.0019, Time:0.15260004997253418
Epoch [22/30], Step [3265/3735], Loss: 0.0044, Time:0.18481755256652832
Epoch [22/30], Step [3365/3735], Loss: 0.2629, Time:0.14480161666870117
Epoch [22/30], Step [3465/3735], Loss: 0.0002, Time:0.14654326438903809
Epoch [22/30], Step [3565/3735], Loss: 0.0104, Time:0.15725111961364746
Epoch [22/30], Step [3665/3735], Loss: 0.0979, Time:0.14284205436706543
learning rate 0.0004762 -> 0.0004286
End of epoch22,Use time:418.4249255657196,the accuracy is 0.976223626432473
Saving the latest model....
Epoch [23/30], Step [30/3735], Loss: 0.0071, Time:0.15169644355773926
Epoch [23/30], Step [130/3735], Loss: 0.0000, Time:0.13238286972045898
Epoch [23/30], Step [230/3735], Loss: 0.0017, Time:0.16204237937927246
Epoch [23/30], Step [330/3735], Loss: 0.0386, Time:0.13342595100402832
Epoch [23/30], Step [430/3735], Loss: 0.0106, Time:0.14211130142211914
Epoch [23/30], Step [530/3735], Loss: 0.0014, Time:0.17091798782348633
Epoch [23/30], Step [630/3735], Loss: 0.0080, Time:0.1497025489807129
Epoch [23/30], Step [730/3735], Loss: 0.0007, Time:0.1659409999847412
Epoch [23/30], Step [830/3735], Loss: 0.0007, Time:0.10692882537841797
Epoch [23/30], Step [930/3735], Loss: 0.0014, Time:0.1167306900024414
Epoch [23/30], Step [1030/3735], Loss: 0.0064, Time:0.15324926376342773
Epoch [23/30], Step [1130/3735], Loss: 0.0030, Time:0.1551527976989746
Epoch [23/30], Step [1230/3735], Loss: 0.3596, Time:0.12852191925048828
Epoch [23/30], Step [1330/3735], Loss: 0.1575, Time:0.1300950050354004
Epoch [23/30], Step [1430/3735], Loss: 0.0000, Time:0.13122797012329102
Epoch [23/30], Step [1530/3735], Loss: 0.0242, Time:0.13361883163452148
Epoch [23/30], Step [1630/3735], Loss: 0.0161, Time:0.1554126739501953
Epoch [23/30], Step [1730/3735], Loss: 0.0065, Time:0.11394786834716797
Epoch [23/30], Step [1830/3735], Loss: 0.0019, Time:0.13435101509094238
Epoch [23/30], Step [1930/3735], Loss: 0.6269, Time:0.13759684562683105
Epoch [23/30], Step [2030/3735], Loss: 0.0115, Time:0.13799667358398438
Epoch [23/30], Step [2130/3735], Loss: 0.0023, Time:0.12570667266845703
Epoch [23/30], Step [2230/3735], Loss: 0.0198, Time:0.14990782737731934
Epoch [23/30], Step [2330/3735], Loss: 0.1056, Time:0.10742402076721191
Epoch [23/30], Step [2430/3735], Loss: 0.5430, Time:0.1502516269683838
Epoch [23/30], Step [2530/3735], Loss: 0.0026, Time:0.12419462203979492
Epoch [23/30], Step [2630/3735], Loss: 0.0328, Time:0.1450045108795166
Epoch [23/30], Step [2730/3735], Loss: 0.0002, Time:0.14168167114257812
Epoch [23/30], Step [2830/3735], Loss: 0.0032, Time:0.1842327117919922
Epoch [23/30], Step [2930/3735], Loss: 0.0001, Time:0.1483466625213623
Epoch [23/30], Step [3030/3735], Loss: 0.0005, Time:0.14887762069702148
Epoch [23/30], Step [3130/3735], Loss: 0.0028, Time:0.15326309204101562
Epoch [23/30], Step [3230/3735], Loss: 0.0429, Time:0.1800537109375
Epoch [23/30], Step [3330/3735], Loss: 0.0599, Time:0.1446988582611084
Epoch [23/30], Step [3430/3735], Loss: 0.0003, Time:0.12212705612182617
Epoch [23/30], Step [3530/3735], Loss: 0.0056, Time:0.1331160068511963
Epoch [23/30], Step [3630/3735], Loss: 0.0028, Time:0.15293025970458984
Epoch [23/30], Step [3730/3735], Loss: 0.0000, Time:0.11858654022216797
learning rate 0.0004286 -> 0.0003810
End of epoch23,Use time:418.6006624698639,the accuracy is 0.9787940451965299
Saving the latest model....
验证集数据总量： 8039 预测正确的数量： 6716
当前模型在验证集上的准确率为： 0.8354272919517353
当前模型在验证集上的F1-score为: 0.07157796602153428
Epoch [24/30], Step [95/3735], Loss: 0.1997, Time:0.16008496284484863
Epoch [24/30], Step [195/3735], Loss: 0.0346, Time:0.12734675407409668
Epoch [24/30], Step [295/3735], Loss: 0.0003, Time:0.1406235694885254
Epoch [24/30], Step [395/3735], Loss: 0.0878, Time:0.12803983688354492
Epoch [24/30], Step [495/3735], Loss: 0.0051, Time:0.15962934494018555
Epoch [24/30], Step [595/3735], Loss: 0.2906, Time:0.15264534950256348
Epoch [24/30], Step [695/3735], Loss: 0.0004, Time:0.1795365810394287
Epoch [24/30], Step [795/3735], Loss: 0.0005, Time:0.13689255714416504
Epoch [24/30], Step [895/3735], Loss: 0.0002, Time:0.17109179496765137
Epoch [24/30], Step [995/3735], Loss: 0.0014, Time:0.18475890159606934
Epoch [24/30], Step [1095/3735], Loss: 0.0055, Time:0.13603949546813965
Epoch [24/30], Step [1195/3735], Loss: 0.0000, Time:0.13054275512695312
Epoch [24/30], Step [1295/3735], Loss: 0.3769, Time:0.1436920166015625
Epoch [24/30], Step [1395/3735], Loss: 0.0644, Time:0.15258407592773438
Epoch [24/30], Step [1495/3735], Loss: 0.0435, Time:0.11610960960388184
Epoch [24/30], Step [1595/3735], Loss: 0.0017, Time:0.10528421401977539
Epoch [24/30], Step [1695/3735], Loss: 0.0110, Time:0.10170292854309082
Epoch [24/30], Step [1795/3735], Loss: 0.4383, Time:0.12496232986450195
Epoch [24/30], Step [1895/3735], Loss: 0.0036, Time:0.1660466194152832
Epoch [24/30], Step [1995/3735], Loss: 0.3248, Time:0.13892292976379395
Epoch [24/30], Step [2095/3735], Loss: 0.3724, Time:0.14379382133483887
Epoch [24/30], Step [2195/3735], Loss: 0.3176, Time:0.17445707321166992
Epoch [24/30], Step [2295/3735], Loss: 0.0001, Time:0.1800696849822998
Epoch [24/30], Step [2395/3735], Loss: 0.1281, Time:0.11470532417297363
Epoch [24/30], Step [2495/3735], Loss: 0.0005, Time:0.15888547897338867
Epoch [24/30], Step [2595/3735], Loss: 0.0113, Time:0.1622624397277832
Epoch [24/30], Step [2695/3735], Loss: 0.2675, Time:0.15278887748718262
Epoch [24/30], Step [2795/3735], Loss: 0.0210, Time:0.15257740020751953
Epoch [24/30], Step [2895/3735], Loss: 0.0188, Time:0.14084434509277344
Epoch [24/30], Step [2995/3735], Loss: 0.0003, Time:0.11814641952514648
Epoch [24/30], Step [3095/3735], Loss: 0.0362, Time:0.14400768280029297
Epoch [24/30], Step [3195/3735], Loss: 1.0565, Time:0.15578436851501465
Epoch [24/30], Step [3295/3735], Loss: 0.0006, Time:0.13959693908691406
Epoch [24/30], Step [3395/3735], Loss: 0.0053, Time:0.12367844581604004
Epoch [24/30], Step [3495/3735], Loss: 0.0002, Time:0.1129617691040039
Epoch [24/30], Step [3595/3735], Loss: 0.0005, Time:0.13170456886291504
Epoch [24/30], Step [3695/3735], Loss: 0.0174, Time:0.15130853652954102
learning rate 0.0003810 -> 0.0003333
End of epoch24,Use time:407.47324800491333,the accuracy is 0.9797579522330513
Saving the latest model....
Epoch [25/30], Step [60/3735], Loss: 0.0280, Time:0.1466355323791504
Epoch [25/30], Step [160/3735], Loss: 0.0001, Time:0.15297269821166992
Epoch [25/30], Step [260/3735], Loss: 0.0038, Time:0.14145779609680176
Epoch [25/30], Step [360/3735], Loss: 0.0004, Time:0.14986538887023926
Epoch [25/30], Step [460/3735], Loss: 0.0074, Time:0.12171268463134766
Epoch [25/30], Step [560/3735], Loss: 0.0060, Time:0.14561152458190918
Epoch [25/30], Step [660/3735], Loss: 0.0426, Time:0.14448809623718262
Epoch [25/30], Step [760/3735], Loss: 0.0040, Time:0.15736103057861328
Epoch [25/30], Step [860/3735], Loss: 0.0549, Time:0.15779805183410645
Epoch [25/30], Step [960/3735], Loss: 0.1901, Time:0.16055035591125488
Epoch [25/30], Step [1060/3735], Loss: 0.1124, Time:0.15739107131958008
Epoch [25/30], Step [1160/3735], Loss: 0.0354, Time:0.12409448623657227
Epoch [25/30], Step [1260/3735], Loss: 0.3364, Time:0.14844727516174316
Epoch [25/30], Step [1360/3735], Loss: 0.0012, Time:0.1390678882598877
Epoch [25/30], Step [1460/3735], Loss: 0.1928, Time:0.1441202163696289
Epoch [25/30], Step [1560/3735], Loss: 0.4358, Time:0.1479778289794922
Epoch [25/30], Step [1660/3735], Loss: 0.0016, Time:0.15317201614379883
Epoch [25/30], Step [1760/3735], Loss: 0.0000, Time:0.15569710731506348
Epoch [25/30], Step [1860/3735], Loss: 0.0000, Time:0.15740609169006348
Epoch [25/30], Step [1960/3735], Loss: 0.0000, Time:0.15509843826293945
Epoch [25/30], Step [2060/3735], Loss: 0.0151, Time:0.15444207191467285
Epoch [25/30], Step [2160/3735], Loss: 0.0213, Time:0.1295483112335205
Epoch [25/30], Step [2260/3735], Loss: 0.0158, Time:0.14378118515014648
Epoch [25/30], Step [2360/3735], Loss: 0.0039, Time:0.12943720817565918
Epoch [25/30], Step [2460/3735], Loss: 0.2693, Time:0.12575459480285645
Epoch [25/30], Step [2560/3735], Loss: 0.0005, Time:0.18593645095825195
Epoch [25/30], Step [2660/3735], Loss: 0.0004, Time:0.15255951881408691
Epoch [25/30], Step [2760/3735], Loss: 0.0006, Time:0.12841415405273438
Epoch [25/30], Step [2860/3735], Loss: 0.1457, Time:0.1535625457763672
Epoch [25/30], Step [2960/3735], Loss: 0.0166, Time:0.1254711151123047
Epoch [25/30], Step [3060/3735], Loss: 0.0150, Time:0.1670246124267578
Epoch [25/30], Step [3160/3735], Loss: 0.0333, Time:0.14574456214904785
Epoch [25/30], Step [3260/3735], Loss: 0.1801, Time:0.15393543243408203
Epoch [25/30], Step [3360/3735], Loss: 0.0014, Time:0.15607118606567383
Epoch [25/30], Step [3460/3735], Loss: 0.0000, Time:0.17076516151428223
Epoch [25/30], Step [3560/3735], Loss: 0.6124, Time:0.1559135913848877
Epoch [25/30], Step [3660/3735], Loss: 0.0024, Time:0.15955018997192383
learning rate 0.0003333 -> 0.0002857
End of epoch25,Use time:415.8075215816498,the accuracy is 0.9821944950198136
Saving the latest model....
验证集数据总量： 8039 预测正确的数量： 6722
当前模型在验证集上的准确率为： 0.8361736534394826
当前模型在验证集上的F1-score为: 0.07150116836067462
Epoch [26/30], Step [25/3735], Loss: 0.1152, Time:0.12535500526428223
Epoch [26/30], Step [125/3735], Loss: 0.0177, Time:0.1136622428894043
Epoch [26/30], Step [225/3735], Loss: 0.0005, Time:0.16460037231445312
Epoch [26/30], Step [325/3735], Loss: 0.1012, Time:0.13761663436889648
Epoch [26/30], Step [425/3735], Loss: 0.0001, Time:0.16313552856445312
Epoch [26/30], Step [525/3735], Loss: 0.0007, Time:0.12461709976196289
Epoch [26/30], Step [625/3735], Loss: 0.6577, Time:0.1469588279724121
Epoch [26/30], Step [725/3735], Loss: 0.0007, Time:0.15371203422546387
Epoch [26/30], Step [825/3735], Loss: 0.0003, Time:0.11453104019165039
Epoch [26/30], Step [925/3735], Loss: 0.0026, Time:0.15173101425170898
Epoch [26/30], Step [1025/3735], Loss: 0.0775, Time:0.13439440727233887
Epoch [26/30], Step [1125/3735], Loss: 0.1698, Time:0.13230204582214355
Epoch [26/30], Step [1225/3735], Loss: 0.0001, Time:0.14429759979248047
Epoch [26/30], Step [1325/3735], Loss: 0.0079, Time:0.12961149215698242
Epoch [26/30], Step [1425/3735], Loss: 0.0003, Time:0.1173243522644043
Epoch [26/30], Step [1525/3735], Loss: 0.0006, Time:0.17345714569091797
Epoch [26/30], Step [1625/3735], Loss: 0.0033, Time:0.14519286155700684
Epoch [26/30], Step [1725/3735], Loss: 0.0153, Time:0.11577343940734863
Epoch [26/30], Step [1825/3735], Loss: 0.0071, Time:0.14686918258666992
Epoch [26/30], Step [1925/3735], Loss: 0.0040, Time:0.1513679027557373
Epoch [26/30], Step [2025/3735], Loss: 0.0000, Time:0.1259150505065918
Epoch [26/30], Step [2125/3735], Loss: 0.0026, Time:0.15761280059814453
Epoch [26/30], Step [2225/3735], Loss: 0.0548, Time:0.13417625427246094
Epoch [26/30], Step [2325/3735], Loss: 0.0000, Time:0.15703582763671875
Epoch [26/30], Step [2425/3735], Loss: 0.0064, Time:0.15649890899658203
Epoch [26/30], Step [2525/3735], Loss: 0.0006, Time:0.13431453704833984
Epoch [26/30], Step [2625/3735], Loss: 0.0004, Time:0.1584770679473877
Epoch [26/30], Step [2725/3735], Loss: 0.1678, Time:0.13868355751037598
Epoch [26/30], Step [2825/3735], Loss: 0.0026, Time:0.1812303066253662
Epoch [26/30], Step [2925/3735], Loss: 0.8218, Time:0.12405920028686523
Epoch [26/30], Step [3025/3735], Loss: 0.4690, Time:0.1265859603881836
Epoch [26/30], Step [3125/3735], Loss: 0.0000, Time:0.1525721549987793
Epoch [26/30], Step [3225/3735], Loss: 0.0011, Time:0.13112354278564453
Epoch [26/30], Step [3325/3735], Loss: 0.0003, Time:0.13866376876831055
Epoch [26/30], Step [3425/3735], Loss: 0.0001, Time:0.15523982048034668
Epoch [26/30], Step [3525/3735], Loss: 0.0040, Time:0.14425158500671387
Epoch [26/30], Step [3625/3735], Loss: 0.0022, Time:0.1364140510559082
Epoch [26/30], Step [3725/3735], Loss: 0.0242, Time:0.15316224098205566
learning rate 0.0002857 -> 0.0002381
End of epoch26,Use time:407.24539375305176,the accuracy is 0.983881332333726
Saving the latest model....
Epoch [27/30], Step [90/3735], Loss: 0.0110, Time:0.13811993598937988
Epoch [27/30], Step [190/3735], Loss: 0.0245, Time:0.10712742805480957
Epoch [27/30], Step [290/3735], Loss: 0.0237, Time:0.13659214973449707
Epoch [27/30], Step [390/3735], Loss: 0.0252, Time:0.11205768585205078
Epoch [27/30], Step [490/3735], Loss: 0.0002, Time:0.12171316146850586
Epoch [27/30], Step [590/3735], Loss: 0.0098, Time:0.1526646614074707
Epoch [27/30], Step [690/3735], Loss: 0.0079, Time:0.13338685035705566
Epoch [27/30], Step [790/3735], Loss: 0.1737, Time:0.1511850357055664
Epoch [27/30], Step [890/3735], Loss: 0.0016, Time:0.14847517013549805
Epoch [27/30], Step [990/3735], Loss: 0.0029, Time:0.11908316612243652
Epoch [27/30], Step [1090/3735], Loss: 0.0005, Time:0.13686299324035645
Epoch [27/30], Step [1190/3735], Loss: 0.0009, Time:0.1571948528289795
Epoch [27/30], Step [1290/3735], Loss: 0.0002, Time:0.18635869026184082
Epoch [27/30], Step [1390/3735], Loss: 0.0058, Time:0.12372112274169922
Epoch [27/30], Step [1490/3735], Loss: 0.0000, Time:0.16514062881469727
Epoch [27/30], Step [1590/3735], Loss: 0.0001, Time:0.11716389656066895
Epoch [27/30], Step [1690/3735], Loss: 0.1503, Time:0.1519458293914795
Epoch [27/30], Step [1790/3735], Loss: 0.0228, Time:0.13242435455322266
Epoch [27/30], Step [1890/3735], Loss: 0.0241, Time:0.16529273986816406
Epoch [27/30], Step [1990/3735], Loss: 0.0000, Time:0.14879465103149414
Epoch [27/30], Step [2090/3735], Loss: 0.0017, Time:0.15465021133422852
Epoch [27/30], Step [2190/3735], Loss: 0.0000, Time:0.13034439086914062
Epoch [27/30], Step [2290/3735], Loss: 0.0000, Time:0.18083643913269043
Epoch [27/30], Step [2390/3735], Loss: 0.0002, Time:0.14104318618774414
Epoch [27/30], Step [2490/3735], Loss: 0.0642, Time:0.15948081016540527
Epoch [27/30], Step [2590/3735], Loss: 0.1044, Time:0.11852431297302246
Epoch [27/30], Step [2690/3735], Loss: 0.0000, Time:0.13015961647033691
Epoch [27/30], Step [2790/3735], Loss: 0.0000, Time:0.1561264991760254
Epoch [27/30], Step [2890/3735], Loss: 0.0004, Time:0.12210631370544434
saving the latest model (epoch 26, total_iters 1000000)
Epoch [27/30], Step [2990/3735], Loss: 0.0046, Time:0.1302037239074707
Epoch [27/30], Step [3090/3735], Loss: 0.0000, Time:0.14416742324829102
Epoch [27/30], Step [3190/3735], Loss: 0.0220, Time:0.12626266479492188
Epoch [27/30], Step [3290/3735], Loss: 0.0030, Time:0.15257954597473145
Epoch [27/30], Step [3390/3735], Loss: 0.3394, Time:0.17759299278259277
Epoch [27/30], Step [3490/3735], Loss: 0.0014, Time:0.16416335105895996
Epoch [27/30], Step [3590/3735], Loss: 0.0000, Time:0.15222549438476562
Epoch [27/30], Step [3690/3735], Loss: 0.0000, Time:0.14914536476135254
learning rate 0.0002381 -> 0.0001905
End of epoch27,Use time:407.58974289894104,the accuracy is 0.9841223090928564
Saving the latest model....
验证集数据总量： 8039 预测正确的数量： 6834
当前模型在验证集上的准确率为： 0.8501057345440975
当前模型在验证集上的F1-score为: 0.07409158217909005
Epoch [28/30], Step [55/3735], Loss: 0.0078, Time:0.15082168579101562
Epoch [28/30], Step [155/3735], Loss: 0.0000, Time:0.14492297172546387
Epoch [28/30], Step [255/3735], Loss: 0.0000, Time:0.11638736724853516
Epoch [28/30], Step [355/3735], Loss: 0.0914, Time:0.13397526741027832
Epoch [28/30], Step [455/3735], Loss: 0.0000, Time:0.15091395378112793
Epoch [28/30], Step [555/3735], Loss: 0.0018, Time:0.1297473907470703
Epoch [28/30], Step [655/3735], Loss: 0.0026, Time:0.13263845443725586
Epoch [28/30], Step [755/3735], Loss: 0.0455, Time:0.1507260799407959
Epoch [28/30], Step [855/3735], Loss: 0.0001, Time:0.17302274703979492
Epoch [28/30], Step [955/3735], Loss: 0.0004, Time:0.14111876487731934
Epoch [28/30], Step [1055/3735], Loss: 0.0005, Time:0.1475203037261963
Epoch [28/30], Step [1155/3735], Loss: 0.0107, Time:0.10959506034851074
Epoch [28/30], Step [1255/3735], Loss: 0.0001, Time:0.15699076652526855
Epoch [28/30], Step [1355/3735], Loss: 0.1192, Time:0.1403048038482666
Epoch [28/30], Step [1455/3735], Loss: 0.0084, Time:0.18074822425842285
Epoch [28/30], Step [1555/3735], Loss: 0.0071, Time:0.15169835090637207
Epoch [28/30], Step [1655/3735], Loss: 0.0100, Time:0.1466665267944336
Epoch [28/30], Step [1755/3735], Loss: 0.0042, Time:0.15372395515441895
Epoch [28/30], Step [1855/3735], Loss: 0.0117, Time:0.15657496452331543
Epoch [28/30], Step [1955/3735], Loss: 0.0166, Time:0.14609622955322266
Epoch [28/30], Step [2055/3735], Loss: 0.0013, Time:0.11683797836303711
Epoch [28/30], Step [2155/3735], Loss: 0.0001, Time:0.1441941261291504
Epoch [28/30], Step [2255/3735], Loss: 0.0137, Time:0.14984869956970215
Epoch [28/30], Step [2355/3735], Loss: 0.2166, Time:0.14705324172973633
Epoch [28/30], Step [2455/3735], Loss: 0.0075, Time:0.14295077323913574
Epoch [28/30], Step [2555/3735], Loss: 0.0751, Time:0.13186430931091309
Epoch [28/30], Step [2655/3735], Loss: 0.0067, Time:0.13562798500061035
Epoch [28/30], Step [2755/3735], Loss: 0.0016, Time:0.16553020477294922
Epoch [28/30], Step [2855/3735], Loss: 0.0524, Time:0.15468096733093262
Epoch [28/30], Step [2955/3735], Loss: 0.4527, Time:0.14458131790161133
Epoch [28/30], Step [3055/3735], Loss: 0.0017, Time:0.15709733963012695
Epoch [28/30], Step [3155/3735], Loss: 0.0047, Time:0.14642333984375
Epoch [28/30], Step [3255/3735], Loss: 0.0186, Time:0.15475082397460938
Epoch [28/30], Step [3355/3735], Loss: 1.0109, Time:0.12773346900939941
Epoch [28/30], Step [3455/3735], Loss: 0.0002, Time:0.21823740005493164
Epoch [28/30], Step [3555/3735], Loss: 0.0222, Time:0.16798162460327148
Epoch [28/30], Step [3655/3735], Loss: 0.0366, Time:0.1333169937133789
learning rate 0.0001905 -> 0.0001429
End of epoch28,Use time:409.30719327926636,the accuracy is 0.9847649137838707
Saving the latest model....
Epoch [29/30], Step [20/3735], Loss: 0.0067, Time:0.1416175365447998
Epoch [29/30], Step [120/3735], Loss: 0.0004, Time:0.15551996231079102
Epoch [29/30], Step [220/3735], Loss: 0.0000, Time:0.13541507720947266
Epoch [29/30], Step [320/3735], Loss: 0.0002, Time:0.16690945625305176
Epoch [29/30], Step [420/3735], Loss: 0.0006, Time:0.13528203964233398
Epoch [29/30], Step [520/3735], Loss: 0.0045, Time:0.13501715660095215
Epoch [29/30], Step [620/3735], Loss: 0.0067, Time:0.14278793334960938
Epoch [29/30], Step [720/3735], Loss: 0.0002, Time:0.15236353874206543
Epoch [29/30], Step [820/3735], Loss: 0.0035, Time:0.12901735305786133
Epoch [29/30], Step [920/3735], Loss: 0.0001, Time:0.14471030235290527
Epoch [29/30], Step [1020/3735], Loss: 0.0295, Time:0.16220784187316895
Epoch [29/30], Step [1120/3735], Loss: 0.0020, Time:0.1448383331298828
Epoch [29/30], Step [1220/3735], Loss: 0.0818, Time:0.1594104766845703
Epoch [29/30], Step [1320/3735], Loss: 0.0016, Time:0.13757634162902832
Epoch [29/30], Step [1420/3735], Loss: 0.0012, Time:0.13654446601867676
Epoch [29/30], Step [1520/3735], Loss: 0.0367, Time:0.16986894607543945
Epoch [29/30], Step [1620/3735], Loss: 0.0322, Time:0.14552950859069824
Epoch [29/30], Step [1720/3735], Loss: 0.0185, Time:0.12398219108581543
Epoch [29/30], Step [1820/3735], Loss: 0.0293, Time:0.16926121711730957
Epoch [29/30], Step [1920/3735], Loss: 0.0004, Time:0.1591503620147705
Epoch [29/30], Step [2020/3735], Loss: 0.0015, Time:0.15349197387695312
Epoch [29/30], Step [2120/3735], Loss: 0.0022, Time:0.1618211269378662
Epoch [29/30], Step [2220/3735], Loss: 0.0060, Time:0.14959239959716797
Epoch [29/30], Step [2320/3735], Loss: 0.0024, Time:0.1319293975830078
Epoch [29/30], Step [2420/3735], Loss: 0.0107, Time:0.11907100677490234
Epoch [29/30], Step [2520/3735], Loss: 0.0004, Time:0.1260077953338623
Epoch [29/30], Step [2620/3735], Loss: 0.0020, Time:0.10297298431396484
Epoch [29/30], Step [2720/3735], Loss: 0.0034, Time:0.12410950660705566
Epoch [29/30], Step [2820/3735], Loss: 0.0003, Time:0.13247394561767578
Epoch [29/30], Step [2920/3735], Loss: 0.0018, Time:0.14912128448486328
Epoch [29/30], Step [3020/3735], Loss: 0.1337, Time:0.14933443069458008
Epoch [29/30], Step [3120/3735], Loss: 0.4557, Time:0.15878844261169434
Epoch [29/30], Step [3220/3735], Loss: 0.0362, Time:0.16744494438171387
Epoch [29/30], Step [3320/3735], Loss: 0.0072, Time:0.13887333869934082
Epoch [29/30], Step [3420/3735], Loss: 0.0050, Time:0.1484818458557129
Epoch [29/30], Step [3520/3735], Loss: 0.0029, Time:0.14315533638000488
Epoch [29/30], Step [3620/3735], Loss: 0.0036, Time:0.1461787223815918
Epoch [29/30], Step [3720/3735], Loss: 0.0263, Time:0.1453697681427002
learning rate 0.0001429 -> 0.0000952
End of epoch29,Use time:408.4139504432678,the accuracy is 0.9859430223840634
Saving the latest model....
验证集数据总量： 8039 预测正确的数量： 6852
当前模型在验证集上的准确率为： 0.8523448190073393
当前模型在验证集上的F1-score为: 0.07409907627446816
Epoch [30/30], Step [85/3735], Loss: 0.0003, Time:0.14222478866577148
Epoch [30/30], Step [185/3735], Loss: 0.0159, Time:0.17939186096191406
Epoch [30/30], Step [285/3735], Loss: 0.0004, Time:0.1482832431793213
Epoch [30/30], Step [385/3735], Loss: 0.1933, Time:0.11797738075256348
Epoch [30/30], Step [485/3735], Loss: 0.0214, Time:0.1028292179107666
Epoch [30/30], Step [585/3735], Loss: 0.0059, Time:0.12082529067993164
Epoch [30/30], Step [685/3735], Loss: 0.1997, Time:0.1132972240447998
Epoch [30/30], Step [785/3735], Loss: 0.0009, Time:0.13797903060913086
Epoch [30/30], Step [885/3735], Loss: 0.0003, Time:0.14545869827270508
Epoch [30/30], Step [985/3735], Loss: 0.0733, Time:0.17312049865722656
Epoch [30/30], Step [1085/3735], Loss: 0.0000, Time:0.16795730590820312
Epoch [30/30], Step [1185/3735], Loss: 0.0001, Time:0.14866971969604492
Epoch [30/30], Step [1285/3735], Loss: 0.0551, Time:0.1588151454925537
Epoch [30/30], Step [1385/3735], Loss: 0.0003, Time:0.17365765571594238
Epoch [30/30], Step [1485/3735], Loss: 0.0015, Time:0.15521240234375
Epoch [30/30], Step [1585/3735], Loss: 0.0340, Time:0.16749000549316406
Epoch [30/30], Step [1685/3735], Loss: 0.0070, Time:0.14455699920654297
Epoch [30/30], Step [1785/3735], Loss: 0.0003, Time:0.13918590545654297
Epoch [30/30], Step [1885/3735], Loss: 0.0000, Time:0.15057015419006348
Epoch [30/30], Step [1985/3735], Loss: 0.0002, Time:0.17066287994384766
Epoch [30/30], Step [2085/3735], Loss: 0.0785, Time:0.17337942123413086
Epoch [30/30], Step [2185/3735], Loss: 0.0017, Time:0.1610107421875
Epoch [30/30], Step [2285/3735], Loss: 0.0507, Time:0.14714431762695312
Epoch [30/30], Step [2385/3735], Loss: 0.0059, Time:0.16437244415283203
Epoch [30/30], Step [2485/3735], Loss: 0.3251, Time:0.1415088176727295
Epoch [30/30], Step [2585/3735], Loss: 0.0004, Time:0.13598871231079102
Epoch [30/30], Step [2685/3735], Loss: 0.3099, Time:0.14869284629821777
Epoch [30/30], Step [2785/3735], Loss: 0.0000, Time:0.10774087905883789
Epoch [30/30], Step [2885/3735], Loss: 0.0019, Time:0.1333301067352295
Epoch [30/30], Step [2985/3735], Loss: 0.1707, Time:0.13225722312927246
Epoch [30/30], Step [3085/3735], Loss: 0.0016, Time:0.12459778785705566
Epoch [30/30], Step [3185/3735], Loss: 0.2245, Time:0.16474628448486328
Epoch [30/30], Step [3285/3735], Loss: 0.0001, Time:0.1628425121307373
Epoch [30/30], Step [3385/3735], Loss: 0.0008, Time:0.10590362548828125
Epoch [30/30], Step [3485/3735], Loss: 0.0007, Time:0.13709473609924316
Epoch [30/30], Step [3585/3735], Loss: 0.0323, Time:0.15740466117858887
Epoch [30/30], Step [3685/3735], Loss: 0.0002, Time:0.1603991985321045
learning rate 0.0000952 -> 0.0000476
End of epoch30,Use time:409.09177017211914,the accuracy is 0.986451751097783
Saving the latest model....
/home/pjian/pyd/DL/DL-hw3/Exp3_utils.py:99: UserWarning: Legend does not support [<matplotlib.lines.Line2D object at 0x7fed9cdf5a90>] instances.
A proxy artist may be used instead.
See: https://matplotlib.org/users/legend_guide.html#creating-artists-specifically-for-adding-to-the-legend-aka-proxy-artists
  plt.legend(lines,names,loc = 'lower right',fontsize = 10)
/home/pjian/pyd/DL/DL-hw3/Exp3_utils.py:99: UserWarning: Legend does not support [<matplotlib.lines.Line2D object at 0x7fed9cdf5d90>] instances.
A proxy artist may be used instead.
See: https://matplotlib.org/users/legend_guide.html#creating-artists-specifically-for-adding-to-the-legend-aka-proxy-artists
  plt.legend(lines,names,loc = 'lower right',fontsize = 10)
Output finished
Output finished
Output finished
Output finished
训练完成！
Traceback (most recent call last):
  File "/home/pjian/pyd/DL/DL-hw3/Exp3_Main.py", line 168, in <module>
    batch_size=config.batch_size,
  File "/home/pjian/pyd/DL/DL-hw3/Exp3_Main.py", line 96, in predict
    label = label.to(device)
  File "/home/pjian/anaconda3/envs/dl/lib/python3.9/site-packages/torch/utils/data/dataloader.py", line 521, in __next__
    data = self._next_data()
  File "/home/pjian/anaconda3/envs/dl/lib/python3.9/site-packages/torch/utils/data/dataloader.py", line 561, in _next_data
    data = self._dataset_fetcher.fetch(index)  # may raise StopIteration
  File "/home/pjian/anaconda3/envs/dl/lib/python3.9/site-packages/torch/utils/data/_utils/fetch.py", line 49, in fetch
    data = [self.dataset[idx] for idx in possibly_batched_index]
  File "/home/pjian/anaconda3/envs/dl/lib/python3.9/site-packages/torch/utils/data/_utils/fetch.py", line 49, in <listcomp>
    data = [self.dataset[idx] for idx in possibly_batched_index]
  File "/home/pjian/anaconda3/envs/dl/lib/python3.9/site-packages/torch/utils/data/dataset.py", line 69, in __getitem__
    raise NotImplementedError
NotImplementedError
