nohup: 忽略输入
Epoch [1/30], Step [100/3735], Loss: 2.4457, Time:0.09238219261169434
Epoch [1/30], Step [200/3735], Loss: 2.4264, Time:0.07875251770019531
Epoch [1/30], Step [300/3735], Loss: 4.1268, Time:0.0681617259979248
Epoch [1/30], Step [400/3735], Loss: 2.2795, Time:0.05123543739318848
Epoch [1/30], Step [500/3735], Loss: 3.8453, Time:0.07293081283569336
Epoch [1/30], Step [600/3735], Loss: 1.7422, Time:0.08412766456604004
Epoch [1/30], Step [700/3735], Loss: 1.9890, Time:0.0853123664855957
Epoch [1/30], Step [800/3735], Loss: 1.5840, Time:0.08127856254577637
Epoch [1/30], Step [900/3735], Loss: 2.4679, Time:0.08256006240844727
Epoch [1/30], Step [1000/3735], Loss: 2.1024, Time:0.06344938278198242
Epoch [1/30], Step [1100/3735], Loss: 1.7944, Time:0.06386613845825195
Epoch [1/30], Step [1200/3735], Loss: 1.5690, Time:0.07560205459594727
Epoch [1/30], Step [1300/3735], Loss: 2.1046, Time:0.06704044342041016
Epoch [1/30], Step [1400/3735], Loss: 4.2631, Time:0.08899545669555664
Epoch [1/30], Step [1500/3735], Loss: 2.4934, Time:0.07148003578186035
Epoch [1/30], Step [1600/3735], Loss: 1.8734, Time:0.06617116928100586
Epoch [1/30], Step [1700/3735], Loss: 0.6844, Time:0.07227873802185059
Epoch [1/30], Step [1800/3735], Loss: 2.6052, Time:0.0895681381225586
Epoch [1/30], Step [1900/3735], Loss: 0.8192, Time:0.08002233505249023
Epoch [1/30], Step [2000/3735], Loss: 1.4914, Time:0.07840800285339355
Epoch [1/30], Step [2100/3735], Loss: 3.4882, Time:0.06655550003051758
Epoch [1/30], Step [2200/3735], Loss: 1.3178, Time:0.056764841079711914
Epoch [1/30], Step [2300/3735], Loss: 1.3396, Time:0.09650588035583496
Epoch [1/30], Step [2400/3735], Loss: 1.4981, Time:0.08109903335571289
Epoch [1/30], Step [2500/3735], Loss: 1.7840, Time:0.08127641677856445
Epoch [1/30], Step [2600/3735], Loss: 1.3469, Time:0.0886697769165039
Epoch [1/30], Step [2700/3735], Loss: 1.4400, Time:0.07858514785766602
Epoch [1/30], Step [2800/3735], Loss: 0.9035, Time:0.07361102104187012
Epoch [1/30], Step [2900/3735], Loss: 0.7675, Time:0.08626461029052734
Epoch [1/30], Step [3000/3735], Loss: 0.6884, Time:0.08271217346191406
Epoch [1/30], Step [3100/3735], Loss: 0.3150, Time:0.08168363571166992
Epoch [1/30], Step [3200/3735], Loss: 1.0357, Time:0.059651851654052734
Epoch [1/30], Step [3300/3735], Loss: 1.3119, Time:0.06574010848999023
Epoch [1/30], Step [3400/3735], Loss: 1.6195, Time:0.08249497413635254
Epoch [1/30], Step [3500/3735], Loss: 1.3286, Time:0.0603940486907959
Epoch [1/30], Step [3600/3735], Loss: 1.1980, Time:0.056508541107177734
Epoch [1/30], Step [3700/3735], Loss: 1.2677, Time:0.09518241882324219
learning rate 0.0010000 -> 0.0010000
End of epoch1,Use time:237.6780993938446,the accuracy is 0.5035878761914963
Saving the latest model....
验证集数据总量： 8039 预测正确的数量： 5006
当前模型在验证集上的准确率为： 0.622714267943774
当前模型在验证集上的F1-score为: 0.04467862047089658
Epoch [2/30], Step [65/3735], Loss: 1.4512, Time:0.07853889465332031
Epoch [2/30], Step [165/3735], Loss: 1.1509, Time:0.09187126159667969
Epoch [2/30], Step [265/3735], Loss: 1.1515, Time:0.06917572021484375
Epoch [2/30], Step [365/3735], Loss: 2.3643, Time:0.0416104793548584
Epoch [2/30], Step [465/3735], Loss: 0.7099, Time:0.08835744857788086
Epoch [2/30], Step [565/3735], Loss: 0.8702, Time:0.0909879207611084
Epoch [2/30], Step [665/3735], Loss: 2.3785, Time:0.08874845504760742
Epoch [2/30], Step [765/3735], Loss: 0.5884, Time:0.09020280838012695
Epoch [2/30], Step [865/3735], Loss: 0.9737, Time:0.03424191474914551
Epoch [2/30], Step [965/3735], Loss: 0.9540, Time:0.09122443199157715
Epoch [2/30], Step [1065/3735], Loss: 1.4890, Time:0.08458495140075684
Epoch [2/30], Step [1165/3735], Loss: 0.6628, Time:0.09508275985717773
Epoch [2/30], Step [1265/3735], Loss: 0.8242, Time:0.07085442543029785
Epoch [2/30], Step [1365/3735], Loss: 1.5792, Time:0.07118058204650879
Epoch [2/30], Step [1465/3735], Loss: 0.5362, Time:0.09641480445861816
Epoch [2/30], Step [1565/3735], Loss: 1.7333, Time:0.09202384948730469
Epoch [2/30], Step [1665/3735], Loss: 1.5653, Time:0.08935284614562988
Epoch [2/30], Step [1765/3735], Loss: 1.0021, Time:0.07212162017822266
Epoch [2/30], Step [1865/3735], Loss: 0.5896, Time:0.05432391166687012
Epoch [2/30], Step [1965/3735], Loss: 0.3605, Time:0.03789973258972168
Epoch [2/30], Step [2065/3735], Loss: 1.0800, Time:0.09596109390258789
Epoch [2/30], Step [2165/3735], Loss: 0.4680, Time:0.08207440376281738
Epoch [2/30], Step [2265/3735], Loss: 0.8799, Time:0.06914114952087402
Epoch [2/30], Step [2365/3735], Loss: 2.6930, Time:0.07944703102111816
Epoch [2/30], Step [2465/3735], Loss: 0.8538, Time:0.0933537483215332
Epoch [2/30], Step [2565/3735], Loss: 1.9092, Time:0.06803369522094727
Epoch [2/30], Step [2665/3735], Loss: 0.5554, Time:0.07169389724731445
Epoch [2/30], Step [2765/3735], Loss: 1.3316, Time:0.06803703308105469
Epoch [2/30], Step [2865/3735], Loss: 2.0302, Time:0.05693697929382324
Epoch [2/30], Step [2965/3735], Loss: 1.7339, Time:0.08029556274414062
Epoch [2/30], Step [3065/3735], Loss: 0.7903, Time:0.08280181884765625
Epoch [2/30], Step [3165/3735], Loss: 1.2956, Time:0.0681755542755127
Epoch [2/30], Step [3265/3735], Loss: 0.3620, Time:0.10227656364440918
Epoch [2/30], Step [3365/3735], Loss: 0.6777, Time:0.04908585548400879
Epoch [2/30], Step [3465/3735], Loss: 1.6945, Time:0.06593918800354004
Epoch [2/30], Step [3565/3735], Loss: 1.4923, Time:0.08444452285766602
Epoch [2/30], Step [3665/3735], Loss: 0.8275, Time:0.08328604698181152
learning rate 0.0010000 -> 0.0010000
End of epoch2,Use time:234.30511283874512,the accuracy is 0.6893809574809896
Saving the latest model....
Epoch [3/30], Step [30/3735], Loss: 0.7612, Time:0.0765070915222168
Epoch [3/30], Step [130/3735], Loss: 0.2382, Time:0.06363296508789062
Epoch [3/30], Step [230/3735], Loss: 0.5516, Time:0.0930640697479248
Epoch [3/30], Step [330/3735], Loss: 2.0571, Time:0.06165337562561035
Epoch [3/30], Step [430/3735], Loss: 0.6151, Time:0.07017374038696289
Epoch [3/30], Step [530/3735], Loss: 0.6640, Time:0.09649872779846191
Epoch [3/30], Step [630/3735], Loss: 0.4467, Time:0.06532144546508789
Epoch [3/30], Step [730/3735], Loss: 0.7995, Time:0.09404444694519043
Epoch [3/30], Step [830/3735], Loss: 0.7613, Time:0.07196664810180664
Epoch [3/30], Step [930/3735], Loss: 0.4371, Time:0.05784726142883301
Epoch [3/30], Step [1030/3735], Loss: 0.4954, Time:0.07973742485046387
Epoch [3/30], Step [1130/3735], Loss: 0.7813, Time:0.062087059020996094
Epoch [3/30], Step [1230/3735], Loss: 1.4784, Time:0.04342794418334961
Epoch [3/30], Step [1330/3735], Loss: 2.1324, Time:0.04018259048461914
Epoch [3/30], Step [1430/3735], Loss: 0.4144, Time:0.05281209945678711
Epoch [3/30], Step [1530/3735], Loss: 0.2260, Time:0.04240870475769043
Epoch [3/30], Step [1630/3735], Loss: 0.7372, Time:0.05090451240539551
Epoch [3/30], Step [1730/3735], Loss: 0.9304, Time:0.0693819522857666
Epoch [3/30], Step [1830/3735], Loss: 1.0931, Time:0.06780505180358887
Epoch [3/30], Step [1930/3735], Loss: 1.7201, Time:0.0749516487121582
Epoch [3/30], Step [2030/3735], Loss: 1.2075, Time:0.07558536529541016
Epoch [3/30], Step [2130/3735], Loss: 0.5332, Time:0.0612947940826416
Epoch [3/30], Step [2230/3735], Loss: 0.4681, Time:0.09911489486694336
Epoch [3/30], Step [2330/3735], Loss: 0.5409, Time:0.06393814086914062
Epoch [3/30], Step [2430/3735], Loss: 1.6879, Time:0.0921328067779541
Epoch [3/30], Step [2530/3735], Loss: 0.7645, Time:0.07756495475769043
Epoch [3/30], Step [2630/3735], Loss: 0.3651, Time:0.06341028213500977
Epoch [3/30], Step [2730/3735], Loss: 0.7196, Time:0.07838726043701172
Epoch [3/30], Step [2830/3735], Loss: 0.2654, Time:0.06734275817871094
Epoch [3/30], Step [2930/3735], Loss: 0.9054, Time:0.07741999626159668
Epoch [3/30], Step [3030/3735], Loss: 0.6287, Time:0.06395268440246582
Epoch [3/30], Step [3130/3735], Loss: 0.9984, Time:0.08107733726501465
Epoch [3/30], Step [3230/3735], Loss: 0.9077, Time:0.08569979667663574
Epoch [3/30], Step [3330/3735], Loss: 0.4895, Time:0.0878150463104248
Epoch [3/30], Step [3430/3735], Loss: 0.9450, Time:0.06630587577819824
Epoch [3/30], Step [3530/3735], Loss: 0.7268, Time:0.06970977783203125
Epoch [3/30], Step [3630/3735], Loss: 0.3226, Time:0.07303571701049805
Epoch [3/30], Step [3730/3735], Loss: 0.2687, Time:0.05442929267883301
learning rate 0.0010000 -> 0.0010000
End of epoch3,Use time:232.0564525127411,the accuracy is 0.7543643568598051
Saving the latest model....
验证集数据总量： 8039 预测正确的数量： 6120
当前模型在验证集上的准确率为： 0.7612887175021769
当前模型在验证集上的F1-score为: 0.0611329383396212
Epoch [4/30], Step [95/3735], Loss: 0.3022, Time:0.10305213928222656
Epoch [4/30], Step [195/3735], Loss: 1.0413, Time:0.06950616836547852
Epoch [4/30], Step [295/3735], Loss: 0.8813, Time:0.07650232315063477
Epoch [4/30], Step [395/3735], Loss: 0.8792, Time:0.07530331611633301
Epoch [4/30], Step [495/3735], Loss: 1.7244, Time:0.06391453742980957
Epoch [4/30], Step [595/3735], Loss: 1.8704, Time:0.09971880912780762
Epoch [4/30], Step [695/3735], Loss: 0.1838, Time:0.0403132438659668
Epoch [4/30], Step [795/3735], Loss: 0.6396, Time:0.07212543487548828
Epoch [4/30], Step [895/3735], Loss: 0.6829, Time:0.08244609832763672
Epoch [4/30], Step [995/3735], Loss: 0.8796, Time:0.08995270729064941
Epoch [4/30], Step [1095/3735], Loss: 0.6984, Time:0.07928156852722168
Epoch [4/30], Step [1195/3735], Loss: 0.5369, Time:0.07273602485656738
Epoch [4/30], Step [1295/3735], Loss: 0.9941, Time:0.07731008529663086
Epoch [4/30], Step [1395/3735], Loss: 0.8456, Time:0.08471488952636719
Epoch [4/30], Step [1495/3735], Loss: 0.3152, Time:0.06489133834838867
Epoch [4/30], Step [1595/3735], Loss: 0.2279, Time:0.0688784122467041
Epoch [4/30], Step [1695/3735], Loss: 1.7042, Time:0.0860588550567627
Epoch [4/30], Step [1795/3735], Loss: 1.3516, Time:0.07867264747619629
Epoch [4/30], Step [1895/3735], Loss: 0.2842, Time:0.09679102897644043
Epoch [4/30], Step [1995/3735], Loss: 0.8260, Time:0.06380367279052734
Epoch [4/30], Step [2095/3735], Loss: 1.7585, Time:0.040747642517089844
Epoch [4/30], Step [2195/3735], Loss: 0.9989, Time:0.06622195243835449
Epoch [4/30], Step [2295/3735], Loss: 0.2290, Time:0.05735039710998535
Epoch [4/30], Step [2395/3735], Loss: 1.3623, Time:0.06277751922607422
Epoch [4/30], Step [2495/3735], Loss: 0.9716, Time:0.09164023399353027
Epoch [4/30], Step [2595/3735], Loss: 0.8136, Time:0.10164546966552734
Epoch [4/30], Step [2695/3735], Loss: 1.1532, Time:0.08321213722229004
Epoch [4/30], Step [2795/3735], Loss: 1.0612, Time:0.07791924476623535
Epoch [4/30], Step [2895/3735], Loss: 0.6557, Time:0.08150434494018555
Epoch [4/30], Step [2995/3735], Loss: 0.4836, Time:0.05101895332336426
Epoch [4/30], Step [3095/3735], Loss: 1.6021, Time:0.07885909080505371
Epoch [4/30], Step [3195/3735], Loss: 0.4980, Time:0.08694863319396973
Epoch [4/30], Step [3295/3735], Loss: 0.4785, Time:0.08789396286010742
Epoch [4/30], Step [3395/3735], Loss: 0.5298, Time:0.07188725471496582
Epoch [4/30], Step [3495/3735], Loss: 0.3323, Time:0.08326435089111328
Epoch [4/30], Step [3595/3735], Loss: 0.3565, Time:0.07152485847473145
Epoch [4/30], Step [3695/3735], Loss: 1.7115, Time:0.08199143409729004
learning rate 0.0010000 -> 0.0010000
End of epoch4,Use time:233.10728096961975,the accuracy is 0.7941255221163115
Saving the latest model....
Epoch [5/30], Step [60/3735], Loss: 0.6643, Time:0.07970643043518066
Epoch [5/30], Step [160/3735], Loss: 0.5452, Time:0.0424344539642334
Epoch [5/30], Step [260/3735], Loss: 0.3095, Time:0.0681915283203125
Epoch [5/30], Step [360/3735], Loss: 0.2041, Time:0.06348776817321777
Epoch [5/30], Step [460/3735], Loss: 0.3591, Time:0.04079413414001465
Epoch [5/30], Step [560/3735], Loss: 0.6115, Time:0.07284069061279297
Epoch [5/30], Step [660/3735], Loss: 1.5337, Time:0.0807802677154541
Epoch [5/30], Step [760/3735], Loss: 0.7925, Time:0.0790407657623291
Epoch [5/30], Step [860/3735], Loss: 0.8847, Time:0.09189224243164062
Epoch [5/30], Step [960/3735], Loss: 2.1320, Time:0.08819150924682617
Epoch [5/30], Step [1060/3735], Loss: 1.8731, Time:0.07227420806884766
Epoch [5/30], Step [1160/3735], Loss: 1.5013, Time:0.06460165977478027
Epoch [5/30], Step [1260/3735], Loss: 0.7093, Time:0.07455658912658691
Epoch [5/30], Step [1360/3735], Loss: 0.2031, Time:0.06942033767700195
Epoch [5/30], Step [1460/3735], Loss: 0.7057, Time:0.07827281951904297
Epoch [5/30], Step [1560/3735], Loss: 1.4228, Time:0.04728364944458008
Epoch [5/30], Step [1660/3735], Loss: 0.4548, Time:0.07179594039916992
Epoch [5/30], Step [1760/3735], Loss: 0.6798, Time:0.06506848335266113
Epoch [5/30], Step [1860/3735], Loss: 0.3944, Time:0.044358253479003906
Epoch [5/30], Step [1960/3735], Loss: 1.1543, Time:0.08782505989074707
Epoch [5/30], Step [2060/3735], Loss: 1.1763, Time:0.04242730140686035
Epoch [5/30], Step [2160/3735], Loss: 0.5145, Time:0.07634377479553223
Epoch [5/30], Step [2260/3735], Loss: 0.6660, Time:0.0803372859954834
Epoch [5/30], Step [2360/3735], Loss: 0.1883, Time:0.07100200653076172
Epoch [5/30], Step [2460/3735], Loss: 0.4770, Time:0.06735944747924805
Epoch [5/30], Step [2560/3735], Loss: 0.3848, Time:0.10587596893310547
Epoch [5/30], Step [2660/3735], Loss: 0.4660, Time:0.08007454872131348
Epoch [5/30], Step [2760/3735], Loss: 0.6866, Time:0.05125236511230469
Epoch [5/30], Step [2860/3735], Loss: 0.7007, Time:0.048058271408081055
Epoch [5/30], Step [2960/3735], Loss: 0.5126, Time:0.03879213333129883
Epoch [5/30], Step [3060/3735], Loss: 1.1327, Time:0.0946805477142334
Epoch [5/30], Step [3160/3735], Loss: 0.6371, Time:0.08188462257385254
Epoch [5/30], Step [3260/3735], Loss: 0.3572, Time:0.07138800621032715
Epoch [5/30], Step [3360/3735], Loss: 0.6756, Time:0.07173800468444824
Epoch [5/30], Step [3460/3735], Loss: 0.3178, Time:0.09354758262634277
Epoch [5/30], Step [3560/3735], Loss: 0.4065, Time:0.07913804054260254
Epoch [5/30], Step [3660/3735], Loss: 0.0860, Time:0.057982444763183594
learning rate 0.0010000 -> 0.0010000
End of epoch5,Use time:231.4655270576477,the accuracy is 0.8213023455071222
Saving the latest model....
验证集数据总量： 8039 预测正确的数量： 6401
当前模型在验证集上的准确率为： 0.7962433138450056
当前模型在验证集上的F1-score为: 0.06574703683146006
Epoch [6/30], Step [25/3735], Loss: 0.9776, Time:0.07338404655456543
Epoch [6/30], Step [125/3735], Loss: 1.0527, Time:0.06630229949951172
Epoch [6/30], Step [225/3735], Loss: 0.7124, Time:0.14309477806091309
Epoch [6/30], Step [325/3735], Loss: 0.8866, Time:0.1017611026763916
Epoch [6/30], Step [425/3735], Loss: 0.9860, Time:0.10120201110839844
Epoch [6/30], Step [525/3735], Loss: 0.1328, Time:0.05612969398498535
Epoch [6/30], Step [625/3735], Loss: 0.7604, Time:0.08636474609375
Epoch [6/30], Step [725/3735], Loss: 0.3311, Time:0.0906229019165039
Epoch [6/30], Step [825/3735], Loss: 0.1973, Time:0.05648946762084961
Epoch [6/30], Step [925/3735], Loss: 0.2041, Time:0.07858467102050781
Epoch [6/30], Step [1025/3735], Loss: 0.9915, Time:0.039417266845703125
Epoch [6/30], Step [1125/3735], Loss: 0.8115, Time:0.04227781295776367
Epoch [6/30], Step [1225/3735], Loss: 0.1409, Time:0.06772923469543457
Epoch [6/30], Step [1325/3735], Loss: 1.0461, Time:0.060357093811035156
Epoch [6/30], Step [1425/3735], Loss: 0.2225, Time:0.09288525581359863
Epoch [6/30], Step [1525/3735], Loss: 0.2341, Time:0.08614754676818848
Epoch [6/30], Step [1625/3735], Loss: 0.1338, Time:0.06549715995788574
Epoch [6/30], Step [1725/3735], Loss: 0.5421, Time:0.05791139602661133
Epoch [6/30], Step [1825/3735], Loss: 0.4110, Time:0.06967639923095703
Epoch [6/30], Step [1925/3735], Loss: 0.3613, Time:0.08500409126281738
Epoch [6/30], Step [2025/3735], Loss: 0.7798, Time:0.09157633781433105
Epoch [6/30], Step [2125/3735], Loss: 0.8213, Time:0.10639762878417969
Epoch [6/30], Step [2225/3735], Loss: 0.4665, Time:0.0681295394897461
Epoch [6/30], Step [2325/3735], Loss: 0.0222, Time:0.08406782150268555
Epoch [6/30], Step [2425/3735], Loss: 0.3596, Time:0.07913017272949219
Epoch [6/30], Step [2525/3735], Loss: 0.0939, Time:0.04727005958557129
Epoch [6/30], Step [2625/3735], Loss: 0.3242, Time:0.0830073356628418
Epoch [6/30], Step [2725/3735], Loss: 2.4000, Time:0.05978655815124512
Epoch [6/30], Step [2825/3735], Loss: 0.1558, Time:0.08731365203857422
Epoch [6/30], Step [2925/3735], Loss: 0.6879, Time:0.06392049789428711
Epoch [6/30], Step [3025/3735], Loss: 0.4506, Time:0.08133935928344727
Epoch [6/30], Step [3125/3735], Loss: 0.2309, Time:0.08458232879638672
Epoch [6/30], Step [3225/3735], Loss: 0.2352, Time:0.05270695686340332
Epoch [6/30], Step [3325/3735], Loss: 0.4801, Time:0.09030008316040039
Epoch [6/30], Step [3425/3735], Loss: 0.2915, Time:0.09464669227600098
Epoch [6/30], Step [3525/3735], Loss: 0.4663, Time:0.0605626106262207
Epoch [6/30], Step [3625/3735], Loss: 0.8906, Time:0.06339907646179199
Epoch [6/30], Step [3725/3735], Loss: 0.6235, Time:0.044826507568359375
learning rate 0.0010000 -> 0.0010000
End of epoch6,Use time:232.09742069244385,the accuracy is 0.8456945485702045
Saving the latest model....
Epoch [7/30], Step [90/3735], Loss: 0.2481, Time:0.08718109130859375
Epoch [7/30], Step [190/3735], Loss: 0.2503, Time:0.05160379409790039
Epoch [7/30], Step [290/3735], Loss: 0.5076, Time:0.056381940841674805
Epoch [7/30], Step [390/3735], Loss: 0.5019, Time:0.029547691345214844
Epoch [7/30], Step [490/3735], Loss: 0.2733, Time:0.07477951049804688
Epoch [7/30], Step [590/3735], Loss: 0.3633, Time:0.0814821720123291
Epoch [7/30], Step [690/3735], Loss: 0.2980, Time:0.06477856636047363
Epoch [7/30], Step [790/3735], Loss: 0.7853, Time:0.08811259269714355
Epoch [7/30], Step [890/3735], Loss: 0.5111, Time:0.05838918685913086
Epoch [7/30], Step [990/3735], Loss: 1.0543, Time:0.05379986763000488
Epoch [7/30], Step [1090/3735], Loss: 0.0310, Time:0.08320045471191406
Epoch [7/30], Step [1190/3735], Loss: 0.6266, Time:0.11809992790222168
Epoch [7/30], Step [1290/3735], Loss: 0.6457, Time:0.11872363090515137
Epoch [7/30], Step [1390/3735], Loss: 0.2061, Time:0.0712132453918457
Epoch [7/30], Step [1490/3735], Loss: 0.6827, Time:0.07413530349731445
Epoch [7/30], Step [1590/3735], Loss: 0.2545, Time:0.035269975662231445
Epoch [7/30], Step [1690/3735], Loss: 1.1090, Time:0.05572628974914551
Epoch [7/30], Step [1790/3735], Loss: 1.0316, Time:0.06822013854980469
Epoch [7/30], Step [1890/3735], Loss: 0.7097, Time:0.09111976623535156
Epoch [7/30], Step [1990/3735], Loss: 0.2223, Time:0.08057498931884766
Epoch [7/30], Step [2090/3735], Loss: 0.4484, Time:0.054503440856933594
Epoch [7/30], Step [2190/3735], Loss: 0.3267, Time:0.04903984069824219
Epoch [7/30], Step [2290/3735], Loss: 0.0421, Time:0.0665445327758789
Epoch [7/30], Step [2390/3735], Loss: 0.2634, Time:0.07026100158691406
Epoch [7/30], Step [2490/3735], Loss: 0.2251, Time:0.07978510856628418
Epoch [7/30], Step [2590/3735], Loss: 0.3440, Time:0.07335591316223145
Epoch [7/30], Step [2690/3735], Loss: 0.2350, Time:0.09033823013305664
Epoch [7/30], Step [2790/3735], Loss: 0.3341, Time:0.08232522010803223
Epoch [7/30], Step [2890/3735], Loss: 0.7411, Time:0.0652313232421875
Epoch [7/30], Step [2990/3735], Loss: 0.7511, Time:0.0668630599975586
Epoch [7/30], Step [3090/3735], Loss: 0.0841, Time:0.0805654525756836
Epoch [7/30], Step [3190/3735], Loss: 1.2525, Time:0.07506465911865234
Epoch [7/30], Step [3290/3735], Loss: 0.2007, Time:0.07799959182739258
Epoch [7/30], Step [3390/3735], Loss: 0.2087, Time:0.10003209114074707
Epoch [7/30], Step [3490/3735], Loss: 0.3220, Time:0.07516646385192871
Epoch [7/30], Step [3590/3735], Loss: 0.0608, Time:0.07718801498413086
Epoch [7/30], Step [3690/3735], Loss: 0.0156, Time:0.07124805450439453
learning rate 0.0010000 -> 0.0010000
End of epoch7,Use time:231.50585079193115,the accuracy is 0.8648388133233372
Saving the latest model....
验证集数据总量： 8039 预测正确的数量： 6587
当前模型在验证集上的准确率为： 0.8193805199651698
当前模型在验证集上的F1-score为: 0.06950676831662524
Epoch [8/30], Step [55/3735], Loss: 0.5149, Time:0.08402061462402344
Epoch [8/30], Step [155/3735], Loss: 0.0501, Time:0.08339071273803711
Epoch [8/30], Step [255/3735], Loss: 0.3154, Time:0.07205843925476074
Epoch [8/30], Step [355/3735], Loss: 0.5139, Time:0.08008146286010742
Epoch [8/30], Step [455/3735], Loss: 0.1584, Time:0.0788581371307373
Epoch [8/30], Step [555/3735], Loss: 0.0333, Time:0.07559514045715332
Epoch [8/30], Step [655/3735], Loss: 0.3844, Time:0.051811933517456055
Epoch [8/30], Step [755/3735], Loss: 0.0242, Time:0.0885002613067627
Epoch [8/30], Step [855/3735], Loss: 0.1023, Time:0.09896969795227051
Epoch [8/30], Step [955/3735], Loss: 0.3102, Time:0.08762836456298828
Epoch [8/30], Step [1055/3735], Loss: 1.5762, Time:0.06875896453857422
Epoch [8/30], Step [1155/3735], Loss: 0.7577, Time:0.06628274917602539
Epoch [8/30], Step [1255/3735], Loss: 0.4742, Time:0.08637046813964844
Epoch [8/30], Step [1355/3735], Loss: 0.7539, Time:0.07750725746154785
Epoch [8/30], Step [1455/3735], Loss: 0.2279, Time:0.10536980628967285
Epoch [8/30], Step [1555/3735], Loss: 0.6347, Time:0.0683131217956543
Epoch [8/30], Step [1655/3735], Loss: 0.2526, Time:0.10381460189819336
Epoch [8/30], Step [1755/3735], Loss: 0.1685, Time:0.07576608657836914
Epoch [8/30], Step [1855/3735], Loss: 0.2181, Time:0.0767812728881836
Epoch [8/30], Step [1955/3735], Loss: 0.3170, Time:0.11236953735351562
Epoch [8/30], Step [2055/3735], Loss: 0.9898, Time:0.06740069389343262
Epoch [8/30], Step [2155/3735], Loss: 0.2376, Time:0.08394575119018555
Epoch [8/30], Step [2255/3735], Loss: 0.5358, Time:0.07955026626586914
Epoch [8/30], Step [2355/3735], Loss: 0.3309, Time:0.0794687271118164
Epoch [8/30], Step [2455/3735], Loss: 0.0700, Time:0.07305550575256348
Epoch [8/30], Step [2555/3735], Loss: 0.3212, Time:0.042371511459350586
Epoch [8/30], Step [2655/3735], Loss: 1.0241, Time:0.08062219619750977
Epoch [8/30], Step [2755/3735], Loss: 0.2801, Time:0.08553075790405273
Epoch [8/30], Step [2855/3735], Loss: 0.3812, Time:0.08136177062988281
Epoch [8/30], Step [2955/3735], Loss: 0.3991, Time:0.0685880184173584
Epoch [8/30], Step [3055/3735], Loss: 0.1219, Time:0.08479475975036621
Epoch [8/30], Step [3155/3735], Loss: 0.6532, Time:0.07194066047668457
Epoch [8/30], Step [3255/3735], Loss: 0.4010, Time:0.060994863510131836
Epoch [8/30], Step [3355/3735], Loss: 1.2050, Time:0.0705561637878418
Epoch [8/30], Step [3455/3735], Loss: 0.1308, Time:0.08763718605041504
Epoch [8/30], Step [3555/3735], Loss: 0.1098, Time:0.06297540664672852
Epoch [8/30], Step [3655/3735], Loss: 0.3218, Time:0.08191967010498047
learning rate 0.0010000 -> 0.0010000
End of epoch8,Use time:233.40078926086426,the accuracy is 0.8807968298168577
Saving the latest model....
Epoch [9/30], Step [20/3735], Loss: 0.6992, Time:0.07561635971069336
Epoch [9/30], Step [120/3735], Loss: 0.0640, Time:0.05861353874206543
Epoch [9/30], Step [220/3735], Loss: 0.0599, Time:0.06473278999328613
Epoch [9/30], Step [320/3735], Loss: 0.1077, Time:0.0952296257019043
Epoch [9/30], Step [420/3735], Loss: 0.1963, Time:0.09177660942077637
Epoch [9/30], Step [520/3735], Loss: 0.1552, Time:0.06829476356506348
Epoch [9/30], Step [620/3735], Loss: 0.5527, Time:0.07404971122741699
Epoch [9/30], Step [720/3735], Loss: 0.5689, Time:0.10311460494995117
Epoch [9/30], Step [820/3735], Loss: 0.6215, Time:0.07634592056274414
Epoch [9/30], Step [920/3735], Loss: 0.5150, Time:0.0673973560333252
Epoch [9/30], Step [1020/3735], Loss: 0.6060, Time:0.05122017860412598
Epoch [9/30], Step [1120/3735], Loss: 0.1491, Time:0.05655622482299805
Epoch [9/30], Step [1220/3735], Loss: 0.3115, Time:0.07194137573242188
Epoch [9/30], Step [1320/3735], Loss: 0.6178, Time:0.08607983589172363
Epoch [9/30], Step [1420/3735], Loss: 0.6535, Time:0.07544350624084473
Epoch [9/30], Step [1520/3735], Loss: 0.8475, Time:0.09128952026367188
Epoch [9/30], Step [1620/3735], Loss: 0.4149, Time:0.07746696472167969
Epoch [9/30], Step [1720/3735], Loss: 0.2409, Time:0.07882046699523926
Epoch [9/30], Step [1820/3735], Loss: 0.5803, Time:0.08471965789794922
Epoch [9/30], Step [1920/3735], Loss: 0.6326, Time:0.08539080619812012
Epoch [9/30], Step [2020/3735], Loss: 0.3819, Time:0.08413410186767578
Epoch [9/30], Step [2120/3735], Loss: 0.2492, Time:0.06254863739013672
Epoch [9/30], Step [2220/3735], Loss: 0.1458, Time:0.0545656681060791
Epoch [9/30], Step [2320/3735], Loss: 0.1141, Time:0.06688928604125977
Epoch [9/30], Step [2420/3735], Loss: 0.0668, Time:0.06383633613586426
Epoch [9/30], Step [2520/3735], Loss: 0.0194, Time:0.04585003852844238
Epoch [9/30], Step [2620/3735], Loss: 0.1162, Time:0.06668281555175781
Epoch [9/30], Step [2720/3735], Loss: 0.1050, Time:0.07235598564147949
Epoch [9/30], Step [2820/3735], Loss: 0.1662, Time:0.06655597686767578
Epoch [9/30], Step [2920/3735], Loss: 0.2556, Time:0.0866544246673584
Epoch [9/30], Step [3020/3735], Loss: 0.9728, Time:0.07834148406982422
Epoch [9/30], Step [3120/3735], Loss: 0.2503, Time:0.0821237564086914
Epoch [9/30], Step [3220/3735], Loss: 0.3772, Time:0.09827399253845215
Epoch [9/30], Step [3320/3735], Loss: 0.0181, Time:0.05773568153381348
Epoch [9/30], Step [3420/3735], Loss: 0.1969, Time:0.08260726928710938
Epoch [9/30], Step [3520/3735], Loss: 0.2722, Time:0.05916023254394531
Epoch [9/30], Step [3620/3735], Loss: 0.2491, Time:0.09373354911804199
Epoch [9/30], Step [3720/3735], Loss: 0.1580, Time:0.06519174575805664
learning rate 0.0010000 -> 0.0010000
End of epoch9,Use time:232.80241656303406,the accuracy is 0.893836350005355
Saving the latest model....
验证集数据总量： 8039 预测正确的数量： 6618
当前模型在验证集上的准确率为： 0.8232367209851972
当前模型在验证集上的F1-score为: 0.06990477350810749
Epoch [10/30], Step [85/3735], Loss: 0.6779, Time:0.03718996047973633
Epoch [10/30], Step [185/3735], Loss: 0.3587, Time:0.08881235122680664
Epoch [10/30], Step [285/3735], Loss: 0.8241, Time:0.08454251289367676
Epoch [10/30], Step [385/3735], Loss: 0.4481, Time:0.0690145492553711
Epoch [10/30], Step [485/3735], Loss: 0.1151, Time:0.07489800453186035
Epoch [10/30], Step [585/3735], Loss: 0.5462, Time:0.07400035858154297
Epoch [10/30], Step [685/3735], Loss: 0.2052, Time:0.07468724250793457
Epoch [10/30], Step [785/3735], Loss: 0.2976, Time:0.0823214054107666
Epoch [10/30], Step [885/3735], Loss: 0.6029, Time:0.0836186408996582
Epoch [10/30], Step [985/3735], Loss: 1.6982, Time:0.06532907485961914
Epoch [10/30], Step [1085/3735], Loss: 0.0629, Time:0.08840155601501465
Epoch [10/30], Step [1185/3735], Loss: 0.4879, Time:0.07374739646911621
Epoch [10/30], Step [1285/3735], Loss: 0.5374, Time:0.08057188987731934
Epoch [10/30], Step [1385/3735], Loss: 0.0458, Time:0.09002399444580078
Epoch [10/30], Step [1485/3735], Loss: 0.0724, Time:0.07665753364562988
Epoch [10/30], Step [1585/3735], Loss: 0.3681, Time:0.10018277168273926
Epoch [10/30], Step [1685/3735], Loss: 0.1191, Time:0.08345818519592285
Epoch [10/30], Step [1785/3735], Loss: 0.1850, Time:0.06493663787841797
Epoch [10/30], Step [1885/3735], Loss: 0.0052, Time:0.09435749053955078
Epoch [10/30], Step [1985/3735], Loss: 0.1893, Time:0.09062004089355469
Epoch [10/30], Step [2085/3735], Loss: 0.2471, Time:0.08928751945495605
Epoch [10/30], Step [2185/3735], Loss: 0.3609, Time:0.0846102237701416
Epoch [10/30], Step [2285/3735], Loss: 1.0678, Time:0.07673358917236328
Epoch [10/30], Step [2385/3735], Loss: 0.0160, Time:0.05414128303527832
Epoch [10/30], Step [2485/3735], Loss: 0.0317, Time:0.07461166381835938
Epoch [10/30], Step [2585/3735], Loss: 0.1237, Time:0.07322049140930176
Epoch [10/30], Step [2685/3735], Loss: 0.5908, Time:0.07981324195861816
Epoch [10/30], Step [2785/3735], Loss: 0.0000, Time:0.09158039093017578
Epoch [10/30], Step [2885/3735], Loss: 0.3432, Time:0.07500505447387695
Epoch [10/30], Step [2985/3735], Loss: 0.3266, Time:0.04044032096862793
Epoch [10/30], Step [3085/3735], Loss: 0.1920, Time:0.044724464416503906
Epoch [10/30], Step [3185/3735], Loss: 0.2112, Time:0.10082864761352539
Epoch [10/30], Step [3285/3735], Loss: 0.1502, Time:0.0906972885131836
Epoch [10/30], Step [3385/3735], Loss: 0.1978, Time:0.03631424903869629
Epoch [10/30], Step [3485/3735], Loss: 0.0504, Time:0.03881382942199707
Epoch [10/30], Step [3585/3735], Loss: 0.1831, Time:0.06191658973693848
Epoch [10/30], Step [3685/3735], Loss: 0.2993, Time:0.09178805351257324
learning rate 0.0010000 -> 0.0010000
End of epoch10,Use time:231.3033890724182,the accuracy is 0.9041448002570419
Saving the latest model....
Epoch [11/30], Step [50/3735], Loss: 0.3508, Time:0.07943272590637207
Epoch [11/30], Step [150/3735], Loss: 0.0935, Time:0.0664980411529541
Epoch [11/30], Step [250/3735], Loss: 0.7229, Time:0.08549833297729492
Epoch [11/30], Step [350/3735], Loss: 0.5109, Time:0.09141945838928223
Epoch [11/30], Step [450/3735], Loss: 0.1805, Time:0.06659817695617676
Epoch [11/30], Step [550/3735], Loss: 0.2132, Time:0.07378768920898438
Epoch [11/30], Step [650/3735], Loss: 0.5766, Time:0.10550475120544434
Epoch [11/30], Step [750/3735], Loss: 0.0025, Time:0.07018589973449707
Epoch [11/30], Step [850/3735], Loss: 0.0221, Time:0.0348203182220459
Epoch [11/30], Step [950/3735], Loss: 0.3148, Time:0.04531741142272949
Epoch [11/30], Step [1050/3735], Loss: 0.5556, Time:0.06141328811645508
Epoch [11/30], Step [1150/3735], Loss: 0.1341, Time:0.06657028198242188
Epoch [11/30], Step [1250/3735], Loss: 0.3996, Time:0.06325197219848633
Epoch [11/30], Step [1350/3735], Loss: 0.1842, Time:0.09503030776977539
Epoch [11/30], Step [1450/3735], Loss: 1.4163, Time:0.08484148979187012
Epoch [11/30], Step [1550/3735], Loss: 0.2453, Time:0.08717799186706543
Epoch [11/30], Step [1650/3735], Loss: 0.0198, Time:0.056374311447143555
Epoch [11/30], Step [1750/3735], Loss: 0.0678, Time:0.08120512962341309
Epoch [11/30], Step [1850/3735], Loss: 0.0097, Time:0.09889483451843262
Epoch [11/30], Step [1950/3735], Loss: 0.0602, Time:0.07071733474731445
Epoch [11/30], Step [2050/3735], Loss: 0.0672, Time:0.05815625190734863
Epoch [11/30], Step [2150/3735], Loss: 0.1880, Time:0.0614933967590332
Epoch [11/30], Step [2250/3735], Loss: 0.3755, Time:0.06909990310668945
Epoch [11/30], Step [2350/3735], Loss: 0.2659, Time:0.08447074890136719
Epoch [11/30], Step [2450/3735], Loss: 0.1916, Time:0.0667412281036377
Epoch [11/30], Step [2550/3735], Loss: 0.2885, Time:0.09186553955078125
Epoch [11/30], Step [2650/3735], Loss: 0.5055, Time:0.08050251007080078
Epoch [11/30], Step [2750/3735], Loss: 0.6753, Time:0.05627584457397461
Epoch [11/30], Step [2850/3735], Loss: 0.1775, Time:0.07441473007202148
Epoch [11/30], Step [2950/3735], Loss: 0.2457, Time:0.07674551010131836
Epoch [11/30], Step [3050/3735], Loss: 1.0298, Time:0.07292652130126953
Epoch [11/30], Step [3150/3735], Loss: 0.4445, Time:0.07202816009521484
Epoch [11/30], Step [3250/3735], Loss: 0.2369, Time:0.07944846153259277
Epoch [11/30], Step [3350/3735], Loss: 0.7508, Time:0.09432744979858398
Epoch [11/30], Step [3450/3735], Loss: 0.1051, Time:0.06131720542907715
Epoch [11/30], Step [3550/3735], Loss: 0.0640, Time:0.07244110107421875
Epoch [11/30], Step [3650/3735], Loss: 0.4376, Time:0.09112095832824707
learning rate 0.0010000 -> 0.0009524
End of epoch11,Use time:231.99338483810425,the accuracy is 0.911775730962836
Saving the latest model....
验证集数据总量： 8039 预测正确的数量： 6664
当前模型在验证集上的准确率为： 0.8289588257245926
当前模型在验证集上的F1-score为: 0.07064743834024839
Epoch [12/30], Step [15/3735], Loss: 0.0582, Time:0.08346152305603027
Epoch [12/30], Step [115/3735], Loss: 0.1670, Time:0.06710219383239746
Epoch [12/30], Step [215/3735], Loss: 0.1891, Time:0.07100105285644531
Epoch [12/30], Step [315/3735], Loss: 0.1580, Time:0.06794929504394531
Epoch [12/30], Step [415/3735], Loss: 0.0822, Time:0.0888068675994873
Epoch [12/30], Step [515/3735], Loss: 0.2379, Time:0.05152440071105957
Epoch [12/30], Step [615/3735], Loss: 0.0755, Time:0.10723590850830078
Epoch [12/30], Step [715/3735], Loss: 0.0509, Time:0.08428359031677246
Epoch [12/30], Step [815/3735], Loss: 0.1208, Time:0.09334325790405273
Epoch [12/30], Step [915/3735], Loss: 0.2670, Time:0.08532595634460449
Epoch [12/30], Step [1015/3735], Loss: 0.1655, Time:0.08852815628051758
Epoch [12/30], Step [1115/3735], Loss: 0.2246, Time:0.08945894241333008
Epoch [12/30], Step [1215/3735], Loss: 0.4621, Time:0.07492828369140625
Epoch [12/30], Step [1315/3735], Loss: 0.0225, Time:0.06043839454650879
Epoch [12/30], Step [1415/3735], Loss: 0.0083, Time:0.08840799331665039
Epoch [12/30], Step [1515/3735], Loss: 0.4306, Time:0.0681455135345459
Epoch [12/30], Step [1615/3735], Loss: 0.0340, Time:0.04281926155090332
Epoch [12/30], Step [1715/3735], Loss: 0.3160, Time:0.07011866569519043
Epoch [12/30], Step [1815/3735], Loss: 0.2372, Time:0.06112217903137207
Epoch [12/30], Step [1915/3735], Loss: 0.1285, Time:0.06167769432067871
Epoch [12/30], Step [2015/3735], Loss: 0.0113, Time:0.08893728256225586
Epoch [12/30], Step [2115/3735], Loss: 0.1325, Time:0.05332684516906738
Epoch [12/30], Step [2215/3735], Loss: 0.2718, Time:0.08553528785705566
Epoch [12/30], Step [2315/3735], Loss: 0.0288, Time:0.08454275131225586
Epoch [12/30], Step [2415/3735], Loss: 0.0383, Time:0.08076715469360352
Epoch [12/30], Step [2515/3735], Loss: 1.3716, Time:0.08387136459350586
Epoch [12/30], Step [2615/3735], Loss: 0.1858, Time:0.08725690841674805
Epoch [12/30], Step [2715/3735], Loss: 0.3563, Time:0.062188148498535156
Epoch [12/30], Step [2815/3735], Loss: 0.1469, Time:0.057531118392944336
Epoch [12/30], Step [2915/3735], Loss: 0.1996, Time:0.10612130165100098
Epoch [12/30], Step [3015/3735], Loss: 0.2499, Time:0.0878438949584961
Epoch [12/30], Step [3115/3735], Loss: 0.0820, Time:0.06604599952697754
Epoch [12/30], Step [3215/3735], Loss: 0.1666, Time:0.08862996101379395
Epoch [12/30], Step [3315/3735], Loss: 1.2942, Time:0.03313302993774414
Epoch [12/30], Step [3415/3735], Loss: 0.1806, Time:0.061387062072753906
Epoch [12/30], Step [3515/3735], Loss: 0.5555, Time:0.07377219200134277
Epoch [12/30], Step [3615/3735], Loss: 0.2336, Time:0.06197929382324219
Epoch [12/30], Step [3715/3735], Loss: 0.5285, Time:0.0881795883178711
learning rate 0.0009524 -> 0.0009048
End of epoch12,Use time:233.2175896167755,the accuracy is 0.9180946770911428
Saving the latest model....
Epoch [13/30], Step [80/3735], Loss: 0.0778, Time:0.09804344177246094
Epoch [13/30], Step [180/3735], Loss: 0.0141, Time:0.07663583755493164
Epoch [13/30], Step [280/3735], Loss: 0.1516, Time:0.05914449691772461
Epoch [13/30], Step [380/3735], Loss: 0.0442, Time:0.10254764556884766
Epoch [13/30], Step [480/3735], Loss: 0.4937, Time:0.06597590446472168
Epoch [13/30], Step [580/3735], Loss: 0.0273, Time:0.09115314483642578
Epoch [13/30], Step [680/3735], Loss: 0.1276, Time:0.07391166687011719
Epoch [13/30], Step [780/3735], Loss: 0.4119, Time:0.14049839973449707
Epoch [13/30], Step [880/3735], Loss: 0.2841, Time:0.08146357536315918
Epoch [13/30], Step [980/3735], Loss: 0.2100, Time:0.06334114074707031
Epoch [13/30], Step [1080/3735], Loss: 0.7485, Time:0.07964277267456055
Epoch [13/30], Step [1180/3735], Loss: 0.0691, Time:0.09983372688293457
Epoch [13/30], Step [1280/3735], Loss: 0.6631, Time:0.07093024253845215
Epoch [13/30], Step [1380/3735], Loss: 0.0071, Time:0.0706489086151123
Epoch [13/30], Step [1480/3735], Loss: 0.0951, Time:0.08679080009460449
Epoch [13/30], Step [1580/3735], Loss: 0.2087, Time:0.0748748779296875
Epoch [13/30], Step [1680/3735], Loss: 0.0001, Time:0.08384513854980469
Epoch [13/30], Step [1780/3735], Loss: 0.1119, Time:0.0696706771850586
Epoch [13/30], Step [1880/3735], Loss: 0.2997, Time:0.06387186050415039
Epoch [13/30], Step [1980/3735], Loss: 0.0326, Time:0.07210755348205566
Epoch [13/30], Step [2080/3735], Loss: 0.1845, Time:0.09650397300720215
Epoch [13/30], Step [2180/3735], Loss: 0.0170, Time:0.07123064994812012
Epoch [13/30], Step [2280/3735], Loss: 0.1036, Time:0.054125308990478516
Epoch [13/30], Step [2380/3735], Loss: 0.2336, Time:0.08370232582092285
Epoch [13/30], Step [2480/3735], Loss: 0.0025, Time:0.08700704574584961
Epoch [13/30], Step [2580/3735], Loss: 0.2570, Time:0.07425260543823242
Epoch [13/30], Step [2680/3735], Loss: 0.1658, Time:0.0757761001586914
Epoch [13/30], Step [2780/3735], Loss: 0.6451, Time:0.050096988677978516
Epoch [13/30], Step [2880/3735], Loss: 0.9426, Time:0.07428407669067383
Epoch [13/30], Step [2980/3735], Loss: 0.1290, Time:0.08606529235839844
Epoch [13/30], Step [3080/3735], Loss: 0.0223, Time:0.08027386665344238
Epoch [13/30], Step [3180/3735], Loss: 0.1467, Time:0.05984067916870117
Epoch [13/30], Step [3280/3735], Loss: 0.1495, Time:0.05465435981750488
Epoch [13/30], Step [3380/3735], Loss: 0.0064, Time:0.10278487205505371
Epoch [13/30], Step [3480/3735], Loss: 0.0809, Time:0.0576479434967041
Epoch [13/30], Step [3580/3735], Loss: 0.1222, Time:0.07149887084960938
Epoch [13/30], Step [3680/3735], Loss: 0.0132, Time:0.06707048416137695
learning rate 0.0009048 -> 0.0008571
End of epoch13,Use time:233.88809967041016,the accuracy is 0.9282960265609939
Saving the latest model....
验证集数据总量： 8039 预测正确的数量： 6744
当前模型在验证集上的准确率为： 0.838910312227889
当前模型在验证集上的F1-score为: 0.07219994738748545
Epoch [14/30], Step [45/3735], Loss: 0.3195, Time:0.07936549186706543
Epoch [14/30], Step [145/3735], Loss: 0.9145, Time:0.07394552230834961
Epoch [14/30], Step [245/3735], Loss: 0.0003, Time:0.07521581649780273
Epoch [14/30], Step [345/3735], Loss: 0.0861, Time:0.09615111351013184
Epoch [14/30], Step [445/3735], Loss: 0.0837, Time:0.05327939987182617
Epoch [14/30], Step [545/3735], Loss: 0.0001, Time:0.04948592185974121
Epoch [14/30], Step [645/3735], Loss: 0.1103, Time:0.09774971008300781
Epoch [14/30], Step [745/3735], Loss: 0.0537, Time:0.06245136260986328
Epoch [14/30], Step [845/3735], Loss: 0.0995, Time:0.08393526077270508
Epoch [14/30], Step [945/3735], Loss: 0.4248, Time:0.07263350486755371
Epoch [14/30], Step [1045/3735], Loss: 0.2541, Time:0.0739142894744873
Epoch [14/30], Step [1145/3735], Loss: 0.0248, Time:0.06755495071411133
Epoch [14/30], Step [1245/3735], Loss: 0.4937, Time:0.045389652252197266
Epoch [14/30], Step [1345/3735], Loss: 0.0609, Time:0.06181502342224121
Epoch [14/30], Step [1445/3735], Loss: 0.3330, Time:0.08155941963195801
saving the latest model (epoch 13, total_iters 500000)
Epoch [14/30], Step [1545/3735], Loss: 0.1504, Time:0.07033324241638184
Epoch [14/30], Step [1645/3735], Loss: 0.0183, Time:0.07647848129272461
Epoch [14/30], Step [1745/3735], Loss: 0.0956, Time:0.08260345458984375
Epoch [14/30], Step [1845/3735], Loss: 0.0717, Time:0.06766676902770996
Epoch [14/30], Step [1945/3735], Loss: 0.1035, Time:0.09983277320861816
Epoch [14/30], Step [2045/3735], Loss: 0.4674, Time:0.0817413330078125
Epoch [14/30], Step [2145/3735], Loss: 0.0010, Time:0.04601311683654785
Epoch [14/30], Step [2245/3735], Loss: 0.0677, Time:0.05874228477478027
Epoch [14/30], Step [2345/3735], Loss: 0.5635, Time:0.07481098175048828
Epoch [14/30], Step [2445/3735], Loss: 0.2084, Time:0.08151364326477051
Epoch [14/30], Step [2545/3735], Loss: 0.2119, Time:0.1295785903930664
Epoch [14/30], Step [2645/3735], Loss: 0.2327, Time:0.08671689033508301
Epoch [14/30], Step [2745/3735], Loss: 0.5408, Time:0.0761561393737793
Epoch [14/30], Step [2845/3735], Loss: 0.0192, Time:0.06699705123901367
Epoch [14/30], Step [2945/3735], Loss: 0.4297, Time:0.06985068321228027
Epoch [14/30], Step [3045/3735], Loss: 0.2652, Time:0.048877716064453125
Epoch [14/30], Step [3145/3735], Loss: 0.0778, Time:0.09846162796020508
Epoch [14/30], Step [3245/3735], Loss: 0.4259, Time:0.08162903785705566
Epoch [14/30], Step [3345/3735], Loss: 0.0022, Time:0.0824592113494873
Epoch [14/30], Step [3445/3735], Loss: 0.2619, Time:0.05715489387512207
Epoch [14/30], Step [3545/3735], Loss: 0.3870, Time:0.07041621208190918
Epoch [14/30], Step [3645/3735], Loss: 0.1318, Time:0.09223556518554688
learning rate 0.0008571 -> 0.0008095
End of epoch14,Use time:233.30723237991333,the accuracy is 0.933035236157224
Saving the latest model....
Epoch [15/30], Step [10/3735], Loss: 0.0825, Time:0.037763118743896484
Epoch [15/30], Step [110/3735], Loss: 0.0057, Time:0.10861444473266602
Epoch [15/30], Step [210/3735], Loss: 0.1143, Time:0.08499312400817871
Epoch [15/30], Step [310/3735], Loss: 0.0866, Time:0.09029793739318848
Epoch [15/30], Step [410/3735], Loss: 0.2568, Time:0.09421038627624512
Epoch [15/30], Step [510/3735], Loss: 0.1859, Time:0.06270670890808105
Epoch [15/30], Step [610/3735], Loss: 0.0734, Time:0.04228663444519043
Epoch [15/30], Step [710/3735], Loss: 0.3654, Time:0.0961461067199707
Epoch [15/30], Step [810/3735], Loss: 0.0242, Time:0.03965139389038086
Epoch [15/30], Step [910/3735], Loss: 0.1828, Time:0.0751047134399414
Epoch [15/30], Step [1010/3735], Loss: 0.3014, Time:0.07763814926147461
Epoch [15/30], Step [1110/3735], Loss: 0.3903, Time:0.09975028038024902
Epoch [15/30], Step [1210/3735], Loss: 0.0803, Time:0.06125831604003906
Epoch [15/30], Step [1310/3735], Loss: 0.1001, Time:0.06278800964355469
Epoch [15/30], Step [1410/3735], Loss: 0.2325, Time:0.10542631149291992
Epoch [15/30], Step [1510/3735], Loss: 0.0266, Time:0.0969994068145752
Epoch [15/30], Step [1610/3735], Loss: 0.1379, Time:0.07338547706604004
Epoch [15/30], Step [1710/3735], Loss: 0.6427, Time:0.08254408836364746
Epoch [15/30], Step [1810/3735], Loss: 0.1038, Time:0.052150726318359375
Epoch [15/30], Step [1910/3735], Loss: 0.0307, Time:0.07506537437438965
Epoch [15/30], Step [2010/3735], Loss: 0.6939, Time:0.0805356502532959
Epoch [15/30], Step [2110/3735], Loss: 0.1593, Time:0.07962894439697266
Epoch [15/30], Step [2210/3735], Loss: 0.0954, Time:0.0827798843383789
Epoch [15/30], Step [2310/3735], Loss: 0.1093, Time:0.09200763702392578
Epoch [15/30], Step [2410/3735], Loss: 0.0149, Time:0.06770014762878418
Epoch [15/30], Step [2510/3735], Loss: 0.0052, Time:0.04641437530517578
Epoch [15/30], Step [2610/3735], Loss: 0.0015, Time:0.07131600379943848
Epoch [15/30], Step [2710/3735], Loss: 0.0031, Time:0.07729768753051758
Epoch [15/30], Step [2810/3735], Loss: 0.2781, Time:0.07427406311035156
Epoch [15/30], Step [2910/3735], Loss: 0.7057, Time:0.07261896133422852
Epoch [15/30], Step [3010/3735], Loss: 0.3215, Time:0.06950998306274414
Epoch [15/30], Step [3110/3735], Loss: 0.2171, Time:0.07827305793762207
Epoch [15/30], Step [3210/3735], Loss: 0.0002, Time:0.07299256324768066
Epoch [15/30], Step [3310/3735], Loss: 1.6930, Time:0.07761740684509277
Epoch [15/30], Step [3410/3735], Loss: 0.0749, Time:0.0608670711517334
Epoch [15/30], Step [3510/3735], Loss: 0.3785, Time:0.04952859878540039
Epoch [15/30], Step [3610/3735], Loss: 0.3152, Time:0.06406736373901367
Epoch [15/30], Step [3710/3735], Loss: 0.1608, Time:0.05370664596557617
learning rate 0.0008095 -> 0.0007619
End of epoch15,Use time:232.74489879608154,the accuracy is 0.940692942058477
Saving the latest model....
验证集数据总量： 8039 预测正确的数量： 6793
当前模型在验证集上的准确率为： 0.8450055977111581
当前模型在验证集上的F1-score为: 0.0732527090647548
Epoch [16/30], Step [75/3735], Loss: 0.0853, Time:0.04590916633605957
Epoch [16/30], Step [175/3735], Loss: 0.0758, Time:0.07314705848693848
Epoch [16/30], Step [275/3735], Loss: 0.0256, Time:0.05142688751220703
Epoch [16/30], Step [375/3735], Loss: 0.0217, Time:0.04531455039978027
Epoch [16/30], Step [475/3735], Loss: 0.1828, Time:0.03712964057922363
Epoch [16/30], Step [575/3735], Loss: 0.1435, Time:0.042724609375
Epoch [16/30], Step [675/3735], Loss: 0.0052, Time:0.044058799743652344
Epoch [16/30], Step [775/3735], Loss: 0.0057, Time:0.04707646369934082
Epoch [16/30], Step [875/3735], Loss: 0.6419, Time:0.036322593688964844
Epoch [16/30], Step [975/3735], Loss: 0.1354, Time:0.043557167053222656
Epoch [16/30], Step [1075/3735], Loss: 0.0294, Time:0.051839590072631836
Epoch [16/30], Step [1175/3735], Loss: 0.6777, Time:0.049916744232177734
Epoch [16/30], Step [1275/3735], Loss: 0.5511, Time:0.05146074295043945
Epoch [16/30], Step [1375/3735], Loss: 0.0001, Time:0.047136783599853516
Epoch [16/30], Step [1475/3735], Loss: 0.3409, Time:0.04293322563171387
Epoch [16/30], Step [1575/3735], Loss: 0.1358, Time:0.042669057846069336
Epoch [16/30], Step [1675/3735], Loss: 0.2870, Time:0.04331207275390625
Epoch [16/30], Step [1775/3735], Loss: 0.0655, Time:0.05348992347717285
Epoch [16/30], Step [1875/3735], Loss: 0.0390, Time:0.04908347129821777
Epoch [16/30], Step [1975/3735], Loss: 0.0041, Time:0.03776240348815918
Epoch [16/30], Step [2075/3735], Loss: 0.4910, Time:0.03936600685119629
Epoch [16/30], Step [2175/3735], Loss: 0.2329, Time:0.05554509162902832
Epoch [16/30], Step [2275/3735], Loss: 0.0388, Time:0.05555558204650879
Epoch [16/30], Step [2375/3735], Loss: 0.0011, Time:0.0340731143951416
Epoch [16/30], Step [2475/3735], Loss: 0.0199, Time:0.0368192195892334
Epoch [16/30], Step [2575/3735], Loss: 0.0167, Time:0.025912761688232422
Epoch [16/30], Step [2675/3735], Loss: 0.1327, Time:0.09016108512878418
Epoch [16/30], Step [2775/3735], Loss: 0.0661, Time:0.09545421600341797
Epoch [16/30], Step [2875/3735], Loss: 0.0429, Time:0.09011459350585938
Epoch [16/30], Step [2975/3735], Loss: 0.0182, Time:0.0705270767211914
Epoch [16/30], Step [3075/3735], Loss: 0.0132, Time:0.08605313301086426
Epoch [16/30], Step [3175/3735], Loss: 0.2038, Time:0.03798985481262207
Epoch [16/30], Step [3275/3735], Loss: 0.0473, Time:0.0854496955871582
Epoch [16/30], Step [3375/3735], Loss: 0.0012, Time:0.07984018325805664
Epoch [16/30], Step [3475/3735], Loss: 0.2394, Time:0.05925583839416504
Epoch [16/30], Step [3575/3735], Loss: 0.1184, Time:0.07210850715637207
Epoch [16/30], Step [3675/3735], Loss: 0.5270, Time:0.08393621444702148
learning rate 0.0007619 -> 0.0007143
End of epoch16,Use time:173.24809384346008,the accuracy is 0.9458873299775088
Saving the latest model....
Epoch [17/30], Step [40/3735], Loss: 0.0005, Time:0.04339122772216797
Epoch [17/30], Step [140/3735], Loss: 0.4466, Time:0.08109807968139648
Epoch [17/30], Step [240/3735], Loss: 0.0023, Time:0.07795548439025879
Epoch [17/30], Step [340/3735], Loss: 0.0018, Time:0.06839346885681152
Epoch [17/30], Step [440/3735], Loss: 0.0006, Time:0.029014110565185547
Epoch [17/30], Step [540/3735], Loss: 0.0046, Time:0.12320280075073242
Epoch [17/30], Step [640/3735], Loss: 0.1195, Time:0.08095335960388184
Epoch [17/30], Step [740/3735], Loss: 0.4622, Time:0.08260774612426758
Epoch [17/30], Step [840/3735], Loss: 0.0943, Time:0.055649518966674805
Epoch [17/30], Step [940/3735], Loss: 0.1163, Time:0.049538612365722656
Epoch [17/30], Step [1040/3735], Loss: 0.6227, Time:0.09297561645507812
Epoch [17/30], Step [1140/3735], Loss: 0.0021, Time:0.06662321090698242
Epoch [17/30], Step [1240/3735], Loss: 0.7182, Time:0.09228754043579102
Epoch [17/30], Step [1340/3735], Loss: 0.0220, Time:0.0888204574584961
Epoch [17/30], Step [1440/3735], Loss: 0.1349, Time:0.07827043533325195
Epoch [17/30], Step [1540/3735], Loss: 0.7700, Time:0.07970333099365234
Epoch [17/30], Step [1640/3735], Loss: 0.1737, Time:0.062209367752075195
Epoch [17/30], Step [1740/3735], Loss: 0.0046, Time:0.07532477378845215
Epoch [17/30], Step [1840/3735], Loss: 0.0187, Time:0.07697796821594238
Epoch [17/30], Step [1940/3735], Loss: 0.0078, Time:0.056116342544555664
Epoch [17/30], Step [2040/3735], Loss: 0.0070, Time:0.06693863868713379
Epoch [17/30], Step [2140/3735], Loss: 0.7586, Time:0.07972097396850586
Epoch [17/30], Step [2240/3735], Loss: 0.3208, Time:0.08221936225891113
Epoch [17/30], Step [2340/3735], Loss: 0.0025, Time:0.07593917846679688
Epoch [17/30], Step [2440/3735], Loss: 0.2696, Time:0.11752581596374512
Epoch [17/30], Step [2540/3735], Loss: 0.1186, Time:0.11047482490539551
Epoch [17/30], Step [2640/3735], Loss: 0.6391, Time:0.07434391975402832
Epoch [17/30], Step [2740/3735], Loss: 0.3850, Time:0.1054837703704834
Epoch [17/30], Step [2840/3735], Loss: 0.3719, Time:0.09115839004516602
Epoch [17/30], Step [2940/3735], Loss: 0.1243, Time:0.08822059631347656
Epoch [17/30], Step [3040/3735], Loss: 0.6312, Time:0.07088899612426758
Epoch [17/30], Step [3140/3735], Loss: 0.0445, Time:0.07832098007202148
Epoch [17/30], Step [3240/3735], Loss: 0.0232, Time:0.04366660118103027
Epoch [17/30], Step [3340/3735], Loss: 0.0027, Time:0.03291773796081543
Epoch [17/30], Step [3440/3735], Loss: 0.0828, Time:0.07776331901550293
Epoch [17/30], Step [3540/3735], Loss: 0.0423, Time:0.09634566307067871
Epoch [17/30], Step [3640/3735], Loss: 0.0376, Time:0.05292463302612305
learning rate 0.0007143 -> 0.0006667
End of epoch17,Use time:230.66828560829163,the accuracy is 0.9521259505194388
Saving the latest model....
验证集数据总量： 8039 预测正确的数量： 6808
当前模型在验证集上的准确率为： 0.8468715014305261
当前模型在验证集上的F1-score为: 0.07354963014074253
Epoch [18/30], Step [5/3735], Loss: 0.2864, Time:0.06426882743835449
Epoch [18/30], Step [105/3735], Loss: 0.0083, Time:0.07810711860656738
Epoch [18/30], Step [205/3735], Loss: 0.1368, Time:0.08794736862182617
Epoch [18/30], Step [305/3735], Loss: 0.0082, Time:0.06278324127197266
Epoch [18/30], Step [405/3735], Loss: 0.0174, Time:0.11688423156738281
Epoch [18/30], Step [505/3735], Loss: 0.0121, Time:0.08391833305358887
Epoch [18/30], Step [605/3735], Loss: 0.6289, Time:0.0558772087097168
Epoch [18/30], Step [705/3735], Loss: 0.0733, Time:0.07058501243591309
Epoch [18/30], Step [805/3735], Loss: 0.5507, Time:0.06678605079650879
Epoch [18/30], Step [905/3735], Loss: 0.1563, Time:0.09286665916442871
Epoch [18/30], Step [1005/3735], Loss: 0.0984, Time:0.07785534858703613
Epoch [18/30], Step [1105/3735], Loss: 0.0062, Time:0.07576823234558105
Epoch [18/30], Step [1205/3735], Loss: 0.0059, Time:0.07766938209533691
Epoch [18/30], Step [1305/3735], Loss: 0.0224, Time:0.0794825553894043
Epoch [18/30], Step [1405/3735], Loss: 0.4372, Time:0.07533001899719238
Epoch [18/30], Step [1505/3735], Loss: 0.0796, Time:0.06863760948181152
Epoch [18/30], Step [1605/3735], Loss: 0.0038, Time:0.08791399002075195
Epoch [18/30], Step [1705/3735], Loss: 0.0652, Time:0.08692479133605957
Epoch [18/30], Step [1805/3735], Loss: 0.2475, Time:0.07454252243041992
Epoch [18/30], Step [1905/3735], Loss: 0.0510, Time:0.09843301773071289
Epoch [18/30], Step [2005/3735], Loss: 0.0026, Time:0.07516694068908691
Epoch [18/30], Step [2105/3735], Loss: 0.0663, Time:0.08200716972351074
Epoch [18/30], Step [2205/3735], Loss: 0.0561, Time:0.05303812026977539
Epoch [18/30], Step [2305/3735], Loss: 0.4147, Time:0.08350133895874023
Epoch [18/30], Step [2405/3735], Loss: 0.0049, Time:0.0786440372467041
Epoch [18/30], Step [2505/3735], Loss: 0.2271, Time:0.07198691368103027
Epoch [18/30], Step [2605/3735], Loss: 0.0732, Time:0.0800011157989502
Epoch [18/30], Step [2705/3735], Loss: 0.1136, Time:0.0713188648223877
Epoch [18/30], Step [2805/3735], Loss: 0.0032, Time:0.06992387771606445
Epoch [18/30], Step [2905/3735], Loss: 0.0549, Time:0.04812026023864746
Epoch [18/30], Step [3005/3735], Loss: 0.2385, Time:0.06559109687805176
Epoch [18/30], Step [3105/3735], Loss: 0.5456, Time:0.08703398704528809
Epoch [18/30], Step [3205/3735], Loss: 0.0001, Time:0.07056474685668945
Epoch [18/30], Step [3305/3735], Loss: 0.1169, Time:0.08477950096130371
Epoch [18/30], Step [3405/3735], Loss: 0.0457, Time:0.055997371673583984
Epoch [18/30], Step [3505/3735], Loss: 0.3070, Time:0.03770017623901367
Epoch [18/30], Step [3605/3735], Loss: 0.0410, Time:0.02540278434753418
Epoch [18/30], Step [3705/3735], Loss: 0.1754, Time:0.04471993446350098
learning rate 0.0006667 -> 0.0006190
End of epoch18,Use time:231.70800161361694,the accuracy is 0.9572935632430116
Saving the latest model....
Epoch [19/30], Step [70/3735], Loss: 0.1517, Time:0.0753943920135498
Epoch [19/30], Step [170/3735], Loss: 0.5280, Time:0.09371232986450195
Epoch [19/30], Step [270/3735], Loss: 0.0384, Time:0.08008694648742676
Epoch [19/30], Step [370/3735], Loss: 0.2947, Time:0.09972286224365234
Epoch [19/30], Step [470/3735], Loss: 0.2051, Time:0.0800776481628418
Epoch [19/30], Step [570/3735], Loss: 0.2181, Time:0.07012653350830078
Epoch [19/30], Step [670/3735], Loss: 0.0027, Time:0.07549023628234863
Epoch [19/30], Step [770/3735], Loss: 0.0520, Time:0.10869431495666504
Epoch [19/30], Step [870/3735], Loss: 0.0285, Time:0.07024359703063965
Epoch [19/30], Step [970/3735], Loss: 0.2758, Time:0.0726933479309082
Epoch [19/30], Step [1070/3735], Loss: 0.1013, Time:0.06786727905273438
Epoch [19/30], Step [1170/3735], Loss: 0.2404, Time:0.055684566497802734
Epoch [19/30], Step [1270/3735], Loss: 0.1077, Time:0.07924342155456543
Epoch [19/30], Step [1370/3735], Loss: 0.2753, Time:0.06824803352355957
Epoch [19/30], Step [1470/3735], Loss: 0.0998, Time:0.06369590759277344
Epoch [19/30], Step [1570/3735], Loss: 0.0044, Time:0.0875706672668457
Epoch [19/30], Step [1670/3735], Loss: 0.0038, Time:0.06591320037841797
Epoch [19/30], Step [1770/3735], Loss: 0.0460, Time:0.04437589645385742
Epoch [19/30], Step [1870/3735], Loss: 0.7224, Time:0.032044172286987305
Epoch [19/30], Step [1970/3735], Loss: 0.0006, Time:0.08560609817504883
Epoch [19/30], Step [2070/3735], Loss: 0.0013, Time:0.09460282325744629
Epoch [19/30], Step [2170/3735], Loss: 0.0187, Time:0.09985637664794922
Epoch [19/30], Step [2270/3735], Loss: 0.0651, Time:0.08265066146850586
Epoch [19/30], Step [2370/3735], Loss: 0.2888, Time:0.06565499305725098
Epoch [19/30], Step [2470/3735], Loss: 0.1769, Time:0.06983757019042969
Epoch [19/30], Step [2570/3735], Loss: 0.0502, Time:0.034728288650512695
Epoch [19/30], Step [2670/3735], Loss: 0.0001, Time:0.06121087074279785
Epoch [19/30], Step [2770/3735], Loss: 0.3410, Time:0.05242776870727539
Epoch [19/30], Step [2870/3735], Loss: 0.0102, Time:0.07839298248291016
Epoch [19/30], Step [2970/3735], Loss: 0.4259, Time:0.09614944458007812
Epoch [19/30], Step [3070/3735], Loss: 0.0343, Time:0.09534645080566406
Epoch [19/30], Step [3170/3735], Loss: 0.0292, Time:0.06425595283508301
Epoch [19/30], Step [3270/3735], Loss: 0.0099, Time:0.08966922760009766
Epoch [19/30], Step [3370/3735], Loss: 0.5363, Time:0.06704044342041016
Epoch [19/30], Step [3470/3735], Loss: 0.0011, Time:0.0992121696472168
Epoch [19/30], Step [3570/3735], Loss: 0.0019, Time:0.0671687126159668
Epoch [19/30], Step [3670/3735], Loss: 0.0459, Time:0.13296198844909668
learning rate 0.0006190 -> 0.0005714
End of epoch19,Use time:230.64828252792358,the accuracy is 0.9616846952982757
Saving the latest model....
验证集数据总量： 8039 预测正确的数量： 6782
当前模型在验证集上的准确率为： 0.8436372683169548
当前模型在验证集上的F1-score为: 0.0732075279858112
Epoch [20/30], Step [35/3735], Loss: 0.0007, Time:0.08739948272705078
Epoch [20/30], Step [135/3735], Loss: 0.8165, Time:0.07161092758178711
Epoch [20/30], Step [235/3735], Loss: 0.0798, Time:0.06842327117919922
Epoch [20/30], Step [335/3735], Loss: 0.0081, Time:0.0862421989440918
Epoch [20/30], Step [435/3735], Loss: 0.7107, Time:0.08693909645080566
Epoch [20/30], Step [535/3735], Loss: 0.1210, Time:0.0592961311340332
Epoch [20/30], Step [635/3735], Loss: 0.0175, Time:0.07007884979248047
Epoch [20/30], Step [735/3735], Loss: 0.0251, Time:0.06131124496459961
Epoch [20/30], Step [835/3735], Loss: 0.0016, Time:0.07132077217102051
Epoch [20/30], Step [935/3735], Loss: 0.0834, Time:0.05970406532287598
Epoch [20/30], Step [1035/3735], Loss: 0.2345, Time:0.07878446578979492
Epoch [20/30], Step [1135/3735], Loss: 0.1353, Time:0.09313535690307617
Epoch [20/30], Step [1235/3735], Loss: 0.0569, Time:0.06876802444458008
Epoch [20/30], Step [1335/3735], Loss: 0.0090, Time:0.0701150894165039
Epoch [20/30], Step [1435/3735], Loss: 0.0039, Time:0.05398368835449219
Epoch [20/30], Step [1535/3735], Loss: 0.0081, Time:0.038413286209106445
Epoch [20/30], Step [1635/3735], Loss: 0.6649, Time:0.10008049011230469
Epoch [20/30], Step [1735/3735], Loss: 0.0452, Time:0.10565519332885742
Epoch [20/30], Step [1835/3735], Loss: 0.0454, Time:0.08992409706115723
Epoch [20/30], Step [1935/3735], Loss: 0.1191, Time:0.08915472030639648
Epoch [20/30], Step [2035/3735], Loss: 0.2146, Time:0.06703305244445801
Epoch [20/30], Step [2135/3735], Loss: 0.0481, Time:0.09673905372619629
Epoch [20/30], Step [2235/3735], Loss: 0.3233, Time:0.08134317398071289
Epoch [20/30], Step [2335/3735], Loss: 0.0015, Time:0.0879511833190918
Epoch [20/30], Step [2435/3735], Loss: 0.0064, Time:0.09626555442810059
Epoch [20/30], Step [2535/3735], Loss: 0.0878, Time:0.08082723617553711
Epoch [20/30], Step [2635/3735], Loss: 0.0086, Time:0.09272432327270508
Epoch [20/30], Step [2735/3735], Loss: 0.1552, Time:0.053674936294555664
Epoch [20/30], Step [2835/3735], Loss: 0.0197, Time:0.08966469764709473
Epoch [20/30], Step [2935/3735], Loss: 0.0273, Time:0.08037662506103516
Epoch [20/30], Step [3035/3735], Loss: 0.0342, Time:0.07667183876037598
Epoch [20/30], Step [3135/3735], Loss: 0.0436, Time:0.07384967803955078
Epoch [20/30], Step [3235/3735], Loss: 0.0013, Time:0.08014202117919922
Epoch [20/30], Step [3335/3735], Loss: 0.0219, Time:0.07608246803283691
Epoch [20/30], Step [3435/3735], Loss: 0.0364, Time:0.0698091983795166
Epoch [20/30], Step [3535/3735], Loss: 0.1019, Time:0.07503771781921387
Epoch [20/30], Step [3635/3735], Loss: 0.0057, Time:0.04983162879943848
Epoch [20/30], Step [3735/3735], Loss: 0.0170, Time:0.04898428916931152
learning rate 0.0005714 -> 0.0005238
End of epoch20,Use time:233.72446155548096,the accuracy is 0.9640141373032023
Saving the latest model....
Epoch [21/30], Step [100/3735], Loss: 0.0070, Time:0.09090948104858398
Epoch [21/30], Step [200/3735], Loss: 0.0024, Time:0.08015871047973633
Epoch [21/30], Step [300/3735], Loss: 0.0017, Time:0.05889534950256348
Epoch [21/30], Step [400/3735], Loss: 0.1588, Time:0.06486988067626953
Epoch [21/30], Step [500/3735], Loss: 0.0063, Time:0.0792093276977539
Epoch [21/30], Step [600/3735], Loss: 0.0007, Time:0.060957908630371094
Epoch [21/30], Step [700/3735], Loss: 0.2782, Time:0.0831754207611084
Epoch [21/30], Step [800/3735], Loss: 0.0643, Time:0.08314180374145508
Epoch [21/30], Step [900/3735], Loss: 0.0221, Time:0.07132148742675781
Epoch [21/30], Step [1000/3735], Loss: 0.0339, Time:0.08649158477783203
Epoch [21/30], Step [1100/3735], Loss: 0.0376, Time:0.09313654899597168
Epoch [21/30], Step [1200/3735], Loss: 0.0001, Time:0.07645583152770996
Epoch [21/30], Step [1300/3735], Loss: 0.0167, Time:0.047957420349121094
Epoch [21/30], Step [1400/3735], Loss: 0.1465, Time:0.07808208465576172
Epoch [21/30], Step [1500/3735], Loss: 0.0079, Time:0.07148575782775879
Epoch [21/30], Step [1600/3735], Loss: 0.1183, Time:0.067047119140625
Epoch [21/30], Step [1700/3735], Loss: 0.0043, Time:0.07573819160461426
Epoch [21/30], Step [1800/3735], Loss: 0.0028, Time:0.10785627365112305
Epoch [21/30], Step [1900/3735], Loss: 0.0015, Time:0.08143377304077148
Epoch [21/30], Step [2000/3735], Loss: 0.2230, Time:0.08479642868041992
Epoch [21/30], Step [2100/3735], Loss: 0.0130, Time:0.0733180046081543
Epoch [21/30], Step [2200/3735], Loss: 0.0428, Time:0.08054780960083008
Epoch [21/30], Step [2300/3735], Loss: 0.0342, Time:0.039182424545288086
Epoch [21/30], Step [2400/3735], Loss: 0.0030, Time:0.08651256561279297
Epoch [21/30], Step [2500/3735], Loss: 0.0003, Time:0.0737156867980957
Epoch [21/30], Step [2600/3735], Loss: 0.0081, Time:0.08219647407531738
Epoch [21/30], Step [2700/3735], Loss: 0.0090, Time:0.06843852996826172
Epoch [21/30], Step [2800/3735], Loss: 0.0020, Time:0.04574775695800781
Epoch [21/30], Step [2900/3735], Loss: 0.0063, Time:0.06530523300170898
Epoch [21/30], Step [3000/3735], Loss: 0.0000, Time:0.09098005294799805
Epoch [21/30], Step [3100/3735], Loss: 0.0003, Time:0.09388971328735352
Epoch [21/30], Step [3200/3735], Loss: 0.0228, Time:0.05104207992553711
Epoch [21/30], Step [3300/3735], Loss: 0.0021, Time:0.07092070579528809
Epoch [21/30], Step [3400/3735], Loss: 0.0468, Time:0.08511662483215332
Epoch [21/30], Step [3500/3735], Loss: 0.1116, Time:0.07233119010925293
Epoch [21/30], Step [3600/3735], Loss: 0.0011, Time:0.047429800033569336
Epoch [21/30], Step [3700/3735], Loss: 0.0000, Time:0.06832480430603027
learning rate 0.0005238 -> 0.0004762
End of epoch21,Use time:232.89954209327698,the accuracy is 0.9680571918175003
Saving the latest model....
验证集数据总量： 8039 预测正确的数量： 6843
当前模型在验证集上的准确率为： 0.8512252767757184
当前模型在验证集上的F1-score为: 0.07409126731774802
Epoch [22/30], Step [65/3735], Loss: 0.0409, Time:0.0685422420501709
Epoch [22/30], Step [165/3735], Loss: 0.0346, Time:0.06142783164978027
Epoch [22/30], Step [265/3735], Loss: 0.0061, Time:0.03733396530151367
Epoch [22/30], Step [365/3735], Loss: 0.0090, Time:0.05046820640563965
Epoch [22/30], Step [465/3735], Loss: 0.0002, Time:0.06056714057922363
Epoch [22/30], Step [565/3735], Loss: 0.1186, Time:0.04508399963378906
Epoch [22/30], Step [665/3735], Loss: 0.0131, Time:0.10521936416625977
Epoch [22/30], Step [765/3735], Loss: 0.1243, Time:0.0873115062713623
Epoch [22/30], Step [865/3735], Loss: 0.0040, Time:0.05711102485656738
Epoch [22/30], Step [965/3735], Loss: 0.0140, Time:0.07245397567749023
Epoch [22/30], Step [1065/3735], Loss: 0.0685, Time:0.07793807983398438
Epoch [22/30], Step [1165/3735], Loss: 0.0001, Time:0.07949113845825195
Epoch [22/30], Step [1265/3735], Loss: 0.0129, Time:0.07536673545837402
Epoch [22/30], Step [1365/3735], Loss: 0.1174, Time:0.07289648056030273
Epoch [22/30], Step [1465/3735], Loss: 0.0003, Time:0.08577203750610352
Epoch [22/30], Step [1565/3735], Loss: 0.0057, Time:0.0824899673461914
Epoch [22/30], Step [1665/3735], Loss: 0.0698, Time:0.07558917999267578
Epoch [22/30], Step [1765/3735], Loss: 0.0008, Time:0.0787191390991211
Epoch [22/30], Step [1865/3735], Loss: 0.1479, Time:0.07427000999450684
Epoch [22/30], Step [1965/3735], Loss: 0.0000, Time:0.04245424270629883
Epoch [22/30], Step [2065/3735], Loss: 0.0085, Time:0.08349967002868652
Epoch [22/30], Step [2165/3735], Loss: 0.0064, Time:0.07788562774658203
Epoch [22/30], Step [2265/3735], Loss: 0.0615, Time:0.05898642539978027
Epoch [22/30], Step [2365/3735], Loss: 0.4267, Time:0.05009746551513672
Epoch [22/30], Step [2465/3735], Loss: 0.0814, Time:0.1333000659942627
Epoch [22/30], Step [2565/3735], Loss: 0.0027, Time:0.08417510986328125
Epoch [22/30], Step [2665/3735], Loss: 0.0002, Time:0.0705711841583252
Epoch [22/30], Step [2765/3735], Loss: 0.0217, Time:0.052887678146362305
Epoch [22/30], Step [2865/3735], Loss: 0.1582, Time:0.07816338539123535
Epoch [22/30], Step [2965/3735], Loss: 1.2124, Time:0.0847008228302002
Epoch [22/30], Step [3065/3735], Loss: 0.0010, Time:0.08877182006835938
Epoch [22/30], Step [3165/3735], Loss: 0.0008, Time:0.05640077590942383
Epoch [22/30], Step [3265/3735], Loss: 0.0197, Time:0.08467602729797363
Epoch [22/30], Step [3365/3735], Loss: 0.0594, Time:0.08349180221557617
Epoch [22/30], Step [3465/3735], Loss: 0.0173, Time:0.0757598876953125
Epoch [22/30], Step [3565/3735], Loss: 0.0377, Time:0.08312249183654785
Epoch [22/30], Step [3665/3735], Loss: 0.0380, Time:0.07422137260437012
learning rate 0.0004762 -> 0.0004286
End of epoch22,Use time:232.4011607170105,the accuracy is 0.9721002463317983
Saving the latest model....
Epoch [23/30], Step [30/3735], Loss: 0.0032, Time:0.09326171875
Epoch [23/30], Step [130/3735], Loss: 0.1143, Time:0.06204867362976074
Epoch [23/30], Step [230/3735], Loss: 0.0000, Time:0.07282876968383789
Epoch [23/30], Step [330/3735], Loss: 0.0031, Time:0.06998181343078613
Epoch [23/30], Step [430/3735], Loss: 0.0006, Time:0.07345032691955566
Epoch [23/30], Step [530/3735], Loss: 0.0003, Time:0.09679532051086426
Epoch [23/30], Step [630/3735], Loss: 0.0059, Time:0.0797889232635498
Epoch [23/30], Step [730/3735], Loss: 0.0026, Time:0.08584475517272949
Epoch [23/30], Step [830/3735], Loss: 0.0006, Time:0.07206249237060547
Epoch [23/30], Step [930/3735], Loss: 0.0015, Time:0.06115388870239258
Epoch [23/30], Step [1030/3735], Loss: 0.0063, Time:0.08190035820007324
Epoch [23/30], Step [1130/3735], Loss: 0.0004, Time:0.0647587776184082
Epoch [23/30], Step [1230/3735], Loss: 0.1099, Time:0.0750579833984375
Epoch [23/30], Step [1330/3735], Loss: 0.0044, Time:0.06155705451965332
Epoch [23/30], Step [1430/3735], Loss: 0.0046, Time:0.05889296531677246
Epoch [23/30], Step [1530/3735], Loss: 1.2028, Time:0.04568338394165039
Epoch [23/30], Step [1630/3735], Loss: 0.0329, Time:0.07567071914672852
Epoch [23/30], Step [1730/3735], Loss: 0.0001, Time:0.05432939529418945
Epoch [23/30], Step [1830/3735], Loss: 0.0001, Time:0.07793211936950684
Epoch [23/30], Step [1930/3735], Loss: 0.2486, Time:0.0824422836303711
Epoch [23/30], Step [2030/3735], Loss: 0.3217, Time:0.07719731330871582
Epoch [23/30], Step [2130/3735], Loss: 0.0030, Time:0.0647430419921875
Epoch [23/30], Step [2230/3735], Loss: 0.0962, Time:0.0833885669708252
Epoch [23/30], Step [2330/3735], Loss: 0.0024, Time:0.07041549682617188
Epoch [23/30], Step [2430/3735], Loss: 0.5275, Time:0.06964516639709473
Epoch [23/30], Step [2530/3735], Loss: 0.0022, Time:0.07849788665771484
Epoch [23/30], Step [2630/3735], Loss: 0.0685, Time:0.0769052505493164
Epoch [23/30], Step [2730/3735], Loss: 0.0018, Time:0.08247733116149902
Epoch [23/30], Step [2830/3735], Loss: 0.0003, Time:0.04371452331542969
Epoch [23/30], Step [2930/3735], Loss: 0.2579, Time:0.0680539608001709
Epoch [23/30], Step [3030/3735], Loss: 0.0265, Time:0.10643577575683594
Epoch [23/30], Step [3130/3735], Loss: 0.0265, Time:0.08216381072998047
Epoch [23/30], Step [3230/3735], Loss: 0.0248, Time:0.06736898422241211
Epoch [23/30], Step [3330/3735], Loss: 0.0197, Time:0.04482889175415039
Epoch [23/30], Step [3430/3735], Loss: 0.0323, Time:0.06300544738769531
Epoch [23/30], Step [3530/3735], Loss: 0.2235, Time:0.04659223556518555
Epoch [23/30], Step [3630/3735], Loss: 0.0002, Time:0.07611799240112305
Epoch [23/30], Step [3730/3735], Loss: 0.1097, Time:0.06967043876647949
learning rate 0.0004286 -> 0.0003810
End of epoch23,Use time:233.60508346557617,the accuracy is 0.9745903395094784
Saving the latest model....
验证集数据总量： 8039 预测正确的数量： 6889
当前模型在验证集上的准确率为： 0.8569473815151138
当前模型在验证集上的F1-score为: 0.07487643765438326
Epoch [24/30], Step [95/3735], Loss: 0.0336, Time:0.1259293556213379
Epoch [24/30], Step [195/3735], Loss: 0.0001, Time:0.09532642364501953
Epoch [24/30], Step [295/3735], Loss: 0.0516, Time:0.047089576721191406
Epoch [24/30], Step [395/3735], Loss: 0.0125, Time:0.04691433906555176
Epoch [24/30], Step [495/3735], Loss: 0.0122, Time:0.07593417167663574
Epoch [24/30], Step [595/3735], Loss: 0.0086, Time:0.08224868774414062
Epoch [24/30], Step [695/3735], Loss: 0.0001, Time:0.10423421859741211
Epoch [24/30], Step [795/3735], Loss: 0.0481, Time:0.09741425514221191
Epoch [24/30], Step [895/3735], Loss: 0.0175, Time:0.07238459587097168
Epoch [24/30], Step [995/3735], Loss: 1.2495, Time:0.09697651863098145
Epoch [24/30], Step [1095/3735], Loss: 0.2474, Time:0.08503317832946777
Epoch [24/30], Step [1195/3735], Loss: 0.0001, Time:0.07328462600708008
Epoch [24/30], Step [1295/3735], Loss: 0.0342, Time:0.04139542579650879
Epoch [24/30], Step [1395/3735], Loss: 0.0016, Time:0.08692216873168945
Epoch [24/30], Step [1495/3735], Loss: 0.0012, Time:0.06720447540283203
Epoch [24/30], Step [1595/3735], Loss: 0.0874, Time:0.06132769584655762
Epoch [24/30], Step [1695/3735], Loss: 0.0006, Time:0.08275914192199707
Epoch [24/30], Step [1795/3735], Loss: 0.5681, Time:0.07989168167114258
Epoch [24/30], Step [1895/3735], Loss: 0.0002, Time:0.10533404350280762
Epoch [24/30], Step [1995/3735], Loss: 0.0130, Time:0.07915067672729492
Epoch [24/30], Step [2095/3735], Loss: 0.0080, Time:0.08233094215393066
Epoch [24/30], Step [2195/3735], Loss: 0.0617, Time:0.05668210983276367
Epoch [24/30], Step [2295/3735], Loss: 0.0087, Time:0.09370708465576172
Epoch [24/30], Step [2395/3735], Loss: 0.0367, Time:0.03761720657348633
Epoch [24/30], Step [2495/3735], Loss: 0.0019, Time:0.08886861801147461
Epoch [24/30], Step [2595/3735], Loss: 0.0076, Time:0.09804058074951172
Epoch [24/30], Step [2695/3735], Loss: 0.0030, Time:0.08423638343811035
Epoch [24/30], Step [2795/3735], Loss: 0.0032, Time:0.09991574287414551
Epoch [24/30], Step [2895/3735], Loss: 0.0695, Time:0.06285381317138672
Epoch [24/30], Step [2995/3735], Loss: 0.0591, Time:0.03961777687072754
Epoch [24/30], Step [3095/3735], Loss: 0.0029, Time:0.0664665699005127
Epoch [24/30], Step [3195/3735], Loss: 0.0369, Time:0.09339284896850586
Epoch [24/30], Step [3295/3735], Loss: 0.0209, Time:0.08126139640808105
Epoch [24/30], Step [3395/3735], Loss: 0.0217, Time:0.07921314239501953
Epoch [24/30], Step [3495/3735], Loss: 0.0001, Time:0.07477903366088867
Epoch [24/30], Step [3595/3735], Loss: 0.0019, Time:0.036856889724731445
Epoch [24/30], Step [3695/3735], Loss: 0.1412, Time:0.057239532470703125
learning rate 0.0003810 -> 0.0003333
End of epoch24,Use time:232.6296455860138,the accuracy is 0.9782585412873513
Saving the latest model....
Epoch [25/30], Step [60/3735], Loss: 0.0004, Time:0.09094786643981934
Epoch [25/30], Step [160/3735], Loss: 0.0010, Time:0.054826974868774414
Epoch [25/30], Step [260/3735], Loss: 0.0000, Time:0.07597708702087402
Epoch [25/30], Step [360/3735], Loss: 0.0064, Time:0.03104400634765625
Epoch [25/30], Step [460/3735], Loss: 0.0001, Time:0.05551719665527344
Epoch [25/30], Step [560/3735], Loss: 0.1309, Time:0.08157753944396973
Epoch [25/30], Step [660/3735], Loss: 0.0025, Time:0.05987048149108887
Epoch [25/30], Step [760/3735], Loss: 0.0004, Time:0.09632062911987305
Epoch [25/30], Step [860/3735], Loss: 0.0003, Time:0.0939931869506836
Epoch [25/30], Step [960/3735], Loss: 0.5803, Time:0.09858131408691406
Epoch [25/30], Step [1060/3735], Loss: 0.1813, Time:0.09843635559082031
Epoch [25/30], Step [1160/3735], Loss: 0.0225, Time:0.06906890869140625
Epoch [25/30], Step [1260/3735], Loss: 0.5690, Time:0.08193564414978027
Epoch [25/30], Step [1360/3735], Loss: 0.0018, Time:0.07404756546020508
Epoch [25/30], Step [1460/3735], Loss: 0.0237, Time:0.06730413436889648
Epoch [25/30], Step [1560/3735], Loss: 0.1172, Time:0.07113051414489746
Epoch [25/30], Step [1660/3735], Loss: 0.2257, Time:0.09126019477844238
Epoch [25/30], Step [1760/3735], Loss: 0.0005, Time:0.08098626136779785
Epoch [25/30], Step [1860/3735], Loss: 0.0001, Time:0.054917097091674805
Epoch [25/30], Step [1960/3735], Loss: 0.0001, Time:0.07464408874511719
Epoch [25/30], Step [2060/3735], Loss: 0.3155, Time:0.07734036445617676
Epoch [25/30], Step [2160/3735], Loss: 0.0016, Time:0.07417988777160645
Epoch [25/30], Step [2260/3735], Loss: 0.0075, Time:0.07122206687927246
Epoch [25/30], Step [2360/3735], Loss: 0.1959, Time:0.0791010856628418
Epoch [25/30], Step [2460/3735], Loss: 0.1010, Time:0.07065534591674805
Epoch [25/30], Step [2560/3735], Loss: 0.0015, Time:0.08487987518310547
Epoch [25/30], Step [2660/3735], Loss: 0.0002, Time:0.0726006031036377
Epoch [25/30], Step [2760/3735], Loss: 0.0104, Time:0.06635904312133789
Epoch [25/30], Step [2860/3735], Loss: 0.0002, Time:0.07700681686401367
Epoch [25/30], Step [2960/3735], Loss: 0.0050, Time:0.07487940788269043
Epoch [25/30], Step [3060/3735], Loss: 0.0007, Time:0.0777120590209961
Epoch [25/30], Step [3160/3735], Loss: 0.0006, Time:0.07668757438659668
Epoch [25/30], Step [3260/3735], Loss: 0.0606, Time:0.07785820960998535
Epoch [25/30], Step [3360/3735], Loss: 0.0009, Time:0.05073213577270508
Epoch [25/30], Step [3460/3735], Loss: 0.0014, Time:0.08355522155761719
Epoch [25/30], Step [3560/3735], Loss: 0.0140, Time:0.07154059410095215
Epoch [25/30], Step [3660/3735], Loss: 0.1939, Time:0.09281229972839355
learning rate 0.0003333 -> 0.0002857
End of epoch25,Use time:233.0222499370575,the accuracy is 0.9799453786012637
Saving the latest model....
验证集数据总量： 8039 预测正确的数量： 6915
当前模型在验证集上的准确率为： 0.8601816146286851
当前模型在验证集上的F1-score为: 0.0754743275597563
Epoch [26/30], Step [25/3735], Loss: 0.0043, Time:0.07349443435668945
Epoch [26/30], Step [125/3735], Loss: 0.0002, Time:0.058847665786743164
Epoch [26/30], Step [225/3735], Loss: 0.1567, Time:0.10431838035583496
Epoch [26/30], Step [325/3735], Loss: 0.0142, Time:0.07379603385925293
Epoch [26/30], Step [425/3735], Loss: 0.0000, Time:0.09936690330505371
Epoch [26/30], Step [525/3735], Loss: 0.0005, Time:0.06671929359436035
Epoch [26/30], Step [625/3735], Loss: 0.0217, Time:0.0770256519317627
Epoch [26/30], Step [725/3735], Loss: 0.0036, Time:0.08442044258117676
Epoch [26/30], Step [825/3735], Loss: 0.0001, Time:0.058794498443603516
Epoch [26/30], Step [925/3735], Loss: 0.0004, Time:0.07841634750366211
Epoch [26/30], Step [1025/3735], Loss: 0.0015, Time:0.06781959533691406
Epoch [26/30], Step [1125/3735], Loss: 0.0006, Time:0.07261967658996582
Epoch [26/30], Step [1225/3735], Loss: 0.0001, Time:0.043314456939697266
Epoch [26/30], Step [1325/3735], Loss: 0.1040, Time:0.032088518142700195
Epoch [26/30], Step [1425/3735], Loss: 0.0019, Time:0.0625600814819336
Epoch [26/30], Step [1525/3735], Loss: 0.0000, Time:0.09358763694763184
Epoch [26/30], Step [1625/3735], Loss: 0.1623, Time:0.06788492202758789
Epoch [26/30], Step [1725/3735], Loss: 0.0025, Time:0.03309917449951172
Epoch [26/30], Step [1825/3735], Loss: 0.1084, Time:0.09096169471740723
Epoch [26/30], Step [1925/3735], Loss: 0.0132, Time:0.0886836051940918
Epoch [26/30], Step [2025/3735], Loss: 0.0006, Time:0.07332229614257812
Epoch [26/30], Step [2125/3735], Loss: 0.0008, Time:0.08048844337463379
Epoch [26/30], Step [2225/3735], Loss: 0.0182, Time:0.058437347412109375
Epoch [26/30], Step [2325/3735], Loss: 0.0003, Time:0.07547473907470703
Epoch [26/30], Step [2425/3735], Loss: 0.0070, Time:0.08176589012145996
Epoch [26/30], Step [2525/3735], Loss: 0.0142, Time:0.06564688682556152
Epoch [26/30], Step [2625/3735], Loss: 0.0006, Time:0.0833735466003418
Epoch [26/30], Step [2725/3735], Loss: 0.1666, Time:0.07877564430236816
Epoch [26/30], Step [2825/3735], Loss: 0.0001, Time:0.10301709175109863
Epoch [26/30], Step [2925/3735], Loss: 0.0006, Time:0.06986570358276367
Epoch [26/30], Step [3025/3735], Loss: 0.0174, Time:0.06627535820007324
Epoch [26/30], Step [3125/3735], Loss: 0.0052, Time:0.09592294692993164
Epoch [26/30], Step [3225/3735], Loss: 0.0000, Time:0.05430316925048828
Epoch [26/30], Step [3325/3735], Loss: 0.0103, Time:0.06509566307067871
Epoch [26/30], Step [3425/3735], Loss: 0.0873, Time:0.0812520980834961
Epoch [26/30], Step [3525/3735], Loss: 0.0019, Time:0.058920860290527344
Epoch [26/30], Step [3625/3735], Loss: 0.0165, Time:0.06545281410217285
Epoch [26/30], Step [3725/3735], Loss: 0.0002, Time:0.07895064353942871
learning rate 0.0002857 -> 0.0002381
End of epoch26,Use time:232.94003438949585,the accuracy is 0.9814715647424226
Saving the latest model....
Epoch [27/30], Step [90/3735], Loss: 0.0161, Time:0.05494976043701172
Epoch [27/30], Step [190/3735], Loss: 0.0071, Time:0.07535052299499512
Epoch [27/30], Step [290/3735], Loss: 0.0006, Time:0.06418156623840332
Epoch [27/30], Step [390/3735], Loss: 0.0088, Time:0.06307840347290039
Epoch [27/30], Step [490/3735], Loss: 0.0019, Time:0.07554078102111816
Epoch [27/30], Step [590/3735], Loss: 0.3651, Time:0.07815980911254883
Epoch [27/30], Step [690/3735], Loss: 0.0002, Time:0.0700523853302002
Epoch [27/30], Step [790/3735], Loss: 0.0002, Time:0.08720207214355469
Epoch [27/30], Step [890/3735], Loss: 0.0185, Time:0.08372640609741211
Epoch [27/30], Step [990/3735], Loss: 0.0005, Time:0.09849143028259277
Epoch [27/30], Step [1090/3735], Loss: 0.0569, Time:0.07876396179199219
Epoch [27/30], Step [1190/3735], Loss: 0.0430, Time:0.09318184852600098
Epoch [27/30], Step [1290/3735], Loss: 0.0067, Time:0.07143378257751465
Epoch [27/30], Step [1390/3735], Loss: 0.0002, Time:0.06261157989501953
Epoch [27/30], Step [1490/3735], Loss: 0.0017, Time:0.07880926132202148
Epoch [27/30], Step [1590/3735], Loss: 0.0000, Time:0.03796815872192383
Epoch [27/30], Step [1690/3735], Loss: 0.1400, Time:0.08447575569152832
Epoch [27/30], Step [1790/3735], Loss: 0.0095, Time:0.06595563888549805
Epoch [27/30], Step [1890/3735], Loss: 0.0221, Time:0.11844277381896973
Epoch [27/30], Step [1990/3735], Loss: 0.0114, Time:0.10136699676513672
Epoch [27/30], Step [2090/3735], Loss: 0.0000, Time:0.09612655639648438
Epoch [27/30], Step [2190/3735], Loss: 0.0016, Time:0.07070279121398926
Epoch [27/30], Step [2290/3735], Loss: 0.0000, Time:0.09983515739440918
Epoch [27/30], Step [2390/3735], Loss: 0.0108, Time:0.06754016876220703
Epoch [27/30], Step [2490/3735], Loss: 0.0055, Time:0.07341814041137695
Epoch [27/30], Step [2590/3735], Loss: 0.0027, Time:0.07411599159240723
Epoch [27/30], Step [2690/3735], Loss: 0.0003, Time:0.07796144485473633
Epoch [27/30], Step [2790/3735], Loss: 0.2175, Time:0.07158946990966797
Epoch [27/30], Step [2890/3735], Loss: 0.0021, Time:0.06718921661376953
saving the latest model (epoch 26, total_iters 1000000)
Epoch [27/30], Step [2990/3735], Loss: 0.0031, Time:0.0632317066192627
Epoch [27/30], Step [3090/3735], Loss: 0.0000, Time:0.07129430770874023
Epoch [27/30], Step [3190/3735], Loss: 0.0004, Time:0.06513571739196777
Epoch [27/30], Step [3290/3735], Loss: 0.0000, Time:0.08433818817138672
Epoch [27/30], Step [3390/3735], Loss: 0.0002, Time:0.08146476745605469
Epoch [27/30], Step [3490/3735], Loss: 0.0006, Time:0.08977460861206055
Epoch [27/30], Step [3590/3735], Loss: 0.0000, Time:0.08113241195678711
Epoch [27/30], Step [3690/3735], Loss: 0.0000, Time:0.07193231582641602
learning rate 0.0002381 -> 0.0001905
End of epoch27,Use time:232.3581302165985,the accuracy is 0.983881332333726
Saving the latest model....
验证集数据总量： 8039 预测正确的数量： 6914
当前模型在验证集上的准确率为： 0.8600572210473939
当前模型在验证集上的F1-score为: 0.07570686643801931
Epoch [28/30], Step [55/3735], Loss: 0.0017, Time:0.0369570255279541
Epoch [28/30], Step [155/3735], Loss: 0.0000, Time:0.08057069778442383
Epoch [28/30], Step [255/3735], Loss: 0.0001, Time:0.06531262397766113
Epoch [28/30], Step [355/3735], Loss: 0.0034, Time:0.08884096145629883
Epoch [28/30], Step [455/3735], Loss: 0.0001, Time:0.10178685188293457
Epoch [28/30], Step [555/3735], Loss: 0.0000, Time:0.08965039253234863
Epoch [28/30], Step [655/3735], Loss: 0.0002, Time:0.07172155380249023
Epoch [28/30], Step [755/3735], Loss: 0.0003, Time:0.05872678756713867
Epoch [28/30], Step [855/3735], Loss: 0.0000, Time:0.053941965103149414
Epoch [28/30], Step [955/3735], Loss: 0.0007, Time:0.07718586921691895
Epoch [28/30], Step [1055/3735], Loss: 0.0448, Time:0.06753921508789062
Epoch [28/30], Step [1155/3735], Loss: 0.0017, Time:0.043801069259643555
Epoch [28/30], Step [1255/3735], Loss: 0.0019, Time:0.04115605354309082
Epoch [28/30], Step [1355/3735], Loss: 0.0000, Time:0.03970217704772949
Epoch [28/30], Step [1455/3735], Loss: 0.0066, Time:0.07827949523925781
Epoch [28/30], Step [1555/3735], Loss: 0.0453, Time:0.055925607681274414
Epoch [28/30], Step [1655/3735], Loss: 0.0001, Time:0.08553552627563477
Epoch [28/30], Step [1755/3735], Loss: 0.0170, Time:0.06401324272155762
Epoch [28/30], Step [1855/3735], Loss: 0.0000, Time:0.0868988037109375
Epoch [28/30], Step [1955/3735], Loss: 0.0010, Time:0.08711361885070801
Epoch [28/30], Step [2055/3735], Loss: 0.0026, Time:0.06678414344787598
Epoch [28/30], Step [2155/3735], Loss: 0.0013, Time:0.07167434692382812
Epoch [28/30], Step [2255/3735], Loss: 0.0004, Time:0.0958244800567627
Epoch [28/30], Step [2355/3735], Loss: 0.0026, Time:0.09006404876708984
Epoch [28/30], Step [2455/3735], Loss: 0.0000, Time:0.07552886009216309
Epoch [28/30], Step [2555/3735], Loss: 0.1119, Time:0.07414007186889648
Epoch [28/30], Step [2655/3735], Loss: 0.0569, Time:0.07515335083007812
Epoch [28/30], Step [2755/3735], Loss: 0.0003, Time:0.0652170181274414
Epoch [28/30], Step [2855/3735], Loss: 0.0044, Time:0.07162880897521973
Epoch [28/30], Step [2955/3735], Loss: 0.0000, Time:0.06735587120056152
Epoch [28/30], Step [3055/3735], Loss: 0.0000, Time:0.07524347305297852
Epoch [28/30], Step [3155/3735], Loss: 0.0011, Time:0.1052861213684082
Epoch [28/30], Step [3255/3735], Loss: 0.0000, Time:0.07788419723510742
Epoch [28/30], Step [3355/3735], Loss: 0.0019, Time:0.07867884635925293
Epoch [28/30], Step [3455/3735], Loss: 0.0000, Time:0.0999155044555664
Epoch [28/30], Step [3555/3735], Loss: 0.0001, Time:0.0704805850982666
Epoch [28/30], Step [3655/3735], Loss: 0.0002, Time:0.04641914367675781
learning rate 0.0001905 -> 0.0001429
End of epoch28,Use time:232.9322052001953,the accuracy is 0.986478526293242
Saving the latest model....
Epoch [29/30], Step [20/3735], Loss: 0.0036, Time:0.08428311347961426
Epoch [29/30], Step [120/3735], Loss: 0.0034, Time:0.08938264846801758
Epoch [29/30], Step [220/3735], Loss: 0.0001, Time:0.07631182670593262
Epoch [29/30], Step [320/3735], Loss: 0.0000, Time:0.08584332466125488
Epoch [29/30], Step [420/3735], Loss: 0.0000, Time:0.08303165435791016
Epoch [29/30], Step [520/3735], Loss: 0.0018, Time:0.09355759620666504
Epoch [29/30], Step [620/3735], Loss: 0.0795, Time:0.07725167274475098
Epoch [29/30], Step [720/3735], Loss: 0.0000, Time:0.045590877532958984
Epoch [29/30], Step [820/3735], Loss: 0.0158, Time:0.0678713321685791
Epoch [29/30], Step [920/3735], Loss: 0.0000, Time:0.07340383529663086
Epoch [29/30], Step [1020/3735], Loss: 0.0187, Time:0.09049558639526367
Epoch [29/30], Step [1120/3735], Loss: 0.0043, Time:0.07790684700012207
Epoch [29/30], Step [1220/3735], Loss: 0.0036, Time:0.09705209732055664
Epoch [29/30], Step [1320/3735], Loss: 0.0201, Time:0.08795332908630371
Epoch [29/30], Step [1420/3735], Loss: 0.0005, Time:0.07678389549255371
Epoch [29/30], Step [1520/3735], Loss: 0.6394, Time:0.1419515609741211
Epoch [29/30], Step [1620/3735], Loss: 0.0001, Time:0.06730294227600098
Epoch [29/30], Step [1720/3735], Loss: 0.0054, Time:0.06908297538757324
Epoch [29/30], Step [1820/3735], Loss: 0.0034, Time:0.09284257888793945
Epoch [29/30], Step [1920/3735], Loss: 0.0025, Time:0.0629737377166748
Epoch [29/30], Step [2020/3735], Loss: 0.0025, Time:0.10189056396484375
Epoch [29/30], Step [2120/3735], Loss: 0.1394, Time:0.08609461784362793
Epoch [29/30], Step [2220/3735], Loss: 0.0001, Time:0.11757111549377441
Epoch [29/30], Step [2320/3735], Loss: 0.0018, Time:0.06118297576904297
Epoch [29/30], Step [2420/3735], Loss: 0.0011, Time:0.10411262512207031
Epoch [29/30], Step [2520/3735], Loss: 0.0129, Time:0.07782268524169922
Epoch [29/30], Step [2620/3735], Loss: 0.0058, Time:0.06520867347717285
Epoch [29/30], Step [2720/3735], Loss: 0.0001, Time:0.06658577919006348
Epoch [29/30], Step [2820/3735], Loss: 0.0139, Time:0.057382822036743164
Epoch [29/30], Step [2920/3735], Loss: 0.0028, Time:0.0892343521118164
Epoch [29/30], Step [3020/3735], Loss: 0.0008, Time:0.09853935241699219
Epoch [29/30], Step [3120/3735], Loss: 0.0000, Time:0.09383273124694824
Epoch [29/30], Step [3220/3735], Loss: 0.0100, Time:0.09328126907348633
Epoch [29/30], Step [3320/3735], Loss: 0.0000, Time:0.09061264991760254
Epoch [29/30], Step [3420/3735], Loss: 0.0010, Time:0.06293535232543945
Epoch [29/30], Step [3520/3735], Loss: 0.0096, Time:0.0941004753112793
Epoch [29/30], Step [3620/3735], Loss: 0.0056, Time:0.0875694751739502
Epoch [29/30], Step [3720/3735], Loss: 0.1695, Time:0.0848541259765625
learning rate 0.0001429 -> 0.0000952
End of epoch29,Use time:233.50262331962585,the accuracy is 0.9881385884116954
Saving the latest model....
验证集数据总量： 8039 预测正确的数量： 6961
当前模型在验证集上的准确率为： 0.8659037193680806
当前模型在验证集上的F1-score为: 0.0767590371525207
Epoch [30/30], Step [85/3735], Loss: 0.6888, Time:0.08181524276733398
Epoch [30/30], Step [185/3735], Loss: 0.0006, Time:0.09072709083557129
Epoch [30/30], Step [285/3735], Loss: 0.0000, Time:0.11230158805847168
Epoch [30/30], Step [385/3735], Loss: 0.0101, Time:0.0796201229095459
Epoch [30/30], Step [485/3735], Loss: 0.0209, Time:0.0785665512084961
Epoch [30/30], Step [585/3735], Loss: 0.0030, Time:0.07412123680114746
Epoch [30/30], Step [685/3735], Loss: 0.0001, Time:0.07043123245239258
Epoch [30/30], Step [785/3735], Loss: 0.1121, Time:0.07777643203735352
Epoch [30/30], Step [885/3735], Loss: 0.0013, Time:0.08048534393310547
Epoch [30/30], Step [985/3735], Loss: 0.0013, Time:0.0964052677154541
Epoch [30/30], Step [1085/3735], Loss: 0.0041, Time:0.0958395004272461
Epoch [30/30], Step [1185/3735], Loss: 0.0012, Time:0.08027124404907227
Epoch [30/30], Step [1285/3735], Loss: 0.0006, Time:0.09143376350402832
Epoch [30/30], Step [1385/3735], Loss: 0.0655, Time:0.10738468170166016
Epoch [30/30], Step [1485/3735], Loss: 0.0000, Time:0.0860443115234375
Epoch [30/30], Step [1585/3735], Loss: 0.0001, Time:0.0933847427368164
Epoch [30/30], Step [1685/3735], Loss: 0.0004, Time:0.08368921279907227
Epoch [30/30], Step [1785/3735], Loss: 0.0059, Time:0.05521535873413086
Epoch [30/30], Step [1885/3735], Loss: 0.0000, Time:0.0590825080871582
Epoch [30/30], Step [1985/3735], Loss: 0.0004, Time:0.06243538856506348
Epoch [30/30], Step [2085/3735], Loss: 0.0267, Time:0.10261321067810059
Epoch [30/30], Step [2185/3735], Loss: 0.0034, Time:0.08402013778686523
Epoch [30/30], Step [2285/3735], Loss: 0.3998, Time:0.08877444267272949
Epoch [30/30], Step [2385/3735], Loss: 0.0002, Time:0.07948136329650879
Epoch [30/30], Step [2485/3735], Loss: 0.0052, Time:0.0729529857635498
Epoch [30/30], Step [2585/3735], Loss: 0.0000, Time:0.08341503143310547
Epoch [30/30], Step [2685/3735], Loss: 0.0021, Time:0.07324337959289551
Epoch [30/30], Step [2785/3735], Loss: 0.0000, Time:0.06652045249938965
Epoch [30/30], Step [2885/3735], Loss: 0.0004, Time:0.05425286293029785
Epoch [30/30], Step [2985/3735], Loss: 0.0003, Time:0.09019279479980469
Epoch [30/30], Step [3085/3735], Loss: 0.0501, Time:0.07217645645141602
Epoch [30/30], Step [3185/3735], Loss: 0.0071, Time:0.08985686302185059
Epoch [30/30], Step [3285/3735], Loss: 0.0000, Time:0.0835578441619873
Epoch [30/30], Step [3385/3735], Loss: 0.1654, Time:0.06758832931518555
Epoch [30/30], Step [3485/3735], Loss: 0.0000, Time:0.0531158447265625
Epoch [30/30], Step [3585/3735], Loss: 0.0000, Time:0.05239081382751465
Epoch [30/30], Step [3685/3735], Loss: 0.0001, Time:0.09110736846923828
learning rate 0.0000952 -> 0.0000476
End of epoch30,Use time:233.15854454040527,the accuracy is 0.9890489450572989
Saving the latest model....
/home/pjian/pyd/DL/DL-hw3/Exp3_utils.py:99: UserWarning: Legend does not support [<matplotlib.lines.Line2D object at 0x7f3de5328940>] instances.
A proxy artist may be used instead.
See: https://matplotlib.org/users/legend_guide.html#creating-artists-specifically-for-adding-to-the-legend-aka-proxy-artists
  plt.legend(lines,names,loc = 'lower right',fontsize = 10)
/home/pjian/pyd/DL/DL-hw3/Exp3_utils.py:99: UserWarning: Legend does not support [<matplotlib.lines.Line2D object at 0x7f3de5328c40>] instances.
A proxy artist may be used instead.
See: https://matplotlib.org/users/legend_guide.html#creating-artists-specifically-for-adding-to-the-legend-aka-proxy-artists
  plt.legend(lines,names,loc = 'lower right',fontsize = 10)
Output finished
Output finished
Output finished
Output finished
训练完成！
Traceback (most recent call last):
  File "/home/pjian/pyd/DL/DL-hw3/Exp3_Main.py", line 168, in <module>
    predict(Text_Model, test_loader)
  File "/home/pjian/pyd/DL/DL-hw3/Exp3_Main.py", line 96, in predict
    for index, data in enumerate(loader):
  File "/home/pjian/anaconda3/envs/dl/lib/python3.9/site-packages/torch/utils/data/dataloader.py", line 521, in __next__
    data = self._next_data()
  File "/home/pjian/anaconda3/envs/dl/lib/python3.9/site-packages/torch/utils/data/dataloader.py", line 561, in _next_data
    data = self._dataset_fetcher.fetch(index)  # may raise StopIteration
  File "/home/pjian/anaconda3/envs/dl/lib/python3.9/site-packages/torch/utils/data/_utils/fetch.py", line 49, in fetch
    data = [self.dataset[idx] for idx in possibly_batched_index]
  File "/home/pjian/anaconda3/envs/dl/lib/python3.9/site-packages/torch/utils/data/_utils/fetch.py", line 49, in <listcomp>
    data = [self.dataset[idx] for idx in possibly_batched_index]
  File "/home/pjian/anaconda3/envs/dl/lib/python3.9/site-packages/torch/utils/data/dataset.py", line 69, in __getitem__
    raise NotImplementedError
NotImplementedError
